[2025-05-17 20:40:51] This is codeql database index-files --include-extension=.properties --size-limit=5m --language properties -- F:\Main-Sec\codeAudit\codeql\databases\cc1-db
[2025-05-17 20:40:51] Log file was started late.
[2025-05-17 20:40:51] Using index-files script F:\Main-Sec\codeAudit\codeql\codeql-win64\properties\tools\index-files.cmd.
[2025-05-17 20:40:51] [PROGRESS] database index-files> Scanning for files in F:\Main-Sec\codeAudit\codeql\source\cc1\commons-collections...
[2025-05-17 20:40:51] Calling plumbing command: codeql resolve files --include-extension=.properties --size-limit=5m F:\Main-Sec\codeAudit\codeql\source\cc1\commons-collections --format=json
[2025-05-17 20:40:51] [PROGRESS] resolve files> Scanning F:\Main-Sec\codeAudit\codeql\source\cc1\commons-collections...
[2025-05-17 20:40:51] [PROGRESS] resolve files> Scanning F:\Main-Sec\codeAudit\codeql\source\cc1\commons-collections\.git...
[2025-05-17 20:40:51] [PROGRESS] resolve files> Scanning F:\Main-Sec\codeAudit\codeql\source\cc1\commons-collections\.git\hooks...
[2025-05-17 20:40:51] [PROGRESS] resolve files> Scanning F:\Main-Sec\codeAudit\codeql\source\cc1\commons-collections\.git\info...
[2025-05-17 20:40:51] [PROGRESS] resolve files> Scanning F:\Main-Sec\codeAudit\codeql\source\cc1\commons-collections\.git\logs...
[2025-05-17 20:40:51] [PROGRESS] resolve files> Scanning F:\Main-Sec\codeAudit\codeql\source\cc1\commons-collections\.git\logs\refs...
[2025-05-17 20:40:51] [PROGRESS] resolve files> Scanning F:\Main-Sec\codeAudit\codeql\source\cc1\commons-collections\.git\logs\refs\heads...
[2025-05-17 20:40:51] [PROGRESS] resolve files> Scanning F:\Main-Sec\codeAudit\codeql\source\cc1\commons-collections\.git\logs\refs\remotes...
[2025-05-17 20:40:51] [PROGRESS] resolve files> Scanning F:\Main-Sec\codeAudit\codeql\source\cc1\commons-collections\.git\logs\refs\remotes\origin...
[2025-05-17 20:40:51] [PROGRESS] resolve files> Scanning F:\Main-Sec\codeAudit\codeql\source\cc1\commons-collections\.git\objects...
[2025-05-17 20:40:51] [PROGRESS] resolve files> Scanning F:\Main-Sec\codeAudit\codeql\source\cc1\commons-collections\.git\objects\info...
[2025-05-17 20:40:51] [PROGRESS] resolve files> Scanning F:\Main-Sec\codeAudit\codeql\source\cc1\commons-collections\.git\objects\pack...
[2025-05-17 20:40:51] [PROGRESS] resolve files> Scanning F:\Main-Sec\codeAudit\codeql\source\cc1\commons-collections\.git\refs...
[2025-05-17 20:40:51] [PROGRESS] resolve files> Scanning F:\Main-Sec\codeAudit\codeql\source\cc1\commons-collections\.git\refs\heads...
[2025-05-17 20:40:51] [PROGRESS] resolve files> Scanning F:\Main-Sec\codeAudit\codeql\source\cc1\commons-collections\.git\refs\remotes...
[2025-05-17 20:40:51] [PROGRESS] resolve files> Scanning F:\Main-Sec\codeAudit\codeql\source\cc1\commons-collections\.git\refs\remotes\origin...
[2025-05-17 20:40:51] [PROGRESS] resolve files> Scanning F:\Main-Sec\codeAudit\codeql\source\cc1\commons-collections\.git\refs\tags...
[2025-05-17 20:40:51] [PROGRESS] resolve files> Scanning F:\Main-Sec\codeAudit\codeql\source\cc1\commons-collections\.idea...
[2025-05-17 20:40:51] [PROGRESS] resolve files> Scanning F:\Main-Sec\codeAudit\codeql\source\cc1\commons-collections\classes...
[2025-05-17 20:40:51] [PROGRESS] resolve files> Scanning F:\Main-Sec\codeAudit\codeql\source\cc1\commons-collections\classes\CC1...
[2025-05-17 20:40:51] [PROGRESS] resolve files> Scanning F:\Main-Sec\codeAudit\codeql\source\cc1\commons-collections\classes\org...
[2025-05-17 20:40:51] [PROGRESS] resolve files> Scanning F:\Main-Sec\codeAudit\codeql\source\cc1\commons-collections\classes\org\apache...
[2025-05-17 20:40:51] [PROGRESS] resolve files> Scanning F:\Main-Sec\codeAudit\codeql\source\cc1\commons-collections\classes\org\apache\commons...
[2025-05-17 20:40:51] [PROGRESS] resolve files> Scanning F:\Main-Sec\codeAudit\codeql\source\cc1\commons-collections\classes\org\apache\commons\collections...
[2025-05-17 20:40:51] [PROGRESS] resolve files> Scanning F:\Main-Sec\codeAudit\codeql\source\cc1\commons-collections\classes\org\apache\commons\collections\bag...
[2025-05-17 20:40:51] [PROGRESS] resolve files> Scanning F:\Main-Sec\codeAudit\codeql\source\cc1\commons-collections\classes\org\apache\commons\collections\bidimap...
[2025-05-17 20:40:51] [PROGRESS] resolve files> Scanning F:\Main-Sec\codeAudit\codeql\source\cc1\commons-collections\classes\org\apache\commons\collections\buffer...
[2025-05-17 20:40:51] [PROGRESS] resolve files> Scanning F:\Main-Sec\codeAudit\codeql\source\cc1\commons-collections\classes\org\apache\commons\collections\collection...
[2025-05-17 20:40:51] [PROGRESS] resolve files> Scanning F:\Main-Sec\codeAudit\codeql\source\cc1\commons-collections\classes\org\apache\commons\collections\comparators...
[2025-05-17 20:40:51] [PROGRESS] resolve files> Scanning F:\Main-Sec\codeAudit\codeql\source\cc1\commons-collections\classes\org\apache\commons\collections\functors...
[2025-05-17 20:40:51] [PROGRESS] resolve files> Scanning F:\Main-Sec\codeAudit\codeql\source\cc1\commons-collections\classes\org\apache\commons\collections\iterators...
[2025-05-17 20:40:51] [PROGRESS] resolve files> Scanning F:\Main-Sec\codeAudit\codeql\source\cc1\commons-collections\classes\org\apache\commons\collections\keyvalue...
[2025-05-17 20:40:51] [PROGRESS] resolve files> Scanning F:\Main-Sec\codeAudit\codeql\source\cc1\commons-collections\classes\org\apache\commons\collections\list...
[2025-05-17 20:40:51] [PROGRESS] resolve files> Scanning F:\Main-Sec\codeAudit\codeql\source\cc1\commons-collections\classes\org\apache\commons\collections\map...
[2025-05-17 20:40:51] [PROGRESS] resolve files> Scanning F:\Main-Sec\codeAudit\codeql\source\cc1\commons-collections\classes\org\apache\commons\collections\set...
[2025-05-17 20:40:51] [PROGRESS] resolve files> Scanning F:\Main-Sec\codeAudit\codeql\source\cc1\commons-collections\data...
[2025-05-17 20:40:51] [PROGRESS] resolve files> Scanning F:\Main-Sec\codeAudit\codeql\source\cc1\commons-collections\data\test...
[2025-05-17 20:40:51] [PROGRESS] resolve files> Scanning F:\Main-Sec\codeAudit\codeql\source\cc1\commons-collections\src...
[2025-05-17 20:40:51] [PROGRESS] resolve files> Scanning F:\Main-Sec\codeAudit\codeql\source\cc1\commons-collections\src\assembly...
[2025-05-17 20:40:51] [PROGRESS] resolve files> Scanning F:\Main-Sec\codeAudit\codeql\source\cc1\commons-collections\src\conf...
[2025-05-17 20:40:51] [PROGRESS] resolve files> Scanning F:\Main-Sec\codeAudit\codeql\source\cc1\commons-collections\src\java...
[2025-05-17 20:40:51] [PROGRESS] resolve files> Scanning F:\Main-Sec\codeAudit\codeql\source\cc1\commons-collections\src\java\CC1...
[2025-05-17 20:40:51] [PROGRESS] resolve files> Scanning F:\Main-Sec\codeAudit\codeql\source\cc1\commons-collections\src\java\org...
[2025-05-17 20:40:51] [PROGRESS] resolve files> Scanning F:\Main-Sec\codeAudit\codeql\source\cc1\commons-collections\src\java\org\apache...
[2025-05-17 20:40:51] [PROGRESS] resolve files> Scanning F:\Main-Sec\codeAudit\codeql\source\cc1\commons-collections\src\java\org\apache\commons...
[2025-05-17 20:40:51] [PROGRESS] resolve files> Scanning F:\Main-Sec\codeAudit\codeql\source\cc1\commons-collections\src\java\org\apache\commons\collections...
[2025-05-17 20:40:51] [PROGRESS] resolve files> Scanning F:\Main-Sec\codeAudit\codeql\source\cc1\commons-collections\src\java\org\apache\commons\collections\bag...
[2025-05-17 20:40:51] [PROGRESS] resolve files> Scanning F:\Main-Sec\codeAudit\codeql\source\cc1\commons-collections\src\java\org\apache\commons\collections\bidimap...
[2025-05-17 20:40:51] [PROGRESS] resolve files> Scanning F:\Main-Sec\codeAudit\codeql\source\cc1\commons-collections\src\java\org\apache\commons\collections\buffer...
[2025-05-17 20:40:51] [PROGRESS] resolve files> Scanning F:\Main-Sec\codeAudit\codeql\source\cc1\commons-collections\src\java\org\apache\commons\collections\collection...
[2025-05-17 20:40:51] [PROGRESS] resolve files> Scanning F:\Main-Sec\codeAudit\codeql\source\cc1\commons-collections\src\java\org\apache\commons\collections\comparators...
[2025-05-17 20:40:51] [PROGRESS] resolve files> Scanning F:\Main-Sec\codeAudit\codeql\source\cc1\commons-collections\src\java\org\apache\commons\collections\functors...
[2025-05-17 20:40:51] [PROGRESS] resolve files> Scanning F:\Main-Sec\codeAudit\codeql\source\cc1\commons-collections\src\java\org\apache\commons\collections\iterators...
[2025-05-17 20:40:51] [PROGRESS] resolve files> Scanning F:\Main-Sec\codeAudit\codeql\source\cc1\commons-collections\src\java\org\apache\commons\collections\keyvalue...
[2025-05-17 20:40:51] [PROGRESS] resolve files> Scanning F:\Main-Sec\codeAudit\codeql\source\cc1\commons-collections\src\java\org\apache\commons\collections\list...
[2025-05-17 20:40:51] [PROGRESS] resolve files> Scanning F:\Main-Sec\codeAudit\codeql\source\cc1\commons-collections\src\java\org\apache\commons\collections\map...
[2025-05-17 20:40:51] [PROGRESS] resolve files> Scanning F:\Main-Sec\codeAudit\codeql\source\cc1\commons-collections\src\java\org\apache\commons\collections\set...
[2025-05-17 20:40:51] [PROGRESS] resolve files> Scanning F:\Main-Sec\codeAudit\codeql\source\cc1\commons-collections\src\media...
[2025-05-17 20:40:51] [PROGRESS] resolve files> Scanning F:\Main-Sec\codeAudit\codeql\source\cc1\commons-collections\src\site...
[2025-05-17 20:40:51] [PROGRESS] resolve files> Scanning F:\Main-Sec\codeAudit\codeql\source\cc1\commons-collections\src\site\resources...
[2025-05-17 20:40:51] [PROGRESS] resolve files> Scanning F:\Main-Sec\codeAudit\codeql\source\cc1\commons-collections\src\site\resources\images...
[2025-05-17 20:40:51] [PROGRESS] resolve files> Scanning F:\Main-Sec\codeAudit\codeql\source\cc1\commons-collections\src\test...
[2025-05-17 20:40:51] [PROGRESS] resolve files> Scanning F:\Main-Sec\codeAudit\codeql\source\cc1\commons-collections\src\test\org...
[2025-05-17 20:40:51] [PROGRESS] resolve files> Scanning F:\Main-Sec\codeAudit\codeql\source\cc1\commons-collections\src\test\org\apache...
[2025-05-17 20:40:51] [PROGRESS] resolve files> Scanning F:\Main-Sec\codeAudit\codeql\source\cc1\commons-collections\src\test\org\apache\commons...
[2025-05-17 20:40:51] [PROGRESS] resolve files> Scanning F:\Main-Sec\codeAudit\codeql\source\cc1\commons-collections\src\test\org\apache\commons\collections...
[2025-05-17 20:40:51] [PROGRESS] resolve files> Scanning F:\Main-Sec\codeAudit\codeql\source\cc1\commons-collections\src\test\org\apache\commons\collections\bag...
[2025-05-17 20:40:51] [PROGRESS] resolve files> Scanning F:\Main-Sec\codeAudit\codeql\source\cc1\commons-collections\src\test\org\apache\commons\collections\bidimap...
[2025-05-17 20:40:51] [PROGRESS] resolve files> Scanning F:\Main-Sec\codeAudit\codeql\source\cc1\commons-collections\src\test\org\apache\commons\collections\buffer...
[2025-05-17 20:40:51] [PROGRESS] resolve files> Scanning F:\Main-Sec\codeAudit\codeql\source\cc1\commons-collections\src\test\org\apache\commons\collections\collection...
[2025-05-17 20:40:51] [PROGRESS] resolve files> Scanning F:\Main-Sec\codeAudit\codeql\source\cc1\commons-collections\src\test\org\apache\commons\collections\comparators...
[2025-05-17 20:40:51] [PROGRESS] resolve files> Scanning F:\Main-Sec\codeAudit\codeql\source\cc1\commons-collections\src\test\org\apache\commons\collections\iterators...
[2025-05-17 20:40:51] [PROGRESS] resolve files> Scanning F:\Main-Sec\codeAudit\codeql\source\cc1\commons-collections\src\test\org\apache\commons\collections\keyvalue...
[2025-05-17 20:40:51] [PROGRESS] resolve files> Scanning F:\Main-Sec\codeAudit\codeql\source\cc1\commons-collections\src\test\org\apache\commons\collections\list...
[2025-05-17 20:40:51] [PROGRESS] resolve files> Scanning F:\Main-Sec\codeAudit\codeql\source\cc1\commons-collections\src\test\org\apache\commons\collections\map...
[2025-05-17 20:40:51] [PROGRESS] resolve files> Scanning F:\Main-Sec\codeAudit\codeql\source\cc1\commons-collections\src\test\org\apache\commons\collections\set...
[2025-05-17 20:40:51] [PROGRESS] resolve files> Scanning F:\Main-Sec\codeAudit\codeql\source\cc1\commons-collections\target...
[2025-05-17 20:40:51] [PROGRESS] resolve files> Scanning F:\Main-Sec\codeAudit\codeql\source\cc1\commons-collections\target\classes...
[2025-05-17 20:40:51] [PROGRESS] resolve files> Scanning F:\Main-Sec\codeAudit\codeql\source\cc1\commons-collections\target\classes\META-INF...
[2025-05-17 20:40:51] [PROGRESS] resolve files> Scanning F:\Main-Sec\codeAudit\codeql\source\cc1\commons-collections\target\classes\org...
[2025-05-17 20:40:51] [PROGRESS] resolve files> Scanning F:\Main-Sec\codeAudit\codeql\source\cc1\commons-collections\target\classes\org\apache...
[2025-05-17 20:40:51] [PROGRESS] resolve files> Scanning F:\Main-Sec\codeAudit\codeql\source\cc1\commons-collections\target\classes\org\apache\commons...
[2025-05-17 20:40:51] [PROGRESS] resolve files> Scanning F:\Main-Sec\codeAudit\codeql\source\cc1\commons-collections\target\classes\org\apache\commons\collections...
[2025-05-17 20:40:51] [PROGRESS] resolve files> Scanning F:\Main-Sec\codeAudit\codeql\source\cc1\commons-collections\target\classes\org\apache\commons\collections\bag...
[2025-05-17 20:40:51] [PROGRESS] resolve files> Scanning F:\Main-Sec\codeAudit\codeql\source\cc1\commons-collections\target\classes\org\apache\commons\collections\bidimap...
[2025-05-17 20:40:51] [PROGRESS] resolve files> Scanning F:\Main-Sec\codeAudit\codeql\source\cc1\commons-collections\target\classes\org\apache\commons\collections\buffer...
[2025-05-17 20:40:51] [PROGRESS] resolve files> Scanning F:\Main-Sec\codeAudit\codeql\source\cc1\commons-collections\target\classes\org\apache\commons\collections\collection...
[2025-05-17 20:40:51] [PROGRESS] resolve files> Scanning F:\Main-Sec\codeAudit\codeql\source\cc1\commons-collections\target\classes\org\apache\commons\collections\comparators...
[2025-05-17 20:40:51] [PROGRESS] resolve files> Scanning F:\Main-Sec\codeAudit\codeql\source\cc1\commons-collections\target\classes\org\apache\commons\collections\functors...
[2025-05-17 20:40:51] [PROGRESS] resolve files> Scanning F:\Main-Sec\codeAudit\codeql\source\cc1\commons-collections\target\classes\org\apache\commons\collections\iterators...
[2025-05-17 20:40:51] [PROGRESS] resolve files> Scanning F:\Main-Sec\codeAudit\codeql\source\cc1\commons-collections\target\classes\org\apache\commons\collections\keyvalue...
[2025-05-17 20:40:51] [PROGRESS] resolve files> Scanning F:\Main-Sec\codeAudit\codeql\source\cc1\commons-collections\target\classes\org\apache\commons\collections\list...
[2025-05-17 20:40:51] [PROGRESS] resolve files> Scanning F:\Main-Sec\codeAudit\codeql\source\cc1\commons-collections\target\classes\org\apache\commons\collections\map...
[2025-05-17 20:40:51] [PROGRESS] resolve files> Scanning F:\Main-Sec\codeAudit\codeql\source\cc1\commons-collections\target\classes\org\apache\commons\collections\set...
[2025-05-17 20:40:51] [PROGRESS] resolve files> Scanning F:\Main-Sec\codeAudit\codeql\source\cc1\commons-collections\target\generated-sources...
[2025-05-17 20:40:51] [PROGRESS] resolve files> Scanning F:\Main-Sec\codeAudit\codeql\source\cc1\commons-collections\target\generated-sources\annotations...
[2025-05-17 20:40:51] [PROGRESS] resolve files> Scanning F:\Main-Sec\codeAudit\codeql\source\cc1\commons-collections\xdocs...
[2025-05-17 20:40:51] [PROGRESS] resolve files> Scanning F:\Main-Sec\codeAudit\codeql\source\cc1\commons-collections\xdocs\images...
[2025-05-17 20:40:51] [PROGRESS] resolve files> Scanning F:\Main-Sec\codeAudit\codeql\source\cc1\commons-collections\xdocs\style...
[2025-05-17 20:40:51] Plumbing command codeql resolve files completed:
                      [
                        "F:\\Main-Sec\\codeAudit\\codeql\\source\\cc1\\commons-collections\\project.properties"
                      ]
[2025-05-17 20:40:51] [DETAILS] database index-files> Found 1 files.
[2025-05-17 20:40:51] [PROGRESS] database index-files> F:\Main-Sec\codeAudit\codeql\databases\cc1-db: Indexing files in in F:\Main-Sec\codeAudit\codeql\source\cc1\commons-collections...
[2025-05-17 20:40:51] Using index-files script F:\Main-Sec\codeAudit\codeql\codeql-win64\properties\tools\index-files.cmd.
[2025-05-17 20:40:51] [PROGRESS] database index-files> Running command in F:\Main-Sec\codeAudit\codeql\source\cc1\commons-collections: [F:\Main-Sec\codeAudit\codeql\codeql-win64\properties\tools\index-files.cmd, F:\Main-Sec\codeAudit\codeql\databases\cc1-db\working\files-to-index8464727959673786044.list]
[2025-05-17 20:40:52] Terminating normally.
