[2025-05-17 20:40:48] This is codeql database index-files --include-extension=.xml --include-extension=.wsdd --size-limit 10m --language xml -- F:\Main-Sec\codeAudit\codeql\databases\cc1-db
[2025-05-17 20:40:48] Log file was started late.
[2025-05-17 20:40:48] Using index-files script F:\Main-Sec\codeAudit\codeql\codeql-win64\xml\tools\index-files.cmd.
[2025-05-17 20:40:48] [PROGRESS] database index-files> Scanning for files in F:\Main-Sec\codeAudit\codeql\source\cc1\commons-collections...
[2025-05-17 20:40:48] Calling plumbing command: codeql resolve files --include-extension=.xml --include-extension=.wsdd --size-limit=10m F:\Main-Sec\codeAudit\codeql\source\cc1\commons-collections --format=json
[2025-05-17 20:40:48] [PROGRESS] resolve files> Scanning F:\Main-Sec\codeAudit\codeql\source\cc1\commons-collections...
[2025-05-17 20:40:48] [PROGRESS] resolve files> Scanning F:\Main-Sec\codeAudit\codeql\source\cc1\commons-collections\.git...
[2025-05-17 20:40:48] [PROGRESS] resolve files> Scanning F:\Main-Sec\codeAudit\codeql\source\cc1\commons-collections\.git\hooks...
[2025-05-17 20:40:48] [PROGRESS] resolve files> Scanning F:\Main-Sec\codeAudit\codeql\source\cc1\commons-collections\.git\info...
[2025-05-17 20:40:48] [PROGRESS] resolve files> Scanning F:\Main-Sec\codeAudit\codeql\source\cc1\commons-collections\.git\logs...
[2025-05-17 20:40:48] [PROGRESS] resolve files> Scanning F:\Main-Sec\codeAudit\codeql\source\cc1\commons-collections\.git\logs\refs...
[2025-05-17 20:40:48] [PROGRESS] resolve files> Scanning F:\Main-Sec\codeAudit\codeql\source\cc1\commons-collections\.git\logs\refs\heads...
[2025-05-17 20:40:48] [PROGRESS] resolve files> Scanning F:\Main-Sec\codeAudit\codeql\source\cc1\commons-collections\.git\logs\refs\remotes...
[2025-05-17 20:40:48] [PROGRESS] resolve files> Scanning F:\Main-Sec\codeAudit\codeql\source\cc1\commons-collections\.git\logs\refs\remotes\origin...
[2025-05-17 20:40:48] [PROGRESS] resolve files> Scanning F:\Main-Sec\codeAudit\codeql\source\cc1\commons-collections\.git\objects...
[2025-05-17 20:40:48] [PROGRESS] resolve files> Scanning F:\Main-Sec\codeAudit\codeql\source\cc1\commons-collections\.git\objects\info...
[2025-05-17 20:40:48] [PROGRESS] resolve files> Scanning F:\Main-Sec\codeAudit\codeql\source\cc1\commons-collections\.git\objects\pack...
[2025-05-17 20:40:48] [PROGRESS] resolve files> Scanning F:\Main-Sec\codeAudit\codeql\source\cc1\commons-collections\.git\refs...
[2025-05-17 20:40:48] [PROGRESS] resolve files> Scanning F:\Main-Sec\codeAudit\codeql\source\cc1\commons-collections\.git\refs\heads...
[2025-05-17 20:40:48] [PROGRESS] resolve files> Scanning F:\Main-Sec\codeAudit\codeql\source\cc1\commons-collections\.git\refs\remotes...
[2025-05-17 20:40:48] [PROGRESS] resolve files> Scanning F:\Main-Sec\codeAudit\codeql\source\cc1\commons-collections\.git\refs\remotes\origin...
[2025-05-17 20:40:48] [PROGRESS] resolve files> Scanning F:\Main-Sec\codeAudit\codeql\source\cc1\commons-collections\.git\refs\tags...
[2025-05-17 20:40:48] [PROGRESS] resolve files> Scanning F:\Main-Sec\codeAudit\codeql\source\cc1\commons-collections\.idea...
[2025-05-17 20:40:48] [PROGRESS] resolve files> Scanning F:\Main-Sec\codeAudit\codeql\source\cc1\commons-collections\classes...
[2025-05-17 20:40:48] [PROGRESS] resolve files> Scanning F:\Main-Sec\codeAudit\codeql\source\cc1\commons-collections\classes\CC1...
[2025-05-17 20:40:48] [PROGRESS] resolve files> Scanning F:\Main-Sec\codeAudit\codeql\source\cc1\commons-collections\classes\org...
[2025-05-17 20:40:48] [PROGRESS] resolve files> Scanning F:\Main-Sec\codeAudit\codeql\source\cc1\commons-collections\classes\org\apache...
[2025-05-17 20:40:48] [PROGRESS] resolve files> Scanning F:\Main-Sec\codeAudit\codeql\source\cc1\commons-collections\classes\org\apache\commons...
[2025-05-17 20:40:48] [PROGRESS] resolve files> Scanning F:\Main-Sec\codeAudit\codeql\source\cc1\commons-collections\classes\org\apache\commons\collections...
[2025-05-17 20:40:48] [PROGRESS] resolve files> Scanning F:\Main-Sec\codeAudit\codeql\source\cc1\commons-collections\classes\org\apache\commons\collections\bag...
[2025-05-17 20:40:48] [PROGRESS] resolve files> Scanning F:\Main-Sec\codeAudit\codeql\source\cc1\commons-collections\classes\org\apache\commons\collections\bidimap...
[2025-05-17 20:40:48] [PROGRESS] resolve files> Scanning F:\Main-Sec\codeAudit\codeql\source\cc1\commons-collections\classes\org\apache\commons\collections\buffer...
[2025-05-17 20:40:48] [PROGRESS] resolve files> Scanning F:\Main-Sec\codeAudit\codeql\source\cc1\commons-collections\classes\org\apache\commons\collections\collection...
[2025-05-17 20:40:48] [PROGRESS] resolve files> Scanning F:\Main-Sec\codeAudit\codeql\source\cc1\commons-collections\classes\org\apache\commons\collections\comparators...
[2025-05-17 20:40:48] [PROGRESS] resolve files> Scanning F:\Main-Sec\codeAudit\codeql\source\cc1\commons-collections\classes\org\apache\commons\collections\functors...
[2025-05-17 20:40:48] [PROGRESS] resolve files> Scanning F:\Main-Sec\codeAudit\codeql\source\cc1\commons-collections\classes\org\apache\commons\collections\iterators...
[2025-05-17 20:40:48] [PROGRESS] resolve files> Scanning F:\Main-Sec\codeAudit\codeql\source\cc1\commons-collections\classes\org\apache\commons\collections\keyvalue...
[2025-05-17 20:40:48] [PROGRESS] resolve files> Scanning F:\Main-Sec\codeAudit\codeql\source\cc1\commons-collections\classes\org\apache\commons\collections\list...
[2025-05-17 20:40:48] [PROGRESS] resolve files> Scanning F:\Main-Sec\codeAudit\codeql\source\cc1\commons-collections\classes\org\apache\commons\collections\map...
[2025-05-17 20:40:48] [PROGRESS] resolve files> Scanning F:\Main-Sec\codeAudit\codeql\source\cc1\commons-collections\classes\org\apache\commons\collections\set...
[2025-05-17 20:40:48] [PROGRESS] resolve files> Scanning F:\Main-Sec\codeAudit\codeql\source\cc1\commons-collections\data...
[2025-05-17 20:40:48] [PROGRESS] resolve files> Scanning F:\Main-Sec\codeAudit\codeql\source\cc1\commons-collections\data\test...
[2025-05-17 20:40:48] [PROGRESS] resolve files> Scanning F:\Main-Sec\codeAudit\codeql\source\cc1\commons-collections\src...
[2025-05-17 20:40:48] [PROGRESS] resolve files> Scanning F:\Main-Sec\codeAudit\codeql\source\cc1\commons-collections\src\assembly...
[2025-05-17 20:40:48] [PROGRESS] resolve files> Scanning F:\Main-Sec\codeAudit\codeql\source\cc1\commons-collections\src\conf...
[2025-05-17 20:40:48] [PROGRESS] resolve files> Scanning F:\Main-Sec\codeAudit\codeql\source\cc1\commons-collections\src\java...
[2025-05-17 20:40:48] [PROGRESS] resolve files> Scanning F:\Main-Sec\codeAudit\codeql\source\cc1\commons-collections\src\java\CC1...
[2025-05-17 20:40:48] [PROGRESS] resolve files> Scanning F:\Main-Sec\codeAudit\codeql\source\cc1\commons-collections\src\java\org...
[2025-05-17 20:40:48] [PROGRESS] resolve files> Scanning F:\Main-Sec\codeAudit\codeql\source\cc1\commons-collections\src\java\org\apache...
[2025-05-17 20:40:48] [PROGRESS] resolve files> Scanning F:\Main-Sec\codeAudit\codeql\source\cc1\commons-collections\src\java\org\apache\commons...
[2025-05-17 20:40:48] [PROGRESS] resolve files> Scanning F:\Main-Sec\codeAudit\codeql\source\cc1\commons-collections\src\java\org\apache\commons\collections...
[2025-05-17 20:40:48] [PROGRESS] resolve files> Scanning F:\Main-Sec\codeAudit\codeql\source\cc1\commons-collections\src\java\org\apache\commons\collections\bag...
[2025-05-17 20:40:48] [PROGRESS] resolve files> Scanning F:\Main-Sec\codeAudit\codeql\source\cc1\commons-collections\src\java\org\apache\commons\collections\bidimap...
[2025-05-17 20:40:48] [PROGRESS] resolve files> Scanning F:\Main-Sec\codeAudit\codeql\source\cc1\commons-collections\src\java\org\apache\commons\collections\buffer...
[2025-05-17 20:40:48] [PROGRESS] resolve files> Scanning F:\Main-Sec\codeAudit\codeql\source\cc1\commons-collections\src\java\org\apache\commons\collections\collection...
[2025-05-17 20:40:48] [PROGRESS] resolve files> Scanning F:\Main-Sec\codeAudit\codeql\source\cc1\commons-collections\src\java\org\apache\commons\collections\comparators...
[2025-05-17 20:40:48] [PROGRESS] resolve files> Scanning F:\Main-Sec\codeAudit\codeql\source\cc1\commons-collections\src\java\org\apache\commons\collections\functors...
[2025-05-17 20:40:48] [PROGRESS] resolve files> Scanning F:\Main-Sec\codeAudit\codeql\source\cc1\commons-collections\src\java\org\apache\commons\collections\iterators...
[2025-05-17 20:40:48] [PROGRESS] resolve files> Scanning F:\Main-Sec\codeAudit\codeql\source\cc1\commons-collections\src\java\org\apache\commons\collections\keyvalue...
[2025-05-17 20:40:48] [PROGRESS] resolve files> Scanning F:\Main-Sec\codeAudit\codeql\source\cc1\commons-collections\src\java\org\apache\commons\collections\list...
[2025-05-17 20:40:48] [PROGRESS] resolve files> Scanning F:\Main-Sec\codeAudit\codeql\source\cc1\commons-collections\src\java\org\apache\commons\collections\map...
[2025-05-17 20:40:48] [PROGRESS] resolve files> Scanning F:\Main-Sec\codeAudit\codeql\source\cc1\commons-collections\src\java\org\apache\commons\collections\set...
[2025-05-17 20:40:48] [PROGRESS] resolve files> Scanning F:\Main-Sec\codeAudit\codeql\source\cc1\commons-collections\src\media...
[2025-05-17 20:40:48] [PROGRESS] resolve files> Scanning F:\Main-Sec\codeAudit\codeql\source\cc1\commons-collections\src\site...
[2025-05-17 20:40:48] [PROGRESS] resolve files> Scanning F:\Main-Sec\codeAudit\codeql\source\cc1\commons-collections\src\site\resources...
[2025-05-17 20:40:48] [PROGRESS] resolve files> Scanning F:\Main-Sec\codeAudit\codeql\source\cc1\commons-collections\src\site\resources\images...
[2025-05-17 20:40:48] [PROGRESS] resolve files> Scanning F:\Main-Sec\codeAudit\codeql\source\cc1\commons-collections\src\test...
[2025-05-17 20:40:48] [PROGRESS] resolve files> Scanning F:\Main-Sec\codeAudit\codeql\source\cc1\commons-collections\src\test\org...
[2025-05-17 20:40:48] [PROGRESS] resolve files> Scanning F:\Main-Sec\codeAudit\codeql\source\cc1\commons-collections\src\test\org\apache...
[2025-05-17 20:40:48] [PROGRESS] resolve files> Scanning F:\Main-Sec\codeAudit\codeql\source\cc1\commons-collections\src\test\org\apache\commons...
[2025-05-17 20:40:48] [PROGRESS] resolve files> Scanning F:\Main-Sec\codeAudit\codeql\source\cc1\commons-collections\src\test\org\apache\commons\collections...
[2025-05-17 20:40:48] [PROGRESS] resolve files> Scanning F:\Main-Sec\codeAudit\codeql\source\cc1\commons-collections\src\test\org\apache\commons\collections\bag...
[2025-05-17 20:40:48] [PROGRESS] resolve files> Scanning F:\Main-Sec\codeAudit\codeql\source\cc1\commons-collections\src\test\org\apache\commons\collections\bidimap...
[2025-05-17 20:40:48] [PROGRESS] resolve files> Scanning F:\Main-Sec\codeAudit\codeql\source\cc1\commons-collections\src\test\org\apache\commons\collections\buffer...
[2025-05-17 20:40:48] [PROGRESS] resolve files> Scanning F:\Main-Sec\codeAudit\codeql\source\cc1\commons-collections\src\test\org\apache\commons\collections\collection...
[2025-05-17 20:40:48] [PROGRESS] resolve files> Scanning F:\Main-Sec\codeAudit\codeql\source\cc1\commons-collections\src\test\org\apache\commons\collections\comparators...
[2025-05-17 20:40:48] [PROGRESS] resolve files> Scanning F:\Main-Sec\codeAudit\codeql\source\cc1\commons-collections\src\test\org\apache\commons\collections\iterators...
[2025-05-17 20:40:48] [PROGRESS] resolve files> Scanning F:\Main-Sec\codeAudit\codeql\source\cc1\commons-collections\src\test\org\apache\commons\collections\keyvalue...
[2025-05-17 20:40:48] [PROGRESS] resolve files> Scanning F:\Main-Sec\codeAudit\codeql\source\cc1\commons-collections\src\test\org\apache\commons\collections\list...
[2025-05-17 20:40:48] [PROGRESS] resolve files> Scanning F:\Main-Sec\codeAudit\codeql\source\cc1\commons-collections\src\test\org\apache\commons\collections\map...
[2025-05-17 20:40:48] [PROGRESS] resolve files> Scanning F:\Main-Sec\codeAudit\codeql\source\cc1\commons-collections\src\test\org\apache\commons\collections\set...
[2025-05-17 20:40:48] [PROGRESS] resolve files> Scanning F:\Main-Sec\codeAudit\codeql\source\cc1\commons-collections\target...
[2025-05-17 20:40:48] [PROGRESS] resolve files> Scanning F:\Main-Sec\codeAudit\codeql\source\cc1\commons-collections\target\classes...
[2025-05-17 20:40:48] [PROGRESS] resolve files> Scanning F:\Main-Sec\codeAudit\codeql\source\cc1\commons-collections\target\classes\META-INF...
[2025-05-17 20:40:48] [PROGRESS] resolve files> Scanning F:\Main-Sec\codeAudit\codeql\source\cc1\commons-collections\target\classes\org...
[2025-05-17 20:40:48] [PROGRESS] resolve files> Scanning F:\Main-Sec\codeAudit\codeql\source\cc1\commons-collections\target\classes\org\apache...
[2025-05-17 20:40:48] [PROGRESS] resolve files> Scanning F:\Main-Sec\codeAudit\codeql\source\cc1\commons-collections\target\classes\org\apache\commons...
[2025-05-17 20:40:48] [PROGRESS] resolve files> Scanning F:\Main-Sec\codeAudit\codeql\source\cc1\commons-collections\target\classes\org\apache\commons\collections...
[2025-05-17 20:40:48] [PROGRESS] resolve files> Scanning F:\Main-Sec\codeAudit\codeql\source\cc1\commons-collections\target\classes\org\apache\commons\collections\bag...
[2025-05-17 20:40:48] [PROGRESS] resolve files> Scanning F:\Main-Sec\codeAudit\codeql\source\cc1\commons-collections\target\classes\org\apache\commons\collections\bidimap...
[2025-05-17 20:40:48] [PROGRESS] resolve files> Scanning F:\Main-Sec\codeAudit\codeql\source\cc1\commons-collections\target\classes\org\apache\commons\collections\buffer...
[2025-05-17 20:40:48] [PROGRESS] resolve files> Scanning F:\Main-Sec\codeAudit\codeql\source\cc1\commons-collections\target\classes\org\apache\commons\collections\collection...
[2025-05-17 20:40:48] [PROGRESS] resolve files> Scanning F:\Main-Sec\codeAudit\codeql\source\cc1\commons-collections\target\classes\org\apache\commons\collections\comparators...
[2025-05-17 20:40:48] [PROGRESS] resolve files> Scanning F:\Main-Sec\codeAudit\codeql\source\cc1\commons-collections\target\classes\org\apache\commons\collections\functors...
[2025-05-17 20:40:48] [PROGRESS] resolve files> Scanning F:\Main-Sec\codeAudit\codeql\source\cc1\commons-collections\target\classes\org\apache\commons\collections\iterators...
[2025-05-17 20:40:48] [PROGRESS] resolve files> Scanning F:\Main-Sec\codeAudit\codeql\source\cc1\commons-collections\target\classes\org\apache\commons\collections\keyvalue...
[2025-05-17 20:40:48] [PROGRESS] resolve files> Scanning F:\Main-Sec\codeAudit\codeql\source\cc1\commons-collections\target\classes\org\apache\commons\collections\list...
[2025-05-17 20:40:48] [PROGRESS] resolve files> Scanning F:\Main-Sec\codeAudit\codeql\source\cc1\commons-collections\target\classes\org\apache\commons\collections\map...
[2025-05-17 20:40:48] [PROGRESS] resolve files> Scanning F:\Main-Sec\codeAudit\codeql\source\cc1\commons-collections\target\classes\org\apache\commons\collections\set...
[2025-05-17 20:40:48] [PROGRESS] resolve files> Scanning F:\Main-Sec\codeAudit\codeql\source\cc1\commons-collections\target\generated-sources...
[2025-05-17 20:40:48] [PROGRESS] resolve files> Scanning F:\Main-Sec\codeAudit\codeql\source\cc1\commons-collections\target\generated-sources\annotations...
[2025-05-17 20:40:48] [PROGRESS] resolve files> Scanning F:\Main-Sec\codeAudit\codeql\source\cc1\commons-collections\xdocs...
[2025-05-17 20:40:48] [PROGRESS] resolve files> Scanning F:\Main-Sec\codeAudit\codeql\source\cc1\commons-collections\xdocs\images...
[2025-05-17 20:40:48] [PROGRESS] resolve files> Scanning F:\Main-Sec\codeAudit\codeql\source\cc1\commons-collections\xdocs\style...
[2025-05-17 20:40:48] Plumbing command codeql resolve files completed:
                      [
                        "F:\\Main-Sec\\codeAudit\\codeql\\source\\cc1\\commons-collections\\.idea\\compiler.xml",
                        "F:\\Main-Sec\\codeAudit\\codeql\\source\\cc1\\commons-collections\\.idea\\jarRepositories.xml",
                        "F:\\Main-Sec\\codeAudit\\codeql\\source\\cc1\\commons-collections\\.idea\\misc.xml",
                        "F:\\Main-Sec\\codeAudit\\codeql\\source\\cc1\\commons-collections\\.idea\\vcs.xml",
                        "F:\\Main-Sec\\codeAudit\\codeql\\source\\cc1\\commons-collections\\.idea\\workspace.xml",
                        "F:\\Main-Sec\\codeAudit\\codeql\\source\\cc1\\commons-collections\\build-testframework.xml",
                        "F:\\Main-Sec\\codeAudit\\codeql\\source\\cc1\\commons-collections\\build.xml",
                        "F:\\Main-Sec\\codeAudit\\codeql\\source\\cc1\\commons-collections\\checkstyle.xml",
                        "F:\\Main-Sec\\codeAudit\\codeql\\source\\cc1\\commons-collections\\maven.xml",
                        "F:\\Main-Sec\\codeAudit\\codeql\\source\\cc1\\commons-collections\\pom.xml",
                        "F:\\Main-Sec\\codeAudit\\codeql\\source\\cc1\\commons-collections\\project.xml",
                        "F:\\Main-Sec\\codeAudit\\codeql\\source\\cc1\\commons-collections\\src\\assembly\\bin.xml",
                        "F:\\Main-Sec\\codeAudit\\codeql\\source\\cc1\\commons-collections\\src\\assembly\\src.xml",
                        "F:\\Main-Sec\\codeAudit\\codeql\\source\\cc1\\commons-collections\\src\\site\\site.xml",
                        "F:\\Main-Sec\\codeAudit\\codeql\\source\\cc1\\commons-collections\\xdocs\\building.xml",
                        "F:\\Main-Sec\\codeAudit\\codeql\\source\\cc1\\commons-collections\\xdocs\\compatibility.xml",
                        "F:\\Main-Sec\\codeAudit\\codeql\\source\\cc1\\commons-collections\\xdocs\\cvs-usage.xml",
                        "F:\\Main-Sec\\codeAudit\\codeql\\source\\cc1\\commons-collections\\xdocs\\download_collections.xml",
                        "F:\\Main-Sec\\codeAudit\\codeql\\source\\cc1\\commons-collections\\xdocs\\history.xml",
                        "F:\\Main-Sec\\codeAudit\\codeql\\source\\cc1\\commons-collections\\xdocs\\index.xml",
                        "F:\\Main-Sec\\codeAudit\\codeql\\source\\cc1\\commons-collections\\xdocs\\issue-tracking.xml",
                        "F:\\Main-Sec\\codeAudit\\codeql\\source\\cc1\\commons-collections\\xdocs\\navigation.xml",
                        "F:\\Main-Sec\\codeAudit\\codeql\\source\\cc1\\commons-collections\\xdocs\\pick.xml",
                        "F:\\Main-Sec\\codeAudit\\codeql\\source\\cc1\\commons-collections\\xdocs\\proposal.xml",
                        "F:\\Main-Sec\\codeAudit\\codeql\\source\\cc1\\commons-collections\\xdocs\\release_3_2.xml",
                        "F:\\Main-Sec\\codeAudit\\codeql\\source\\cc1\\commons-collections\\xdocs\\release_3_2_1.xml",
                        "F:\\Main-Sec\\codeAudit\\codeql\\source\\cc1\\commons-collections\\xdocs\\tasks.xml",
                        "F:\\Main-Sec\\codeAudit\\codeql\\source\\cc1\\commons-collections\\xdocs\\userguide.xml"
                      ]
[2025-05-17 20:40:48] [DETAILS] database index-files> Found 28 files.
[2025-05-17 20:40:48] [PROGRESS] database index-files> F:\Main-Sec\codeAudit\codeql\databases\cc1-db: Indexing files in in F:\Main-Sec\codeAudit\codeql\source\cc1\commons-collections...
[2025-05-17 20:40:48] Using index-files script F:\Main-Sec\codeAudit\codeql\codeql-win64\xml\tools\index-files.cmd.
[2025-05-17 20:40:48] [PROGRESS] database index-files> Running command in F:\Main-Sec\codeAudit\codeql\source\cc1\commons-collections: [F:\Main-Sec\codeAudit\codeql\codeql-win64\xml\tools\index-files.cmd, F:\Main-Sec\codeAudit\codeql\databases\cc1-db\working\files-to-index15839727224224211278.list]
[2025-05-17 20:40:50] Terminating normally.
