[2025-05-18 01:26:08] This is codeql database create /root/Openjdk8u65_db --language=java --command=make all DISABLE_HOTSPOT_OS_VERSION_CHECK=OK ZIP_DEBUGINFO_FILES=0 --overwrite
[2025-05-18 01:26:08] Log file was started late.
[2025-05-18 01:26:08] [PROGRESS] database create> Initializing database at /root/Openjdk8u65_db.
[2025-05-18 01:26:08] Running plumbing command: codeql database init --overwrite --language=java --extractor-options-verbosity=1 --qlconfig-file=/root/jdk8u/qlconfig.yml --source-root=/root/jdk8u --allow-missing-source-root=false --allow-already-existing -- /root/Openjdk8u65_db
[2025-05-18 01:26:08] Calling plumbing command: codeql resolve languages --extractor-options-verbosity=1 --format=betterjson
[2025-05-18 01:26:08] [DETAILS] resolve languages> Scanning for [codeql-extractor.yml] from /root/codeql/.codeqlmanifest.json
[2025-05-18 01:26:08] [DETAILS] resolve languages> Parsing /root/codeql/properties/codeql-extractor.yml.
[2025-05-18 01:26:08] [DETAILS] resolve languages> Parsing /root/codeql/go/codeql-extractor.yml.
[2025-05-18 01:26:08] [DETAILS] resolve languages> Parsing /root/codeql/javascript/codeql-extractor.yml.
[2025-05-18 01:26:08] [DETAILS] resolve languages> Parsing /root/codeql/swift/codeql-extractor.yml.
[2025-05-18 01:26:08] [DETAILS] resolve languages> Parsing /root/codeql/python/codeql-extractor.yml.
[2025-05-18 01:26:08] [DETAILS] resolve languages> Parsing /root/codeql/java/codeql-extractor.yml.
[2025-05-18 01:26:08] [DETAILS] resolve languages> Parsing /root/codeql/xml/codeql-extractor.yml.
[2025-05-18 01:26:08] [DETAILS] resolve languages> Parsing /root/codeql/actions/codeql-extractor.yml.
[2025-05-18 01:26:08] [DETAILS] resolve languages> Parsing /root/codeql/cpp/codeql-extractor.yml.
[2025-05-18 01:26:08] [DETAILS] resolve languages> Parsing /root/codeql/csharp/codeql-extractor.yml.
[2025-05-18 01:26:08] [DETAILS] resolve languages> Parsing /root/codeql/csv/codeql-extractor.yml.
[2025-05-18 01:26:08] [DETAILS] resolve languages> Parsing /root/codeql/yaml/codeql-extractor.yml.
[2025-05-18 01:26:08] [DETAILS] resolve languages> Parsing /root/codeql/html/codeql-extractor.yml.
[2025-05-18 01:26:08] [DETAILS] resolve languages> Parsing /root/codeql/ruby/codeql-extractor.yml.
[2025-05-18 01:26:08] Plumbing command codeql resolve languages completed:
                      {
                        "aliases" : {
                          "c" : "cpp",
                          "c++" : "cpp",
                          "c-c++" : "cpp",
                          "c-cpp" : "cpp",
                          "c#" : "csharp",
                          "java-kotlin" : "java",
                          "kotlin" : "java",
                          "javascript-typescript" : "javascript",
                          "typescript" : "javascript"
                        },
                        "extractors" : {
                          "properties" : [
                            {
                              "extractor_root" : "/root/codeql/properties"
                            }
                          ],
                          "go" : [
                            {
                              "extractor_root" : "/root/codeql/go",
                              "extractor_options" : {
                                "extract_tests" : {
                                  "title" : "Whether to include Go test files in the CodeQL database.",
                                  "description" : "A value indicating whether Go test files should be included in the CodeQL database. The default is 'false'.\n",
                                  "type" : "string",
                                  "pattern" : "^(false|true)$"
                                },
                                "extract_vendor_dirs" : {
                                  "title" : "Whether to include Go vendor directories in the CodeQL database.",
                                  "description" : "A value indicating whether Go vendor directories should be included in the CodeQL database. The default is 'false'.\n",
                                  "type" : "string",
                                  "pattern" : "^(false|true)$"
                                }
                              }
                            }
                          ],
                          "javascript" : [
                            {
                              "extractor_root" : "/root/codeql/javascript",
                              "extractor_options" : {
                                "skip_types" : {
                                  "title" : "Skip type extraction for TypeScript",
                                  "description" : "Whether to skip the extraction of types in a TypeScript application",
                                  "type" : "string",
                                  "pattern" : "^(false|true)$"
                                }
                              }
                            }
                          ],
                          "swift" : [
                            {
                              "extractor_root" : "/root/codeql/swift"
                            }
                          ],
                          "python" : [
                            {
                              "extractor_root" : "/root/codeql/python",
                              "extractor_options" : {
                                "logging" : {
                                  "title" : "Options pertaining to logging.",
                                  "description" : "Options pertaining to logging.",
                                  "type" : "object",
                                  "properties" : {
                                    "verbosity" : {
                                      "title" : "Python extractor logging verbosity level.",
                                      "description" : "Controls the level of verbosity of the CodeQL Python extractor.\nThe supported levels are (in order of increasing verbosity):\n\n  - off\n  - errors\n  - warnings\n  - info or progress\n  - debug or progress+\n  - trace or progress++\n  - progress+++\n",
                                      "type" : "string",
                                      "pattern" : "^(off|errors|warnings|(info|progress)|(debug|progress\\+)|(trace|progress\\+\\+)|progress\\+\\+\\+)$"
                                    }
                                  }
                                },
                                "python_executable_name" : {
                                  "title" : "Controls the name of the Python executable used by the Python extractor.",
                                  "description" : "The Python extractor uses platform-dependent heuristics to determine the name of the Python executable to use. Specifying a value for this option overrides the name of the Python executable used by the extractor. Accepted values are py, python and python3. Use this setting with caution, the Python extractor requires Python 3 to run.\n",
                                  "type" : "string",
                                  "pattern" : "^(py|python|python3)$"
                                }
                              }
                            }
                          ],
                          "java" : [
                            {
                              "extractor_root" : "/root/codeql/java",
                              "extractor_options" : {
                                "exclude" : {
                                  "title" : "A glob excluding files from analysis.",
                                  "description" : "A glob indicating what files to exclude from the analysis. This accepts glob patterns that are supported by Java's 'getPathMatcher' implementation.\n",
                                  "type" : "string"
                                },
                                "add_prefer_source" : {
                                  "title" : "Whether to always prefer source files over class files.",
                                  "description" : "A value indicating whether source files should be preferred over class files. If set to 'true', the extraction adds '-Xprefer:source' to the javac command line. If set to 'false', the extraction uses the default javac behavior ('-Xprefer:newer'). The default is 'true'.\n",
                                  "type" : "string",
                                  "pattern" : "^(false|true)$"
                                },
                                "buildless" : {
                                  "title" : "Whether to use buildless (standalone) extraction (experimental).",
                                  "description" : "A value indicating, which type of extraction the autobuilder should perform. If 'true', then the standalone extractor will be used, otherwise tracing extraction will be performed. The default is 'false'. Note that buildless extraction will generally yield less accurate analysis results, and should only be used in cases where it is not possible to build the code (for example if it uses inaccessible dependencies).\n",
                                  "type" : "string",
                                  "pattern" : "^(false|true)$"
                                },
                                "buildless_dependency_dir" : {
                                  "title" : "The path where buildless (standalone) extraction should keep dependencies.",
                                  "description" : "If set, the buildless (standalone) extractor will store dependencies in this directory.\n",
                                  "type" : "string"
                                },
                                "minimize_dependency_jars" : {
                                  "title" : "Whether to rewrite and minimize downloaded JAR dependencies (experimental).",
                                  "description" : "If 'true', JAR dependencies downloaded during extraction will be rewritten to remove unneeded data, such as method bodies. The default is 'false'.\n",
                                  "type" : "string",
                                  "pattern" : "^(false|true)$"
                                }
                              }
                            }
                          ],
                          "xml" : [
                            {
                              "extractor_root" : "/root/codeql/xml"
                            }
                          ],
                          "actions" : [
                            {
                              "extractor_root" : "/root/codeql/actions",
                              "extractor_options" : { }
                            }
                          ],
                          "cpp" : [
                            {
                              "extractor_root" : "/root/codeql/cpp",
                              "extractor_options" : {
                                "scale_timeouts" : {
                                  "title" : "Value to scale compiler introspection timeouts with",
                                  "description" : "The extractor attempts to determine what compiler the source code being extracted is compiled with. To this end the extractor makes additional calls to the compiler, some of which are expected to return within a certain fixed time (either 10s or 15s). On some systems that are under high load this time might be too short, and can be scaled up using this option.\n",
                                  "type" : "string",
                                  "pattern" : "[0-9]+"
                                },
                                "log_verbosity" : {
                                  "title" : "Verbosity of the extractor logging",
                                  "description" : "Set the verbosity of the extractor logging to 'quiet' (0), 'normal' (1), 'chatty' (2), or 'noisy' (3). The default is 'normal'.\n",
                                  "type" : "string",
                                  "pattern" : "[0-3]"
                                }
                              }
                            }
                          ],
                          "csharp" : [
                            {
                              "extractor_root" : "/root/codeql/csharp",
                              "extractor_options" : {
                                "trap" : {
                                  "title" : "Options pertaining to TRAP.",
                                  "description" : "Options pertaining to TRAP.",
                                  "type" : "object",
                                  "properties" : {
                                    "compression" : {
                                      "title" : "Controls compression for the TRAP files written by the extractor.",
                                      "description" : "This option is only intended for use in debugging the extractor. Accepted values are 'brotli' (the default, to write brotli-compressed TRAP), 'gzip', and 'none' (to write uncompressed TRAP).\n",
                                      "type" : "string",
                                      "pattern" : "^(none|gzip|brotli)$"
                                    }
                                  }
                                },
                                "buildless" : {
                                  "title" : "DEPRECATED - Whether to use buildless (standalone) extraction.",
                                  "description" : "DEPRECATED: Use `--build-mode none` instead.\nA value indicating, which type of extraction the autobuilder should perform. If 'true', then the standalone extractor will be used, otherwise tracing extraction will be performed. The default is 'false'. Note that buildless extraction will generally yield less accurate analysis results, and should only be used in cases where it is not possible to build the code (for example if it uses inaccessible dependencies).\n",
                                  "type" : "string",
                                  "pattern" : "^(false|true)$"
                                },
                                "logging" : {
                                  "title" : "Options pertaining to logging.",
                                  "description" : "Options pertaining to logging.",
                                  "type" : "object",
                                  "properties" : {
                                    "verbosity" : {
                                      "title" : "Extractor logging verbosity level.",
                                      "description" : "Controls the level of verbosity of the extractor. The supported levels are (in order of increasing verbosity):\n  - off\n  - errors\n  - warnings\n  - info or progress\n  - debug or progress+\n  - trace or progress++\n  - progress+++\n",
                                      "type" : "string",
                                      "pattern" : "^(off|errors|warnings|(info|progress)|(debug|progress\\+)|(trace|progress\\+\\+)|progress\\+\\+\\+)$"
                                    }
                                  }
                                },
                                "binlog" : {
                                  "title" : "Binlog",
                                  "description" : "[EXPERIMENTAL] The value is a path to the MsBuild binary log file that should be extracted. This option only works when `--build-mode none` is also specified.\n",
                                  "type" : "array"
                                }
                              }
                            }
                          ],
                          "csv" : [
                            {
                              "extractor_root" : "/root/codeql/csv"
                            }
                          ],
                          "yaml" : [
                            {
                              "extractor_root" : "/root/codeql/yaml"
                            }
                          ],
                          "html" : [
                            {
                              "extractor_root" : "/root/codeql/html"
                            }
                          ],
                          "ruby" : [
                            {
                              "extractor_root" : "/root/codeql/ruby",
                              "extractor_options" : {
                                "trap" : {
                                  "title" : "Options pertaining to TRAP.",
                                  "description" : "Options pertaining to TRAP.",
                                  "type" : "object",
                                  "properties" : {
                                    "compression" : {
                                      "title" : "Controls compression for the TRAP files written by the extractor.",
                                      "description" : "This option is only intended for use in debugging the extractor. Accepted values are 'gzip' (the default, to write gzip-compressed TRAP) and 'none' (to write uncompressed TRAP).\n",
                                      "type" : "string",
                                      "pattern" : "^(none|gzip)$"
                                    }
                                  }
                                }
                              }
                            }
                          ]
                        }
                      }
[2025-05-18 01:26:08] [PROGRESS] database init> Calculating baseline information in /root/jdk8u
[2025-05-18 01:26:08] [SPAMMY] database init> Ignoring the following directories when processing baseline information: .git, .hg, .svn.
[2025-05-18 01:26:08] [DETAILS] database init> Running command in /root/jdk8u: /root/codeql/tools/linux64/scc --by-file --exclude-dir .git,.hg,.svn --format json --no-large --no-min .
[2025-05-18 01:26:09] Using configure-baseline script /root/codeql/javascript/tools/configure-baseline.sh.
[2025-05-18 01:26:09] [PROGRESS] database init> Running command in /root/jdk8u: [/root/codeql/javascript/tools/configure-baseline.sh]
[2025-05-18 01:26:09] [SPAMMY] database init> Found 40077 baseline files for java.
[2025-05-18 01:26:09] [SPAMMY] database init> Found 1298 baseline files for javascript.
[2025-05-18 01:26:09] [SPAMMY] database init> Found 3832 baseline files for cpp.
[2025-05-18 01:26:09] [SPAMMY] database init> Found 2 baseline files for csharp.
[2025-05-18 01:26:09] [SPAMMY] database init> Found 2 baseline files for ruby.
[2025-05-18 01:26:09] [PROGRESS] database init> Calculated baseline information for languages: cpp, csharp, java, javascript, ruby (721ms).
[2025-05-18 01:26:09] [PROGRESS] database init> Resolving extractor java.
[2025-05-18 01:26:09] [DETAILS] database init> Found candidate extractor root for java: /root/codeql/java.
[2025-05-18 01:26:09] [PROGRESS] database init> Successfully loaded extractor Java/Kotlin (java) from /root/codeql/java.
[2025-05-18 01:26:09] [PROGRESS] database init> Created skeleton CodeQL database at /root/Openjdk8u65_db. This in-progress database is ready to be populated by an extractor.
[2025-05-18 01:26:09] Plumbing command codeql database init completed.
[2025-05-18 01:26:09] [PROGRESS] database create> Running build command: [make, all, DISABLE_HOTSPOT_OS_VERSION_CHECK=OK, ZIP_DEBUGINFO_FILES=0]
[2025-05-18 01:26:09] Running plumbing command: codeql database trace-command --working-dir=/root/jdk8u --index-traceless-dbs --no-db-cluster -- /root/Openjdk8u65_db make all DISABLE_HOTSPOT_OS_VERSION_CHECK=OK ZIP_DEBUGINFO_FILES=0
[2025-05-18 01:26:09] [PROGRESS] database trace-command> Running command in /root/jdk8u: [make, all, DISABLE_HOTSPOT_OS_VERSION_CHECK=OK, ZIP_DEBUGINFO_FILES=0]
[2025-05-18 01:26:09] [build-stdout] Building OpenJDK for target 'all' in configuration 'linux-x86_64-normal-server-slowdebug'
[2025-05-18 01:26:09] [build-stdout] ## Starting langtools
[2025-05-18 01:26:09] [build-stdout] ## Finished langtools (build time 00:00:00)
[2025-05-18 01:26:09] [build-stdout] ## Starting hotspot
[2025-05-18 01:26:09] [build-stdout] ## Finished hotspot (build time 00:00:00)
[2025-05-18 01:26:09] [build-stdout] ## Starting corba
[2025-05-18 01:26:09] [build-stdout] ## Finished corba (build time 00:00:00)
[2025-05-18 01:26:09] [build-stdout] ## Starting jaxp
[2025-05-18 01:26:09] [build-stdout] ## Finished jaxp (build time 00:00:00)
[2025-05-18 01:26:09] [build-stdout] ## Starting jaxws
[2025-05-18 01:26:09] [build-stdout] ## Finished jaxws (build time 00:00:00)
[2025-05-18 01:26:09] [build-stdout] ## Starting jdk
[2025-05-18 01:26:09] [build-stdout] Compiling 162 files for BUILD_TOOLS
[2025-05-18 01:26:11] [build-stderr] Note: Some input files use unchecked or unsafe operations.
[2025-05-18 01:26:11] [build-stderr] Note: Recompile with -Xlint:unchecked for details.
[2025-05-18 01:26:12] [build-stderr] WARNING: A terminally deprecated method in sun.misc.Unsafe has been called
[2025-05-18 01:26:12] [build-stderr] WARNING: sun.misc.Unsafe::objectFieldOffset has been called by lombok.permit.Permit
[2025-05-18 01:26:12] [build-stderr] WARNING: Please consider reporting this to the maintainers of class lombok.permit.Permit
[2025-05-18 01:26:12] [build-stderr] WARNING: sun.misc.Unsafe::objectFieldOffset will be removed in a future release
[2025-05-18 01:26:15] [build-stdout] Compiling 521 properties into resource bundles
[2025-05-18 01:26:15] [build-stdout] Copying and cleaning 53 properties
[2025-05-18 01:26:15] [build-stdout] Creating sun/util/LocaleDataMetaInfo.java from 423 found resources.
[2025-05-18 01:26:16] [build-stdout] Generating sun/misc/Version.java
[2025-05-18 01:26:16] [build-stdout] Generating sun/misc/Version.java compact1
[2025-05-18 01:26:16] [build-stdout] Generating sun/misc/Version.java compact2
[2025-05-18 01:26:16] [build-stdout] Generating sun/misc/Version.java compact3
[2025-05-18 01:26:16] [build-stderr] Aliases: Table size 1024 (10 bits), shift 0, max chain depth 3
[2025-05-18 01:26:16] [build-stderr] Classes: Table size 32 (5 bits), shift 1, max chain depth 3
[2025-05-18 01:26:16] [build-stderr] Cache: Table size 32 (5 bits), shift 1, max chain depth 3
[2025-05-18 01:26:19] [build-stdout] Generating X11 wrapper (64-bit version)
[2025-05-18 01:26:19] [build-stdout] Generating beaninfo
[2025-05-18 01:26:19] [build-stdout] Generating Nimbus source files
[2025-05-18 01:26:20] [build-stderr] [Error] encoded value was less than 0: encode(-8.326673E-17, 5.0, 11.0, 16.0)
[2025-05-18 01:26:20] [build-stderr] [Error] encoded value was less than 0: encode(-0.05882353, 1.0, 24.0, 25.0)
[2025-05-18 01:26:20] [build-stderr] [Error] encoded value was greater than 3: encode(15.029411, 1.0, 14.0, 15.0)
[2025-05-18 01:26:20] [build-stderr] [Error] encoded value was less than 0: encode(-0.05882353, 1.0, 24.0, 25.0)
[2025-05-18 01:26:20] [build-stderr] [Error] encoded value was greater than 3: encode(15.029411, 1.0, 14.0, 15.0)
[2025-05-18 01:26:20] [build-stderr] [Error] encoded value was less than 0: encode(-0.05882353, 1.0, 24.0, 25.0)
[2025-05-18 01:26:20] [build-stderr] [Error] encoded value was less than 0: encode(-0.05882353, 1.0, 24.0, 25.0)
[2025-05-18 01:26:20] [build-stderr] [Error] encoded value was greater than 3: encode(15.029411, 1.0, 14.0, 15.0)
[2025-05-18 01:26:20] [build-stderr] [Error] encoded value was less than 0: encode(-0.05882353, 1.0, 24.0, 25.0)
[2025-05-18 01:26:20] [build-stderr] [Error] encoded value was greater than 3: encode(15.029411, 1.0, 14.0, 15.0)
[2025-05-18 01:26:20] [build-stderr] [Error] encoded value was less than 0: encode(-0.05882353, 1.0, 24.0, 25.0)
[2025-05-18 01:26:20] [build-stderr] [Error] encoded value was less than 0: encode(-0.05882353, 1.0, 24.0, 25.0)
[2025-05-18 01:26:20] [build-stderr] [Error] encoded value was greater than 3: encode(15.029411, 1.0, 14.0, 15.0)
[2025-05-18 01:26:20] [build-stderr] [Error] encoded value was less than 0: encode(-0.05882353, 1.0, 24.0, 25.0)
[2025-05-18 01:26:20] [build-stderr] [Error] encoded value was greater than 3: encode(15.029411, 1.0, 14.0, 15.0)
[2025-05-18 01:26:20] [build-stderr] [Error] encoded value was less than 0: encode(-0.05882353, 1.0, 24.0, 25.0)
[2025-05-18 01:26:20] [build-stderr] [Error] Encountered Infinity: encode(-0.00877193, 0.0, 7.0, 7.0)
[2025-05-18 01:26:23] [build-stdout] Verifying /root/jdk8u/build/linux-x86_64-normal-server-slowdebug/jdk/gensrc_x11wrappers/sizes.64.verification.tmp to /root/jdk8u/build/linux-x86_64-normal-server-slowdebug/jdk/gensrc_x11wrappers/sizes.64
[2025-05-18 01:26:24] [build-stdout] Generating HTML DTD file
[2025-05-18 01:26:24] [build-stderr] [Parsed DTD html32 in 70ms]
[2025-05-18 01:26:24] [build-stderr] Error: time is more than 10 years from present: 1420063200000
[2025-05-18 01:26:24] [build-stderr] java.lang.RuntimeException: time is more than 10 years from present: 1420063200000
[2025-05-18 01:26:24] [build-stderr] 	at build.tools.generatecurrencydata.GenerateCurrencyData.makeSpecialCaseEntry(GenerateCurrencyData.java:287)
[2025-05-18 01:26:24] [build-stderr] 	at build.tools.generatecurrencydata.GenerateCurrencyData.buildMainAndSpecialCaseTables(GenerateCurrencyData.java:226)
[2025-05-18 01:26:24] [build-stderr] 	at build.tools.generatecurrencydata.GenerateCurrencyData.main(GenerateCurrencyData.java:157)
[2025-05-18 01:26:24] [build-stderr] make[2]: *** [/root/jdk8u/build/linux-x86_64-normal-server-slowdebug/jdk/lib/currency.data] Error 1
[2025-05-18 01:26:24] [build-stderr] make[2]: *** Waiting for unfinished jobs....
[2025-05-18 01:26:24] [build-stderr] make[1]: *** [gendata-only] Error 2
[2025-05-18 01:26:24] [build-stderr] make: *** [jdk-only] Error 2
[2025-05-18 01:26:24] [ERROR] Spawned process exited abnormally (code 2; tried to run: [/root/codeql/tools/linux64/preload_tracer, make, all, DISABLE_HOTSPOT_OS_VERSION_CHECK=OK, ZIP_DEBUGINFO_FILES=0])
[2025-05-18 01:26:24] Exception caught at top level: Exit status 2 from command: [make, all, DISABLE_HOTSPOT_OS_VERSION_CHECK=OK, ZIP_DEBUGINFO_FILES=0]
                      com.semmle.cli2.Commandline.executeAndCheckResult(Commandline.java:170)
                      com.semmle.cli2.Commandline.runWithoutReturn(Commandline.java:123)
                      com.semmle.cli2.database.DatabaseProcessCommandCommon.executeSubcommand(DatabaseProcessCommandCommon.java:227)
                      com.semmle.cli2.database.TraceCommandCommand.executeSubcommand(TraceCommandCommand.java:126)
                      com.semmle.cli2.picocli.SubcommandCommon.lambda$executeSubcommandWithMessages$5(SubcommandCommon.java:892)
                      com.semmle.cli2.picocli.SubcommandCommon.withCompilationMessages(SubcommandCommon.java:444)
                      com.semmle.cli2.picocli.SubcommandCommon.executeSubcommandWithMessages(SubcommandCommon.java:890)
                      com.semmle.cli2.picocli.PlumbingRunner.run(PlumbingRunner.java:119)
                      com.semmle.cli2.picocli.SubcommandCommon.runPlumbingInProcess(SubcommandCommon.java:201)
                      com.semmle.cli2.database.CreateCommand.executeSubcommand(CreateCommand.java:185)
                      com.semmle.cli2.picocli.SubcommandCommon.lambda$executeSubcommandWithMessages$5(SubcommandCommon.java:892)
                      com.semmle.cli2.picocli.SubcommandCommon.withCompilationMessages(SubcommandCommon.java:444)
                      com.semmle.cli2.picocli.SubcommandCommon.executeSubcommandWithMessages(SubcommandCommon.java:890)
                      com.semmle.cli2.picocli.SubcommandCommon.toplevelMain(SubcommandCommon.java:777)
                      com.semmle.cli2.picocli.SubcommandCommon.call(SubcommandCommon.java:757)
                      com.semmle.cli2.picocli.SubcommandMaker.runMain(SubcommandMaker.java:238)
                      com.semmle.cli2.picocli.SubcommandMaker.runMain(SubcommandMaker.java:259)
                      com.semmle.cli2.CodeQL.main(CodeQL.java:115)
