[2025-05-18 01:32:35] [javac-extractor-45316] Starting extraction for:
                                              sun.java.command=com.semmle.extractor.java.JavaExtractor --jdk-version -1 --javac-args @@@/root/Openjdk8u65_db/log/ext/javac-32.args
                                              user.dir=/root/jdk8u/jdk/make
[2025-05-18 01:32:35] [javac-extractor-45316] Compilation name /root/Openjdk8u65_db/trap/java/diagnostics/diagnostic-10.trap.gz
[2025-05-18 01:32:35] [javac-extractor-45316] Annotation processor class 'lombok.launch.AnnotationProcessorHider$AnnotationProcessor' initialized.
[2025-05-18 01:32:36] [javac-extractor-45316] Annotation processor class 'lombok.launch.AnnotationProcessorHider$ClaimingProcessor' initialized.
[2025-05-18 01:32:36] [javac-extractor-45316] Processing file /root/jdk8u/jdk/src/share/demo/applets/DrawTest/DrawTest.java
[2025-05-18 01:32:36] [javac-extractor-45316] Processing file /root/jdk8u/jdk/src/share/demo/applets/DrawTest/DrawTest.java
[2025-05-18 01:32:36] [javac-extractor-45316] Processing file /root/jdk8u/jdk/src/share/demo/applets/DrawTest/DrawTest.java
[2025-05-18 01:32:36] [javac-extractor-45316] [WARN] Not rewriting trap file for /root/Openjdk8u65_db/trap/java/classes/java/applet/Applet.members/Applet.members#52.0-1747531756234-java.trap.gz as /root/Openjdk8u65_db/trap/java/classes/java/applet/Applet.members/Applet.members#0.0-1747530087000-java.trap.gz exists
[2025-05-18 01:32:36] [javac-extractor-45316] [WARN] Not rewriting trap file for /root/Openjdk8u65_db/trap/java/classes/java/awt/BorderLayout.members/BorderLayout.members#52.0-1747531757514-java.trap.gz as /root/Openjdk8u65_db/trap/java/classes/java/awt/BorderLayout.members/BorderLayout.members#0.0-1747530087000-java.trap.gz exists
[2025-05-18 01:32:36] [javac-extractor-45316] [WARN] Not rewriting trap file for /root/Openjdk8u65_db/trap/java/classes/java/awt/Checkbox.members/Checkbox.members#52.0-1747531756444-java.trap.gz as /root/Openjdk8u65_db/trap/java/classes/java/awt/Checkbox.members/Checkbox.members#0.0-1747530087000-java.trap.gz exists
[2025-05-18 01:32:36] [javac-extractor-45316] [WARN] Not rewriting trap file for /root/Openjdk8u65_db/trap/java/classes/java/awt/CheckboxGroup.members/CheckboxGroup.members#52.0-1747531756594-java.trap.gz as /root/Openjdk8u65_db/trap/java/classes/java/awt/CheckboxGroup.members/CheckboxGroup.members#0.0-1747530087000-java.trap.gz exists
[2025-05-18 01:32:36] [javac-extractor-45316] [WARN] Not rewriting trap file for /root/Openjdk8u65_db/trap/java/classes/java/awt/Choice.members/Choice.members#52.0-1747531756454-java.trap.gz as /root/Openjdk8u65_db/trap/java/classes/java/awt/Choice.members/Choice.members#0.0-1747530087000-java.trap.gz exists
[2025-05-18 01:32:36] [javac-extractor-45316] [WARN] Not rewriting trap file for /root/Openjdk8u65_db/trap/java/classes/java/awt/Color.members/Color.members#52.0-1747531756264-java.trap.gz as /root/Openjdk8u65_db/trap/java/classes/java/awt/Color.members/Color.members#0.0-1747530087000-java.trap.gz exists
[2025-05-18 01:32:36] [javac-extractor-45316] [WARN] Not rewriting trap file for /root/Openjdk8u65_db/trap/java/classes/java/awt/Component.members/Component.members#52.0-1747531756244-java.trap.gz as /root/Openjdk8u65_db/trap/java/classes/java/awt/Component.members/Component.members#0.0-1747530168000-java.trap.gz exists
[2025-05-18 01:32:36] [javac-extractor-45316] [WARN] Not rewriting trap file for /root/Openjdk8u65_db/trap/java/classes/java/awt/Dimension.members/Dimension.members#52.0-1747531756254-java.trap.gz as /root/Openjdk8u65_db/trap/java/classes/java/awt/Dimension.members/Dimension.members#0.0-1747530087000-java.trap.gz exists
[2025-05-18 01:32:36] [javac-extractor-45316] [WARN] Not rewriting trap file for /root/Openjdk8u65_db/trap/java/classes/java/awt/FlowLayout.members/FlowLayout.members#52.0-1747531757484-java.trap.gz as /root/Openjdk8u65_db/trap/java/classes/java/awt/FlowLayout.members/FlowLayout.members#0.0-1747530087000-java.trap.gz exists
[2025-05-18 01:32:36] [javac-extractor-45316] [WARN] Not rewriting trap file for /root/Openjdk8u65_db/trap/java/classes/java/awt/Frame.members/Frame.members#52.0-1747531756454-java.trap.gz as /root/Openjdk8u65_db/trap/java/classes/java/awt/Frame.members/Frame.members#0.0-1747530087000-java.trap.gz exists
[2025-05-18 01:32:36] [javac-extractor-45316] [WARN] Not rewriting trap file for /root/Openjdk8u65_db/trap/java/classes/java/awt/Graphics.members/Graphics.members#52.0-1747531756254-java.trap.gz as /root/Openjdk8u65_db/trap/java/classes/java/awt/Graphics.members/Graphics.members#0.0-1747530087000-java.trap.gz exists
[2025-05-18 01:32:36] [javac-extractor-45316] [WARN] Not rewriting trap file for /root/Openjdk8u65_db/trap/java/classes/java/awt/Panel.members/Panel.members#52.0-1747531756234-java.trap.gz as /root/Openjdk8u65_db/trap/java/classes/java/awt/Panel.members/Panel.members#0.0-1747530087000-java.trap.gz exists
[2025-05-18 01:32:36] [javac-extractor-45316] [WARN] Not rewriting trap file for /root/Openjdk8u65_db/trap/java/classes/java/awt/Point.members/Point.members#52.0-1747531756284-java.trap.gz as /root/Openjdk8u65_db/trap/java/classes/java/awt/Point.members/Point.members#0.0-1747530087000-java.trap.gz exists
[2025-05-18 01:32:36] [javac-extractor-45316] [WARN] Not rewriting trap file for /root/Openjdk8u65_db/trap/java/classes/java/awt/Rectangle.members/Rectangle.members#52.0-1747531756334-java.trap.gz as /root/Openjdk8u65_db/trap/java/classes/java/awt/Rectangle.members/Rectangle.members#0.0-1747530087000-java.trap.gz exists
[2025-05-18 01:32:36] [javac-extractor-45316] [WARN] Not rewriting trap file for /root/Openjdk8u65_db/trap/java/classes/java/awt/event/ItemEvent.members/ItemEvent.members#52.0-1747531756594-java.trap.gz as /root/Openjdk8u65_db/trap/java/classes/java/awt/event/ItemEvent.members/ItemEvent.members#0.0-1747530087000-java.trap.gz exists
[2025-05-18 01:32:36] [javac-extractor-45316] [WARN] Not rewriting trap file for /root/Openjdk8u65_db/trap/java/classes/java/awt/event/ItemListener.members/ItemListener.members#52.0-1747531756594-java.trap.gz as /root/Openjdk8u65_db/trap/java/classes/java/awt/event/ItemListener.members/ItemListener.members#0.0-1747530087000-java.trap.gz exists
[2025-05-18 01:32:36] [javac-extractor-45316] [WARN] Not rewriting trap file for /root/Openjdk8u65_db/trap/java/classes/java/awt/event/MouseEvent.members/MouseEvent.members#52.0-1747531756354-java.trap.gz as /root/Openjdk8u65_db/trap/java/classes/java/awt/event/MouseEvent.members/MouseEvent.members#0.0-1747530168000-java.trap.gz exists
[2025-05-18 01:32:36] [javac-extractor-45316] [WARN] Not rewriting trap file for /root/Openjdk8u65_db/trap/java/classes/java/awt/event/MouseListener.members/MouseListener.members#52.0-1747531756314-java.trap.gz as /root/Openjdk8u65_db/trap/java/classes/java/awt/event/MouseListener.members/MouseListener.members#0.0-1747530087000-java.trap.gz exists
[2025-05-18 01:32:36] [javac-extractor-45316] [WARN] Not rewriting trap file for /root/Openjdk8u65_db/trap/java/classes/java/awt/event/MouseMotionListener.members/MouseMotionListener.members#52.0-1747531756314-java.trap.gz as /root/Openjdk8u65_db/trap/java/classes/java/awt/event/MouseMotionListener.members/MouseMotionListener.members#0.0-1747530087000-java.trap.gz exists
[2025-05-18 01:32:36] [javac-extractor-45316] [WARN] Not rewriting trap file for /root/Openjdk8u65_db/trap/java/classes/java/util/ArrayList.members/ArrayList.members#52.0-1747531754114-java.trap.gz as /root/Openjdk8u65_db/trap/java/classes/java/util/ArrayList.members/ArrayList.members#0.0-1747530168000-java.trap.gz exists
[2025-05-18 01:32:36] [javac-extractor-45316] [WARN] Not rewriting trap file for /root/Openjdk8u65_db/trap/java/classes/java/util/List.members/List.members#52.0-1747531752534-java.trap.gz as /root/Openjdk8u65_db/trap/java/classes/java/util/List.members/List.members#0.0-1747530087000-java.trap.gz exists
[2025-05-18 01:32:36] [javac-extractor-45316] [WARN] Not rewriting trap file for /root/Openjdk8u65_db/trap/java/classes/java/lang/SuppressWarnings.members/SuppressWarnings.members#52.0-1747531755174-java.trap.gz as /root/Openjdk8u65_db/trap/java/classes/java/lang/SuppressWarnings.members/SuppressWarnings.members#0.0-1747530087000-java.trap.gz exists
[2025-05-18 01:32:36] [javac-extractor-45316] [WARN] Not rewriting trap file for /root/Openjdk8u65_db/trap/java/classes/java/lang/String.members/String.members#52.0-1747531750834-java.trap.gz as /root/Openjdk8u65_db/trap/java/classes/java/lang/String.members/String.members#0.0-1747530087000-java.trap.gz exists
[2025-05-18 01:32:36] [javac-extractor-45316] [WARN] Not rewriting trap file for /root/Openjdk8u65_db/trap/java/classes/java/lang/Object.members/Object.members#52.0-1747531750714-java.trap.gz as /root/Openjdk8u65_db/trap/java/classes/java/lang/Object.members/Object.members#0.0-1747530087000-java.trap.gz exists
[2025-05-18 01:32:36] [javac-extractor-45316] [WARN] Not rewriting trap file for /root/Openjdk8u65_db/trap/java/classes/java/lang/Cloneable.members/Cloneable.members#52.0-1747531752494-java.trap.gz as /root/Openjdk8u65_db/trap/java/classes/java/lang/Cloneable.members/Cloneable.members#0.0-1747530087000-java.trap.gz exists
[2025-05-18 01:32:36] [javac-extractor-45316] [WARN] Not rewriting trap file for /root/Openjdk8u65_db/trap/java/classes/java/io/Serializable.members/Serializable.members#52.0-1747531750714-java.trap.gz as /root/Openjdk8u65_db/trap/java/classes/java/io/Serializable.members/Serializable.members#0.0-1747530087000-java.trap.gz exists
[2025-05-18 01:32:36] [javac-extractor-45316] [WARN] Not rewriting trap file for /root/Openjdk8u65_db/trap/java/classes/java/lang/Override.members/Override.members#52.0-1747531757164-java.trap.gz as /root/Openjdk8u65_db/trap/java/classes/java/lang/Override.members/Override.members#0.0-1747530087000-java.trap.gz exists
[2025-05-18 01:32:36] [javac-extractor-45316] [WARN] Not rewriting trap file for /root/Openjdk8u65_db/trap/java/classes/java/awt/Container.members/Container.members#52.0-1747531756244-java.trap.gz as /root/Openjdk8u65_db/trap/java/classes/java/awt/Container.members/Container.members#0.0-1747530168000-java.trap.gz exists
[2025-05-18 01:32:36] [javac-extractor-45316] [WARN] Not rewriting trap file for /root/Openjdk8u65_db/trap/java/classes/java/awt/LayoutManager.members/LayoutManager.members#52.0-1747531756254-java.trap.gz as /root/Openjdk8u65_db/trap/java/classes/java/awt/LayoutManager.members/LayoutManager.members#0.0-1747530087000-java.trap.gz exists
[2025-05-18 01:32:36] [javac-extractor-45316] [WARN] Not rewriting trap file for /root/Openjdk8u65_db/trap/java/classes/java/awt/Window.members/Window.members#52.0-1747531756364-java.trap.gz as /root/Openjdk8u65_db/trap/java/classes/java/awt/Window.members/Window.members#0.0-1747530168000-java.trap.gz exists
[2025-05-18 01:32:36] [javac-extractor-45316] [WARN] Not rewriting trap file for /root/Openjdk8u65_db/trap/java/classes/java/util/Collection.members/Collection.members#52.0-1747531752544-java.trap.gz as /root/Openjdk8u65_db/trap/java/classes/java/util/Collection.members/Collection.members#0.0-1747530087000-java.trap.gz exists
[2025-05-18 01:32:36] [javac-extractor-45316] [WARN] Not rewriting trap file for /root/Openjdk8u65_db/trap/java/classes/java/lang/Iterable.members/Iterable.members#52.0-1747531752414-java.trap.gz as /root/Openjdk8u65_db/trap/java/classes/java/lang/Iterable.members/Iterable.members#0.0-1747530087000-java.trap.gz exists
[2025-05-18 01:32:36] [javac-extractor-45316] [WARN] Not rewriting trap file for /root/Openjdk8u65_db/trap/java/classes/java/util/EventListener.members/EventListener.members#52.0-1747531755594-java.trap.gz as /root/Openjdk8u65_db/trap/java/classes/java/util/EventListener.members/EventListener.members#0.0-1747530087000-java.trap.gz exists
[2025-05-18 01:32:36] [javac-extractor-45316] [WARN] Not rewriting trap file for /root/Openjdk8u65_db/trap/java/classes/java/util/AbstractList.members/AbstractList.members#52.0-1747531753714-java.trap.gz as /root/Openjdk8u65_db/trap/java/classes/java/util/AbstractList.members/AbstractList.members#0.0-1747530087000-java.trap.gz exists
[2025-05-18 01:32:36] [javac-extractor-45316] [WARN] Not rewriting trap file for /root/Openjdk8u65_db/trap/java/classes/java/util/AbstractCollection.members/AbstractCollection.members#52.0-1747531753714-java.trap.gz as /root/Openjdk8u65_db/trap/java/classes/java/util/AbstractCollection.members/AbstractCollection.members#0.0-1747530087000-java.trap.gz exists
[2025-05-18 01:32:36] [javac-extractor-45316] [WARN] Not rewriting trap file for /root/Openjdk8u65_db/trap/java/classes/java/util/RandomAccess.members/RandomAccess.members#52.0-1747531753714-java.trap.gz as /root/Openjdk8u65_db/trap/java/classes/java/util/RandomAccess.members/RandomAccess.members#0.0-1747530087000-java.trap.gz exists
[2025-05-18 01:32:36] [javac-extractor-45316] [WARN] Not rewriting trap file for /root/Openjdk8u65_db/trap/java/classes/java/util/Spliterator.members/Spliterator.members#52.0-1747531753224-java.trap.gz as /root/Openjdk8u65_db/trap/java/classes/java/util/Spliterator.members/Spliterator.members#0.0-1747530168000-java.trap.gz exists
[2025-05-18 01:32:36] [javac-extractor-45316] [WARN] Not rewriting trap file for /root/Openjdk8u65_db/trap/java/classes/java/util/function/Consumer.members/Consumer.members#52.0-1747531753224-java.trap.gz as /root/Openjdk8u65_db/trap/java/classes/java/util/function/Consumer.members/Consumer.members#0.0-1747530087000-java.trap.gz exists
[2025-05-18 01:32:36] [javac-extractor-45316] [WARN] Not rewriting trap file for /root/Openjdk8u65_db/trap/java/classes/java/lang/FunctionalInterface.members/FunctionalInterface.members#52.0-1747531752414-java.trap.gz as /root/Openjdk8u65_db/trap/java/classes/java/lang/FunctionalInterface.members/FunctionalInterface.members#0.0-1747530087000-java.trap.gz exists
[2025-05-18 01:32:36] [javac-extractor-45316] [WARN] Not rewriting trap file for /root/Openjdk8u65_db/trap/java/classes/java/util/Iterator.members/Iterator.members#52.0-1747531753174-java.trap.gz as /root/Openjdk8u65_db/trap/java/classes/java/util/Iterator.members/Iterator.members#0.0-1747530087000-java.trap.gz exists
[2025-05-18 01:32:36] [javac-extractor-45316] [WARN] Not rewriting trap file for /root/Openjdk8u65_db/trap/java/classes/java/util/stream/Stream.members/Stream.members#52.0-1747531753364-java.trap.gz as /root/Openjdk8u65_db/trap/java/classes/java/util/stream/Stream.members/Stream.members#0.0-1747530168000-java.trap.gz exists
[2025-05-18 01:32:36] [javac-extractor-45316] [WARN] Not rewriting trap file for /root/Openjdk8u65_db/trap/java/classes/java/util/stream/BaseStream.members/BaseStream.members#52.0-1747531752494-java.trap.gz as /root/Openjdk8u65_db/trap/java/classes/java/util/stream/BaseStream.members/BaseStream.members#0.0-1747530168000-java.trap.gz exists
[2025-05-18 01:32:36] [javac-extractor-45316] [WARN] Not rewriting trap file for /root/Openjdk8u65_db/trap/java/classes/java/lang/AutoCloseable.members/AutoCloseable.members#52.0-1747531751564-java.trap.gz as /root/Openjdk8u65_db/trap/java/classes/java/lang/AutoCloseable.members/AutoCloseable.members#0.0-1747530087000-java.trap.gz exists
[2025-05-18 01:32:36] [javac-extractor-45316] [WARN] Not rewriting trap file for /root/Openjdk8u65_db/trap/java/classes/java/util/function/Predicate.members/Predicate.members#52.0-1747531753394-java.trap.gz as /root/Openjdk8u65_db/trap/java/classes/java/util/function/Predicate.members/Predicate.members#0.0-1747530087000-java.trap.gz exists
[2025-05-18 01:32:36] [javac-extractor-45316] [WARN] Not rewriting trap file for /root/Openjdk8u65_db/trap/java/classes/java/util/ListIterator.members/ListIterator.members#52.0-1747531753394-java.trap.gz as /root/Openjdk8u65_db/trap/java/classes/java/util/ListIterator.members/ListIterator.members#0.0-1747530087000-java.trap.gz exists
[2025-05-18 01:32:36] [javac-extractor-45316] [WARN] Not rewriting trap file for /root/Openjdk8u65_db/trap/java/classes/java/util/Comparator.members/Comparator.members#52.0-1747531752414-java.trap.gz as /root/Openjdk8u65_db/trap/java/classes/java/util/Comparator.members/Comparator.members#0.0-1747530087000-java.trap.gz exists
[2025-05-18 01:32:36] [javac-extractor-45316] [WARN] Not rewriting trap file for /root/Openjdk8u65_db/trap/java/classes/java/util/function/UnaryOperator.members/UnaryOperator.members#52.0-1747531753394-java.trap.gz as /root/Openjdk8u65_db/trap/java/classes/java/util/function/UnaryOperator.members/UnaryOperator.members#0.0-1747530087000-java.trap.gz exists
[2025-05-18 01:32:36] [javac-extractor-45316] [WARN] Not rewriting trap file for /root/Openjdk8u65_db/trap/java/classes/java/util/function/Function.members/Function.members#52.0-1747531753224-java.trap.gz as /root/Openjdk8u65_db/trap/java/classes/java/util/function/Function.members/Function.members#0.0-1747530087000-java.trap.gz exists
[2025-05-18 01:32:36] [javac-extractor-45316] [WARN] Not rewriting trap file for /root/Openjdk8u65_db/trap/java/classes/java/lang/IllegalArgumentException.members/IllegalArgumentException.members#52.0-1747531753394-java.trap.gz as /root/Openjdk8u65_db/trap/java/classes/java/lang/IllegalArgumentException.members/IllegalArgumentException.members#0.0-1747530087000-java.trap.gz exists
[2025-05-18 01:32:36] [javac-extractor-45316] [WARN] Not rewriting trap file for /root/Openjdk8u65_db/trap/java/classes/java/awt/event/InputEvent.members/InputEvent.members#52.0-1747531756294-java.trap.gz as /root/Openjdk8u65_db/trap/java/classes/java/awt/event/InputEvent.members/InputEvent.members#0.0-1747530087000-java.trap.gz exists
[2025-05-18 01:32:36] [javac-extractor-45316] [WARN] Not rewriting trap file for /root/Openjdk8u65_db/trap/java/classes/java/util/EventObject.members/EventObject.members#52.0-1747531755604-java.trap.gz as /root/Openjdk8u65_db/trap/java/classes/java/util/EventObject.members/EventObject.members#0.0-1747530087000-java.trap.gz exists
[2025-05-18 01:32:36] [javac-extractor-45316] Javac init time: 0.7s
[2025-05-18 01:32:36] [javac-extractor-45316] Javac attr time: 0.1s
[2025-05-18 01:32:36] [javac-extractor-45316] Extractor time: 0.2s
[2025-05-18 01:32:36] [javac-extractor-45316] Other time: 0.1s
[2025-05-18 01:32:36] [javac-extractor-45316] Total time: 1.2s
