[2025-05-18 01:19:05] [javac-extractor-13560] Starting extraction for:
                                              sun.java.command=com.semmle.extractor.java.JavaExtractor --jdk-version -1 --javac-args @@@/root/Openjdk8u65_db/log/ext/javac-2.args
                                              user.dir=/root/jdk8u/langtools/make
[2025-05-18 01:19:05] [javac-extractor-13560] Compilation name /root/Openjdk8u65_db/trap/java/diagnostics/diagnostic-2.trap.gz
[2025-05-18 01:19:07] [javac-extractor-13560] Annotation processor class 'lombok.launch.AnnotationProcessorHider$AnnotationProcessor' initialized.
[2025-05-18 01:19:08] [javac-extractor-13560] Annotation processor class 'lombok.launch.AnnotationProcessorHider$ClaimingProcessor' initialized.
[2025-05-18 01:19:10] [javac-extractor-13560] Processing file /root/jdk8u/langtools/src/share/classes/com/sun/tools/javac/nio/JavacPathFileManager.java
[2025-05-18 01:19:10] [javac-extractor-13560] [WARN] Not rewriting trap file for /root/Openjdk8u65_db/trap/java/classes/java/io/File.members/File.members#51.0-1428695662000-java.trap.gz as it exists
[2025-05-18 01:19:10] [javac-extractor-13560] [WARN] Not rewriting trap file for /root/Openjdk8u65_db/trap/java/classes/java/io/IOException.members/IOException.members#51.0-1428695660000-java.trap.gz as it exists
[2025-05-18 01:19:10] [javac-extractor-13560] [WARN] Not rewriting trap file for /root/Openjdk8u65_db/trap/java/classes/java/net/MalformedURLException.members/MalformedURLException.members#51.0-1428695662000-java.trap.gz as it exists
[2025-05-18 01:19:10] [javac-extractor-13560] [WARN] Not rewriting trap file for /root/Openjdk8u65_db/trap/java/classes/java/net/URL.members/URL.members#51.0-1428695662000-java.trap.gz as it exists
[2025-05-18 01:19:10] [javac-extractor-13560] [WARN] Not rewriting trap file for /root/Openjdk8u65_db/trap/java/classes/java/nio/charset/Charset.members/Charset.members#51.0-1428695662000-java.trap.gz as it exists
[2025-05-18 01:19:10] [javac-extractor-13560] [WARN] Not rewriting trap file for /root/Openjdk8u65_db/trap/java/classes/java/nio/file/Files.members/Files.members#51.0-1428695666000-java.trap.gz as it exists
[2025-05-18 01:19:10] [javac-extractor-13560] [WARN] Not rewriting trap file for /root/Openjdk8u65_db/trap/java/classes/java/nio/file/FileSystem.members/FileSystem.members#51.0-1428695664000-java.trap.gz as it exists
[2025-05-18 01:19:10] [javac-extractor-13560] [WARN] Not rewriting trap file for /root/Openjdk8u65_db/trap/java/classes/java/nio/file/FileSystems.members/FileSystems.members#51.0-1428695666000-java.trap.gz as it exists
[2025-05-18 01:19:10] [javac-extractor-13560] [WARN] Not rewriting trap file for /root/Openjdk8u65_db/trap/java/classes/java/nio/file/FileVisitOption.members/FileVisitOption.members#51.0-1428695666000-java.trap.gz as it exists
[2025-05-18 01:19:10] [javac-extractor-13560] [WARN] Not rewriting trap file for /root/Openjdk8u65_db/trap/java/classes/java/nio/file/FileVisitResult.members/FileVisitResult.members#51.0-1428695666000-java.trap.gz as it exists
[2025-05-18 01:19:10] [javac-extractor-13560] [WARN] Not rewriting trap file for /root/Openjdk8u65_db/trap/java/classes/java/nio/file/Path.members/Path.members#51.0-1428695664000-java.trap.gz as it exists
[2025-05-18 01:19:10] [javac-extractor-13560] [WARN] Not rewriting trap file for /root/Openjdk8u65_db/trap/java/classes/java/nio/file/SimpleFileVisitor.members/SimpleFileVisitor.members#51.0-1428695686000-java.trap.gz as it exists
[2025-05-18 01:19:10] [javac-extractor-13560] [WARN] Not rewriting trap file for /root/Openjdk8u65_db/trap/java/classes/java/nio/file/attribute/BasicFileAttributes.members/BasicFileAttributes.members#51.0-1428695664000-java.trap.gz as it exists
[2025-05-18 01:19:10] [javac-extractor-13560] [WARN] Not rewriting trap file for /root/Openjdk8u65_db/trap/java/classes/java/util/ArrayList.members/ArrayList.members#51.0-1428695664000-java.trap.gz as it exists
[2025-05-18 01:19:10] [javac-extractor-13560] [WARN] Not rewriting trap file for /root/Openjdk8u65_db/trap/java/classes/java/util/Arrays.members/Arrays.members#51.0-1428695664000-java.trap.gz as it exists
[2025-05-18 01:19:10] [javac-extractor-13560] [WARN] Not rewriting trap file for /root/Openjdk8u65_db/trap/java/classes/java/util/Collection.members/Collection.members#51.0-1428695660000-java.trap.gz as it exists
[2025-05-18 01:19:10] [javac-extractor-13560] [WARN] Not rewriting trap file for /root/Openjdk8u65_db/trap/java/classes/java/util/Collections.members/Collections.members#51.0-1428695664000-java.trap.gz as it exists
[2025-05-18 01:19:10] [javac-extractor-13560] [WARN] Not rewriting trap file for /root/Openjdk8u65_db/trap/java/classes/java/util/EnumSet.members/EnumSet.members#51.0-1428695664000-java.trap.gz as it exists
[2025-05-18 01:19:10] [javac-extractor-13560] [WARN] Not rewriting trap file for /root/Openjdk8u65_db/trap/java/classes/java/util/HashMap.members/HashMap.members#51.0-1428695662000-java.trap.gz as it exists
[2025-05-18 01:19:10] [javac-extractor-13560] [WARN] Not rewriting trap file for /root/Openjdk8u65_db/trap/java/classes/java/util/Iterator.members/Iterator.members#51.0-1428695662000-java.trap.gz as it exists
[2025-05-18 01:19:10] [javac-extractor-13560] [WARN] Not rewriting trap file for /root/Openjdk8u65_db/trap/java/classes/java/util/LinkedHashSet.members/LinkedHashSet.members#51.0-1428695664000-java.trap.gz as it exists
[2025-05-18 01:19:10] [javac-extractor-13560] [WARN] Not rewriting trap file for /root/Openjdk8u65_db/trap/java/classes/java/util/Map.members/Map.members#51.0-1428695662000-java.trap.gz as it exists
[2025-05-18 01:19:10] [javac-extractor-13560] [WARN] Not rewriting trap file for /root/Openjdk8u65_db/trap/java/classes/java/util/Set.members/Set.members#51.0-1428695660000-java.trap.gz as it exists
[2025-05-18 01:19:10] [javac-extractor-13560] [WARN] Not rewriting trap file for /root/Openjdk8u65_db/trap/java/classes/javax/lang/model/SourceVersion.members/SourceVersion.members#0.0-1747530089000-java.trap.gz as it exists
[2025-05-18 01:19:10] [javac-extractor-13560] [WARN] Not rewriting trap file for /root/Openjdk8u65_db/trap/java/classes/javax/tools/FileObject.members/FileObject.members#0.0-1747530089000-java.trap.gz as it exists
[2025-05-18 01:19:10] [javac-extractor-13560] [WARN] Not rewriting trap file for /root/Openjdk8u65_db/trap/java/classes/javax/tools/JavaFileManager.members/JavaFileManager.members#0.0-1747530089000-java.trap.gz as it exists
[2025-05-18 01:19:10] [javac-extractor-13560] [WARN] Not rewriting trap file for /root/Openjdk8u65_db/trap/java/classes/javax/tools/JavaFileObject.members/JavaFileObject.members#0.0-1747530089000-java.trap.gz as it exists
[2025-05-18 01:19:10] [javac-extractor-13560] [WARN] Not rewriting trap file for /root/Openjdk8u65_db/trap/java/classes/javax/tools/JavaFileObject$Kind.members/JavaFileObject$Kind.members#0.0-1747530089000-java.trap.gz as it exists
[2025-05-18 01:19:10] [javac-extractor-13560] [WARN] Not rewriting trap file for /root/Openjdk8u65_db/trap/java/classes/javax/tools/StandardLocation.members/StandardLocation.members#0.0-1747530089000-java.trap.gz as it exists
[2025-05-18 01:19:10] [javac-extractor-13560] [WARN] Not rewriting trap file for /root/Openjdk8u65_db/trap/java/classes/com/sun/tools/javac/util/BaseFileManager.members/BaseFileManager.members#0.0-1747530089000-java.trap.gz as it exists
[2025-05-18 01:19:10] [javac-extractor-13560] [WARN] Not rewriting trap file for /root/Openjdk8u65_db/trap/java/classes/com/sun/tools/javac/util/Context.members/Context.members#0.0-1747530089000-java.trap.gz as it exists
[2025-05-18 01:19:10] [javac-extractor-13560] [WARN] Not rewriting trap file for /root/Openjdk8u65_db/trap/java/classes/com/sun/tools/javac/util/List.members/List.members#0.0-1747530089000-java.trap.gz as it exists
[2025-05-18 01:19:10] [javac-extractor-13560] [WARN] Not rewriting trap file for /root/Openjdk8u65_db/trap/java/classes/com/sun/tools/javac/util/ListBuffer.members/ListBuffer.members#0.0-1747530089000-java.trap.gz as it exists
[2025-05-18 01:19:10] [javac-extractor-13560] [WARN] Not rewriting trap file for /root/Openjdk8u65_db/trap/java/classes/com/sun/tools/javac/main/Option.members/Option.members#0.0-1747530089000-java.trap.gz as it exists
[2025-05-18 01:19:10] [javac-extractor-13560] [WARN] Not rewriting trap file for /root/Openjdk8u65_db/trap/java/classes/java/lang/String.members/String.members#51.0-1428695660000-java.trap.gz as it exists
[2025-05-18 01:19:10] [javac-extractor-13560] [WARN] Not rewriting trap file for /root/Openjdk8u65_db/trap/java/classes/java/lang/Object.members/Object.members#51.0-1428695660000-java.trap.gz as it exists
[2025-05-18 01:19:10] [javac-extractor-13560] [WARN] Not rewriting trap file for /root/Openjdk8u65_db/trap/java/classes/javax/tools/JavaFileManager$Location.members/JavaFileManager$Location.members#0.0-1747530089000-java.trap.gz as it exists
[2025-05-18 01:19:10] [javac-extractor-13560] [WARN] Not rewriting trap file for /root/Openjdk8u65_db/trap/java/classes/java/lang/Iterable.members/Iterable.members#51.0-1428695660000-java.trap.gz as it exists
[2025-05-18 01:19:10] [javac-extractor-13560] [WARN] Not rewriting trap file for /root/Openjdk8u65_db/trap/java/classes/java/util/AbstractQueue.members/AbstractQueue.members#51.0-1428695664000-java.trap.gz as it exists
[2025-05-18 01:19:10] [javac-extractor-13560] [WARN] Not rewriting trap file for /root/Openjdk8u65_db/trap/java/classes/java/util/AbstractCollection.members/AbstractCollection.members#51.0-1428695662000-java.trap.gz as it exists
[2025-05-18 01:19:10] [javac-extractor-13560] [WARN] Not rewriting trap file for /root/Openjdk8u65_db/trap/java/classes/java/util/Queue.members/Queue.members#51.0-1428695664000-java.trap.gz as it exists
[2025-05-18 01:19:10] [javac-extractor-13560] [WARN] Not rewriting trap file for /root/Openjdk8u65_db/trap/java/classes/com/sun/tools/javac/nio/PathFileManager.members/PathFileManager.members#0.0-1747530089000-java.trap.gz as it exists
[2025-05-18 01:19:10] [javac-extractor-13560] [WARN] Not rewriting trap file for /root/Openjdk8u65_db/trap/java/classes/java/io/Closeable.members/Closeable.members#51.0-1428695660000-java.trap.gz as it exists
[2025-05-18 01:19:10] [javac-extractor-13560] [WARN] Not rewriting trap file for /root/Openjdk8u65_db/trap/java/classes/java/lang/AutoCloseable.members/AutoCloseable.members#51.0-1428695660000-java.trap.gz as it exists
[2025-05-18 01:19:10] [javac-extractor-13560] [WARN] Not rewriting trap file for /root/Openjdk8u65_db/trap/java/classes/java/io/Flushable.members/Flushable.members#51.0-1428695660000-java.trap.gz as it exists
[2025-05-18 01:19:10] [javac-extractor-13560] [WARN] Not rewriting trap file for /root/Openjdk8u65_db/trap/java/classes/javax/tools/OptionChecker.members/OptionChecker.members#0.0-1747530089000-java.trap.gz as it exists
[2025-05-18 01:19:10] [javac-extractor-13560] [WARN] Not rewriting trap file for /root/Openjdk8u65_db/trap/java/classes/java/lang/Class.members/Class.members#51.0-1428695660000-java.trap.gz as it exists
[2025-05-18 01:19:10] [javac-extractor-13560] [WARN] Not rewriting trap file for /root/Openjdk8u65_db/trap/java/classes/java/io/Serializable.members/Serializable.members#51.0-1428695660000-java.trap.gz as it exists
[2025-05-18 01:19:10] [javac-extractor-13560] [WARN] Not rewriting trap file for /root/Openjdk8u65_db/trap/java/classes/java/lang/reflect/GenericDeclaration.members/GenericDeclaration.members#51.0-1428695660000-java.trap.gz as it exists
[2025-05-18 01:19:10] [javac-extractor-13560] [WARN] Not rewriting trap file for /root/Openjdk8u65_db/trap/java/classes/java/lang/reflect/Type.members/Type.members#51.0-1428695660000-java.trap.gz as it exists
[2025-05-18 01:19:10] [javac-extractor-13560] [WARN] Not rewriting trap file for /root/Openjdk8u65_db/trap/java/classes/java/lang/reflect/AnnotatedElement.members/AnnotatedElement.members#51.0-1428695660000-java.trap.gz as it exists
[2025-05-18 01:19:10] [javac-extractor-13560] [WARN] Not rewriting trap file for /root/Openjdk8u65_db/trap/java/classes/java/util/AbstractMap.members/AbstractMap.members#51.0-1428695662000-java.trap.gz as it exists
[2025-05-18 01:19:10] [javac-extractor-13560] [WARN] Not rewriting trap file for /root/Openjdk8u65_db/trap/java/classes/java/lang/Cloneable.members/Cloneable.members#51.0-1428695662000-java.trap.gz as it exists
[2025-05-18 01:19:10] [javac-extractor-13560] [WARN] Not rewriting trap file for /root/Openjdk8u65_db/trap/java/classes/java/util/Map$Entry.members/Map$Entry.members#51.0-1428695662000-java.trap.gz as it exists
[2025-05-18 01:19:10] [javac-extractor-13560] [WARN] Not rewriting trap file for /root/Openjdk8u65_db/trap/java/classes/java/lang/CloneNotSupportedException.members/CloneNotSupportedException.members#51.0-1428695660000-java.trap.gz as it exists
[2025-05-18 01:19:10] [javac-extractor-13560] [WARN] Not rewriting trap file for /root/Openjdk8u65_db/trap/java/classes/java/util/HashMap$Entry.members/HashMap$Entry.members#51.0-1428695662000-java.trap.gz as it exists
[2025-05-18 01:19:10] [javac-extractor-13560] [WARN] Not rewriting trap file for /root/Openjdk8u65_db/trap/java/classes/java/lang/Override.members/Override.members#51.0-1428695664000-java.trap.gz as it exists
[2025-05-18 01:19:10] [javac-extractor-13560] [WARN] Not rewriting trap file for /root/Openjdk8u65_db/trap/java/classes/com/sun/tools/javac/util/BaseFileManager$ContentCacheEntry.members/BaseFileManager$ContentCacheEntry.members#0.0-1747530089000-java.trap.gz as it exists
[2025-05-18 01:19:10] [javac-extractor-13560] [WARN] Not rewriting trap file for /root/Openjdk8u65_db/trap/java/classes/java/lang/ClassLoader.members/ClassLoader.members#51.0-1428695662000-java.trap.gz as it exists
[2025-05-18 01:19:10] [javac-extractor-13560] [WARN] Not rewriting trap file for /root/Openjdk8u65_db/trap/java/classes/java/lang/AssertionError.members/AssertionError.members#51.0-1428695664000-java.trap.gz as it exists
[2025-05-18 01:19:10] [javac-extractor-13560] [WARN] Not rewriting trap file for /root/Openjdk8u65_db/trap/java/classes/java/util/List.members/List.members#51.0-1428695660000-java.trap.gz as it exists
[2025-05-18 01:19:10] [javac-extractor-13560] [WARN] Not rewriting trap file for /root/Openjdk8u65_db/trap/java/classes/java/net/URI.members/URI.members#51.0-1428695662000-java.trap.gz as it exists
[2025-05-18 01:19:10] [javac-extractor-13560] [WARN] Not rewriting trap file for /root/Openjdk8u65_db/trap/java/classes/com/sun/tools/javac/file/Locations.members/Locations.members#0.0-1747530089000-java.trap.gz as it exists
[2025-05-18 01:19:10] [javac-extractor-13560] [WARN] Not rewriting trap file for /root/Openjdk8u65_db/trap/java/classes/java/util/HashSet.members/HashSet.members#51.0-1428695664000-java.trap.gz as it exists
[2025-05-18 01:19:10] [javac-extractor-13560] [WARN] Not rewriting trap file for /root/Openjdk8u65_db/trap/java/classes/java/util/AbstractSet.members/AbstractSet.members#51.0-1428695664000-java.trap.gz as it exists
[2025-05-18 01:19:10] [javac-extractor-13560] [WARN] Not rewriting trap file for /root/Openjdk8u65_db/trap/java/classes/java/lang/IllegalArgumentException.members/IllegalArgumentException.members#51.0-1428695662000-java.trap.gz as it exists
[2025-05-18 01:19:10] [javac-extractor-13560] [WARN] Not rewriting trap file for /root/Openjdk8u65_db/trap/java/classes/com/sun/tools/javac/util/Options.members/Options.members#0.0-1747530089000-java.trap.gz as it exists
[2025-05-18 01:19:10] [javac-extractor-13560] [WARN] Not rewriting trap file for /root/Openjdk8u65_db/trap/java/classes/java/lang/CharSequence.members/CharSequence.members#51.0-1428695660000-java.trap.gz as it exists
[2025-05-18 01:19:10] [javac-extractor-13560] [WARN] Not rewriting trap file for /root/Openjdk8u65_db/trap/java/classes/java/lang/Integer.members/Integer.members#51.0-1428695664000-java.trap.gz as it exists
[2025-05-18 01:19:10] [javac-extractor-13560] [WARN] Not rewriting trap file for /root/Openjdk8u65_db/trap/java/classes/java/lang/Enum.members/Enum.members#51.0-1428695662000-java.trap.gz as it exists
[2025-05-18 01:19:10] [javac-extractor-13560] [WARN] Not rewriting trap file for /root/Openjdk8u65_db/trap/java/classes/java/lang/Comparable.members/Comparable.members#51.0-1428695660000-java.trap.gz as it exists
[2025-05-18 01:19:10] [javac-extractor-13560] [WARN] Not rewriting trap file for /root/Openjdk8u65_db/trap/java/classes/java/nio/file/LinkOption.members/LinkOption.members#51.0-1428695664000-java.trap.gz as it exists
[2025-05-18 01:19:10] [javac-extractor-13560] [WARN] Not rewriting trap file for /root/Openjdk8u65_db/trap/java/classes/java/nio/file/FileVisitor.members/FileVisitor.members#51.0-1428695666000-java.trap.gz as it exists
[2025-05-18 01:19:10] [javac-extractor-13560] [WARN] Not rewriting trap file for /root/Openjdk8u65_db/trap/java/classes/java/util/AbstractList.members/AbstractList.members#51.0-1428695662000-java.trap.gz as it exists
[2025-05-18 01:19:10] [javac-extractor-13560] [WARN] Not rewriting trap file for /root/Openjdk8u65_db/trap/java/classes/java/util/RandomAccess.members/RandomAccess.members#51.0-1428695662000-java.trap.gz as it exists
[2025-05-18 01:19:10] [javac-extractor-13560] [WARN] Not rewriting trap file for /root/Openjdk8u65_db/trap/java/classes/java/util/ListIterator.members/ListIterator.members#51.0-1428695662000-java.trap.gz as it exists
[2025-05-18 01:19:10] [javac-extractor-13560] [WARN] Not rewriting trap file for /root/Openjdk8u65_db/trap/java/classes/sun/reflect/annotation/AnnotationType.members/AnnotationType.members#51.0-1428695662000-java.trap.gz as it exists
[2025-05-18 01:19:10] [javac-extractor-13560] [WARN] Not rewriting trap file for /root/Openjdk8u65_db/trap/java/classes/java/lang/annotation/Annotation.members/Annotation.members#51.0-1428695662000-java.trap.gz as it exists
[2025-05-18 01:19:10] [javac-extractor-13560] [WARN] Not rewriting trap file for /root/Openjdk8u65_db/trap/java/classes/sun/reflect/ConstantPool.members/ConstantPool.members#51.0-1428695662000-java.trap.gz as it exists
[2025-05-18 01:19:10] [javac-extractor-13560] [WARN] Not rewriting trap file for /root/Openjdk8u65_db/trap/java/classes/java/security/ProtectionDomain.members/ProtectionDomain.members#51.0-1428695662000-java.trap.gz as it exists
[2025-05-18 01:19:10] [javac-extractor-13560] [WARN] Not rewriting trap file for /root/Openjdk8u65_db/trap/java/classes/java/io/InputStream.members/InputStream.members#51.0-1428695660000-java.trap.gz as it exists
[2025-05-18 01:19:10] [javac-extractor-13560] [WARN] Not rewriting trap file for /root/Openjdk8u65_db/trap/java/classes/java/lang/reflect/Constructor.members/Constructor.members#51.0-1428695662000-java.trap.gz as it exists
[2025-05-18 01:19:10] [javac-extractor-13560] [WARN] Not rewriting trap file for /root/Openjdk8u65_db/trap/java/classes/java/lang/reflect/AccessibleObject.members/AccessibleObject.members#51.0-1428695662000-java.trap.gz as it exists
[2025-05-18 01:19:10] [javac-extractor-13560] [WARN] Not rewriting trap file for /root/Openjdk8u65_db/trap/java/classes/java/lang/reflect/Member.members/Member.members#51.0-1428695662000-java.trap.gz as it exists
[2025-05-18 01:19:10] [javac-extractor-13560] [WARN] Not rewriting trap file for /root/Openjdk8u65_db/trap/java/classes/java/lang/NoSuchMethodException.members/NoSuchMethodException.members#51.0-1428695662000-java.trap.gz as it exists
[2025-05-18 01:19:10] [javac-extractor-13560] [WARN] Not rewriting trap file for /root/Openjdk8u65_db/trap/java/classes/java/lang/SecurityException.members/SecurityException.members#51.0-1428695662000-java.trap.gz as it exists
[2025-05-18 01:19:10] [javac-extractor-13560] [WARN] Not rewriting trap file for /root/Openjdk8u65_db/trap/java/classes/java/lang/reflect/Method.members/Method.members#51.0-1428695662000-java.trap.gz as it exists
[2025-05-18 01:19:10] [javac-extractor-13560] [WARN] Not rewriting trap file for /root/Openjdk8u65_db/trap/java/classes/java/lang/reflect/Field.members/Field.members#51.0-1428695662000-java.trap.gz as it exists
[2025-05-18 01:19:10] [javac-extractor-13560] [WARN] Not rewriting trap file for /root/Openjdk8u65_db/trap/java/classes/java/lang/NoSuchFieldException.members/NoSuchFieldException.members#51.0-1428695662000-java.trap.gz as it exists
[2025-05-18 01:19:10] [javac-extractor-13560] [WARN] Not rewriting trap file for /root/Openjdk8u65_db/trap/java/classes/java/lang/Package.members/Package.members#51.0-1428695662000-java.trap.gz as it exists
[2025-05-18 01:19:10] [javac-extractor-13560] [WARN] Not rewriting trap file for /root/Openjdk8u65_db/trap/java/classes/java/lang/reflect/TypeVariable.members/TypeVariable.members#51.0-1428695662000-java.trap.gz as it exists
[2025-05-18 01:19:10] [javac-extractor-13560] [WARN] Not rewriting trap file for /root/Openjdk8u65_db/trap/java/classes/java/lang/InstantiationException.members/InstantiationException.members#51.0-1428695662000-java.trap.gz as it exists
[2025-05-18 01:19:10] [javac-extractor-13560] [WARN] Not rewriting trap file for /root/Openjdk8u65_db/trap/java/classes/java/lang/IllegalAccessException.members/IllegalAccessException.members#51.0-1428695662000-java.trap.gz as it exists
[2025-05-18 01:19:10] [javac-extractor-13560] [WARN] Not rewriting trap file for /root/Openjdk8u65_db/trap/java/classes/java/lang/ClassNotFoundException.members/ClassNotFoundException.members#51.0-1428695662000-java.trap.gz as it exists
[2025-05-18 01:19:10] [javac-extractor-13560] [WARN] Not rewriting trap file for /root/Openjdk8u65_db/trap/java/classes/java/lang/ClassValue$ClassValueMap.members/ClassValue$ClassValueMap.members#51.0-1428695662000-java.trap.gz as it exists
[2025-05-18 01:19:10] [javac-extractor-13560] [WARN] Not rewriting trap file for /root/Openjdk8u65_db/trap/java/classes/java/io/Writer.members/Writer.members#51.0-1428695662000-java.trap.gz as it exists
[2025-05-18 01:19:10] [javac-extractor-13560] [WARN] Not rewriting trap file for /root/Openjdk8u65_db/trap/java/classes/java/io/Reader.members/Reader.members#51.0-1428695664000-java.trap.gz as it exists
[2025-05-18 01:19:10] [javac-extractor-13560] [WARN] Not rewriting trap file for /root/Openjdk8u65_db/trap/java/classes/java/io/OutputStream.members/OutputStream.members#51.0-1428695660000-java.trap.gz as it exists
[2025-05-18 01:19:10] [javac-extractor-13560] [WARN] Not rewriting trap file for /root/Openjdk8u65_db/trap/java/classes/javax/lang/model/element/Modifier.members/Modifier.members#0.0-1747530089000-java.trap.gz as it exists
[2025-05-18 01:19:10] [javac-extractor-13560] [WARN] Not rewriting trap file for /root/Openjdk8u65_db/trap/java/classes/javax/lang/model/element/NestingKind.members/NestingKind.members#0.0-1747530089000-java.trap.gz as it exists
[2025-05-18 01:19:10] [javac-extractor-13560] Processing file /root/jdk8u/langtools/src/share/classes/com/sun/tools/javac/nio/PathFileObject.java
[2025-05-18 01:19:10] [javac-extractor-13560] [WARN] Not rewriting trap file for /root/Openjdk8u65_db/trap/java/classes/java/io/IOException.members/IOException.members#51.0-1428695660000-java.trap.gz as it exists
[2025-05-18 01:19:10] [javac-extractor-13560] [WARN] Not rewriting trap file for /root/Openjdk8u65_db/trap/java/classes/java/io/InputStream.members/InputStream.members#51.0-1428695660000-java.trap.gz as it exists
[2025-05-18 01:19:10] [javac-extractor-13560] [WARN] Not rewriting trap file for /root/Openjdk8u65_db/trap/java/classes/java/io/InputStreamReader.members/InputStreamReader.members#51.0-1428695664000-java.trap.gz as it exists
[2025-05-18 01:19:10] [javac-extractor-13560] [WARN] Not rewriting trap file for /root/Openjdk8u65_db/trap/java/classes/java/io/OutputStream.members/OutputStream.members#51.0-1428695660000-java.trap.gz as it exists
[2025-05-18 01:19:10] [javac-extractor-13560] [WARN] Not rewriting trap file for /root/Openjdk8u65_db/trap/java/classes/java/io/OutputStreamWriter.members/OutputStreamWriter.members#51.0-1428695662000-java.trap.gz as it exists
[2025-05-18 01:19:10] [javac-extractor-13560] [WARN] Not rewriting trap file for /root/Openjdk8u65_db/trap/java/classes/java/io/Reader.members/Reader.members#51.0-1428695664000-java.trap.gz as it exists
[2025-05-18 01:19:10] [javac-extractor-13560] [WARN] Not rewriting trap file for /root/Openjdk8u65_db/trap/java/classes/java/io/Writer.members/Writer.members#51.0-1428695662000-java.trap.gz as it exists
[2025-05-18 01:19:10] [javac-extractor-13560] [WARN] Not rewriting trap file for /root/Openjdk8u65_db/trap/java/classes/java/net/URI.members/URI.members#51.0-1428695662000-java.trap.gz as it exists
[2025-05-18 01:19:10] [javac-extractor-13560] [WARN] Not rewriting trap file for /root/Openjdk8u65_db/trap/java/classes/java/nio/ByteBuffer.members/ByteBuffer.members#51.0-1428695662000-java.trap.gz as it exists
[2025-05-18 01:19:10] [javac-extractor-13560] [WARN] Not rewriting trap file for /root/Openjdk8u65_db/trap/java/classes/java/nio/CharBuffer.members/CharBuffer.members#51.0-1428695662000-java.trap.gz as it exists
[2025-05-18 01:19:10] [javac-extractor-13560] [WARN] Not rewriting trap file for /root/Openjdk8u65_db/trap/java/classes/java/nio/charset/CharsetDecoder.members/CharsetDecoder.members#51.0-1428695662000-java.trap.gz as it exists
[2025-05-18 01:19:10] [javac-extractor-13560] [WARN] Not rewriting trap file for /root/Openjdk8u65_db/trap/java/classes/java/nio/file/Files.members/Files.members#51.0-1428695666000-java.trap.gz as it exists
[2025-05-18 01:19:10] [javac-extractor-13560] [WARN] Not rewriting trap file for /root/Openjdk8u65_db/trap/java/classes/java/nio/file/LinkOption.members/LinkOption.members#51.0-1428695664000-java.trap.gz as it exists
[2025-05-18 01:19:10] [javac-extractor-13560] [WARN] Not rewriting trap file for /root/Openjdk8u65_db/trap/java/classes/java/nio/file/Path.members/Path.members#51.0-1428695664000-java.trap.gz as it exists
[2025-05-18 01:19:10] [javac-extractor-13560] [WARN] Not rewriting trap file for /root/Openjdk8u65_db/trap/java/classes/javax/lang/model/element/Modifier.members/Modifier.members#0.0-1747530089000-java.trap.gz as it exists
[2025-05-18 01:19:10] [javac-extractor-13560] [WARN] Not rewriting trap file for /root/Openjdk8u65_db/trap/java/classes/javax/lang/model/element/NestingKind.members/NestingKind.members#0.0-1747530089000-java.trap.gz as it exists
[2025-05-18 01:19:10] [javac-extractor-13560] [WARN] Not rewriting trap file for /root/Openjdk8u65_db/trap/java/classes/javax/tools/JavaFileObject.members/JavaFileObject.members#0.0-1747530089000-java.trap.gz as it exists
[2025-05-18 01:19:10] [javac-extractor-13560] [WARN] Not rewriting trap file for /root/Openjdk8u65_db/trap/java/classes/com/sun/tools/javac/util/BaseFileManager.members/BaseFileManager.members#0.0-1747530089000-java.trap.gz as it exists
[2025-05-18 01:19:10] [javac-extractor-13560] [WARN] Not rewriting trap file for /root/Openjdk8u65_db/trap/java/classes/com/sun/tools/javac/nio/PathFileObject.members/PathFileObject.members#0.0-1747530089000-java.trap.gz as it exists
[2025-05-18 01:19:10] [javac-extractor-13560] [WARN] Not rewriting trap file for /root/Openjdk8u65_db/trap/java/classes/java/lang/Iterable.members/Iterable.members#51.0-1428695660000-java.trap.gz as it exists
[2025-05-18 01:19:10] [javac-extractor-13560] [WARN] Not rewriting trap file for /root/Openjdk8u65_db/trap/java/classes/java/lang/Object.members/Object.members#51.0-1428695660000-java.trap.gz as it exists
[2025-05-18 01:19:10] [javac-extractor-13560] [WARN] Not rewriting trap file for /root/Openjdk8u65_db/trap/java/classes/java/lang/String.members/String.members#51.0-1428695660000-java.trap.gz as it exists
[2025-05-18 01:19:10] [javac-extractor-13560] [WARN] Not rewriting trap file for /root/Openjdk8u65_db/trap/java/classes/com/sun/tools/javac/nio/JavacPathFileManager.members/JavacPathFileManager.members#0.0-1747530089000-java.trap.gz as it exists
[2025-05-18 01:19:10] [javac-extractor-13560] [WARN] Not rewriting trap file for /root/Openjdk8u65_db/trap/java/classes/javax/tools/FileObject.members/FileObject.members#0.0-1747530089000-java.trap.gz as it exists
[2025-05-18 01:19:10] [javac-extractor-13560] [WARN] Not rewriting trap file for /root/Openjdk8u65_db/trap/java/classes/java/lang/Override.members/Override.members#51.0-1428695664000-java.trap.gz as it exists
[2025-05-18 01:19:10] [javac-extractor-13560] [WARN] Not rewriting trap file for /root/Openjdk8u65_db/trap/java/classes/java/lang/IllegalArgumentException.members/IllegalArgumentException.members#51.0-1428695662000-java.trap.gz as it exists
[2025-05-18 01:19:10] [javac-extractor-13560] [WARN] Not rewriting trap file for /root/Openjdk8u65_db/trap/java/classes/java/lang/Class.members/Class.members#51.0-1428695660000-java.trap.gz as it exists
[2025-05-18 01:19:10] [javac-extractor-13560] [WARN] Not rewriting trap file for /root/Openjdk8u65_db/trap/java/classes/java/io/Serializable.members/Serializable.members#51.0-1428695660000-java.trap.gz as it exists
[2025-05-18 01:19:10] [javac-extractor-13560] [WARN] Not rewriting trap file for /root/Openjdk8u65_db/trap/java/classes/java/lang/reflect/GenericDeclaration.members/GenericDeclaration.members#51.0-1428695660000-java.trap.gz as it exists
[2025-05-18 01:19:10] [javac-extractor-13560] [WARN] Not rewriting trap file for /root/Openjdk8u65_db/trap/java/classes/java/lang/reflect/Type.members/Type.members#51.0-1428695660000-java.trap.gz as it exists
[2025-05-18 01:19:10] [javac-extractor-13560] [WARN] Not rewriting trap file for /root/Openjdk8u65_db/trap/java/classes/java/lang/reflect/AnnotatedElement.members/AnnotatedElement.members#51.0-1428695660000-java.trap.gz as it exists
[2025-05-18 01:19:10] [javac-extractor-13560] [WARN] Not rewriting trap file for /root/Openjdk8u65_db/trap/java/classes/javax/tools/JavaFileObject$Kind.members/JavaFileObject$Kind.members#0.0-1747530089000-java.trap.gz as it exists
[2025-05-18 01:19:10] [javac-extractor-13560] [WARN] Not rewriting trap file for /root/Openjdk8u65_db/trap/java/classes/java/lang/Cloneable.members/Cloneable.members#51.0-1428695662000-java.trap.gz as it exists
[2025-05-18 01:19:10] [javac-extractor-13560] [WARN] Not rewriting trap file for /root/Openjdk8u65_db/trap/java/classes/java/nio/file/OpenOption.members/OpenOption.members#51.0-1428695664000-java.trap.gz as it exists
[2025-05-18 01:19:10] [javac-extractor-13560] [WARN] Not rewriting trap file for /root/Openjdk8u65_db/trap/java/classes/java/lang/CharSequence.members/CharSequence.members#51.0-1428695660000-java.trap.gz as it exists
[2025-05-18 01:19:10] [javac-extractor-13560] [WARN] Not rewriting trap file for /root/Openjdk8u65_db/trap/java/classes/com/sun/tools/javac/util/Log.members/Log.members#0.0-1747530089000-java.trap.gz as it exists
[2025-05-18 01:19:10] [javac-extractor-13560] [WARN] Not rewriting trap file for /root/Openjdk8u65_db/trap/java/classes/com/sun/tools/javac/util/AbstractLog.members/AbstractLog.members#0.0-1747530089000-java.trap.gz as it exists
[2025-05-18 01:19:10] [javac-extractor-13560] [WARN] Not rewriting trap file for /root/Openjdk8u65_db/trap/java/classes/java/nio/file/attribute/FileTime.members/FileTime.members#51.0-1428695664000-java.trap.gz as it exists
[2025-05-18 01:19:10] [javac-extractor-13560] [WARN] Not rewriting trap file for /root/Openjdk8u65_db/trap/java/classes/sun/reflect/annotation/AnnotationType.members/AnnotationType.members#51.0-1428695662000-java.trap.gz as it exists
[2025-05-18 01:19:10] [javac-extractor-13560] [WARN] Not rewriting trap file for /root/Openjdk8u65_db/trap/java/classes/java/lang/annotation/Annotation.members/Annotation.members#51.0-1428695662000-java.trap.gz as it exists
[2025-05-18 01:19:10] [javac-extractor-13560] [WARN] Not rewriting trap file for /root/Openjdk8u65_db/trap/java/classes/java/util/Map.members/Map.members#51.0-1428695662000-java.trap.gz as it exists
[2025-05-18 01:19:10] [javac-extractor-13560] [WARN] Not rewriting trap file for /root/Openjdk8u65_db/trap/java/classes/sun/reflect/ConstantPool.members/ConstantPool.members#51.0-1428695662000-java.trap.gz as it exists
[2025-05-18 01:19:10] [javac-extractor-13560] [WARN] Not rewriting trap file for /root/Openjdk8u65_db/trap/java/classes/java/security/ProtectionDomain.members/ProtectionDomain.members#51.0-1428695662000-java.trap.gz as it exists
[2025-05-18 01:19:10] [javac-extractor-13560] [WARN] Not rewriting trap file for /root/Openjdk8u65_db/trap/java/classes/java/net/URL.members/URL.members#51.0-1428695662000-java.trap.gz as it exists
[2025-05-18 01:19:10] [javac-extractor-13560] [WARN] Not rewriting trap file for /root/Openjdk8u65_db/trap/java/classes/java/lang/reflect/Constructor.members/Constructor.members#51.0-1428695662000-java.trap.gz as it exists
[2025-05-18 01:19:10] [javac-extractor-13560] [WARN] Not rewriting trap file for /root/Openjdk8u65_db/trap/java/classes/java/lang/reflect/AccessibleObject.members/AccessibleObject.members#51.0-1428695662000-java.trap.gz as it exists
[2025-05-18 01:19:10] [javac-extractor-13560] [WARN] Not rewriting trap file for /root/Openjdk8u65_db/trap/java/classes/java/lang/reflect/Member.members/Member.members#51.0-1428695662000-java.trap.gz as it exists
[2025-05-18 01:19:10] [javac-extractor-13560] [WARN] Not rewriting trap file for /root/Openjdk8u65_db/trap/java/classes/java/lang/NoSuchMethodException.members/NoSuchMethodException.members#51.0-1428695662000-java.trap.gz as it exists
[2025-05-18 01:19:10] [javac-extractor-13560] [WARN] Not rewriting trap file for /root/Openjdk8u65_db/trap/java/classes/java/lang/SecurityException.members/SecurityException.members#51.0-1428695662000-java.trap.gz as it exists
[2025-05-18 01:19:10] [javac-extractor-13560] [WARN] Not rewriting trap file for /root/Openjdk8u65_db/trap/java/classes/java/lang/reflect/Method.members/Method.members#51.0-1428695662000-java.trap.gz as it exists
[2025-05-18 01:19:10] [javac-extractor-13560] [WARN] Not rewriting trap file for /root/Openjdk8u65_db/trap/java/classes/java/lang/reflect/Field.members/Field.members#51.0-1428695662000-java.trap.gz as it exists
[2025-05-18 01:19:10] [javac-extractor-13560] [WARN] Not rewriting trap file for /root/Openjdk8u65_db/trap/java/classes/java/lang/NoSuchFieldException.members/NoSuchFieldException.members#51.0-1428695662000-java.trap.gz as it exists
[2025-05-18 01:19:10] [javac-extractor-13560] [WARN] Not rewriting trap file for /root/Openjdk8u65_db/trap/java/classes/java/lang/Package.members/Package.members#51.0-1428695662000-java.trap.gz as it exists
[2025-05-18 01:19:10] [javac-extractor-13560] [WARN] Not rewriting trap file for /root/Openjdk8u65_db/trap/java/classes/java/lang/reflect/TypeVariable.members/TypeVariable.members#51.0-1428695662000-java.trap.gz as it exists
[2025-05-18 01:19:10] [javac-extractor-13560] [WARN] Not rewriting trap file for /root/Openjdk8u65_db/trap/java/classes/java/lang/ClassLoader.members/ClassLoader.members#51.0-1428695662000-java.trap.gz as it exists
[2025-05-18 01:19:10] [javac-extractor-13560] [WARN] Not rewriting trap file for /root/Openjdk8u65_db/trap/java/classes/java/lang/InstantiationException.members/InstantiationException.members#51.0-1428695662000-java.trap.gz as it exists
[2025-05-18 01:19:10] [javac-extractor-13560] [WARN] Not rewriting trap file for /root/Openjdk8u65_db/trap/java/classes/java/lang/IllegalAccessException.members/IllegalAccessException.members#51.0-1428695662000-java.trap.gz as it exists
[2025-05-18 01:19:10] [javac-extractor-13560] [WARN] Not rewriting trap file for /root/Openjdk8u65_db/trap/java/classes/java/lang/ClassNotFoundException.members/ClassNotFoundException.members#51.0-1428695662000-java.trap.gz as it exists
[2025-05-18 01:19:10] [javac-extractor-13560] [WARN] Not rewriting trap file for /root/Openjdk8u65_db/trap/java/classes/java/lang/ClassValue$ClassValueMap.members/ClassValue$ClassValueMap.members#51.0-1428695662000-java.trap.gz as it exists
[2025-05-18 01:19:10] [javac-extractor-13560] [WARN] Not rewriting trap file for /root/Openjdk8u65_db/trap/java/classes/java/nio/file/attribute/FileAttribute.members/FileAttribute.members#51.0-1428695664000-java.trap.gz as it exists
[2025-05-18 01:19:10] [javac-extractor-13560] [WARN] Not rewriting trap file for /root/Openjdk8u65_db/trap/java/classes/java/nio/file/FileSystem.members/FileSystem.members#51.0-1428695664000-java.trap.gz as it exists
[2025-05-18 01:19:11] [javac-extractor-13560] Javac init time: 3.3s
[2025-05-18 01:19:11] [javac-extractor-13560] Javac attr time: 1.5s
[2025-05-18 01:19:11] [javac-extractor-13560] Extractor time: 0.2s
[2025-05-18 01:19:11] [javac-extractor-13560] Other time: 0.2s
[2025-05-18 01:19:11] [javac-extractor-13560] Total time: 5.1s
