[2025-05-18 01:32:27] [javac-output-43885] warning: [path] bad path element "/usr/lib/jvm/jdk1.7.0_80/jre/lib/endorsed": no such directory
[2025-05-18 01:32:27] [javac-output-43885] warning: [path] bad path element "/usr/java/packages/lib/ext": no such directory
[2025-05-18 01:32:27] [javac-output-43885] warning: [options] source value 8 is obsolete and will be removed in a future release
[2025-05-18 01:32:27] [javac-output-43885] warning: [options] target value 8 is obsolete and will be removed in a future release
[2025-05-18 01:32:27] [javac-output-43885] warning: [options] To suppress warnings about obsolete options, use -Xlint:-options.
[2025-05-18 01:32:29] [javac-output-43885] /root/jdk8u/jdk/src/share/classes/sun/tools/java/ClassDefinition.java:1552: warning: [dangling-doc-comments] documentation comment is not attached to any declaration
[2025-05-18 01:32:29] [javac-output-43885]     ////////////////////////////////////////////////////////////
[2025-05-18 01:32:29] [javac-output-43885]     ^
[2025-05-18 01:32:29] [javac-output-43885] /root/jdk8u/jdk/src/share/classes/sun/tools/java/ClassDefinition.java:1584: warning: [dangling-doc-comments] documentation comment is not attached to any declaration
[2025-05-18 01:32:29] [javac-output-43885]     ////////////////////////////////////////////////////////////
[2025-05-18 01:32:29] [javac-output-43885]     ^
[2025-05-18 01:32:29] [javac-output-43885] /root/jdk8u/jdk/src/share/classes/sun/tools/tree/Expression.java:148: warning: [dangling-doc-comments] documentation comment is not attached to any declaration
[2025-05-18 01:32:29] [javac-output-43885]     /**
[2025-05-18 01:32:29] [javac-output-43885]     ^
[2025-05-18 01:32:29] [javac-output-43885] /root/jdk8u/jdk/src/share/classes/sun/tools/javac/BatchEnvironment.java:418: warning: [dangling-doc-comments] documentation comment is not attached to any declaration
[2025-05-18 01:32:29] [javac-output-43885]     /**
[2025-05-18 01:32:29] [javac-output-43885]     ^
[2025-05-18 01:32:29] [javac-output-43885] /root/jdk8u/jdk/src/share/classes/sun/tools/tree/FieldExpression.java:99: warning: [dangling-doc-comments] documentation comment is not attached to any declaration
[2025-05-18 01:32:29] [javac-output-43885]     /**
[2025-05-18 01:32:29] [javac-output-43885]     ^
[2025-05-18 01:32:29] [javac-output-43885] /root/jdk8u/jdk/src/share/classes/sun/tools/tree/IdentifierExpression.java:367: warning: [dangling-doc-comments] documentation comment is not attached to any declaration
[2025-05-18 01:32:29] [javac-output-43885]     /**
[2025-05-18 01:32:29] [javac-output-43885]     ^
[2025-05-18 01:32:29] [javac-output-43885] /root/jdk8u/jdk/src/share/classes/sun/rmi/rmic/BatchEnvironment.java:31: warning: [dangling-doc-comments] documentation comment is not attached to any declaration
[2025-05-18 01:32:29] [javac-output-43885] /*****************************************************************************/
[2025-05-18 01:32:29] [javac-output-43885] ^
[2025-05-18 01:32:29] [javac-output-43885] /root/jdk8u/jdk/src/share/classes/sun/rmi/rmic/BatchEnvironment.java:26: warning: [dangling-doc-comments] documentation comment is not attached to any declaration
[2025-05-18 01:32:29] [javac-output-43885] /*****************************************************************************/
[2025-05-18 01:32:29] [javac-output-43885] ^
[2025-05-18 01:32:29] [javac-output-43885] /root/jdk8u/jdk/src/share/classes/sun/rmi/rmic/RMIGenerator.java:31: warning: [dangling-doc-comments] documentation comment is not attached to any declaration
[2025-05-18 01:32:29] [javac-output-43885] /*****************************************************************************/
[2025-05-18 01:32:29] [javac-output-43885] ^
[2025-05-18 01:32:29] [javac-output-43885] /root/jdk8u/jdk/src/share/classes/sun/rmi/rmic/RMIGenerator.java:26: warning: [dangling-doc-comments] documentation comment is not attached to any declaration
[2025-05-18 01:32:29] [javac-output-43885] /*****************************************************************************/
[2025-05-18 01:32:29] [javac-output-43885] ^
[2025-05-18 01:32:29] [javac-output-43885] /root/jdk8u/jdk/src/share/classes/sun/rmi/rmic/IndentingWriter.java:31: warning: [dangling-doc-comments] documentation comment is not attached to any declaration
[2025-05-18 01:32:29] [javac-output-43885] /*****************************************************************************/
[2025-05-18 01:32:29] [javac-output-43885] ^
[2025-05-18 01:32:29] [javac-output-43885] /root/jdk8u/jdk/src/share/classes/sun/rmi/rmic/IndentingWriter.java:26: warning: [dangling-doc-comments] documentation comment is not attached to any declaration
[2025-05-18 01:32:29] [javac-output-43885] /*****************************************************************************/
[2025-05-18 01:32:29] [javac-output-43885] ^
