[2025-05-18 01:20:27] [javac-extractor-20009] Starting extraction for:
                                              sun.java.command=com.semmle.extractor.java.JavaExtractor --jdk-version -1 --javac-args @@@/root/Openjdk8u65_db/log/ext/javac-11.args
                                              user.dir=/root/jdk8u/corba/make
[2025-05-18 01:20:27] [javac-extractor-20009] Compilation name /root/Openjdk8u65_db/trap/java/diagnostics/diagnostic-11.trap.gz
[2025-05-18 01:20:28] [javac-extractor-20009] Annotation processor class 'lombok.launch.AnnotationProcessorHider$AnnotationProcessor' initialized.
[2025-05-18 01:20:28] [javac-extractor-20009] Annotation processor class 'lombok.launch.AnnotationProcessorHider$ClaimingProcessor' initialized.
[2025-05-18 01:20:28] [javac-extractor-20009] Processing file /root/jdk8u/corba/src/share/classes/com/sun/tools/corba/se/logutil/StringUtil.java
[2025-05-18 01:20:28] [javac-extractor-20009] [WARN] Not rewriting trap file for /root/Openjdk8u65_db/trap/java/classes/java/lang/Object.members/Object.members#51.0-1428695660000-java.trap.gz as it exists
[2025-05-18 01:20:28] [javac-extractor-20009] [WARN] Not rewriting trap file for /root/Openjdk8u65_db/trap/java/classes/java/lang/String.members/String.members#51.0-1428695660000-java.trap.gz as it exists
[2025-05-18 01:20:28] [javac-extractor-20009] [WARN] Not rewriting trap file for /root/Openjdk8u65_db/trap/java/classes/java/lang/StringBuffer.members/StringBuffer.members#51.0-1428695662000-java.trap.gz as it exists
[2025-05-18 01:20:28] [javac-extractor-20009] [WARN] Not rewriting trap file for /root/Openjdk8u65_db/trap/java/classes/java/lang/Character.members/Character.members#51.0-1428695664000-java.trap.gz as it exists
[2025-05-18 01:20:28] [javac-extractor-20009] Processing file /root/jdk8u/corba/src/share/classes/com/sun/tools/corba/se/logutil/IndentingPrintWriter.java
[2025-05-18 01:20:28] [javac-extractor-20009] [WARN] Not rewriting trap file for /root/Openjdk8u65_db/trap/java/classes/java/io/PrintWriter.members/PrintWriter.members#51.0-1428695662000-java.trap.gz as it exists
[2025-05-18 01:20:28] [javac-extractor-20009] [WARN] Not rewriting trap file for /root/Openjdk8u65_db/trap/java/classes/java/io/Writer.members/Writer.members#51.0-1428695662000-java.trap.gz as it exists
[2025-05-18 01:20:28] [javac-extractor-20009] [WARN] Not rewriting trap file for /root/Openjdk8u65_db/trap/java/classes/java/io/OutputStream.members/OutputStream.members#51.0-1428695660000-java.trap.gz as it exists
[2025-05-18 01:20:28] [javac-extractor-20009] [WARN] Not rewriting trap file for /root/Openjdk8u65_db/trap/java/classes/java/io/BufferedWriter.members/BufferedWriter.members#51.0-1428695662000-java.trap.gz as it exists
[2025-05-18 01:20:28] [javac-extractor-20009] [WARN] Not rewriting trap file for /root/Openjdk8u65_db/trap/java/classes/java/io/OutputStreamWriter.members/OutputStreamWriter.members#51.0-1428695662000-java.trap.gz as it exists
[2025-05-18 01:20:28] [javac-extractor-20009] [WARN] Not rewriting trap file for /root/Openjdk8u65_db/trap/java/classes/java/util/StringTokenizer.members/StringTokenizer.members#51.0-1428695664000-java.trap.gz as it exists
[2025-05-18 01:20:28] [javac-extractor-20009] [WARN] Not rewriting trap file for /root/Openjdk8u65_db/trap/java/classes/java/lang/String.members/String.members#51.0-1428695660000-java.trap.gz as it exists
[2025-05-18 01:20:28] [javac-extractor-20009] [WARN] Not rewriting trap file for /root/Openjdk8u65_db/trap/java/classes/java/lang/Object.members/Object.members#51.0-1428695660000-java.trap.gz as it exists
[2025-05-18 01:20:28] [javac-extractor-20009] [WARN] Not rewriting trap file for /root/Openjdk8u65_db/trap/java/classes/java/lang/Cloneable.members/Cloneable.members#51.0-1428695662000-java.trap.gz as it exists
[2025-05-18 01:20:28] [javac-extractor-20009] [WARN] Not rewriting trap file for /root/Openjdk8u65_db/trap/java/classes/java/io/Serializable.members/Serializable.members#51.0-1428695660000-java.trap.gz as it exists
[2025-05-18 01:20:28] [javac-extractor-20009] [WARN] Not rewriting trap file for /root/Openjdk8u65_db/trap/java/classes/java/lang/Error.members/Error.members#51.0-1428695662000-java.trap.gz as it exists
[2025-05-18 01:20:28] [javac-extractor-20009] [WARN] Not rewriting trap file for /root/Openjdk8u65_db/trap/java/classes/java/lang/StringBuffer.members/StringBuffer.members#51.0-1428695662000-java.trap.gz as it exists
[2025-05-18 01:20:28] [javac-extractor-20009] Processing file /root/jdk8u/corba/src/share/classes/com/sun/tools/corba/se/logutil/MC.java
[2025-05-18 01:20:28] [javac-extractor-20009] [WARN] Not rewriting trap file for /root/Openjdk8u65_db/trap/java/classes/java/io/File.members/File.members#51.0-1428695662000-java.trap.gz as it exists
[2025-05-18 01:20:28] [javac-extractor-20009] [WARN] Not rewriting trap file for /root/Openjdk8u65_db/trap/java/classes/java/io/FileNotFoundException.members/FileNotFoundException.members#51.0-1428695662000-java.trap.gz as it exists
[2025-05-18 01:20:28] [javac-extractor-20009] [WARN] Not rewriting trap file for /root/Openjdk8u65_db/trap/java/classes/java/io/FileOutputStream.members/FileOutputStream.members#51.0-1428695664000-java.trap.gz as it exists
[2025-05-18 01:20:28] [javac-extractor-20009] [WARN] Not rewriting trap file for /root/Openjdk8u65_db/trap/java/classes/java/io/IOException.members/IOException.members#51.0-1428695660000-java.trap.gz as it exists
[2025-05-18 01:20:28] [javac-extractor-20009] [WARN] Not rewriting trap file for /root/Openjdk8u65_db/trap/java/classes/java/util/Arrays.members/Arrays.members#51.0-1428695664000-java.trap.gz as it exists
[2025-05-18 01:20:28] [javac-extractor-20009] [WARN] Not rewriting trap file for /root/Openjdk8u65_db/trap/java/classes/java/util/Date.members/Date.members#51.0-1428695664000-java.trap.gz as it exists
[2025-05-18 01:20:28] [javac-extractor-20009] [WARN] Not rewriting trap file for /root/Openjdk8u65_db/trap/java/classes/java/util/Formatter.members/Formatter.members#51.0-1428695662000-java.trap.gz as it exists
[2025-05-18 01:20:28] [javac-extractor-20009] [WARN] Not rewriting trap file for /root/Openjdk8u65_db/trap/java/classes/java/util/List.members/List.members#51.0-1428695660000-java.trap.gz as it exists
[2025-05-18 01:20:28] [javac-extractor-20009] [WARN] Not rewriting trap file for /root/Openjdk8u65_db/trap/java/classes/java/util/Queue.members/Queue.members#51.0-1428695664000-java.trap.gz as it exists
[2025-05-18 01:20:28] [javac-extractor-20009] [WARN] Not rewriting trap file for /root/Openjdk8u65_db/trap/java/classes/java/lang/String.members/String.members#51.0-1428695660000-java.trap.gz as it exists
[2025-05-18 01:20:28] [javac-extractor-20009] [WARN] Not rewriting trap file for /root/Openjdk8u65_db/trap/java/classes/com/sun/tools/corba/se/logutil/IndentingPrintWriter.members/IndentingPrintWriter.members#0.0-1747530087000-java.trap.gz as it exists
[2025-05-18 01:20:28] [javac-extractor-20009] [WARN] Not rewriting trap file for /root/Openjdk8u65_db/trap/java/classes/java/util/Collection.members/Collection.members#51.0-1428695660000-java.trap.gz as it exists
[2025-05-18 01:20:28] [javac-extractor-20009] [WARN] Not rewriting trap file for /root/Openjdk8u65_db/trap/java/classes/java/lang/Iterable.members/Iterable.members#51.0-1428695660000-java.trap.gz as it exists
[2025-05-18 01:20:28] [javac-extractor-20009] [WARN] Not rewriting trap file for /root/Openjdk8u65_db/trap/java/classes/java/lang/Object.members/Object.members#51.0-1428695660000-java.trap.gz as it exists
[2025-05-18 01:20:28] [javac-extractor-20009] [WARN] Not rewriting trap file for /root/Openjdk8u65_db/trap/java/classes/java/lang/Cloneable.members/Cloneable.members#51.0-1428695662000-java.trap.gz as it exists
[2025-05-18 01:20:28] [javac-extractor-20009] [WARN] Not rewriting trap file for /root/Openjdk8u65_db/trap/java/classes/java/io/Serializable.members/Serializable.members#51.0-1428695660000-java.trap.gz as it exists
[2025-05-18 01:20:28] [javac-extractor-20009] [WARN] Not rewriting trap file for /root/Openjdk8u65_db/trap/java/classes/java/io/OutputStream.members/OutputStream.members#51.0-1428695660000-java.trap.gz as it exists
[2025-05-18 01:20:28] [javac-extractor-20009] [WARN] Not rewriting trap file for /root/Openjdk8u65_db/trap/java/classes/java/io/PrintWriter.members/PrintWriter.members#51.0-1428695662000-java.trap.gz as it exists
[2025-05-18 01:20:28] [javac-extractor-20009] [WARN] Not rewriting trap file for /root/Openjdk8u65_db/trap/java/classes/com/sun/tools/corba/se/logutil/StringUtil.members/StringUtil.members#0.0-1747530087000-java.trap.gz as it exists
[2025-05-18 01:20:28] [javac-extractor-20009] [WARN] Not rewriting trap file for /root/Openjdk8u65_db/trap/java/classes/java/util/Iterator.members/Iterator.members#51.0-1428695662000-java.trap.gz as it exists
[2025-05-18 01:20:28] [javac-extractor-20009] [WARN] Not rewriting trap file for /root/Openjdk8u65_db/trap/java/classes/java/util/ListIterator.members/ListIterator.members#51.0-1428695662000-java.trap.gz as it exists
[2025-05-18 01:20:28] [javac-extractor-20009] [WARN] Not rewriting trap file for /root/Openjdk8u65_db/trap/java/classes/java/io/PrintStream.members/PrintStream.members#51.0-1428695660000-java.trap.gz as it exists
[2025-05-18 01:20:28] [javac-extractor-20009] [WARN] Not rewriting trap file for /root/Openjdk8u65_db/trap/java/classes/java/lang/System.members/System.members#51.0-1428695664000-java.trap.gz as it exists
[2025-05-18 01:20:28] [javac-extractor-20009] Processing file /root/jdk8u/corba/src/share/classes/com/sun/tools/corba/se/logutil/Input.java
[2025-05-18 01:20:28] [javac-extractor-20009] [WARN] Not rewriting trap file for /root/Openjdk8u65_db/trap/java/classes/java/io/BufferedReader.members/BufferedReader.members#51.0-1428695664000-java.trap.gz as it exists
[2025-05-18 01:20:28] [javac-extractor-20009] [WARN] Not rewriting trap file for /root/Openjdk8u65_db/trap/java/classes/java/io/File.members/File.members#51.0-1428695662000-java.trap.gz as it exists
[2025-05-18 01:20:28] [javac-extractor-20009] [WARN] Not rewriting trap file for /root/Openjdk8u65_db/trap/java/classes/java/io/FileInputStream.members/FileInputStream.members#51.0-1428695664000-java.trap.gz as it exists
[2025-05-18 01:20:28] [javac-extractor-20009] [WARN] Not rewriting trap file for /root/Openjdk8u65_db/trap/java/classes/java/io/FileNotFoundException.members/FileNotFoundException.members#51.0-1428695662000-java.trap.gz as it exists
[2025-05-18 01:20:28] [javac-extractor-20009] [WARN] Not rewriting trap file for /root/Openjdk8u65_db/trap/java/classes/java/io/InputStreamReader.members/InputStreamReader.members#51.0-1428695664000-java.trap.gz as it exists
[2025-05-18 01:20:28] [javac-extractor-20009] [WARN] Not rewriting trap file for /root/Openjdk8u65_db/trap/java/classes/java/io/IOException.members/IOException.members#51.0-1428695660000-java.trap.gz as it exists
[2025-05-18 01:20:28] [javac-extractor-20009] [WARN] Not rewriting trap file for /root/Openjdk8u65_db/trap/java/classes/java/util/LinkedList.members/LinkedList.members#51.0-1428695664000-java.trap.gz as it exists
[2025-05-18 01:20:28] [javac-extractor-20009] [WARN] Not rewriting trap file for /root/Openjdk8u65_db/trap/java/classes/java/util/Queue.members/Queue.members#51.0-1428695664000-java.trap.gz as it exists
[2025-05-18 01:20:28] [javac-extractor-20009] [WARN] Not rewriting trap file for /root/Openjdk8u65_db/trap/java/classes/java/util/regex/Matcher.members/Matcher.members#51.0-1428695664000-java.trap.gz as it exists
[2025-05-18 01:20:28] [javac-extractor-20009] [WARN] Not rewriting trap file for /root/Openjdk8u65_db/trap/java/classes/java/util/regex/Pattern.members/Pattern.members#51.0-1428695664000-java.trap.gz as it exists
[2025-05-18 01:20:28] [javac-extractor-20009] [WARN] Not rewriting trap file for /root/Openjdk8u65_db/trap/java/classes/com/sun/tools/corba/se/logutil/Input.members/Input.members#0.0-1747530087000-java.trap.gz as it exists
[2025-05-18 01:20:28] [javac-extractor-20009] [WARN] Not rewriting trap file for /root/Openjdk8u65_db/trap/java/classes/com/sun/tools/corba/se/logutil/InputException.members/InputException.members#0.0-1747530087000-java.trap.gz as it exists
[2025-05-18 01:20:28] [javac-extractor-20009] [WARN] Not rewriting trap file for /root/Openjdk8u65_db/trap/java/classes/java/util/Collection.members/Collection.members#51.0-1428695660000-java.trap.gz as it exists
[2025-05-18 01:20:28] [javac-extractor-20009] [WARN] Not rewriting trap file for /root/Openjdk8u65_db/trap/java/classes/java/lang/Iterable.members/Iterable.members#51.0-1428695660000-java.trap.gz as it exists
[2025-05-18 01:20:28] [javac-extractor-20009] [WARN] Not rewriting trap file for /root/Openjdk8u65_db/trap/java/classes/java/lang/Object.members/Object.members#51.0-1428695660000-java.trap.gz as it exists
[2025-05-18 01:20:28] [javac-extractor-20009] [WARN] Not rewriting trap file for /root/Openjdk8u65_db/trap/java/classes/java/lang/String.members/String.members#51.0-1428695660000-java.trap.gz as it exists
[2025-05-18 01:20:28] [javac-extractor-20009] [WARN] Not rewriting trap file for /root/Openjdk8u65_db/trap/java/classes/java/lang/Enum.members/Enum.members#51.0-1428695662000-java.trap.gz as it exists
[2025-05-18 01:20:28] [javac-extractor-20009] [WARN] Not rewriting trap file for /root/Openjdk8u65_db/trap/java/classes/java/io/Reader.members/Reader.members#51.0-1428695664000-java.trap.gz as it exists
[2025-05-18 01:20:28] [javac-extractor-20009] [WARN] Not rewriting trap file for /root/Openjdk8u65_db/trap/java/classes/java/io/InputStream.members/InputStream.members#51.0-1428695660000-java.trap.gz as it exists
[2025-05-18 01:20:28] [javac-extractor-20009] [WARN] Not rewriting trap file for /root/Openjdk8u65_db/trap/java/classes/java/util/AbstractSequentialList.members/AbstractSequentialList.members#51.0-1428695664000-java.trap.gz as it exists
[2025-05-18 01:20:28] [javac-extractor-20009] [WARN] Not rewriting trap file for /root/Openjdk8u65_db/trap/java/classes/java/util/AbstractList.members/AbstractList.members#51.0-1428695662000-java.trap.gz as it exists
[2025-05-18 01:20:28] [javac-extractor-20009] [WARN] Not rewriting trap file for /root/Openjdk8u65_db/trap/java/classes/java/util/AbstractCollection.members/AbstractCollection.members#51.0-1428695662000-java.trap.gz as it exists
[2025-05-18 01:20:28] [javac-extractor-20009] [WARN] Not rewriting trap file for /root/Openjdk8u65_db/trap/java/classes/java/util/List.members/List.members#51.0-1428695660000-java.trap.gz as it exists
[2025-05-18 01:20:28] [javac-extractor-20009] [WARN] Not rewriting trap file for /root/Openjdk8u65_db/trap/java/classes/java/util/Deque.members/Deque.members#51.0-1428695664000-java.trap.gz as it exists
[2025-05-18 01:20:28] [javac-extractor-20009] [WARN] Not rewriting trap file for /root/Openjdk8u65_db/trap/java/classes/java/lang/Cloneable.members/Cloneable.members#51.0-1428695662000-java.trap.gz as it exists
[2025-05-18 01:20:28] [javac-extractor-20009] [WARN] Not rewriting trap file for /root/Openjdk8u65_db/trap/java/classes/java/io/Serializable.members/Serializable.members#51.0-1428695660000-java.trap.gz as it exists
[2025-05-18 01:20:28] [javac-extractor-20009] [WARN] Not rewriting trap file for /root/Openjdk8u65_db/trap/java/classes/java/util/Iterator.members/Iterator.members#51.0-1428695662000-java.trap.gz as it exists
[2025-05-18 01:20:28] [javac-extractor-20009] [WARN] Not rewriting trap file for /root/Openjdk8u65_db/trap/java/classes/java/util/ListIterator.members/ListIterator.members#51.0-1428695662000-java.trap.gz as it exists
[2025-05-18 01:20:28] [javac-extractor-20009] [WARN] Not rewriting trap file for /root/Openjdk8u65_db/trap/java/classes/java/util/LinkedList$Node.members/LinkedList$Node.members#51.0-1428695664000-java.trap.gz as it exists
[2025-05-18 01:20:28] [javac-extractor-20009] [WARN] Not rewriting trap file for /root/Openjdk8u65_db/trap/java/classes/java/lang/CharSequence.members/CharSequence.members#51.0-1428695660000-java.trap.gz as it exists
[2025-05-18 01:20:28] [javac-extractor-20009] [WARN] Not rewriting trap file for /root/Openjdk8u65_db/trap/java/classes/com/sun/tools/corba/se/logutil/InputCode.members/InputCode.members#0.0-1747530087000-java.trap.gz as it exists
[2025-05-18 01:20:28] [javac-extractor-20009] [WARN] Not rewriting trap file for /root/Openjdk8u65_db/trap/java/classes/java/lang/Integer.members/Integer.members#51.0-1428695664000-java.trap.gz as it exists
[2025-05-18 01:20:28] [javac-extractor-20009] [WARN] Not rewriting trap file for /root/Openjdk8u65_db/trap/java/classes/java/lang/Class.members/Class.members#51.0-1428695660000-java.trap.gz as it exists
[2025-05-18 01:20:28] [javac-extractor-20009] [WARN] Not rewriting trap file for /root/Openjdk8u65_db/trap/java/classes/java/lang/reflect/GenericDeclaration.members/GenericDeclaration.members#51.0-1428695660000-java.trap.gz as it exists
[2025-05-18 01:20:28] [javac-extractor-20009] [WARN] Not rewriting trap file for /root/Openjdk8u65_db/trap/java/classes/java/lang/reflect/Type.members/Type.members#51.0-1428695660000-java.trap.gz as it exists
[2025-05-18 01:20:28] [javac-extractor-20009] [WARN] Not rewriting trap file for /root/Openjdk8u65_db/trap/java/classes/java/lang/reflect/AnnotatedElement.members/AnnotatedElement.members#51.0-1428695660000-java.trap.gz as it exists
[2025-05-18 01:20:28] [javac-extractor-20009] [WARN] Not rewriting trap file for /root/Openjdk8u65_db/trap/java/classes/sun/reflect/annotation/AnnotationType.members/AnnotationType.members#51.0-1428695662000-java.trap.gz as it exists
[2025-05-18 01:20:28] [javac-extractor-20009] [WARN] Not rewriting trap file for /root/Openjdk8u65_db/trap/java/classes/java/lang/annotation/Annotation.members/Annotation.members#51.0-1428695662000-java.trap.gz as it exists
[2025-05-18 01:20:28] [javac-extractor-20009] [WARN] Not rewriting trap file for /root/Openjdk8u65_db/trap/java/classes/java/util/Map.members/Map.members#51.0-1428695662000-java.trap.gz as it exists
[2025-05-18 01:20:28] [javac-extractor-20009] [WARN] Not rewriting trap file for /root/Openjdk8u65_db/trap/java/classes/sun/reflect/ConstantPool.members/ConstantPool.members#51.0-1428695662000-java.trap.gz as it exists
[2025-05-18 01:20:28] [javac-extractor-20009] [WARN] Not rewriting trap file for /root/Openjdk8u65_db/trap/java/classes/java/security/ProtectionDomain.members/ProtectionDomain.members#51.0-1428695662000-java.trap.gz as it exists
[2025-05-18 01:20:28] [javac-extractor-20009] [WARN] Not rewriting trap file for /root/Openjdk8u65_db/trap/java/classes/java/net/URL.members/URL.members#51.0-1428695662000-java.trap.gz as it exists
[2025-05-18 01:20:28] [javac-extractor-20009] [WARN] Not rewriting trap file for /root/Openjdk8u65_db/trap/java/classes/java/lang/reflect/Constructor.members/Constructor.members#51.0-1428695662000-java.trap.gz as it exists
[2025-05-18 01:20:28] [javac-extractor-20009] [WARN] Not rewriting trap file for /root/Openjdk8u65_db/trap/java/classes/java/lang/reflect/AccessibleObject.members/AccessibleObject.members#51.0-1428695662000-java.trap.gz as it exists
[2025-05-18 01:20:28] [javac-extractor-20009] [WARN] Not rewriting trap file for /root/Openjdk8u65_db/trap/java/classes/java/lang/reflect/Member.members/Member.members#51.0-1428695662000-java.trap.gz as it exists
[2025-05-18 01:20:28] [javac-extractor-20009] [WARN] Not rewriting trap file for /root/Openjdk8u65_db/trap/java/classes/java/lang/NoSuchMethodException.members/NoSuchMethodException.members#51.0-1428695662000-java.trap.gz as it exists
[2025-05-18 01:20:28] [javac-extractor-20009] [WARN] Not rewriting trap file for /root/Openjdk8u65_db/trap/java/classes/java/lang/SecurityException.members/SecurityException.members#51.0-1428695662000-java.trap.gz as it exists
[2025-05-18 01:20:28] [javac-extractor-20009] [WARN] Not rewriting trap file for /root/Openjdk8u65_db/trap/java/classes/java/lang/reflect/Method.members/Method.members#51.0-1428695662000-java.trap.gz as it exists
[2025-05-18 01:20:28] [javac-extractor-20009] [WARN] Not rewriting trap file for /root/Openjdk8u65_db/trap/java/classes/java/lang/reflect/Field.members/Field.members#51.0-1428695662000-java.trap.gz as it exists
[2025-05-18 01:20:28] [javac-extractor-20009] [WARN] Not rewriting trap file for /root/Openjdk8u65_db/trap/java/classes/java/lang/NoSuchFieldException.members/NoSuchFieldException.members#51.0-1428695662000-java.trap.gz as it exists
[2025-05-18 01:20:28] [javac-extractor-20009] [WARN] Not rewriting trap file for /root/Openjdk8u65_db/trap/java/classes/java/lang/Package.members/Package.members#51.0-1428695662000-java.trap.gz as it exists
[2025-05-18 01:20:28] [javac-extractor-20009] [WARN] Not rewriting trap file for /root/Openjdk8u65_db/trap/java/classes/java/lang/reflect/TypeVariable.members/TypeVariable.members#51.0-1428695662000-java.trap.gz as it exists
[2025-05-18 01:20:28] [javac-extractor-20009] [WARN] Not rewriting trap file for /root/Openjdk8u65_db/trap/java/classes/java/lang/ClassLoader.members/ClassLoader.members#51.0-1428695662000-java.trap.gz as it exists
[2025-05-18 01:20:28] [javac-extractor-20009] [WARN] Not rewriting trap file for /root/Openjdk8u65_db/trap/java/classes/java/lang/InstantiationException.members/InstantiationException.members#51.0-1428695662000-java.trap.gz as it exists
[2025-05-18 01:20:28] [javac-extractor-20009] [WARN] Not rewriting trap file for /root/Openjdk8u65_db/trap/java/classes/java/lang/IllegalAccessException.members/IllegalAccessException.members#51.0-1428695662000-java.trap.gz as it exists
[2025-05-18 01:20:28] [javac-extractor-20009] [WARN] Not rewriting trap file for /root/Openjdk8u65_db/trap/java/classes/java/lang/ClassNotFoundException.members/ClassNotFoundException.members#51.0-1428695662000-java.trap.gz as it exists
[2025-05-18 01:20:28] [javac-extractor-20009] [WARN] Not rewriting trap file for /root/Openjdk8u65_db/trap/java/classes/java/lang/ClassValue$ClassValueMap.members/ClassValue$ClassValueMap.members#51.0-1428695662000-java.trap.gz as it exists
[2025-05-18 01:20:28] [javac-extractor-20009] [WARN] Not rewriting trap file for /root/Openjdk8u65_db/trap/java/classes/java/lang/Comparable.members/Comparable.members#51.0-1428695660000-java.trap.gz as it exists
[2025-05-18 01:20:28] [javac-extractor-20009] [WARN] Not rewriting trap file for /root/Openjdk8u65_db/trap/java/classes/java/lang/CloneNotSupportedException.members/CloneNotSupportedException.members#51.0-1428695660000-java.trap.gz as it exists
[2025-05-18 01:20:28] [javac-extractor-20009] Processing file /root/jdk8u/corba/src/share/classes/com/sun/tools/corba/se/logutil/InputException.java
[2025-05-18 01:20:28] [javac-extractor-20009] [WARN] Not rewriting trap file for /root/Openjdk8u65_db/trap/java/classes/java/util/LinkedList.members/LinkedList.members#51.0-1428695664000-java.trap.gz as it exists
[2025-05-18 01:20:28] [javac-extractor-20009] [WARN] Not rewriting trap file for /root/Openjdk8u65_db/trap/java/classes/java/util/Queue.members/Queue.members#51.0-1428695664000-java.trap.gz as it exists
[2025-05-18 01:20:28] [javac-extractor-20009] [WARN] Not rewriting trap file for /root/Openjdk8u65_db/trap/java/classes/com/sun/tools/corba/se/logutil/InputCode.members/InputCode.members#0.0-1747530087000-java.trap.gz as it exists
[2025-05-18 01:20:28] [javac-extractor-20009] [WARN] Not rewriting trap file for /root/Openjdk8u65_db/trap/java/classes/java/util/Collection.members/Collection.members#51.0-1428695660000-java.trap.gz as it exists
[2025-05-18 01:20:28] [javac-extractor-20009] [WARN] Not rewriting trap file for /root/Openjdk8u65_db/trap/java/classes/java/lang/Iterable.members/Iterable.members#51.0-1428695660000-java.trap.gz as it exists
[2025-05-18 01:20:28] [javac-extractor-20009] [WARN] Not rewriting trap file for /root/Openjdk8u65_db/trap/java/classes/java/lang/Object.members/Object.members#51.0-1428695660000-java.trap.gz as it exists
[2025-05-18 01:20:28] [javac-extractor-20009] [WARN] Not rewriting trap file for /root/Openjdk8u65_db/trap/java/classes/com/sun/tools/corba/se/logutil/InputException.members/InputException.members#0.0-1747530087000-java.trap.gz as it exists
[2025-05-18 01:20:28] [javac-extractor-20009] [WARN] Not rewriting trap file for /root/Openjdk8u65_db/trap/java/classes/java/lang/String.members/String.members#51.0-1428695660000-java.trap.gz as it exists
[2025-05-18 01:20:28] [javac-extractor-20009] [WARN] Not rewriting trap file for /root/Openjdk8u65_db/trap/java/classes/java/util/AbstractSequentialList.members/AbstractSequentialList.members#51.0-1428695664000-java.trap.gz as it exists
[2025-05-18 01:20:28] [javac-extractor-20009] [WARN] Not rewriting trap file for /root/Openjdk8u65_db/trap/java/classes/java/util/AbstractList.members/AbstractList.members#51.0-1428695662000-java.trap.gz as it exists
[2025-05-18 01:20:28] [javac-extractor-20009] [WARN] Not rewriting trap file for /root/Openjdk8u65_db/trap/java/classes/java/util/AbstractCollection.members/AbstractCollection.members#51.0-1428695662000-java.trap.gz as it exists
[2025-05-18 01:20:28] [javac-extractor-20009] [WARN] Not rewriting trap file for /root/Openjdk8u65_db/trap/java/classes/java/util/List.members/List.members#51.0-1428695660000-java.trap.gz as it exists
[2025-05-18 01:20:28] [javac-extractor-20009] [WARN] Not rewriting trap file for /root/Openjdk8u65_db/trap/java/classes/java/util/Deque.members/Deque.members#51.0-1428695664000-java.trap.gz as it exists
[2025-05-18 01:20:28] [javac-extractor-20009] [WARN] Not rewriting trap file for /root/Openjdk8u65_db/trap/java/classes/java/lang/Cloneable.members/Cloneable.members#51.0-1428695662000-java.trap.gz as it exists
[2025-05-18 01:20:28] [javac-extractor-20009] [WARN] Not rewriting trap file for /root/Openjdk8u65_db/trap/java/classes/java/io/Serializable.members/Serializable.members#51.0-1428695660000-java.trap.gz as it exists
[2025-05-18 01:20:28] [javac-extractor-20009] [WARN] Not rewriting trap file for /root/Openjdk8u65_db/trap/java/classes/java/util/Iterator.members/Iterator.members#51.0-1428695662000-java.trap.gz as it exists
[2025-05-18 01:20:28] [javac-extractor-20009] [WARN] Not rewriting trap file for /root/Openjdk8u65_db/trap/java/classes/java/util/ListIterator.members/ListIterator.members#51.0-1428695662000-java.trap.gz as it exists
[2025-05-18 01:20:28] [javac-extractor-20009] [WARN] Not rewriting trap file for /root/Openjdk8u65_db/trap/java/classes/java/util/LinkedList$Node.members/LinkedList$Node.members#51.0-1428695664000-java.trap.gz as it exists
[2025-05-18 01:20:28] [javac-extractor-20009] [WARN] Not rewriting trap file for /root/Openjdk8u65_db/trap/java/classes/java/lang/Class.members/Class.members#51.0-1428695660000-java.trap.gz as it exists
[2025-05-18 01:20:28] [javac-extractor-20009] [WARN] Not rewriting trap file for /root/Openjdk8u65_db/trap/java/classes/java/lang/reflect/GenericDeclaration.members/GenericDeclaration.members#51.0-1428695660000-java.trap.gz as it exists
[2025-05-18 01:20:28] [javac-extractor-20009] [WARN] Not rewriting trap file for /root/Openjdk8u65_db/trap/java/classes/java/lang/reflect/Type.members/Type.members#51.0-1428695660000-java.trap.gz as it exists
[2025-05-18 01:20:28] [javac-extractor-20009] [WARN] Not rewriting trap file for /root/Openjdk8u65_db/trap/java/classes/java/lang/reflect/AnnotatedElement.members/AnnotatedElement.members#51.0-1428695660000-java.trap.gz as it exists
[2025-05-18 01:20:28] [javac-extractor-20009] [WARN] Not rewriting trap file for /root/Openjdk8u65_db/trap/java/classes/sun/reflect/annotation/AnnotationType.members/AnnotationType.members#51.0-1428695662000-java.trap.gz as it exists
[2025-05-18 01:20:28] [javac-extractor-20009] [WARN] Not rewriting trap file for /root/Openjdk8u65_db/trap/java/classes/java/lang/annotation/Annotation.members/Annotation.members#51.0-1428695662000-java.trap.gz as it exists
[2025-05-18 01:20:28] [javac-extractor-20009] [WARN] Not rewriting trap file for /root/Openjdk8u65_db/trap/java/classes/java/util/Map.members/Map.members#51.0-1428695662000-java.trap.gz as it exists
[2025-05-18 01:20:28] [javac-extractor-20009] [WARN] Not rewriting trap file for /root/Openjdk8u65_db/trap/java/classes/sun/reflect/ConstantPool.members/ConstantPool.members#51.0-1428695662000-java.trap.gz as it exists
[2025-05-18 01:20:28] [javac-extractor-20009] [WARN] Not rewriting trap file for /root/Openjdk8u65_db/trap/java/classes/java/security/ProtectionDomain.members/ProtectionDomain.members#51.0-1428695662000-java.trap.gz as it exists
[2025-05-18 01:20:28] [javac-extractor-20009] [WARN] Not rewriting trap file for /root/Openjdk8u65_db/trap/java/classes/java/net/URL.members/URL.members#51.0-1428695662000-java.trap.gz as it exists
[2025-05-18 01:20:28] [javac-extractor-20009] [WARN] Not rewriting trap file for /root/Openjdk8u65_db/trap/java/classes/java/io/InputStream.members/InputStream.members#51.0-1428695660000-java.trap.gz as it exists
[2025-05-18 01:20:28] [javac-extractor-20009] [WARN] Not rewriting trap file for /root/Openjdk8u65_db/trap/java/classes/java/lang/reflect/Constructor.members/Constructor.members#51.0-1428695662000-java.trap.gz as it exists
[2025-05-18 01:20:28] [javac-extractor-20009] [WARN] Not rewriting trap file for /root/Openjdk8u65_db/trap/java/classes/java/lang/reflect/AccessibleObject.members/AccessibleObject.members#51.0-1428695662000-java.trap.gz as it exists
[2025-05-18 01:20:28] [javac-extractor-20009] [WARN] Not rewriting trap file for /root/Openjdk8u65_db/trap/java/classes/java/lang/reflect/Member.members/Member.members#51.0-1428695662000-java.trap.gz as it exists
[2025-05-18 01:20:28] [javac-extractor-20009] [WARN] Not rewriting trap file for /root/Openjdk8u65_db/trap/java/classes/java/lang/NoSuchMethodException.members/NoSuchMethodException.members#51.0-1428695662000-java.trap.gz as it exists
[2025-05-18 01:20:28] [javac-extractor-20009] [WARN] Not rewriting trap file for /root/Openjdk8u65_db/trap/java/classes/java/lang/SecurityException.members/SecurityException.members#51.0-1428695662000-java.trap.gz as it exists
[2025-05-18 01:20:28] [javac-extractor-20009] [WARN] Not rewriting trap file for /root/Openjdk8u65_db/trap/java/classes/java/lang/reflect/Method.members/Method.members#51.0-1428695662000-java.trap.gz as it exists
[2025-05-18 01:20:28] [javac-extractor-20009] [WARN] Not rewriting trap file for /root/Openjdk8u65_db/trap/java/classes/java/lang/reflect/Field.members/Field.members#51.0-1428695662000-java.trap.gz as it exists
[2025-05-18 01:20:28] [javac-extractor-20009] [WARN] Not rewriting trap file for /root/Openjdk8u65_db/trap/java/classes/java/lang/NoSuchFieldException.members/NoSuchFieldException.members#51.0-1428695662000-java.trap.gz as it exists
[2025-05-18 01:20:28] [javac-extractor-20009] [WARN] Not rewriting trap file for /root/Openjdk8u65_db/trap/java/classes/java/lang/Package.members/Package.members#51.0-1428695662000-java.trap.gz as it exists
[2025-05-18 01:20:28] [javac-extractor-20009] [WARN] Not rewriting trap file for /root/Openjdk8u65_db/trap/java/classes/java/lang/reflect/TypeVariable.members/TypeVariable.members#51.0-1428695662000-java.trap.gz as it exists
[2025-05-18 01:20:28] [javac-extractor-20009] [WARN] Not rewriting trap file for /root/Openjdk8u65_db/trap/java/classes/java/lang/ClassLoader.members/ClassLoader.members#51.0-1428695662000-java.trap.gz as it exists
[2025-05-18 01:20:28] [javac-extractor-20009] [WARN] Not rewriting trap file for /root/Openjdk8u65_db/trap/java/classes/java/lang/InstantiationException.members/InstantiationException.members#51.0-1428695662000-java.trap.gz as it exists
[2025-05-18 01:20:28] [javac-extractor-20009] [WARN] Not rewriting trap file for /root/Openjdk8u65_db/trap/java/classes/java/lang/IllegalAccessException.members/IllegalAccessException.members#51.0-1428695662000-java.trap.gz as it exists
[2025-05-18 01:20:28] [javac-extractor-20009] [WARN] Not rewriting trap file for /root/Openjdk8u65_db/trap/java/classes/java/lang/ClassNotFoundException.members/ClassNotFoundException.members#51.0-1428695662000-java.trap.gz as it exists
[2025-05-18 01:20:28] [javac-extractor-20009] [WARN] Not rewriting trap file for /root/Openjdk8u65_db/trap/java/classes/java/lang/ClassValue$ClassValueMap.members/ClassValue$ClassValueMap.members#51.0-1428695662000-java.trap.gz as it exists
[2025-05-18 01:20:28] [javac-extractor-20009] Processing file /root/jdk8u/corba/src/share/classes/com/sun/tools/corba/se/logutil/InputCode.java
[2025-05-18 01:20:28] [javac-extractor-20009] [WARN] Not rewriting trap file for /root/Openjdk8u65_db/trap/java/classes/java/lang/String.members/String.members#51.0-1428695660000-java.trap.gz as it exists
[2025-05-18 01:20:28] [javac-extractor-20009] [WARN] Not rewriting trap file for /root/Openjdk8u65_db/trap/java/classes/com/sun/tools/corba/se/logutil/InputCode.members/InputCode.members#0.0-1747530087000-java.trap.gz as it exists
[2025-05-18 01:20:28] [javac-extractor-20009] [WARN] Not rewriting trap file for /root/Openjdk8u65_db/trap/java/classes/java/lang/Object.members/Object.members#51.0-1428695660000-java.trap.gz as it exists
[2025-05-18 01:20:28] [javac-extractor-20009] [WARN] Not rewriting trap file for /root/Openjdk8u65_db/trap/java/classes/java/lang/Class.members/Class.members#51.0-1428695660000-java.trap.gz as it exists
[2025-05-18 01:20:28] [javac-extractor-20009] [WARN] Not rewriting trap file for /root/Openjdk8u65_db/trap/java/classes/java/io/Serializable.members/Serializable.members#51.0-1428695660000-java.trap.gz as it exists
[2025-05-18 01:20:28] [javac-extractor-20009] [WARN] Not rewriting trap file for /root/Openjdk8u65_db/trap/java/classes/java/lang/reflect/GenericDeclaration.members/GenericDeclaration.members#51.0-1428695660000-java.trap.gz as it exists
[2025-05-18 01:20:28] [javac-extractor-20009] [WARN] Not rewriting trap file for /root/Openjdk8u65_db/trap/java/classes/java/lang/reflect/Type.members/Type.members#51.0-1428695660000-java.trap.gz as it exists
[2025-05-18 01:20:28] [javac-extractor-20009] [WARN] Not rewriting trap file for /root/Openjdk8u65_db/trap/java/classes/java/lang/reflect/AnnotatedElement.members/AnnotatedElement.members#51.0-1428695660000-java.trap.gz as it exists
[2025-05-18 01:20:28] [javac-extractor-20009] [WARN] Not rewriting trap file for /root/Openjdk8u65_db/trap/java/classes/sun/reflect/annotation/AnnotationType.members/AnnotationType.members#51.0-1428695662000-java.trap.gz as it exists
[2025-05-18 01:20:28] [javac-extractor-20009] [WARN] Not rewriting trap file for /root/Openjdk8u65_db/trap/java/classes/java/lang/annotation/Annotation.members/Annotation.members#51.0-1428695662000-java.trap.gz as it exists
[2025-05-18 01:20:28] [javac-extractor-20009] [WARN] Not rewriting trap file for /root/Openjdk8u65_db/trap/java/classes/java/lang/Cloneable.members/Cloneable.members#51.0-1428695662000-java.trap.gz as it exists
[2025-05-18 01:20:28] [javac-extractor-20009] [WARN] Not rewriting trap file for /root/Openjdk8u65_db/trap/java/classes/java/util/Map.members/Map.members#51.0-1428695662000-java.trap.gz as it exists
[2025-05-18 01:20:28] [javac-extractor-20009] [WARN] Not rewriting trap file for /root/Openjdk8u65_db/trap/java/classes/sun/reflect/ConstantPool.members/ConstantPool.members#51.0-1428695662000-java.trap.gz as it exists
[2025-05-18 01:20:28] [javac-extractor-20009] [WARN] Not rewriting trap file for /root/Openjdk8u65_db/trap/java/classes/java/security/ProtectionDomain.members/ProtectionDomain.members#51.0-1428695662000-java.trap.gz as it exists
[2025-05-18 01:20:28] [javac-extractor-20009] [WARN] Not rewriting trap file for /root/Openjdk8u65_db/trap/java/classes/java/net/URL.members/URL.members#51.0-1428695662000-java.trap.gz as it exists
[2025-05-18 01:20:28] [javac-extractor-20009] [WARN] Not rewriting trap file for /root/Openjdk8u65_db/trap/java/classes/java/io/InputStream.members/InputStream.members#51.0-1428695660000-java.trap.gz as it exists
[2025-05-18 01:20:28] [javac-extractor-20009] [WARN] Not rewriting trap file for /root/Openjdk8u65_db/trap/java/classes/java/lang/reflect/Constructor.members/Constructor.members#51.0-1428695662000-java.trap.gz as it exists
[2025-05-18 01:20:28] [javac-extractor-20009] [WARN] Not rewriting trap file for /root/Openjdk8u65_db/trap/java/classes/java/lang/reflect/AccessibleObject.members/AccessibleObject.members#51.0-1428695662000-java.trap.gz as it exists
[2025-05-18 01:20:28] [javac-extractor-20009] [WARN] Not rewriting trap file for /root/Openjdk8u65_db/trap/java/classes/java/lang/reflect/Member.members/Member.members#51.0-1428695662000-java.trap.gz as it exists
[2025-05-18 01:20:28] [javac-extractor-20009] [WARN] Not rewriting trap file for /root/Openjdk8u65_db/trap/java/classes/java/lang/NoSuchMethodException.members/NoSuchMethodException.members#51.0-1428695662000-java.trap.gz as it exists
[2025-05-18 01:20:28] [javac-extractor-20009] [WARN] Not rewriting trap file for /root/Openjdk8u65_db/trap/java/classes/java/lang/SecurityException.members/SecurityException.members#51.0-1428695662000-java.trap.gz as it exists
[2025-05-18 01:20:28] [javac-extractor-20009] [WARN] Not rewriting trap file for /root/Openjdk8u65_db/trap/java/classes/java/lang/reflect/Method.members/Method.members#51.0-1428695662000-java.trap.gz as it exists
[2025-05-18 01:20:28] [javac-extractor-20009] [WARN] Not rewriting trap file for /root/Openjdk8u65_db/trap/java/classes/java/lang/reflect/Field.members/Field.members#51.0-1428695662000-java.trap.gz as it exists
[2025-05-18 01:20:28] [javac-extractor-20009] [WARN] Not rewriting trap file for /root/Openjdk8u65_db/trap/java/classes/java/lang/NoSuchFieldException.members/NoSuchFieldException.members#51.0-1428695662000-java.trap.gz as it exists
[2025-05-18 01:20:28] [javac-extractor-20009] [WARN] Not rewriting trap file for /root/Openjdk8u65_db/trap/java/classes/java/lang/Package.members/Package.members#51.0-1428695662000-java.trap.gz as it exists
[2025-05-18 01:20:28] [javac-extractor-20009] [WARN] Not rewriting trap file for /root/Openjdk8u65_db/trap/java/classes/java/lang/reflect/TypeVariable.members/TypeVariable.members#51.0-1428695662000-java.trap.gz as it exists
[2025-05-18 01:20:28] [javac-extractor-20009] [WARN] Not rewriting trap file for /root/Openjdk8u65_db/trap/java/classes/java/lang/ClassLoader.members/ClassLoader.members#51.0-1428695662000-java.trap.gz as it exists
[2025-05-18 01:20:28] [javac-extractor-20009] [WARN] Not rewriting trap file for /root/Openjdk8u65_db/trap/java/classes/java/lang/InstantiationException.members/InstantiationException.members#51.0-1428695662000-java.trap.gz as it exists
[2025-05-18 01:20:28] [javac-extractor-20009] [WARN] Not rewriting trap file for /root/Openjdk8u65_db/trap/java/classes/java/lang/IllegalAccessException.members/IllegalAccessException.members#51.0-1428695662000-java.trap.gz as it exists
[2025-05-18 01:20:28] [javac-extractor-20009] [WARN] Not rewriting trap file for /root/Openjdk8u65_db/trap/java/classes/java/lang/ClassNotFoundException.members/ClassNotFoundException.members#51.0-1428695662000-java.trap.gz as it exists
[2025-05-18 01:20:28] [javac-extractor-20009] [WARN] Not rewriting trap file for /root/Openjdk8u65_db/trap/java/classes/java/lang/ClassValue$ClassValueMap.members/ClassValue$ClassValueMap.members#51.0-1428695662000-java.trap.gz as it exists
[2025-05-18 01:20:28] [javac-extractor-20009] Javac init time: 0.7s
[2025-05-18 01:20:28] [javac-extractor-20009] Javac attr time: 0.1s
[2025-05-18 01:20:28] [javac-extractor-20009] Extractor time: 0.2s
[2025-05-18 01:20:28] [javac-extractor-20009] Other time: 0.1s
[2025-05-18 01:20:28] [javac-extractor-20009] Total time: 1.1s
