[2025-05-18 01:32:37] [javac-extractor-45658] Starting extraction for:
                                              sun.java.command=com.semmle.extractor.java.JavaExtractor --jdk-version -1 --javac-args @@@/root/Openjdk8u65_db/log/ext/javac-37.args
                                              user.dir=/root/jdk8u/jdk/make
[2025-05-18 01:32:37] [javac-extractor-45658] Compilation name /root/Openjdk8u65_db/trap/java/diagnostics/diagnostic-15.trap.gz
[2025-05-18 01:32:38] [javac-extractor-45658] Annotation processor class 'lombok.launch.AnnotationProcessorHider$AnnotationProcessor' initialized.
[2025-05-18 01:32:38] [javac-extractor-45658] Annotation processor class 'lombok.launch.AnnotationProcessorHider$ClaimingProcessor' initialized.
[2025-05-18 01:32:38] [javac-extractor-45658] Processing file /root/jdk8u/jdk/src/share/demo/applets/SortDemo/SortItem.java
[2025-05-18 01:32:38] [javac-extractor-45658] [WARN] Not rewriting trap file for /root/Openjdk8u65_db/trap/java/classes/java/awt/Color.members/Color.members#52.0-1747531756264-java.trap.gz as /root/Openjdk8u65_db/trap/java/classes/java/awt/Color.members/Color.members#0.0-1747530087000-java.trap.gz exists
[2025-05-18 01:32:38] [javac-extractor-45658] [WARN] Not rewriting trap file for /root/Openjdk8u65_db/trap/java/classes/java/awt/Dimension.members/Dimension.members#52.0-1747531756254-java.trap.gz as /root/Openjdk8u65_db/trap/java/classes/java/awt/Dimension.members/Dimension.members#0.0-1747530087000-java.trap.gz exists
[2025-05-18 01:32:38] [javac-extractor-45658] [WARN] Not rewriting trap file for /root/Openjdk8u65_db/trap/java/classes/java/awt/Graphics.members/Graphics.members#52.0-1747531756254-java.trap.gz as /root/Openjdk8u65_db/trap/java/classes/java/awt/Graphics.members/Graphics.members#0.0-1747530087000-java.trap.gz exists
[2025-05-18 01:32:38] [javac-extractor-45658] [WARN] Not rewriting trap file for /root/Openjdk8u65_db/trap/java/classes/java/awt/event/MouseEvent.members/MouseEvent.members#52.0-1747531756354-java.trap.gz as /root/Openjdk8u65_db/trap/java/classes/java/awt/event/MouseEvent.members/MouseEvent.members#0.0-1747530168000-java.trap.gz exists
[2025-05-18 01:32:38] [javac-extractor-45658] [WARN] Not rewriting trap file for /root/Openjdk8u65_db/trap/java/classes/java/awt/event/MouseListener.members/MouseListener.members#52.0-1747531756314-java.trap.gz as /root/Openjdk8u65_db/trap/java/classes/java/awt/event/MouseListener.members/MouseListener.members#0.0-1747530087000-java.trap.gz exists
[2025-05-18 01:32:38] [javac-extractor-45658] [WARN] Not rewriting trap file for /root/Openjdk8u65_db/trap/java/classes/java/lang/String.members/String.members#52.0-1747531750834-java.trap.gz as /root/Openjdk8u65_db/trap/java/classes/java/lang/String.members/String.members#0.0-1747530087000-java.trap.gz exists
[2025-05-18 01:32:38] [javac-extractor-45658] [WARN] Not rewriting trap file for /root/Openjdk8u65_db/trap/java/classes/java/lang/Object.members/Object.members#52.0-1747531750714-java.trap.gz as /root/Openjdk8u65_db/trap/java/classes/java/lang/Object.members/Object.members#0.0-1747530087000-java.trap.gz exists
[2025-05-18 01:32:38] [javac-extractor-45658] [WARN] Not rewriting trap file for /root/Openjdk8u65_db/trap/java/classes/java/lang/Cloneable.members/Cloneable.members#52.0-1747531752494-java.trap.gz as /root/Openjdk8u65_db/trap/java/classes/java/lang/Cloneable.members/Cloneable.members#0.0-1747530087000-java.trap.gz exists
[2025-05-18 01:32:38] [javac-extractor-45658] [WARN] Not rewriting trap file for /root/Openjdk8u65_db/trap/java/classes/java/io/Serializable.members/Serializable.members#52.0-1747531750714-java.trap.gz as /root/Openjdk8u65_db/trap/java/classes/java/io/Serializable.members/Serializable.members#0.0-1747530087000-java.trap.gz exists
[2025-05-18 01:32:38] [javac-extractor-45658] [WARN] Not rewriting trap file for /root/Openjdk8u65_db/trap/java/classes/java/lang/Thread.members/Thread.members#52.0-1747531753864-java.trap.gz as /root/Openjdk8u65_db/trap/java/classes/java/lang/Thread.members/Thread.members#0.0-1747530168000-java.trap.gz exists
[2025-05-18 01:32:38] [javac-extractor-45658] [WARN] Not rewriting trap file for /root/Openjdk8u65_db/trap/java/classes/java/applet/Applet.members/Applet.members#52.0-1747531756234-java.trap.gz as /root/Openjdk8u65_db/trap/java/classes/java/applet/Applet.members/Applet.members#0.0-1747530087000-java.trap.gz exists
[2025-05-18 01:32:38] [javac-extractor-45658] [WARN] Not rewriting trap file for /root/Openjdk8u65_db/trap/java/classes/java/lang/Runnable.members/Runnable.members#52.0-1747531753394-java.trap.gz as /root/Openjdk8u65_db/trap/java/classes/java/lang/Runnable.members/Runnable.members#0.0-1747530087000-java.trap.gz exists
[2025-05-18 01:32:38] [javac-extractor-45658] [WARN] Not rewriting trap file for /root/Openjdk8u65_db/trap/java/classes/java/util/EventListener.members/EventListener.members#52.0-1747531755594-java.trap.gz as /root/Openjdk8u65_db/trap/java/classes/java/util/EventListener.members/EventListener.members#0.0-1747530087000-java.trap.gz exists
[2025-05-18 01:32:38] [javac-extractor-45658] [WARN] Not rewriting trap file for /root/Openjdk8u65_db/trap/java/classes/java/lang/SuppressWarnings.members/SuppressWarnings.members#52.0-1747531755174-java.trap.gz as /root/Openjdk8u65_db/trap/java/classes/java/lang/SuppressWarnings.members/SuppressWarnings.members#0.0-1747530087000-java.trap.gz exists
[2025-05-18 01:32:38] [javac-extractor-45658] [WARN] Not rewriting trap file for /root/Openjdk8u65_db/trap/java/classes/java/awt/Component.members/Component.members#52.0-1747531756244-java.trap.gz as /root/Openjdk8u65_db/trap/java/classes/java/awt/Component.members/Component.members#0.0-1747530168000-java.trap.gz exists
[2025-05-18 01:32:38] [javac-extractor-45658] [WARN] Not rewriting trap file for /root/Openjdk8u65_db/trap/java/classes/java/lang/Math.members/Math.members#52.0-1747531756404-java.trap.gz as /root/Openjdk8u65_db/trap/java/classes/java/lang/Math.members/Math.members#0.0-1747530087000-java.trap.gz exists
[2025-05-18 01:32:38] [javac-extractor-45658] [WARN] Not rewriting trap file for /root/Openjdk8u65_db/trap/java/classes/java/lang/InterruptedException.members/InterruptedException.members#52.0-1747531751574-java.trap.gz as /root/Openjdk8u65_db/trap/java/classes/java/lang/InterruptedException.members/InterruptedException.members#0.0-1747530087000-java.trap.gz exists
[2025-05-18 01:32:38] [javac-extractor-45658] [WARN] Not rewriting trap file for /root/Openjdk8u65_db/trap/java/classes/java/lang/Override.members/Override.members#52.0-1747531757164-java.trap.gz as /root/Openjdk8u65_db/trap/java/classes/java/lang/Override.members/Override.members#0.0-1747530087000-java.trap.gz exists
[2025-05-18 01:32:38] [javac-extractor-45658] [WARN] Not rewriting trap file for /root/Openjdk8u65_db/trap/java/classes/java/lang/Class.members/Class.members#52.0-1747531751064-java.trap.gz as /root/Openjdk8u65_db/trap/java/classes/java/lang/Class.members/Class.members#0.0-1747530087000-java.trap.gz exists
[2025-05-18 01:32:38] [javac-extractor-45658] [WARN] Not rewriting trap file for /root/Openjdk8u65_db/trap/java/classes/java/lang/reflect/GenericDeclaration.members/GenericDeclaration.members#52.0-1747531751064-java.trap.gz as /root/Openjdk8u65_db/trap/java/classes/java/lang/reflect/GenericDeclaration.members/GenericDeclaration.members#0.0-1747530087000-java.trap.gz exists
[2025-05-18 01:32:38] [javac-extractor-45658] [WARN] Not rewriting trap file for /root/Openjdk8u65_db/trap/java/classes/java/lang/reflect/Type.members/Type.members#52.0-1747531751204-java.trap.gz as /root/Openjdk8u65_db/trap/java/classes/java/lang/reflect/Type.members/Type.members#0.0-1747530087000-java.trap.gz exists
[2025-05-18 01:32:38] [javac-extractor-45658] [WARN] Not rewriting trap file for /root/Openjdk8u65_db/trap/java/classes/java/lang/reflect/AnnotatedElement.members/AnnotatedElement.members#52.0-1747531751204-java.trap.gz as /root/Openjdk8u65_db/trap/java/classes/java/lang/reflect/AnnotatedElement.members/AnnotatedElement.members#0.0-1747530087000-java.trap.gz exists
[2025-05-18 01:32:38] [javac-extractor-45658] [WARN] Not rewriting trap file for /root/Openjdk8u65_db/trap/java/classes/java/lang/InstantiationException.members/InstantiationException.members#52.0-1747531752724-java.trap.gz as /root/Openjdk8u65_db/trap/java/classes/java/lang/InstantiationException.members/InstantiationException.members#0.0-1747530087000-java.trap.gz exists
[2025-05-18 01:32:38] [javac-extractor-45658] [WARN] Not rewriting trap file for /root/Openjdk8u65_db/trap/java/classes/java/lang/IllegalAccessException.members/IllegalAccessException.members#52.0-1747531752724-java.trap.gz as /root/Openjdk8u65_db/trap/java/classes/java/lang/IllegalAccessException.members/IllegalAccessException.members#0.0-1747530087000-java.trap.gz exists
[2025-05-18 01:32:38] [javac-extractor-45658] [WARN] Not rewriting trap file for /root/Openjdk8u65_db/trap/java/classes/java/lang/reflect/AnnotatedType.members/AnnotatedType.members#52.0-1747531753034-java.trap.gz as /root/Openjdk8u65_db/trap/java/classes/java/lang/reflect/AnnotatedType.members/AnnotatedType.members#0.0-1747530087000-java.trap.gz exists
[2025-05-18 01:32:38] [javac-extractor-45658] [WARN] Not rewriting trap file for /root/Openjdk8u65_db/trap/java/classes/java/util/Map.members/Map.members#52.0-1747531752804-java.trap.gz as /root/Openjdk8u65_db/trap/java/classes/java/util/Map.members/Map.members#0.0-1747530087000-java.trap.gz exists
[2025-05-18 01:32:38] [javac-extractor-45658] [WARN] Not rewriting trap file for /root/Openjdk8u65_db/trap/java/classes/java/lang/annotation/Annotation.members/Annotation.members#52.0-1747531752914-java.trap.gz as /root/Openjdk8u65_db/trap/java/classes/java/lang/annotation/Annotation.members/Annotation.members#0.0-1747530087000-java.trap.gz exists
[2025-05-18 01:32:38] [javac-extractor-45658] [WARN] Not rewriting trap file for /root/Openjdk8u65_db/trap/java/classes/sun/reflect/annotation/AnnotationType.members/AnnotationType.members#52.0-1747531752914-java.trap.gz as /root/Openjdk8u65_db/trap/java/classes/sun/reflect/annotation/AnnotationType.members/AnnotationType.members#0.0-1747530168000-java.trap.gz exists
[2025-05-18 01:32:38] [javac-extractor-45658] [WARN] Not rewriting trap file for /root/Openjdk8u65_db/trap/java/classes/sun/reflect/ConstantPool.members/ConstantPool.members#52.0-1747531752904-java.trap.gz as /root/Openjdk8u65_db/trap/java/classes/sun/reflect/ConstantPool.members/ConstantPool.members#0.0-1747530088000-java.trap.gz exists
[2025-05-18 01:32:38] [javac-extractor-45658] [WARN] Not rewriting trap file for /root/Openjdk8u65_db/trap/java/classes/java/lang/reflect/Executable.members/Executable.members#52.0-1747531752764-java.trap.gz as /root/Openjdk8u65_db/trap/java/classes/java/lang/reflect/Executable.members/Executable.members#0.0-1747530168000-java.trap.gz exists
[2025-05-18 01:32:38] [javac-extractor-45658] [WARN] Not rewriting trap file for /root/Openjdk8u65_db/trap/java/classes/java/security/ProtectionDomain.members/ProtectionDomain.members#52.0-1747531752884-java.trap.gz as /root/Openjdk8u65_db/trap/java/classes/java/security/ProtectionDomain.members/ProtectionDomain.members#0.0-1747530168000-java.trap.gz exists
[2025-05-18 01:32:38] [javac-extractor-45658] [WARN] Not rewriting trap file for /root/Openjdk8u65_db/trap/java/classes/java/net/URL.members/URL.members#52.0-1747531752874-java.trap.gz as /root/Openjdk8u65_db/trap/java/classes/java/net/URL.members/URL.members#0.0-1747530168000-java.trap.gz exists
[2025-05-18 01:32:38] [javac-extractor-45658] [WARN] Not rewriting trap file for /root/Openjdk8u65_db/trap/java/classes/java/io/InputStream.members/InputStream.members#52.0-1747531751564-java.trap.gz as /root/Openjdk8u65_db/trap/java/classes/java/io/InputStream.members/InputStream.members#0.0-1747530087000-java.trap.gz exists
[2025-05-18 01:32:38] [javac-extractor-45658] [WARN] Not rewriting trap file for /root/Openjdk8u65_db/trap/java/classes/java/lang/reflect/Constructor.members/Constructor.members#52.0-1747531752764-java.trap.gz as /root/Openjdk8u65_db/trap/java/classes/java/lang/reflect/Constructor.members/Constructor.members#0.0-1747530168000-java.trap.gz exists
[2025-05-18 01:32:38] [javac-extractor-45658] [WARN] Not rewriting trap file for /root/Openjdk8u65_db/trap/java/classes/java/lang/NoSuchMethodException.members/NoSuchMethodException.members#52.0-1747531752854-java.trap.gz as /root/Openjdk8u65_db/trap/java/classes/java/lang/NoSuchMethodException.members/NoSuchMethodException.members#0.0-1747530087000-java.trap.gz exists
[2025-05-18 01:32:38] [javac-extractor-45658] [WARN] Not rewriting trap file for /root/Openjdk8u65_db/trap/java/classes/java/lang/SecurityException.members/SecurityException.members#52.0-1747531752834-java.trap.gz as /root/Openjdk8u65_db/trap/java/classes/java/lang/SecurityException.members/SecurityException.members#0.0-1747530087000-java.trap.gz exists
[2025-05-18 01:32:38] [javac-extractor-45658] [WARN] Not rewriting trap file for /root/Openjdk8u65_db/trap/java/classes/java/lang/reflect/Method.members/Method.members#52.0-1747531752834-java.trap.gz as /root/Openjdk8u65_db/trap/java/classes/java/lang/reflect/Method.members/Method.members#0.0-1747530168000-java.trap.gz exists
[2025-05-18 01:32:38] [javac-extractor-45658] [WARN] Not rewriting trap file for /root/Openjdk8u65_db/trap/java/classes/java/lang/reflect/Field.members/Field.members#52.0-1747531752854-java.trap.gz as /root/Openjdk8u65_db/trap/java/classes/java/lang/reflect/Field.members/Field.members#0.0-1747530168000-java.trap.gz exists
[2025-05-18 01:32:38] [javac-extractor-45658] [WARN] Not rewriting trap file for /root/Openjdk8u65_db/trap/java/classes/java/lang/NoSuchFieldException.members/NoSuchFieldException.members#52.0-1747531752854-java.trap.gz as /root/Openjdk8u65_db/trap/java/classes/java/lang/NoSuchFieldException.members/NoSuchFieldException.members#0.0-1747530087000-java.trap.gz exists
[2025-05-18 01:32:38] [javac-extractor-45658] [WARN] Not rewriting trap file for /root/Openjdk8u65_db/trap/java/classes/java/lang/Package.members/Package.members#52.0-1747531752824-java.trap.gz as /root/Openjdk8u65_db/trap/java/classes/java/lang/Package.members/Package.members#0.0-1747530087000-java.trap.gz exists
[2025-05-18 01:32:38] [javac-extractor-45658] [WARN] Not rewriting trap file for /root/Openjdk8u65_db/trap/java/classes/java/lang/reflect/TypeVariable.members/TypeVariable.members#52.0-1747531752764-java.trap.gz as /root/Openjdk8u65_db/trap/java/classes/java/lang/reflect/TypeVariable.members/TypeVariable.members#0.0-1747530087000-java.trap.gz exists
[2025-05-18 01:32:38] [javac-extractor-45658] [WARN] Not rewriting trap file for /root/Openjdk8u65_db/trap/java/classes/java/lang/ClassLoader.members/ClassLoader.members#52.0-1747531752724-java.trap.gz as /root/Openjdk8u65_db/trap/java/classes/java/lang/ClassLoader.members/ClassLoader.members#0.0-1747530168000-java.trap.gz exists
[2025-05-18 01:32:38] [javac-extractor-45658] [WARN] Not rewriting trap file for /root/Openjdk8u65_db/trap/java/classes/java/lang/ClassNotFoundException.members/ClassNotFoundException.members#52.0-1747531751574-java.trap.gz as /root/Openjdk8u65_db/trap/java/classes/java/lang/ClassNotFoundException.members/ClassNotFoundException.members#0.0-1747530087000-java.trap.gz exists
[2025-05-18 01:32:38] [javac-extractor-45658] [WARN] Not rewriting trap file for /root/Openjdk8u65_db/trap/java/classes/java/lang/ClassValue$ClassValueMap.members/ClassValue$ClassValueMap.members#52.0-1747531753034-java.trap.gz as /root/Openjdk8u65_db/trap/java/classes/java/lang/ClassValue$ClassValueMap.members/ClassValue$ClassValueMap.members#0.0-1747530168000-java.trap.gz exists
[2025-05-18 01:32:38] [javac-extractor-45658] [WARN] Not rewriting trap file for /root/Openjdk8u65_db/trap/java/classes/java/lang/Exception.members/Exception.members#52.0-1747531750874-java.trap.gz as /root/Openjdk8u65_db/trap/java/classes/java/lang/Exception.members/Exception.members#0.0-1747530087000-java.trap.gz exists
[2025-05-18 01:32:38] [javac-extractor-45658] [WARN] Not rewriting trap file for /root/Openjdk8u65_db/trap/java/classes/java/lang/IllegalThreadStateException.members/IllegalThreadStateException.members#52.0-1747531756424-java.trap.gz as /root/Openjdk8u65_db/trap/java/classes/java/lang/IllegalThreadStateException.members/IllegalThreadStateException.members#0.0-1747530087000-java.trap.gz exists
[2025-05-18 01:32:38] [javac-extractor-45658] [WARN] Not rewriting trap file for /root/Openjdk8u65_db/trap/java/classes/java/awt/event/InputEvent.members/InputEvent.members#52.0-1747531756294-java.trap.gz as /root/Openjdk8u65_db/trap/java/classes/java/awt/event/InputEvent.members/InputEvent.members#0.0-1747530087000-java.trap.gz exists
[2025-05-18 01:32:38] [javac-extractor-45658] Processing file /root/jdk8u/jdk/src/share/demo/applets/SortDemo/SortAlgorithm.java
[2025-05-18 01:32:38] [javac-extractor-45658] [WARN] Not rewriting trap file for /root/Openjdk8u65_db/trap/java/classes/SortAlgorithm.members/SortAlgorithm.members#0.0-1747530088000-java.trap.gz as it exists
[2025-05-18 01:32:38] [javac-extractor-45658] [WARN] Not rewriting trap file for /root/Openjdk8u65_db/trap/java/classes/java/lang/Object.members/Object.members#52.0-1747531750714-java.trap.gz as /root/Openjdk8u65_db/trap/java/classes/java/lang/Object.members/Object.members#0.0-1747530087000-java.trap.gz exists
[2025-05-18 01:32:38] [javac-extractor-45658] [WARN] Not rewriting trap file for /root/Openjdk8u65_db/trap/java/classes/java/lang/Cloneable.members/Cloneable.members#52.0-1747531752494-java.trap.gz as /root/Openjdk8u65_db/trap/java/classes/java/lang/Cloneable.members/Cloneable.members#0.0-1747530087000-java.trap.gz exists
[2025-05-18 01:32:38] [javac-extractor-45658] [WARN] Not rewriting trap file for /root/Openjdk8u65_db/trap/java/classes/java/io/Serializable.members/Serializable.members#52.0-1747531750714-java.trap.gz as /root/Openjdk8u65_db/trap/java/classes/java/io/Serializable.members/Serializable.members#0.0-1747530087000-java.trap.gz exists
[2025-05-18 01:32:38] [javac-extractor-45658] [WARN] Not rewriting trap file for /root/Openjdk8u65_db/trap/java/classes/java/lang/Exception.members/Exception.members#52.0-1747531750874-java.trap.gz as /root/Openjdk8u65_db/trap/java/classes/java/lang/Exception.members/Exception.members#0.0-1747530087000-java.trap.gz exists
[2025-05-18 01:32:38] [javac-extractor-45658] [WARN] Not rewriting trap file for /root/Openjdk8u65_db/trap/java/classes/SortItem.members/SortItem.members#0.0-1747530088000-java.trap.gz as it exists
[2025-05-18 01:32:38] [javac-extractor-45658] [WARN] Not rewriting trap file for /root/Openjdk8u65_db/trap/java/classes/java/lang/String.members/String.members#52.0-1747531750834-java.trap.gz as /root/Openjdk8u65_db/trap/java/classes/java/lang/String.members/String.members#0.0-1747530087000-java.trap.gz exists
[2025-05-18 01:32:38] [javac-extractor-45658] Processing file /root/jdk8u/jdk/src/share/demo/applets/SortDemo/QSortAlgorithm.java
[2025-05-18 01:32:38] [javac-extractor-45658] [WARN] Not rewriting trap file for /root/Openjdk8u65_db/trap/java/classes/java/lang/Object.members/Object.members#52.0-1747531750714-java.trap.gz as /root/Openjdk8u65_db/trap/java/classes/java/lang/Object.members/Object.members#0.0-1747530087000-java.trap.gz exists
[2025-05-18 01:32:38] [javac-extractor-45658] [WARN] Not rewriting trap file for /root/Openjdk8u65_db/trap/java/classes/java/lang/Cloneable.members/Cloneable.members#52.0-1747531752494-java.trap.gz as /root/Openjdk8u65_db/trap/java/classes/java/lang/Cloneable.members/Cloneable.members#0.0-1747530087000-java.trap.gz exists
[2025-05-18 01:32:38] [javac-extractor-45658] [WARN] Not rewriting trap file for /root/Openjdk8u65_db/trap/java/classes/java/io/Serializable.members/Serializable.members#52.0-1747531750714-java.trap.gz as /root/Openjdk8u65_db/trap/java/classes/java/io/Serializable.members/Serializable.members#0.0-1747530087000-java.trap.gz exists
[2025-05-18 01:32:38] [javac-extractor-45658] [WARN] Not rewriting trap file for /root/Openjdk8u65_db/trap/java/classes/java/lang/Exception.members/Exception.members#52.0-1747531750874-java.trap.gz as /root/Openjdk8u65_db/trap/java/classes/java/lang/Exception.members/Exception.members#0.0-1747530087000-java.trap.gz exists
[2025-05-18 01:32:38] [javac-extractor-45658] [WARN] Not rewriting trap file for /root/Openjdk8u65_db/trap/java/classes/SortAlgorithm.members/SortAlgorithm.members#0.0-1747530088000-java.trap.gz as it exists
[2025-05-18 01:32:38] [javac-extractor-45658] [WARN] Not rewriting trap file for /root/Openjdk8u65_db/trap/java/classes/java/lang/Override.members/Override.members#52.0-1747531757164-java.trap.gz as /root/Openjdk8u65_db/trap/java/classes/java/lang/Override.members/Override.members#0.0-1747530087000-java.trap.gz exists
[2025-05-18 01:32:38] [javac-extractor-45658] Processing file /root/jdk8u/jdk/src/share/demo/applets/SortDemo/BidirBubbleSortAlgorithm.java
[2025-05-18 01:32:38] [javac-extractor-45658] [WARN] Not rewriting trap file for /root/Openjdk8u65_db/trap/java/classes/java/lang/Object.members/Object.members#52.0-1747531750714-java.trap.gz as /root/Openjdk8u65_db/trap/java/classes/java/lang/Object.members/Object.members#0.0-1747530087000-java.trap.gz exists
[2025-05-18 01:32:38] [javac-extractor-45658] [WARN] Not rewriting trap file for /root/Openjdk8u65_db/trap/java/classes/java/lang/Cloneable.members/Cloneable.members#52.0-1747531752494-java.trap.gz as /root/Openjdk8u65_db/trap/java/classes/java/lang/Cloneable.members/Cloneable.members#0.0-1747530087000-java.trap.gz exists
[2025-05-18 01:32:38] [javac-extractor-45658] [WARN] Not rewriting trap file for /root/Openjdk8u65_db/trap/java/classes/java/io/Serializable.members/Serializable.members#52.0-1747531750714-java.trap.gz as /root/Openjdk8u65_db/trap/java/classes/java/io/Serializable.members/Serializable.members#0.0-1747530087000-java.trap.gz exists
[2025-05-18 01:32:38] [javac-extractor-45658] [WARN] Not rewriting trap file for /root/Openjdk8u65_db/trap/java/classes/java/lang/Override.members/Override.members#52.0-1747531757164-java.trap.gz as /root/Openjdk8u65_db/trap/java/classes/java/lang/Override.members/Override.members#0.0-1747530087000-java.trap.gz exists
[2025-05-18 01:32:38] [javac-extractor-45658] [WARN] Not rewriting trap file for /root/Openjdk8u65_db/trap/java/classes/java/lang/Exception.members/Exception.members#52.0-1747531750874-java.trap.gz as /root/Openjdk8u65_db/trap/java/classes/java/lang/Exception.members/Exception.members#0.0-1747530087000-java.trap.gz exists
[2025-05-18 01:32:38] [javac-extractor-45658] [WARN] Not rewriting trap file for /root/Openjdk8u65_db/trap/java/classes/SortAlgorithm.members/SortAlgorithm.members#0.0-1747530088000-java.trap.gz as it exists
[2025-05-18 01:32:38] [javac-extractor-45658] Processing file /root/jdk8u/jdk/src/share/demo/applets/SortDemo/BubbleSortAlgorithm.java
[2025-05-18 01:32:38] [javac-extractor-45658] [WARN] Not rewriting trap file for /root/Openjdk8u65_db/trap/java/classes/java/lang/Object.members/Object.members#52.0-1747531750714-java.trap.gz as /root/Openjdk8u65_db/trap/java/classes/java/lang/Object.members/Object.members#0.0-1747530087000-java.trap.gz exists
[2025-05-18 01:32:38] [javac-extractor-45658] [WARN] Not rewriting trap file for /root/Openjdk8u65_db/trap/java/classes/java/lang/Cloneable.members/Cloneable.members#52.0-1747531752494-java.trap.gz as /root/Openjdk8u65_db/trap/java/classes/java/lang/Cloneable.members/Cloneable.members#0.0-1747530087000-java.trap.gz exists
[2025-05-18 01:32:38] [javac-extractor-45658] [WARN] Not rewriting trap file for /root/Openjdk8u65_db/trap/java/classes/java/io/Serializable.members/Serializable.members#52.0-1747531750714-java.trap.gz as /root/Openjdk8u65_db/trap/java/classes/java/io/Serializable.members/Serializable.members#0.0-1747530087000-java.trap.gz exists
[2025-05-18 01:32:38] [javac-extractor-45658] [WARN] Not rewriting trap file for /root/Openjdk8u65_db/trap/java/classes/java/lang/Override.members/Override.members#52.0-1747531757164-java.trap.gz as /root/Openjdk8u65_db/trap/java/classes/java/lang/Override.members/Override.members#0.0-1747530087000-java.trap.gz exists
[2025-05-18 01:32:38] [javac-extractor-45658] [WARN] Not rewriting trap file for /root/Openjdk8u65_db/trap/java/classes/java/lang/Exception.members/Exception.members#52.0-1747531750874-java.trap.gz as /root/Openjdk8u65_db/trap/java/classes/java/lang/Exception.members/Exception.members#0.0-1747530087000-java.trap.gz exists
[2025-05-18 01:32:38] [javac-extractor-45658] [WARN] Not rewriting trap file for /root/Openjdk8u65_db/trap/java/classes/SortAlgorithm.members/SortAlgorithm.members#0.0-1747530088000-java.trap.gz as it exists
[2025-05-18 01:32:38] [javac-extractor-45658] Javac init time: 0.7s
[2025-05-18 01:32:38] [javac-extractor-45658] Javac attr time: 0.1s
[2025-05-18 01:32:38] [javac-extractor-45658] Extractor time: 0.2s
[2025-05-18 01:32:38] [javac-extractor-45658] Other time: 0.1s
[2025-05-18 01:32:38] [javac-extractor-45658] Total time: 1.1s
