[2025-05-18 01:32:38] [javac-extractor-45808] Starting extraction for:
                                              sun.java.command=com.semmle.extractor.java.JavaExtractor --jdk-version -1 --javac-args @@@/root/Openjdk8u65_db/log/ext/javac-39.args
                                              user.dir=/root/jdk8u/jdk/make
[2025-05-18 01:32:38] [javac-extractor-45808] Compilation name /root/Openjdk8u65_db/trap/java/diagnostics/diagnostic-17.trap.gz
[2025-05-18 01:32:39] [javac-extractor-45808] Annotation processor class 'lombok.launch.AnnotationProcessorHider$AnnotationProcessor' initialized.
[2025-05-18 01:32:39] [javac-extractor-45808] Annotation processor class 'lombok.launch.AnnotationProcessorHider$ClaimingProcessor' initialized.
[2025-05-18 01:32:39] [javac-extractor-45808] Processing file /root/jdk8u/jdk/src/share/demo/jfc/CodePointIM/CodePointIM.java
[2025-05-18 01:32:39] [javac-extractor-45808] [WARN] Not rewriting trap file for /root/Openjdk8u65_db/trap/java/classes/java/util/Locale.members/Locale.members#52.0-1747531752494-java.trap.gz as /root/Openjdk8u65_db/trap/java/classes/java/util/Locale.members/Locale.members#0.0-1747530087000-java.trap.gz exists
[2025-05-18 01:32:39] [javac-extractor-45808] [WARN] Not rewriting trap file for /root/Openjdk8u65_db/trap/java/classes/java/util/MissingResourceException.members/MissingResourceException.members#52.0-1747531753324-java.trap.gz as /root/Openjdk8u65_db/trap/java/classes/java/util/MissingResourceException.members/MissingResourceException.members#0.0-1747530087000-java.trap.gz exists
[2025-05-18 01:32:39] [javac-extractor-45808] [WARN] Not rewriting trap file for /root/Openjdk8u65_db/trap/java/classes/java/util/ResourceBundle.members/ResourceBundle.members#52.0-1747531755904-java.trap.gz as /root/Openjdk8u65_db/trap/java/classes/java/util/ResourceBundle.members/ResourceBundle.members#0.0-1747530168000-java.trap.gz exists
[2025-05-18 01:32:39] [javac-extractor-45808] [WARN] Not rewriting trap file for /root/Openjdk8u65_db/trap/java/classes/java/lang/Object.members/Object.members#52.0-1747531750714-java.trap.gz as /root/Openjdk8u65_db/trap/java/classes/java/lang/Object.members/Object.members#0.0-1747530087000-java.trap.gz exists
[2025-05-18 01:32:39] [javac-extractor-45808] [WARN] Not rewriting trap file for /root/Openjdk8u65_db/trap/java/classes/java/lang/String.members/String.members#52.0-1747531750834-java.trap.gz as /root/Openjdk8u65_db/trap/java/classes/java/lang/String.members/String.members#0.0-1747530087000-java.trap.gz exists
[2025-05-18 01:32:39] [javac-extractor-45808] [WARN] Not rewriting trap file for /root/Openjdk8u65_db/trap/java/classes/java/lang/Cloneable.members/Cloneable.members#52.0-1747531752494-java.trap.gz as /root/Openjdk8u65_db/trap/java/classes/java/lang/Cloneable.members/Cloneable.members#0.0-1747530087000-java.trap.gz exists
[2025-05-18 01:32:39] [javac-extractor-45808] [WARN] Not rewriting trap file for /root/Openjdk8u65_db/trap/java/classes/java/io/Serializable.members/Serializable.members#52.0-1747531750714-java.trap.gz as /root/Openjdk8u65_db/trap/java/classes/java/io/Serializable.members/Serializable.members#0.0-1747530087000-java.trap.gz exists
[2025-05-18 01:32:39] [javac-extractor-45808] [WARN] Not rewriting trap file for /root/Openjdk8u65_db/trap/java/classes/java/io/PrintStream.members/PrintStream.members#52.0-1747531752564-java.trap.gz as /root/Openjdk8u65_db/trap/java/classes/java/io/PrintStream.members/PrintStream.members#0.0-1747530087000-java.trap.gz exists
[2025-05-18 01:32:39] [javac-extractor-45808] [WARN] Not rewriting trap file for /root/Openjdk8u65_db/trap/java/classes/java/lang/System.members/System.members#52.0-1747531757154-java.trap.gz as /root/Openjdk8u65_db/trap/java/classes/java/lang/System.members/System.members#0.0-1747530168000-java.trap.gz exists
[2025-05-18 01:32:39] [javac-extractor-45808] [WARN] Not rewriting trap file for /root/Openjdk8u65_db/trap/java/classes/java/lang/Throwable.members/Throwable.members#52.0-1747531750884-java.trap.gz as /root/Openjdk8u65_db/trap/java/classes/java/lang/Throwable.members/Throwable.members#0.0-1747530168000-java.trap.gz exists
[2025-05-18 01:32:40] [javac-extractor-45808] Processing file /root/jdk8u/jdk/src/share/demo/jfc/CodePointIM/com/sun/inputmethods/internal/codepointim/CodePointInputMethod.java
[2025-05-18 01:32:40] [javac-extractor-45808] [WARN] Not rewriting trap file for /root/Openjdk8u65_db/trap/java/classes/java/awt/AWTEvent.members/AWTEvent.members#52.0-1747531756274-java.trap.gz as /root/Openjdk8u65_db/trap/java/classes/java/awt/AWTEvent.members/AWTEvent.members#0.0-1747530087000-java.trap.gz exists
[2025-05-18 01:32:40] [javac-extractor-45808] [WARN] Not rewriting trap file for /root/Openjdk8u65_db/trap/java/classes/java/awt/Toolkit.members/Toolkit.members#52.0-1747531756334-java.trap.gz as /root/Openjdk8u65_db/trap/java/classes/java/awt/Toolkit.members/Toolkit.members#0.0-1747530168000-java.trap.gz exists
[2025-05-18 01:32:40] [javac-extractor-45808] [WARN] Not rewriting trap file for /root/Openjdk8u65_db/trap/java/classes/java/awt/Rectangle.members/Rectangle.members#52.0-1747531756334-java.trap.gz as /root/Openjdk8u65_db/trap/java/classes/java/awt/Rectangle.members/Rectangle.members#0.0-1747530087000-java.trap.gz exists
[2025-05-18 01:32:40] [javac-extractor-45808] [WARN] Not rewriting trap file for /root/Openjdk8u65_db/trap/java/classes/java/awt/event/InputMethodEvent.members/InputMethodEvent.members#52.0-1747531756354-java.trap.gz as /root/Openjdk8u65_db/trap/java/classes/java/awt/event/InputMethodEvent.members/InputMethodEvent.members#0.0-1747530087000-java.trap.gz exists
[2025-05-18 01:32:40] [javac-extractor-45808] [WARN] Not rewriting trap file for /root/Openjdk8u65_db/trap/java/classes/java/awt/event/KeyEvent.members/KeyEvent.members#52.0-1747531756294-java.trap.gz as /root/Openjdk8u65_db/trap/java/classes/java/awt/event/KeyEvent.members/KeyEvent.members#0.0-1747530087000-java.trap.gz exists
[2025-05-18 01:32:40] [javac-extractor-45808] [WARN] Not rewriting trap file for /root/Openjdk8u65_db/trap/java/classes/java/awt/font/TextAttribute.members/TextAttribute.members#52.0-1747531756264-java.trap.gz as /root/Openjdk8u65_db/trap/java/classes/java/awt/font/TextAttribute.members/TextAttribute.members#0.0-1747530087000-java.trap.gz exists
[2025-05-18 01:32:40] [javac-extractor-45808] [WARN] Not rewriting trap file for /root/Openjdk8u65_db/trap/java/classes/java/awt/font/TextHitInfo.members/TextHitInfo.members#52.0-1747531756504-java.trap.gz as /root/Openjdk8u65_db/trap/java/classes/java/awt/font/TextHitInfo.members/TextHitInfo.members#0.0-1747530087000-java.trap.gz exists
[2025-05-18 01:32:40] [javac-extractor-45808] [WARN] Not rewriting trap file for /root/Openjdk8u65_db/trap/java/classes/java/awt/im/InputMethodHighlight.members/InputMethodHighlight.members#52.0-1747531756484-java.trap.gz as /root/Openjdk8u65_db/trap/java/classes/java/awt/im/InputMethodHighlight.members/InputMethodHighlight.members#0.0-1747530087000-java.trap.gz exists
[2025-05-18 01:32:40] [javac-extractor-45808] [WARN] Not rewriting trap file for /root/Openjdk8u65_db/trap/java/classes/java/awt/im/spi/InputMethod.members/InputMethod.members#52.0-1747531757564-java.trap.gz as /root/Openjdk8u65_db/trap/java/classes/java/awt/im/spi/InputMethod.members/InputMethod.members#0.0-1747530087000-java.trap.gz exists
[2025-05-18 01:32:40] [javac-extractor-45808] [WARN] Not rewriting trap file for /root/Openjdk8u65_db/trap/java/classes/java/awt/im/spi/InputMethodContext.members/InputMethodContext.members#52.0-1747531757564-java.trap.gz as /root/Openjdk8u65_db/trap/java/classes/java/awt/im/spi/InputMethodContext.members/InputMethodContext.members#0.0-1747530087000-java.trap.gz exists
[2025-05-18 01:32:40] [javac-extractor-45808] [WARN] Not rewriting trap file for /root/Openjdk8u65_db/trap/java/classes/java/io/IOException.members/IOException.members#52.0-1747531751574-java.trap.gz as /root/Openjdk8u65_db/trap/java/classes/java/io/IOException.members/IOException.members#0.0-1747530087000-java.trap.gz exists
[2025-05-18 01:32:40] [javac-extractor-45808] [WARN] Not rewriting trap file for /root/Openjdk8u65_db/trap/java/classes/java/text/AttributedString.members/AttributedString.members#52.0-1747531757654-java.trap.gz as /root/Openjdk8u65_db/trap/java/classes/java/text/AttributedString.members/AttributedString.members#0.0-1747530087000-java.trap.gz exists
[2025-05-18 01:32:40] [javac-extractor-45808] [WARN] Not rewriting trap file for /root/Openjdk8u65_db/trap/java/classes/java/util/Locale.members/Locale.members#52.0-1747531752494-java.trap.gz as /root/Openjdk8u65_db/trap/java/classes/java/util/Locale.members/Locale.members#0.0-1747530087000-java.trap.gz exists
[2025-05-18 01:32:40] [javac-extractor-45808] [WARN] Not rewriting trap file for /root/Openjdk8u65_db/trap/java/classes/java/lang/StringBuffer.members/StringBuffer.members#52.0-1747531752364-java.trap.gz as /root/Openjdk8u65_db/trap/java/classes/java/lang/StringBuffer.members/StringBuffer.members#0.0-1747530168000-java.trap.gz exists
[2025-05-18 01:32:40] [javac-extractor-45808] [WARN] Not rewriting trap file for /root/Openjdk8u65_db/trap/java/classes/java/lang/Object.members/Object.members#52.0-1747531750714-java.trap.gz as /root/Openjdk8u65_db/trap/java/classes/java/lang/Object.members/Object.members#0.0-1747530087000-java.trap.gz exists
[2025-05-18 01:32:40] [javac-extractor-45808] [WARN] Not rewriting trap file for /root/Openjdk8u65_db/trap/java/classes/java/awt/event/InputEvent.members/InputEvent.members#52.0-1747531756294-java.trap.gz as /root/Openjdk8u65_db/trap/java/classes/java/awt/event/InputEvent.members/InputEvent.members#0.0-1747530087000-java.trap.gz exists
[2025-05-18 01:32:40] [javac-extractor-45808] [WARN] Not rewriting trap file for /root/Openjdk8u65_db/trap/java/classes/java/lang/Character.members/Character.members#52.0-1747531753314-java.trap.gz as /root/Openjdk8u65_db/trap/java/classes/java/lang/Character.members/Character.members#0.0-1747530168000-java.trap.gz exists
[2025-05-18 01:32:40] [javac-extractor-45808] [WARN] Not rewriting trap file for /root/Openjdk8u65_db/trap/java/classes/java/lang/String.members/String.members#52.0-1747531750834-java.trap.gz as /root/Openjdk8u65_db/trap/java/classes/java/lang/String.members/String.members#0.0-1747530087000-java.trap.gz exists
[2025-05-18 01:32:40] [javac-extractor-45808] [WARN] Not rewriting trap file for /root/Openjdk8u65_db/trap/java/classes/java/text/AttributedCharacterIterator$Attribute.members/AttributedCharacterIterator$Attribute.members#52.0-1747531753934-java.trap.gz as /root/Openjdk8u65_db/trap/java/classes/java/text/AttributedCharacterIterator$Attribute.members/AttributedCharacterIterator$Attribute.members#0.0-1747530087000-java.trap.gz exists
[2025-05-18 01:32:40] [javac-extractor-45808] [WARN] Not rewriting trap file for /root/Openjdk8u65_db/trap/java/classes/java/text/AttributedCharacterIterator.members/AttributedCharacterIterator.members#52.0-1747531753934-java.trap.gz as /root/Openjdk8u65_db/trap/java/classes/java/text/AttributedCharacterIterator.members/AttributedCharacterIterator.members#0.0-1747530087000-java.trap.gz exists
[2025-05-18 01:32:40] [javac-extractor-45808] [WARN] Not rewriting trap file for /root/Openjdk8u65_db/trap/java/classes/java/lang/Cloneable.members/Cloneable.members#52.0-1747531752494-java.trap.gz as /root/Openjdk8u65_db/trap/java/classes/java/lang/Cloneable.members/Cloneable.members#0.0-1747530087000-java.trap.gz exists
[2025-05-18 01:32:40] [javac-extractor-45808] [WARN] Not rewriting trap file for /root/Openjdk8u65_db/trap/java/classes/java/io/Serializable.members/Serializable.members#52.0-1747531750714-java.trap.gz as /root/Openjdk8u65_db/trap/java/classes/java/io/Serializable.members/Serializable.members#0.0-1747530087000-java.trap.gz exists
[2025-05-18 01:32:40] [javac-extractor-45808] [WARN] Not rewriting trap file for /root/Openjdk8u65_db/trap/java/classes/java/lang/UnsupportedOperationException.members/UnsupportedOperationException.members#52.0-1747531753154-java.trap.gz as /root/Openjdk8u65_db/trap/java/classes/java/lang/UnsupportedOperationException.members/UnsupportedOperationException.members#0.0-1747530087000-java.trap.gz exists
[2025-05-18 01:32:40] [javac-extractor-45808] [WARN] Not rewriting trap file for /root/Openjdk8u65_db/trap/java/classes/java/lang/Character$Subset.members/Character$Subset.members#52.0-1747531753304-java.trap.gz as /root/Openjdk8u65_db/trap/java/classes/java/lang/Character$Subset.members/Character$Subset.members#0.0-1747530168000-java.trap.gz exists
[2025-05-18 01:32:40] [javac-extractor-45808] Processing file /root/jdk8u/jdk/src/share/demo/jfc/CodePointIM/com/sun/inputmethods/internal/codepointim/CodePointInputMethodDescriptor.java
[2025-05-18 01:32:40] [javac-extractor-45808] [WARN] Not rewriting trap file for /root/Openjdk8u65_db/trap/java/classes/java/awt/Image.members/Image.members#52.0-1747531756194-java.trap.gz as /root/Openjdk8u65_db/trap/java/classes/java/awt/Image.members/Image.members#0.0-1747530087000-java.trap.gz exists
[2025-05-18 01:32:40] [javac-extractor-45808] [WARN] Not rewriting trap file for /root/Openjdk8u65_db/trap/java/classes/java/awt/im/spi/InputMethodDescriptor.members/InputMethodDescriptor.members#52.0-1747531757564-java.trap.gz as /root/Openjdk8u65_db/trap/java/classes/java/awt/im/spi/InputMethodDescriptor.members/InputMethodDescriptor.members#0.0-1747530087000-java.trap.gz exists
[2025-05-18 01:32:40] [javac-extractor-45808] [WARN] Not rewriting trap file for /root/Openjdk8u65_db/trap/java/classes/java/awt/im/spi/InputMethod.members/InputMethod.members#52.0-1747531757564-java.trap.gz as /root/Openjdk8u65_db/trap/java/classes/java/awt/im/spi/InputMethod.members/InputMethod.members#0.0-1747530087000-java.trap.gz exists
[2025-05-18 01:32:40] [javac-extractor-45808] [WARN] Not rewriting trap file for /root/Openjdk8u65_db/trap/java/classes/java/util/Locale.members/Locale.members#52.0-1747531752494-java.trap.gz as /root/Openjdk8u65_db/trap/java/classes/java/util/Locale.members/Locale.members#0.0-1747530087000-java.trap.gz exists
[2025-05-18 01:32:40] [javac-extractor-45808] [WARN] Not rewriting trap file for /root/Openjdk8u65_db/trap/java/classes/java/lang/Object.members/Object.members#52.0-1747531750714-java.trap.gz as /root/Openjdk8u65_db/trap/java/classes/java/lang/Object.members/Object.members#0.0-1747530087000-java.trap.gz exists
[2025-05-18 01:32:40] [javac-extractor-45808] [WARN] Not rewriting trap file for /root/Openjdk8u65_db/trap/java/classes/java/lang/Exception.members/Exception.members#52.0-1747531750874-java.trap.gz as /root/Openjdk8u65_db/trap/java/classes/java/lang/Exception.members/Exception.members#0.0-1747530087000-java.trap.gz exists
[2025-05-18 01:32:40] [javac-extractor-45808] [WARN] Not rewriting trap file for /root/Openjdk8u65_db/trap/java/classes/com/sun/inputmethods/internal/codepointim/CodePointInputMethod.members/CodePointInputMethod.members#0.0-1747530088000-java.trap.gz as it exists
[2025-05-18 01:32:40] [javac-extractor-45808] [WARN] Not rewriting trap file for /root/Openjdk8u65_db/trap/java/classes/java/lang/Cloneable.members/Cloneable.members#52.0-1747531752494-java.trap.gz as /root/Openjdk8u65_db/trap/java/classes/java/lang/Cloneable.members/Cloneable.members#0.0-1747530087000-java.trap.gz exists
[2025-05-18 01:32:40] [javac-extractor-45808] [WARN] Not rewriting trap file for /root/Openjdk8u65_db/trap/java/classes/java/io/Serializable.members/Serializable.members#52.0-1747531750714-java.trap.gz as /root/Openjdk8u65_db/trap/java/classes/java/io/Serializable.members/Serializable.members#0.0-1747530087000-java.trap.gz exists
[2025-05-18 01:32:40] [javac-extractor-45808] [WARN] Not rewriting trap file for /root/Openjdk8u65_db/trap/java/classes/java/lang/String.members/String.members#52.0-1747531750834-java.trap.gz as /root/Openjdk8u65_db/trap/java/classes/java/lang/String.members/String.members#0.0-1747530087000-java.trap.gz exists
[2025-05-18 01:32:40] [javac-extractor-45808] Javac init time: 0.7s
[2025-05-18 01:32:40] [javac-extractor-45808] Javac attr time: 0.1s
[2025-05-18 01:32:40] [javac-extractor-45808] Extractor time: 0.2s
[2025-05-18 01:32:40] [javac-extractor-45808] Other time: 0.1s
[2025-05-18 01:32:40] [javac-extractor-45808] Total time: 1.1s
