[2025-05-18 01:32:54] [javac-extractor-47830] Starting extraction for:
                                              sun.java.command=com.semmle.extractor.java.JavaExtractor --jdk-version -1 --javac-args @@@/root/Openjdk8u65_db/log/ext/javac-57.args
                                              user.dir=/root/jdk8u/jdk/make
[2025-05-18 01:32:54] [javac-extractor-47830] Compilation name /root/Openjdk8u65_db/trap/java/diagnostics/diagnostic-35.trap.gz
[2025-05-18 01:32:55] [javac-extractor-47830] Annotation processor class 'lombok.launch.AnnotationProcessorHider$AnnotationProcessor' initialized.
[2025-05-18 01:32:55] [javac-extractor-47830] Annotation processor class 'lombok.launch.AnnotationProcessorHider$ClaimingProcessor' initialized.
[2025-05-18 01:32:55] [javac-extractor-47830] Processing file /root/jdk8u/jdk/src/share/demo/jvmti/minst/Minst.java
[2025-05-18 01:32:55] [javac-extractor-47830] [WARN] Not rewriting trap file for /root/Openjdk8u65_db/trap/java/classes/java/lang/Object.members/Object.members#52.0-1747531750714-java.trap.gz as /root/Openjdk8u65_db/trap/java/classes/java/lang/Object.members/Object.members#0.0-1747530087000-java.trap.gz exists
[2025-05-18 01:32:55] [javac-extractor-47830] [WARN] Not rewriting trap file for /root/Openjdk8u65_db/trap/java/classes/java/lang/Class.members/Class.members#52.0-1747531751064-java.trap.gz as /root/Openjdk8u65_db/trap/java/classes/java/lang/Class.members/Class.members#0.0-1747530087000-java.trap.gz exists
[2025-05-18 01:32:55] [javac-extractor-47830] [WARN] Not rewriting trap file for /root/Openjdk8u65_db/trap/java/classes/java/io/Serializable.members/Serializable.members#52.0-1747531750714-java.trap.gz as /root/Openjdk8u65_db/trap/java/classes/java/io/Serializable.members/Serializable.members#0.0-1747530087000-java.trap.gz exists
[2025-05-18 01:32:55] [javac-extractor-47830] [WARN] Not rewriting trap file for /root/Openjdk8u65_db/trap/java/classes/java/lang/reflect/GenericDeclaration.members/GenericDeclaration.members#52.0-1747531751064-java.trap.gz as /root/Openjdk8u65_db/trap/java/classes/java/lang/reflect/GenericDeclaration.members/GenericDeclaration.members#0.0-1747530087000-java.trap.gz exists
[2025-05-18 01:32:55] [javac-extractor-47830] [WARN] Not rewriting trap file for /root/Openjdk8u65_db/trap/java/classes/java/lang/reflect/Type.members/Type.members#52.0-1747531751204-java.trap.gz as /root/Openjdk8u65_db/trap/java/classes/java/lang/reflect/Type.members/Type.members#0.0-1747530087000-java.trap.gz exists
[2025-05-18 01:32:55] [javac-extractor-47830] [WARN] Not rewriting trap file for /root/Openjdk8u65_db/trap/java/classes/java/lang/reflect/AnnotatedElement.members/AnnotatedElement.members#52.0-1747531751204-java.trap.gz as /root/Openjdk8u65_db/trap/java/classes/java/lang/reflect/AnnotatedElement.members/AnnotatedElement.members#0.0-1747530087000-java.trap.gz exists
[2025-05-18 01:32:55] [javac-extractor-47830] [WARN] Not rewriting trap file for /root/Openjdk8u65_db/trap/java/classes/java/lang/String.members/String.members#52.0-1747531750834-java.trap.gz as /root/Openjdk8u65_db/trap/java/classes/java/lang/String.members/String.members#0.0-1747530087000-java.trap.gz exists
[2025-05-18 01:32:55] [javac-extractor-47830] [WARN] Not rewriting trap file for /root/Openjdk8u65_db/trap/java/classes/java/lang/Exception.members/Exception.members#52.0-1747531750874-java.trap.gz as /root/Openjdk8u65_db/trap/java/classes/java/lang/Exception.members/Exception.members#0.0-1747530087000-java.trap.gz exists
[2025-05-18 01:32:55] [javac-extractor-47830] [WARN] Not rewriting trap file for /root/Openjdk8u65_db/trap/java/classes/java/lang/StackTraceElement.members/StackTraceElement.members#52.0-1747531752534-java.trap.gz as /root/Openjdk8u65_db/trap/java/classes/java/lang/StackTraceElement.members/StackTraceElement.members#0.0-1747530087000-java.trap.gz exists
[2025-05-18 01:32:55] [javac-extractor-47830] [WARN] Not rewriting trap file for /root/Openjdk8u65_db/trap/java/classes/java/lang/Cloneable.members/Cloneable.members#52.0-1747531752494-java.trap.gz as /root/Openjdk8u65_db/trap/java/classes/java/lang/Cloneable.members/Cloneable.members#0.0-1747530087000-java.trap.gz exists
[2025-05-18 01:32:55] [javac-extractor-47830] [WARN] Not rewriting trap file for /root/Openjdk8u65_db/trap/java/classes/java/lang/Throwable.members/Throwable.members#52.0-1747531750884-java.trap.gz as /root/Openjdk8u65_db/trap/java/classes/java/lang/Throwable.members/Throwable.members#0.0-1747530168000-java.trap.gz exists
[2025-05-18 01:32:55] [javac-extractor-47830] [WARN] Not rewriting trap file for /root/Openjdk8u65_db/trap/java/classes/java/io/PrintStream.members/PrintStream.members#52.0-1747531752564-java.trap.gz as /root/Openjdk8u65_db/trap/java/classes/java/io/PrintStream.members/PrintStream.members#0.0-1747530087000-java.trap.gz exists
[2025-05-18 01:32:55] [javac-extractor-47830] [WARN] Not rewriting trap file for /root/Openjdk8u65_db/trap/java/classes/java/lang/System.members/System.members#52.0-1747531757154-java.trap.gz as /root/Openjdk8u65_db/trap/java/classes/java/lang/System.members/System.members#0.0-1747530168000-java.trap.gz exists
[2025-05-18 01:32:55] [javac-extractor-47830] Javac init time: 0.6s
[2025-05-18 01:32:55] [javac-extractor-47830] Javac attr time: 0.1s
[2025-05-18 01:32:55] [javac-extractor-47830] Extractor time: 0.0s
[2025-05-18 01:32:55] [javac-extractor-47830] Other time: 0.1s
[2025-05-18 01:32:55] [javac-extractor-47830] Total time: 0.8s
