[2025-05-18 01:32:51] [javac-extractor-47270] Starting extraction for:
                                              sun.java.command=com.semmle.extractor.java.JavaExtractor --jdk-version -1 --javac-args @@@/root/Openjdk8u65_db/log/ext/javac-54.args
                                              user.dir=/root/jdk8u/jdk/make
[2025-05-18 01:32:51] [javac-extractor-47270] Compilation name /root/Openjdk8u65_db/trap/java/diagnostics/diagnostic-32.trap.gz
[2025-05-18 01:32:51] [javac-extractor-47270] Annotation processor class 'lombok.launch.AnnotationProcessorHider$AnnotationProcessor' initialized.
[2025-05-18 01:32:52] [javac-extractor-47270] Annotation processor class 'lombok.launch.AnnotationProcessorHider$ClaimingProcessor' initialized.
[2025-05-18 01:32:52] [javac-extractor-47270] Processing file /root/jdk8u/jdk/src/share/demo/management/VerboseGC/VerboseGC.java
[2025-05-18 01:32:52] [javac-extractor-47270] [WARN] Not rewriting trap file for /root/Openjdk8u65_db/trap/java/classes/java/io/IOException.members/IOException.members#52.0-1747531751574-java.trap.gz as /root/Openjdk8u65_db/trap/java/classes/java/io/IOException.members/IOException.members#0.0-1747530087000-java.trap.gz exists
[2025-05-18 01:32:52] [javac-extractor-47270] [WARN] Not rewriting trap file for /root/Openjdk8u65_db/trap/java/classes/java/net/MalformedURLException.members/MalformedURLException.members#52.0-1747531753784-java.trap.gz as /root/Openjdk8u65_db/trap/java/classes/java/net/MalformedURLException.members/MalformedURLException.members#0.0-1747530087000-java.trap.gz exists
[2025-05-18 01:32:52] [javac-extractor-47270] [WARN] Not rewriting trap file for /root/Openjdk8u65_db/trap/java/classes/java/lang/String.members/String.members#52.0-1747531750834-java.trap.gz as /root/Openjdk8u65_db/trap/java/classes/java/lang/String.members/String.members#0.0-1747530087000-java.trap.gz exists
[2025-05-18 01:32:52] [javac-extractor-47270] [WARN] Not rewriting trap file for /root/Openjdk8u65_db/trap/java/classes/javax/management/remote/JMXConnector.members/JMXConnector.members#52.0-1747531758024-java.trap.gz as /root/Openjdk8u65_db/trap/java/classes/javax/management/remote/JMXConnector.members/JMXConnector.members#0.0-1747530088000-java.trap.gz exists
[2025-05-18 01:32:52] [javac-extractor-47270] [WARN] Not rewriting trap file for /root/Openjdk8u65_db/trap/java/classes/javax/management/MBeanServerConnection.members/MBeanServerConnection.members#52.0-1747531757104-java.trap.gz as /root/Openjdk8u65_db/trap/java/classes/javax/management/MBeanServerConnection.members/MBeanServerConnection.members#0.0-1747530087000-java.trap.gz exists
[2025-05-18 01:32:52] [javac-extractor-47270] [WARN] Not rewriting trap file for /root/Openjdk8u65_db/trap/java/classes/java/lang/Object.members/Object.members#52.0-1747531750714-java.trap.gz as /root/Openjdk8u65_db/trap/java/classes/java/lang/Object.members/Object.members#0.0-1747530087000-java.trap.gz exists
[2025-05-18 01:32:52] [javac-extractor-47270] [WARN] Not rewriting trap file for /root/Openjdk8u65_db/trap/java/classes/java/io/PrintStream.members/PrintStream.members#52.0-1747531752564-java.trap.gz as /root/Openjdk8u65_db/trap/java/classes/java/io/PrintStream.members/PrintStream.members#0.0-1747530087000-java.trap.gz exists
[2025-05-18 01:32:52] [javac-extractor-47270] [WARN] Not rewriting trap file for /root/Openjdk8u65_db/trap/java/classes/java/lang/System.members/System.members#52.0-1747531757154-java.trap.gz as /root/Openjdk8u65_db/trap/java/classes/java/lang/System.members/System.members#0.0-1747530168000-java.trap.gz exists
[2025-05-18 01:32:52] [javac-extractor-47270] [WARN] Not rewriting trap file for /root/Openjdk8u65_db/trap/java/classes/java/lang/Thread.members/Thread.members#52.0-1747531753864-java.trap.gz as /root/Openjdk8u65_db/trap/java/classes/java/lang/Thread.members/Thread.members#0.0-1747530168000-java.trap.gz exists
[2025-05-18 01:32:52] [javac-extractor-47270] [WARN] Not rewriting trap file for /root/Openjdk8u65_db/trap/java/classes/java/lang/InterruptedException.members/InterruptedException.members#52.0-1747531751574-java.trap.gz as /root/Openjdk8u65_db/trap/java/classes/java/lang/InterruptedException.members/InterruptedException.members#0.0-1747530087000-java.trap.gz exists
[2025-05-18 01:32:52] [javac-extractor-47270] [WARN] Not rewriting trap file for /root/Openjdk8u65_db/trap/java/classes/java/lang/Throwable.members/Throwable.members#52.0-1747531750884-java.trap.gz as /root/Openjdk8u65_db/trap/java/classes/java/lang/Throwable.members/Throwable.members#0.0-1747530168000-java.trap.gz exists
[2025-05-18 01:32:52] [javac-extractor-47270] [WARN] Not rewriting trap file for /root/Openjdk8u65_db/trap/java/classes/javax/management/remote/JMXServiceURL.members/JMXServiceURL.members#52.0-1747531758024-java.trap.gz as /root/Openjdk8u65_db/trap/java/classes/javax/management/remote/JMXServiceURL.members/JMXServiceURL.members#0.0-1747530088000-java.trap.gz exists
[2025-05-18 01:32:52] [javac-extractor-47270] [WARN] Not rewriting trap file for /root/Openjdk8u65_db/trap/java/classes/javax/management/remote/JMXConnectorFactory.members/JMXConnectorFactory.members#52.0-1747531762854-java.trap.gz as /root/Openjdk8u65_db/trap/java/classes/javax/management/remote/JMXConnectorFactory.members/JMXConnectorFactory.members#0.0-1747530088000-java.trap.gz exists
[2025-05-18 01:32:52] [javac-extractor-47270] [WARN] Not rewriting trap file for /root/Openjdk8u65_db/trap/java/classes/java/lang/Cloneable.members/Cloneable.members#52.0-1747531752494-java.trap.gz as /root/Openjdk8u65_db/trap/java/classes/java/lang/Cloneable.members/Cloneable.members#0.0-1747530087000-java.trap.gz exists
[2025-05-18 01:32:52] [javac-extractor-47270] [WARN] Not rewriting trap file for /root/Openjdk8u65_db/trap/java/classes/java/io/Serializable.members/Serializable.members#52.0-1747531750714-java.trap.gz as /root/Openjdk8u65_db/trap/java/classes/java/io/Serializable.members/Serializable.members#0.0-1747530087000-java.trap.gz exists
[2025-05-18 01:32:52] [javac-extractor-47270] [WARN] Not rewriting trap file for /root/Openjdk8u65_db/trap/java/classes/java/lang/Integer.members/Integer.members#52.0-1747531752524-java.trap.gz as /root/Openjdk8u65_db/trap/java/classes/java/lang/Integer.members/Integer.members#0.0-1747530087000-java.trap.gz exists
[2025-05-18 01:32:52] [javac-extractor-47270] [WARN] Not rewriting trap file for /root/Openjdk8u65_db/trap/java/classes/java/lang/NumberFormatException.members/NumberFormatException.members#52.0-1747531753394-java.trap.gz as /root/Openjdk8u65_db/trap/java/classes/java/lang/NumberFormatException.members/NumberFormatException.members#0.0-1747530087000-java.trap.gz exists
[2025-05-18 01:32:52] [javac-extractor-47270] Processing file /root/jdk8u/jdk/src/share/demo/management/VerboseGC/PrintGCStat.java
[2025-05-18 01:32:52] [javac-extractor-47270] [WARN] Not rewriting trap file for /root/Openjdk8u65_db/trap/java/classes/java/lang/management/ManagementFactory.members/ManagementFactory.members#52.0-1747531757144-java.trap.gz as /root/Openjdk8u65_db/trap/java/classes/java/lang/management/ManagementFactory.members/ManagementFactory.members#0.0-1747530087000-java.trap.gz exists
[2025-05-18 01:32:52] [javac-extractor-47270] [WARN] Not rewriting trap file for /root/Openjdk8u65_db/trap/java/classes/PrintGCStat.members/PrintGCStat.members#0.0-1747530088000-java.trap.gz as it exists
[2025-05-18 01:32:52] [javac-extractor-47270] [WARN] Not rewriting trap file for /root/Openjdk8u65_db/trap/java/classes/java/lang/String.members/String.members#52.0-1747531750834-java.trap.gz as /root/Openjdk8u65_db/trap/java/classes/java/lang/String.members/String.members#0.0-1747530087000-java.trap.gz exists
[2025-05-18 01:32:52] [javac-extractor-47270] [WARN] Not rewriting trap file for /root/Openjdk8u65_db/trap/java/classes/java/lang/management/GarbageCollectorMXBean.members/GarbageCollectorMXBean.members#52.0-1747531757134-java.trap.gz as /root/Openjdk8u65_db/trap/java/classes/java/lang/management/GarbageCollectorMXBean.members/GarbageCollectorMXBean.members#0.0-1747530087000-java.trap.gz exists
[2025-05-18 01:32:52] [javac-extractor-47270] [WARN] Not rewriting trap file for /root/Openjdk8u65_db/trap/java/classes/java/util/List.members/List.members#52.0-1747531752534-java.trap.gz as /root/Openjdk8u65_db/trap/java/classes/java/util/List.members/List.members#0.0-1747530087000-java.trap.gz exists
[2025-05-18 01:32:52] [javac-extractor-47270] [WARN] Not rewriting trap file for /root/Openjdk8u65_db/trap/java/classes/java/util/Collection.members/Collection.members#52.0-1747531752544-java.trap.gz as /root/Openjdk8u65_db/trap/java/classes/java/util/Collection.members/Collection.members#0.0-1747530087000-java.trap.gz exists
[2025-05-18 01:32:52] [javac-extractor-47270] [WARN] Not rewriting trap file for /root/Openjdk8u65_db/trap/java/classes/java/lang/Iterable.members/Iterable.members#52.0-1747531752414-java.trap.gz as /root/Openjdk8u65_db/trap/java/classes/java/lang/Iterable.members/Iterable.members#0.0-1747530087000-java.trap.gz exists
[2025-05-18 01:32:52] [javac-extractor-47270] [WARN] Not rewriting trap file for /root/Openjdk8u65_db/trap/java/classes/java/lang/Object.members/Object.members#52.0-1747531750714-java.trap.gz as /root/Openjdk8u65_db/trap/java/classes/java/lang/Object.members/Object.members#0.0-1747530087000-java.trap.gz exists
[2025-05-18 01:32:52] [javac-extractor-47270] [WARN] Not rewriting trap file for /root/Openjdk8u65_db/trap/java/classes/java/lang/management/MemoryPoolMXBean.members/MemoryPoolMXBean.members#52.0-1747531757124-java.trap.gz as /root/Openjdk8u65_db/trap/java/classes/java/lang/management/MemoryPoolMXBean.members/MemoryPoolMXBean.members#0.0-1747530087000-java.trap.gz exists
[2025-05-18 01:32:52] [javac-extractor-47270] [WARN] Not rewriting trap file for /root/Openjdk8u65_db/trap/java/classes/java/lang/management/MemoryMXBean.members/MemoryMXBean.members#52.0-1747531757144-java.trap.gz as /root/Openjdk8u65_db/trap/java/classes/java/lang/management/MemoryMXBean.members/MemoryMXBean.members#0.0-1747530087000-java.trap.gz exists
[2025-05-18 01:32:52] [javac-extractor-47270] [WARN] Not rewriting trap file for /root/Openjdk8u65_db/trap/java/classes/java/lang/management/RuntimeMXBean.members/RuntimeMXBean.members#52.0-1747531757124-java.trap.gz as /root/Openjdk8u65_db/trap/java/classes/java/lang/management/RuntimeMXBean.members/RuntimeMXBean.members#0.0-1747530087000-java.trap.gz exists
[2025-05-18 01:32:52] [javac-extractor-47270] [WARN] Not rewriting trap file for /root/Openjdk8u65_db/trap/java/classes/javax/management/MBeanServerConnection.members/MBeanServerConnection.members#52.0-1747531757104-java.trap.gz as /root/Openjdk8u65_db/trap/java/classes/javax/management/MBeanServerConnection.members/MBeanServerConnection.members#0.0-1747530087000-java.trap.gz exists
[2025-05-18 01:32:52] [javac-extractor-47270] [WARN] Not rewriting trap file for /root/Openjdk8u65_db/trap/java/classes/java/io/IOException.members/IOException.members#52.0-1747531751574-java.trap.gz as /root/Openjdk8u65_db/trap/java/classes/java/io/IOException.members/IOException.members#0.0-1747530087000-java.trap.gz exists
[2025-05-18 01:32:52] [javac-extractor-47270] [WARN] Not rewriting trap file for /root/Openjdk8u65_db/trap/java/classes/javax/management/ObjectName.members/ObjectName.members#52.0-1747531757094-java.trap.gz as /root/Openjdk8u65_db/trap/java/classes/javax/management/ObjectName.members/ObjectName.members#0.0-1747530087000-java.trap.gz exists
[2025-05-18 01:32:52] [javac-extractor-47270] [WARN] Not rewriting trap file for /root/Openjdk8u65_db/trap/java/classes/java/util/Set.members/Set.members#52.0-1747531752564-java.trap.gz as /root/Openjdk8u65_db/trap/java/classes/java/util/Set.members/Set.members#0.0-1747530087000-java.trap.gz exists
[2025-05-18 01:32:52] [javac-extractor-47270] [WARN] Not rewriting trap file for /root/Openjdk8u65_db/trap/java/classes/javax/management/QueryExp.members/QueryExp.members#52.0-1747531757094-java.trap.gz as /root/Openjdk8u65_db/trap/java/classes/javax/management/QueryExp.members/QueryExp.members#0.0-1747530087000-java.trap.gz exists
[2025-05-18 01:32:52] [javac-extractor-47270] [WARN] Not rewriting trap file for /root/Openjdk8u65_db/trap/java/classes/java/lang/Class.members/Class.members#52.0-1747531751064-java.trap.gz as /root/Openjdk8u65_db/trap/java/classes/java/lang/Class.members/Class.members#0.0-1747530087000-java.trap.gz exists
[2025-05-18 01:32:52] [javac-extractor-47270] [WARN] Not rewriting trap file for /root/Openjdk8u65_db/trap/java/classes/java/io/Serializable.members/Serializable.members#52.0-1747531750714-java.trap.gz as /root/Openjdk8u65_db/trap/java/classes/java/io/Serializable.members/Serializable.members#0.0-1747530087000-java.trap.gz exists
[2025-05-18 01:32:52] [javac-extractor-47270] [WARN] Not rewriting trap file for /root/Openjdk8u65_db/trap/java/classes/java/lang/reflect/GenericDeclaration.members/GenericDeclaration.members#52.0-1747531751064-java.trap.gz as /root/Openjdk8u65_db/trap/java/classes/java/lang/reflect/GenericDeclaration.members/GenericDeclaration.members#0.0-1747530087000-java.trap.gz exists
[2025-05-18 01:32:52] [javac-extractor-47270] [WARN] Not rewriting trap file for /root/Openjdk8u65_db/trap/java/classes/java/lang/reflect/Type.members/Type.members#52.0-1747531751204-java.trap.gz as /root/Openjdk8u65_db/trap/java/classes/java/lang/reflect/Type.members/Type.members#0.0-1747530087000-java.trap.gz exists
[2025-05-18 01:32:52] [javac-extractor-47270] [WARN] Not rewriting trap file for /root/Openjdk8u65_db/trap/java/classes/java/lang/reflect/AnnotatedElement.members/AnnotatedElement.members#52.0-1747531751204-java.trap.gz as /root/Openjdk8u65_db/trap/java/classes/java/lang/reflect/AnnotatedElement.members/AnnotatedElement.members#0.0-1747530087000-java.trap.gz exists
[2025-05-18 01:32:52] [javac-extractor-47270] [WARN] Not rewriting trap file for /root/Openjdk8u65_db/trap/java/classes/javax/management/MalformedObjectNameException.members/MalformedObjectNameException.members#52.0-1747531757094-java.trap.gz as /root/Openjdk8u65_db/trap/java/classes/javax/management/MalformedObjectNameException.members/MalformedObjectNameException.members#0.0-1747530087000-java.trap.gz exists
[2025-05-18 01:32:52] [javac-extractor-47270] [WARN] Not rewriting trap file for /root/Openjdk8u65_db/trap/java/classes/java/util/ArrayList.members/ArrayList.members#52.0-1747531754114-java.trap.gz as /root/Openjdk8u65_db/trap/java/classes/java/util/ArrayList.members/ArrayList.members#0.0-1747530168000-java.trap.gz exists
[2025-05-18 01:32:52] [javac-extractor-47270] [WARN] Not rewriting trap file for /root/Openjdk8u65_db/trap/java/classes/java/util/AbstractList.members/AbstractList.members#52.0-1747531753714-java.trap.gz as /root/Openjdk8u65_db/trap/java/classes/java/util/AbstractList.members/AbstractList.members#0.0-1747530087000-java.trap.gz exists
[2025-05-18 01:32:52] [javac-extractor-47270] [WARN] Not rewriting trap file for /root/Openjdk8u65_db/trap/java/classes/java/util/AbstractCollection.members/AbstractCollection.members#52.0-1747531753714-java.trap.gz as /root/Openjdk8u65_db/trap/java/classes/java/util/AbstractCollection.members/AbstractCollection.members#0.0-1747530087000-java.trap.gz exists
[2025-05-18 01:32:52] [javac-extractor-47270] [WARN] Not rewriting trap file for /root/Openjdk8u65_db/trap/java/classes/java/util/RandomAccess.members/RandomAccess.members#52.0-1747531753714-java.trap.gz as /root/Openjdk8u65_db/trap/java/classes/java/util/RandomAccess.members/RandomAccess.members#0.0-1747530087000-java.trap.gz exists
[2025-05-18 01:32:52] [javac-extractor-47270] [WARN] Not rewriting trap file for /root/Openjdk8u65_db/trap/java/classes/java/lang/Cloneable.members/Cloneable.members#52.0-1747531752494-java.trap.gz as /root/Openjdk8u65_db/trap/java/classes/java/lang/Cloneable.members/Cloneable.members#0.0-1747530087000-java.trap.gz exists
[2025-05-18 01:32:52] [javac-extractor-47270] [WARN] Not rewriting trap file for /root/Openjdk8u65_db/trap/java/classes/java/util/Spliterator.members/Spliterator.members#52.0-1747531753224-java.trap.gz as /root/Openjdk8u65_db/trap/java/classes/java/util/Spliterator.members/Spliterator.members#0.0-1747530168000-java.trap.gz exists
[2025-05-18 01:32:52] [javac-extractor-47270] [WARN] Not rewriting trap file for /root/Openjdk8u65_db/trap/java/classes/java/util/function/Consumer.members/Consumer.members#52.0-1747531753224-java.trap.gz as /root/Openjdk8u65_db/trap/java/classes/java/util/function/Consumer.members/Consumer.members#0.0-1747530087000-java.trap.gz exists
[2025-05-18 01:32:52] [javac-extractor-47270] [WARN] Not rewriting trap file for /root/Openjdk8u65_db/trap/java/classes/java/lang/FunctionalInterface.members/FunctionalInterface.members#52.0-1747531752414-java.trap.gz as /root/Openjdk8u65_db/trap/java/classes/java/lang/FunctionalInterface.members/FunctionalInterface.members#0.0-1747530087000-java.trap.gz exists
[2025-05-18 01:32:52] [javac-extractor-47270] [WARN] Not rewriting trap file for /root/Openjdk8u65_db/trap/java/classes/java/util/Iterator.members/Iterator.members#52.0-1747531753174-java.trap.gz as /root/Openjdk8u65_db/trap/java/classes/java/util/Iterator.members/Iterator.members#0.0-1747530087000-java.trap.gz exists
[2025-05-18 01:32:52] [javac-extractor-47270] [WARN] Not rewriting trap file for /root/Openjdk8u65_db/trap/java/classes/java/util/stream/Stream.members/Stream.members#52.0-1747531753364-java.trap.gz as /root/Openjdk8u65_db/trap/java/classes/java/util/stream/Stream.members/Stream.members#0.0-1747530168000-java.trap.gz exists
[2025-05-18 01:32:52] [javac-extractor-47270] [WARN] Not rewriting trap file for /root/Openjdk8u65_db/trap/java/classes/java/util/stream/BaseStream.members/BaseStream.members#52.0-1747531752494-java.trap.gz as /root/Openjdk8u65_db/trap/java/classes/java/util/stream/BaseStream.members/BaseStream.members#0.0-1747530168000-java.trap.gz exists
[2025-05-18 01:32:52] [javac-extractor-47270] [WARN] Not rewriting trap file for /root/Openjdk8u65_db/trap/java/classes/java/lang/AutoCloseable.members/AutoCloseable.members#52.0-1747531751564-java.trap.gz as /root/Openjdk8u65_db/trap/java/classes/java/lang/AutoCloseable.members/AutoCloseable.members#0.0-1747530087000-java.trap.gz exists
[2025-05-18 01:32:52] [javac-extractor-47270] [WARN] Not rewriting trap file for /root/Openjdk8u65_db/trap/java/classes/java/util/function/Predicate.members/Predicate.members#52.0-1747531753394-java.trap.gz as /root/Openjdk8u65_db/trap/java/classes/java/util/function/Predicate.members/Predicate.members#0.0-1747530087000-java.trap.gz exists
[2025-05-18 01:32:52] [javac-extractor-47270] [WARN] Not rewriting trap file for /root/Openjdk8u65_db/trap/java/classes/java/util/ListIterator.members/ListIterator.members#52.0-1747531753394-java.trap.gz as /root/Openjdk8u65_db/trap/java/classes/java/util/ListIterator.members/ListIterator.members#0.0-1747530087000-java.trap.gz exists
[2025-05-18 01:32:52] [javac-extractor-47270] [WARN] Not rewriting trap file for /root/Openjdk8u65_db/trap/java/classes/java/util/Comparator.members/Comparator.members#52.0-1747531752414-java.trap.gz as /root/Openjdk8u65_db/trap/java/classes/java/util/Comparator.members/Comparator.members#0.0-1747530087000-java.trap.gz exists
[2025-05-18 01:32:52] [javac-extractor-47270] [WARN] Not rewriting trap file for /root/Openjdk8u65_db/trap/java/classes/java/util/function/UnaryOperator.members/UnaryOperator.members#52.0-1747531753394-java.trap.gz as /root/Openjdk8u65_db/trap/java/classes/java/util/function/UnaryOperator.members/UnaryOperator.members#0.0-1747530087000-java.trap.gz exists
[2025-05-18 01:32:52] [javac-extractor-47270] [WARN] Not rewriting trap file for /root/Openjdk8u65_db/trap/java/classes/java/util/function/Function.members/Function.members#52.0-1747531753224-java.trap.gz as /root/Openjdk8u65_db/trap/java/classes/java/util/function/Function.members/Function.members#0.0-1747530087000-java.trap.gz exists
[2025-05-18 01:32:52] [javac-extractor-47270] [WARN] Not rewriting trap file for /root/Openjdk8u65_db/trap/java/classes/java/io/PrintStream.members/PrintStream.members#52.0-1747531752564-java.trap.gz as /root/Openjdk8u65_db/trap/java/classes/java/io/PrintStream.members/PrintStream.members#0.0-1747530087000-java.trap.gz exists
[2025-05-18 01:32:52] [javac-extractor-47270] [WARN] Not rewriting trap file for /root/Openjdk8u65_db/trap/java/classes/java/lang/System.members/System.members#52.0-1747531757154-java.trap.gz as /root/Openjdk8u65_db/trap/java/classes/java/lang/System.members/System.members#0.0-1747530168000-java.trap.gz exists
[2025-05-18 01:32:52] [javac-extractor-47270] [WARN] Not rewriting trap file for /root/Openjdk8u65_db/trap/java/classes/java/lang/management/MemoryUsage.members/MemoryUsage.members#52.0-1747531757124-java.trap.gz as /root/Openjdk8u65_db/trap/java/classes/java/lang/management/MemoryUsage.members/MemoryUsage.members#0.0-1747530087000-java.trap.gz exists
[2025-05-18 01:32:52] [javac-extractor-47270] [WARN] Not rewriting trap file for /root/Openjdk8u65_db/trap/java/classes/java/lang/management/MemoryManagerMXBean.members/MemoryManagerMXBean.members#52.0-1747531757124-java.trap.gz as /root/Openjdk8u65_db/trap/java/classes/java/lang/management/MemoryManagerMXBean.members/MemoryManagerMXBean.members#0.0-1747530087000-java.trap.gz exists
[2025-05-18 01:32:52] [javac-extractor-47270] Javac init time: 0.8s
[2025-05-18 01:32:52] [javac-extractor-47270] Javac attr time: 0.2s
[2025-05-18 01:32:52] [javac-extractor-47270] Extractor time: 0.2s
[2025-05-18 01:32:52] [javac-extractor-47270] Other time: 0.1s
[2025-05-18 01:32:52] [javac-extractor-47270] Total time: 1.3s
