[2025-05-18 01:32:37] [javac-extractor-45520] Starting extraction for:
                                              sun.java.command=com.semmle.extractor.java.JavaExtractor --jdk-version -1 --javac-args @@@/root/Openjdk8u65_db/log/ext/javac-35.args
                                              user.dir=/root/jdk8u/jdk/make
[2025-05-18 01:32:37] [javac-extractor-45520] Compilation name /root/Openjdk8u65_db/trap/java/diagnostics/diagnostic-13.trap.gz
[2025-05-18 01:32:37] [javac-extractor-45520] Annotation processor class 'lombok.launch.AnnotationProcessorHider$AnnotationProcessor' initialized.
[2025-05-18 01:32:37] [javac-extractor-45520] Annotation processor class 'lombok.launch.AnnotationProcessorHider$ClaimingProcessor' initialized.
[2025-05-18 01:32:38] [javac-extractor-45520] Processing file /root/jdk8u/jdk/src/share/demo/applets/NervousText/NervousText.java
[2025-05-18 01:32:38] [javac-extractor-45520] [WARN] Not rewriting trap file for /root/Openjdk8u65_db/trap/java/classes/java/awt/Graphics.members/Graphics.members#52.0-1747531756254-java.trap.gz as /root/Openjdk8u65_db/trap/java/classes/java/awt/Graphics.members/Graphics.members#0.0-1747530087000-java.trap.gz exists
[2025-05-18 01:32:38] [javac-extractor-45520] [WARN] Not rewriting trap file for /root/Openjdk8u65_db/trap/java/classes/java/awt/Font.members/Font.members#52.0-1747531756274-java.trap.gz as /root/Openjdk8u65_db/trap/java/classes/java/awt/Font.members/Font.members#0.0-1747530168000-java.trap.gz exists
[2025-05-18 01:32:38] [javac-extractor-45520] [WARN] Not rewriting trap file for /root/Openjdk8u65_db/trap/java/classes/java/applet/Applet.members/Applet.members#52.0-1747531756234-java.trap.gz as /root/Openjdk8u65_db/trap/java/classes/java/applet/Applet.members/Applet.members#0.0-1747530087000-java.trap.gz exists
[2025-05-18 01:32:38] [javac-extractor-45520] [WARN] Not rewriting trap file for /root/Openjdk8u65_db/trap/java/classes/java/awt/event/MouseEvent.members/MouseEvent.members#52.0-1747531756354-java.trap.gz as /root/Openjdk8u65_db/trap/java/classes/java/awt/event/MouseEvent.members/MouseEvent.members#0.0-1747530168000-java.trap.gz exists
[2025-05-18 01:32:38] [javac-extractor-45520] [WARN] Not rewriting trap file for /root/Openjdk8u65_db/trap/java/classes/java/awt/event/MouseListener.members/MouseListener.members#52.0-1747531756314-java.trap.gz as /root/Openjdk8u65_db/trap/java/classes/java/awt/event/MouseListener.members/MouseListener.members#0.0-1747530087000-java.trap.gz exists
[2025-05-18 01:32:38] [javac-extractor-45520] [WARN] Not rewriting trap file for /root/Openjdk8u65_db/trap/java/classes/java/lang/Thread.members/Thread.members#52.0-1747531753864-java.trap.gz as /root/Openjdk8u65_db/trap/java/classes/java/lang/Thread.members/Thread.members#0.0-1747530168000-java.trap.gz exists
[2025-05-18 01:32:38] [javac-extractor-45520] [WARN] Not rewriting trap file for /root/Openjdk8u65_db/trap/java/classes/java/lang/Object.members/Object.members#52.0-1747531750714-java.trap.gz as /root/Openjdk8u65_db/trap/java/classes/java/lang/Object.members/Object.members#0.0-1747530087000-java.trap.gz exists
[2025-05-18 01:32:38] [javac-extractor-45520] [WARN] Not rewriting trap file for /root/Openjdk8u65_db/trap/java/classes/java/lang/Cloneable.members/Cloneable.members#52.0-1747531752494-java.trap.gz as /root/Openjdk8u65_db/trap/java/classes/java/lang/Cloneable.members/Cloneable.members#0.0-1747530087000-java.trap.gz exists
[2025-05-18 01:32:38] [javac-extractor-45520] [WARN] Not rewriting trap file for /root/Openjdk8u65_db/trap/java/classes/java/io/Serializable.members/Serializable.members#52.0-1747531750714-java.trap.gz as /root/Openjdk8u65_db/trap/java/classes/java/io/Serializable.members/Serializable.members#0.0-1747530087000-java.trap.gz exists
[2025-05-18 01:32:38] [javac-extractor-45520] [WARN] Not rewriting trap file for /root/Openjdk8u65_db/trap/java/classes/java/lang/String.members/String.members#52.0-1747531750834-java.trap.gz as /root/Openjdk8u65_db/trap/java/classes/java/lang/String.members/String.members#0.0-1747530087000-java.trap.gz exists
[2025-05-18 01:32:38] [javac-extractor-45520] [WARN] Not rewriting trap file for /root/Openjdk8u65_db/trap/java/classes/java/lang/Runnable.members/Runnable.members#52.0-1747531753394-java.trap.gz as /root/Openjdk8u65_db/trap/java/classes/java/lang/Runnable.members/Runnable.members#0.0-1747530087000-java.trap.gz exists
[2025-05-18 01:32:38] [javac-extractor-45520] [WARN] Not rewriting trap file for /root/Openjdk8u65_db/trap/java/classes/java/util/EventListener.members/EventListener.members#52.0-1747531755594-java.trap.gz as /root/Openjdk8u65_db/trap/java/classes/java/util/EventListener.members/EventListener.members#0.0-1747530087000-java.trap.gz exists
[2025-05-18 01:32:38] [javac-extractor-45520] [WARN] Not rewriting trap file for /root/Openjdk8u65_db/trap/java/classes/java/lang/SuppressWarnings.members/SuppressWarnings.members#52.0-1747531755174-java.trap.gz as /root/Openjdk8u65_db/trap/java/classes/java/lang/SuppressWarnings.members/SuppressWarnings.members#0.0-1747530087000-java.trap.gz exists
[2025-05-18 01:32:38] [javac-extractor-45520] [WARN] Not rewriting trap file for /root/Openjdk8u65_db/trap/java/classes/java/lang/Override.members/Override.members#52.0-1747531757164-java.trap.gz as /root/Openjdk8u65_db/trap/java/classes/java/lang/Override.members/Override.members#0.0-1747530087000-java.trap.gz exists
[2025-05-18 01:32:38] [javac-extractor-45520] [WARN] Not rewriting trap file for /root/Openjdk8u65_db/trap/java/classes/java/lang/StringBuilder.members/StringBuilder.members#52.0-1747531752384-java.trap.gz as /root/Openjdk8u65_db/trap/java/classes/java/lang/StringBuilder.members/StringBuilder.members#0.0-1747530168000-java.trap.gz exists
[2025-05-18 01:32:38] [javac-extractor-45520] [WARN] Not rewriting trap file for /root/Openjdk8u65_db/trap/java/classes/java/lang/AbstractStringBuilder.members/AbstractStringBuilder.members#52.0-1747531752364-java.trap.gz as /root/Openjdk8u65_db/trap/java/classes/java/lang/AbstractStringBuilder.members/AbstractStringBuilder.members#0.0-1747530168000-java.trap.gz exists
[2025-05-18 01:32:38] [javac-extractor-45520] [WARN] Not rewriting trap file for /root/Openjdk8u65_db/trap/java/classes/java/awt/Component.members/Component.members#52.0-1747531756244-java.trap.gz as /root/Openjdk8u65_db/trap/java/classes/java/awt/Component.members/Component.members#0.0-1747530168000-java.trap.gz exists
[2025-05-18 01:32:38] [javac-extractor-45520] [WARN] Not rewriting trap file for /root/Openjdk8u65_db/trap/java/classes/java/lang/InterruptedException.members/InterruptedException.members#52.0-1747531751574-java.trap.gz as /root/Openjdk8u65_db/trap/java/classes/java/lang/InterruptedException.members/InterruptedException.members#0.0-1747530087000-java.trap.gz exists
[2025-05-18 01:32:38] [javac-extractor-45520] [WARN] Not rewriting trap file for /root/Openjdk8u65_db/trap/java/classes/java/lang/Math.members/Math.members#52.0-1747531756404-java.trap.gz as /root/Openjdk8u65_db/trap/java/classes/java/lang/Math.members/Math.members#0.0-1747530087000-java.trap.gz exists
[2025-05-18 01:32:38] [javac-extractor-45520] [WARN] Not rewriting trap file for /root/Openjdk8u65_db/trap/java/classes/java/awt/event/InputEvent.members/InputEvent.members#52.0-1747531756294-java.trap.gz as /root/Openjdk8u65_db/trap/java/classes/java/awt/event/InputEvent.members/InputEvent.members#0.0-1747530087000-java.trap.gz exists
[2025-05-18 01:32:38] [javac-extractor-45520] Javac init time: 0.7s
[2025-05-18 01:32:38] [javac-extractor-45520] Javac attr time: 0.1s
[2025-05-18 01:32:38] [javac-extractor-45520] Extractor time: 0.1s
[2025-05-18 01:32:38] [javac-extractor-45520] Other time: 0.1s
[2025-05-18 01:32:38] [javac-extractor-45520] Total time: 0.9s
