[2025-05-18 01:32:49] [javac-extractor-47024] Starting extraction for:
                                              sun.java.command=com.semmle.extractor.java.JavaExtractor --jdk-version -1 --javac-args @@@/root/Openjdk8u65_db/log/ext/javac-51.args
                                              user.dir=/root/jdk8u/jdk/make
[2025-05-18 01:32:49] [javac-extractor-47024] Compilation name /root/Openjdk8u65_db/trap/java/diagnostics/diagnostic-29.trap.gz
[2025-05-18 01:32:49] [javac-extractor-47024] Annotation processor class 'lombok.launch.AnnotationProcessorHider$AnnotationProcessor' initialized.
[2025-05-18 01:32:49] [javac-extractor-47024] Annotation processor class 'lombok.launch.AnnotationProcessorHider$ClaimingProcessor' initialized.
[2025-05-18 01:32:50] [javac-extractor-47024] Processing file /root/jdk8u/jdk/src/share/demo/management/FullThreadDump/ThreadMonitor.java
[2025-05-18 01:32:50] [javac-extractor-47024] [WARN] Not rewriting trap file for /root/Openjdk8u65_db/trap/java/classes/java/lang/management/ManagementFactory.members/ManagementFactory.members#52.0-1747531757144-java.trap.gz as /root/Openjdk8u65_db/trap/java/classes/java/lang/management/ManagementFactory.members/ManagementFactory.members#0.0-1747530087000-java.trap.gz exists
[2025-05-18 01:32:50] [javac-extractor-47024] [WARN] Not rewriting trap file for /root/Openjdk8u65_db/trap/java/classes/java/lang/management/ThreadMXBean.members/ThreadMXBean.members#52.0-1747531757134-java.trap.gz as /root/Openjdk8u65_db/trap/java/classes/java/lang/management/ThreadMXBean.members/ThreadMXBean.members#0.0-1747530168000-java.trap.gz exists
[2025-05-18 01:32:50] [javac-extractor-47024] [WARN] Not rewriting trap file for /root/Openjdk8u65_db/trap/java/classes/java/lang/management/ThreadInfo.members/ThreadInfo.members#52.0-1747531757134-java.trap.gz as /root/Openjdk8u65_db/trap/java/classes/java/lang/management/ThreadInfo.members/ThreadInfo.members#0.0-1747530087000-java.trap.gz exists
[2025-05-18 01:32:50] [javac-extractor-47024] [WARN] Not rewriting trap file for /root/Openjdk8u65_db/trap/java/classes/java/lang/management/LockInfo.members/LockInfo.members#52.0-1747531757124-java.trap.gz as /root/Openjdk8u65_db/trap/java/classes/java/lang/management/LockInfo.members/LockInfo.members#0.0-1747530087000-java.trap.gz exists
[2025-05-18 01:32:50] [javac-extractor-47024] [WARN] Not rewriting trap file for /root/Openjdk8u65_db/trap/java/classes/java/lang/management/MonitorInfo.members/MonitorInfo.members#52.0-1747531757134-java.trap.gz as /root/Openjdk8u65_db/trap/java/classes/java/lang/management/MonitorInfo.members/MonitorInfo.members#0.0-1747530087000-java.trap.gz exists
[2025-05-18 01:32:50] [javac-extractor-47024] [WARN] Not rewriting trap file for /root/Openjdk8u65_db/trap/java/classes/java/io/IOException.members/IOException.members#52.0-1747531751574-java.trap.gz as /root/Openjdk8u65_db/trap/java/classes/java/io/IOException.members/IOException.members#0.0-1747530087000-java.trap.gz exists
[2025-05-18 01:32:50] [javac-extractor-47024] [WARN] Not rewriting trap file for /root/Openjdk8u65_db/trap/java/classes/java/lang/Object.members/Object.members#52.0-1747531750714-java.trap.gz as /root/Openjdk8u65_db/trap/java/classes/java/lang/Object.members/Object.members#0.0-1747530087000-java.trap.gz exists
[2025-05-18 01:32:50] [javac-extractor-47024] [WARN] Not rewriting trap file for /root/Openjdk8u65_db/trap/java/classes/java/lang/Cloneable.members/Cloneable.members#52.0-1747531752494-java.trap.gz as /root/Openjdk8u65_db/trap/java/classes/java/lang/Cloneable.members/Cloneable.members#0.0-1747530087000-java.trap.gz exists
[2025-05-18 01:32:50] [javac-extractor-47024] [WARN] Not rewriting trap file for /root/Openjdk8u65_db/trap/java/classes/java/io/Serializable.members/Serializable.members#52.0-1747531750714-java.trap.gz as /root/Openjdk8u65_db/trap/java/classes/java/io/Serializable.members/Serializable.members#0.0-1747530087000-java.trap.gz exists
[2025-05-18 01:32:50] [javac-extractor-47024] [WARN] Not rewriting trap file for /root/Openjdk8u65_db/trap/java/classes/java/lang/String.members/String.members#52.0-1747531750834-java.trap.gz as /root/Openjdk8u65_db/trap/java/classes/java/lang/String.members/String.members#0.0-1747530087000-java.trap.gz exists
[2025-05-18 01:32:50] [javac-extractor-47024] [WARN] Not rewriting trap file for /root/Openjdk8u65_db/trap/java/classes/javax/management/ObjectName.members/ObjectName.members#52.0-1747531757094-java.trap.gz as /root/Openjdk8u65_db/trap/java/classes/javax/management/ObjectName.members/ObjectName.members#0.0-1747530087000-java.trap.gz exists
[2025-05-18 01:32:50] [javac-extractor-47024] [WARN] Not rewriting trap file for /root/Openjdk8u65_db/trap/java/classes/javax/management/MBeanServerConnection.members/MBeanServerConnection.members#52.0-1747531757104-java.trap.gz as /root/Openjdk8u65_db/trap/java/classes/javax/management/MBeanServerConnection.members/MBeanServerConnection.members#0.0-1747530087000-java.trap.gz exists
[2025-05-18 01:32:50] [javac-extractor-47024] [WARN] Not rewriting trap file for /root/Openjdk8u65_db/trap/java/classes/java/lang/InternalError.members/InternalError.members#52.0-1747531756194-java.trap.gz as /root/Openjdk8u65_db/trap/java/classes/java/lang/InternalError.members/InternalError.members#0.0-1747530087000-java.trap.gz exists
[2025-05-18 01:32:50] [javac-extractor-47024] [WARN] Not rewriting trap file for /root/Openjdk8u65_db/trap/java/classes/java/lang/Class.members/Class.members#52.0-1747531751064-java.trap.gz as /root/Openjdk8u65_db/trap/java/classes/java/lang/Class.members/Class.members#0.0-1747530087000-java.trap.gz exists
[2025-05-18 01:32:50] [javac-extractor-47024] [WARN] Not rewriting trap file for /root/Openjdk8u65_db/trap/java/classes/java/lang/reflect/GenericDeclaration.members/GenericDeclaration.members#52.0-1747531751064-java.trap.gz as /root/Openjdk8u65_db/trap/java/classes/java/lang/reflect/GenericDeclaration.members/GenericDeclaration.members#0.0-1747530087000-java.trap.gz exists
[2025-05-18 01:32:50] [javac-extractor-47024] [WARN] Not rewriting trap file for /root/Openjdk8u65_db/trap/java/classes/java/lang/reflect/Type.members/Type.members#52.0-1747531751204-java.trap.gz as /root/Openjdk8u65_db/trap/java/classes/java/lang/reflect/Type.members/Type.members#0.0-1747530087000-java.trap.gz exists
[2025-05-18 01:32:50] [javac-extractor-47024] [WARN] Not rewriting trap file for /root/Openjdk8u65_db/trap/java/classes/java/lang/reflect/AnnotatedElement.members/AnnotatedElement.members#52.0-1747531751204-java.trap.gz as /root/Openjdk8u65_db/trap/java/classes/java/lang/reflect/AnnotatedElement.members/AnnotatedElement.members#0.0-1747530087000-java.trap.gz exists
[2025-05-18 01:32:50] [javac-extractor-47024] [WARN] Not rewriting trap file for /root/Openjdk8u65_db/trap/java/classes/javax/management/MalformedObjectNameException.members/MalformedObjectNameException.members#52.0-1747531757094-java.trap.gz as /root/Openjdk8u65_db/trap/java/classes/javax/management/MalformedObjectNameException.members/MalformedObjectNameException.members#0.0-1747530087000-java.trap.gz exists
[2025-05-18 01:32:50] [javac-extractor-47024] [WARN] Not rewriting trap file for /root/Openjdk8u65_db/trap/java/classes/java/lang/Throwable.members/Throwable.members#52.0-1747531750884-java.trap.gz as /root/Openjdk8u65_db/trap/java/classes/java/lang/Throwable.members/Throwable.members#0.0-1747530168000-java.trap.gz exists
[2025-05-18 01:32:50] [javac-extractor-47024] [WARN] Not rewriting trap file for /root/Openjdk8u65_db/trap/java/classes/java/lang/Integer.members/Integer.members#52.0-1747531752524-java.trap.gz as /root/Openjdk8u65_db/trap/java/classes/java/lang/Integer.members/Integer.members#0.0-1747530087000-java.trap.gz exists
[2025-05-18 01:32:50] [javac-extractor-47024] [WARN] Not rewriting trap file for /root/Openjdk8u65_db/trap/java/classes/java/io/PrintStream.members/PrintStream.members#52.0-1747531752564-java.trap.gz as /root/Openjdk8u65_db/trap/java/classes/java/io/PrintStream.members/PrintStream.members#0.0-1747530087000-java.trap.gz exists
[2025-05-18 01:32:50] [javac-extractor-47024] [WARN] Not rewriting trap file for /root/Openjdk8u65_db/trap/java/classes/java/lang/System.members/System.members#52.0-1747531757154-java.trap.gz as /root/Openjdk8u65_db/trap/java/classes/java/lang/System.members/System.members#0.0-1747530168000-java.trap.gz exists
[2025-05-18 01:32:50] [javac-extractor-47024] [WARN] Not rewriting trap file for /root/Openjdk8u65_db/trap/java/classes/java/lang/StackTraceElement.members/StackTraceElement.members#52.0-1747531752534-java.trap.gz as /root/Openjdk8u65_db/trap/java/classes/java/lang/StackTraceElement.members/StackTraceElement.members#0.0-1747530087000-java.trap.gz exists
[2025-05-18 01:32:50] [javac-extractor-47024] [WARN] Not rewriting trap file for /root/Openjdk8u65_db/trap/java/classes/java/lang/StringBuilder.members/StringBuilder.members#52.0-1747531752384-java.trap.gz as /root/Openjdk8u65_db/trap/java/classes/java/lang/StringBuilder.members/StringBuilder.members#0.0-1747530168000-java.trap.gz exists
[2025-05-18 01:32:50] [javac-extractor-47024] [WARN] Not rewriting trap file for /root/Openjdk8u65_db/trap/java/classes/java/lang/Thread$State.members/Thread$State.members#52.0-1747531753854-java.trap.gz as /root/Openjdk8u65_db/trap/java/classes/java/lang/Thread$State.members/Thread$State.members#0.0-1747530168000-java.trap.gz exists
[2025-05-18 01:32:50] [javac-extractor-47024] [WARN] Not rewriting trap file for /root/Openjdk8u65_db/trap/java/classes/javax/management/MBeanOperationInfo.members/MBeanOperationInfo.members#52.0-1747531757114-java.trap.gz as /root/Openjdk8u65_db/trap/java/classes/javax/management/MBeanOperationInfo.members/MBeanOperationInfo.members#0.0-1747530087000-java.trap.gz exists
[2025-05-18 01:32:50] [javac-extractor-47024] [WARN] Not rewriting trap file for /root/Openjdk8u65_db/trap/java/classes/javax/management/MBeanInfo.members/MBeanInfo.members#52.0-1747531757114-java.trap.gz as /root/Openjdk8u65_db/trap/java/classes/javax/management/MBeanInfo.members/MBeanInfo.members#0.0-1747530087000-java.trap.gz exists
[2025-05-18 01:32:50] [javac-extractor-47024] [WARN] Not rewriting trap file for /root/Openjdk8u65_db/trap/java/classes/javax/management/MBeanFeatureInfo.members/MBeanFeatureInfo.members#52.0-1747531757114-java.trap.gz as /root/Openjdk8u65_db/trap/java/classes/javax/management/MBeanFeatureInfo.members/MBeanFeatureInfo.members#0.0-1747530087000-java.trap.gz exists
[2025-05-18 01:32:50] [javac-extractor-47024] [WARN] Not rewriting trap file for /root/Openjdk8u65_db/trap/java/classes/javax/management/IntrospectionException.members/IntrospectionException.members#52.0-1747531757114-java.trap.gz as /root/Openjdk8u65_db/trap/java/classes/javax/management/IntrospectionException.members/IntrospectionException.members#0.0-1747530087000-java.trap.gz exists
[2025-05-18 01:32:50] [javac-extractor-47024] [WARN] Not rewriting trap file for /root/Openjdk8u65_db/trap/java/classes/javax/management/InstanceNotFoundException.members/InstanceNotFoundException.members#52.0-1747531757104-java.trap.gz as /root/Openjdk8u65_db/trap/java/classes/javax/management/InstanceNotFoundException.members/InstanceNotFoundException.members#0.0-1747530087000-java.trap.gz exists
[2025-05-18 01:32:50] [javac-extractor-47024] [WARN] Not rewriting trap file for /root/Openjdk8u65_db/trap/java/classes/javax/management/ReflectionException.members/ReflectionException.members#52.0-1747531757104-java.trap.gz as /root/Openjdk8u65_db/trap/java/classes/javax/management/ReflectionException.members/ReflectionException.members#0.0-1747530087000-java.trap.gz exists
[2025-05-18 01:32:50] [javac-extractor-47024] Processing file /root/jdk8u/jdk/src/share/demo/management/FullThreadDump/FullThreadDump.java
[2025-05-18 01:32:50] [javac-extractor-47024] [WARN] Not rewriting trap file for /root/Openjdk8u65_db/trap/java/classes/java/io/IOException.members/IOException.members#52.0-1747531751574-java.trap.gz as /root/Openjdk8u65_db/trap/java/classes/java/io/IOException.members/IOException.members#0.0-1747530087000-java.trap.gz exists
[2025-05-18 01:32:50] [javac-extractor-47024] [WARN] Not rewriting trap file for /root/Openjdk8u65_db/trap/java/classes/java/net/MalformedURLException.members/MalformedURLException.members#52.0-1747531753784-java.trap.gz as /root/Openjdk8u65_db/trap/java/classes/java/net/MalformedURLException.members/MalformedURLException.members#0.0-1747530087000-java.trap.gz exists
[2025-05-18 01:32:50] [javac-extractor-47024] [WARN] Not rewriting trap file for /root/Openjdk8u65_db/trap/java/classes/java/lang/String.members/String.members#52.0-1747531750834-java.trap.gz as /root/Openjdk8u65_db/trap/java/classes/java/lang/String.members/String.members#0.0-1747530087000-java.trap.gz exists
[2025-05-18 01:32:50] [javac-extractor-47024] [WARN] Not rewriting trap file for /root/Openjdk8u65_db/trap/java/classes/javax/management/remote/JMXConnector.members/JMXConnector.members#52.0-1747531758024-java.trap.gz as /root/Openjdk8u65_db/trap/java/classes/javax/management/remote/JMXConnector.members/JMXConnector.members#0.0-1747530088000-java.trap.gz exists
[2025-05-18 01:32:50] [javac-extractor-47024] [WARN] Not rewriting trap file for /root/Openjdk8u65_db/trap/java/classes/javax/management/MBeanServerConnection.members/MBeanServerConnection.members#52.0-1747531757104-java.trap.gz as /root/Openjdk8u65_db/trap/java/classes/javax/management/MBeanServerConnection.members/MBeanServerConnection.members#0.0-1747530087000-java.trap.gz exists
[2025-05-18 01:32:50] [javac-extractor-47024] [WARN] Not rewriting trap file for /root/Openjdk8u65_db/trap/java/classes/java/lang/Object.members/Object.members#52.0-1747531750714-java.trap.gz as /root/Openjdk8u65_db/trap/java/classes/java/lang/Object.members/Object.members#0.0-1747530087000-java.trap.gz exists
[2025-05-18 01:32:50] [javac-extractor-47024] [WARN] Not rewriting trap file for /root/Openjdk8u65_db/trap/java/classes/java/io/PrintStream.members/PrintStream.members#52.0-1747531752564-java.trap.gz as /root/Openjdk8u65_db/trap/java/classes/java/io/PrintStream.members/PrintStream.members#0.0-1747530087000-java.trap.gz exists
[2025-05-18 01:32:50] [javac-extractor-47024] [WARN] Not rewriting trap file for /root/Openjdk8u65_db/trap/java/classes/java/lang/System.members/System.members#52.0-1747531757154-java.trap.gz as /root/Openjdk8u65_db/trap/java/classes/java/lang/System.members/System.members#0.0-1747530168000-java.trap.gz exists
[2025-05-18 01:32:50] [javac-extractor-47024] [WARN] Not rewriting trap file for /root/Openjdk8u65_db/trap/java/classes/ThreadMonitor.members/ThreadMonitor.members#0.0-1747530088000-java.trap.gz as it exists
[2025-05-18 01:32:50] [javac-extractor-47024] [WARN] Not rewriting trap file for /root/Openjdk8u65_db/trap/java/classes/java/lang/Throwable.members/Throwable.members#52.0-1747531750884-java.trap.gz as /root/Openjdk8u65_db/trap/java/classes/java/lang/Throwable.members/Throwable.members#0.0-1747530168000-java.trap.gz exists
[2025-05-18 01:32:50] [javac-extractor-47024] [WARN] Not rewriting trap file for /root/Openjdk8u65_db/trap/java/classes/javax/management/remote/JMXServiceURL.members/JMXServiceURL.members#52.0-1747531758024-java.trap.gz as /root/Openjdk8u65_db/trap/java/classes/javax/management/remote/JMXServiceURL.members/JMXServiceURL.members#0.0-1747530088000-java.trap.gz exists
[2025-05-18 01:32:50] [javac-extractor-47024] [WARN] Not rewriting trap file for /root/Openjdk8u65_db/trap/java/classes/javax/management/remote/JMXConnectorFactory.members/JMXConnectorFactory.members#52.0-1747531762854-java.trap.gz as /root/Openjdk8u65_db/trap/java/classes/javax/management/remote/JMXConnectorFactory.members/JMXConnectorFactory.members#0.0-1747530088000-java.trap.gz exists
[2025-05-18 01:32:50] [javac-extractor-47024] [WARN] Not rewriting trap file for /root/Openjdk8u65_db/trap/java/classes/java/lang/Cloneable.members/Cloneable.members#52.0-1747531752494-java.trap.gz as /root/Openjdk8u65_db/trap/java/classes/java/lang/Cloneable.members/Cloneable.members#0.0-1747530087000-java.trap.gz exists
[2025-05-18 01:32:50] [javac-extractor-47024] [WARN] Not rewriting trap file for /root/Openjdk8u65_db/trap/java/classes/java/io/Serializable.members/Serializable.members#52.0-1747531750714-java.trap.gz as /root/Openjdk8u65_db/trap/java/classes/java/io/Serializable.members/Serializable.members#0.0-1747530087000-java.trap.gz exists
[2025-05-18 01:32:50] [javac-extractor-47024] [WARN] Not rewriting trap file for /root/Openjdk8u65_db/trap/java/classes/java/lang/Integer.members/Integer.members#52.0-1747531752524-java.trap.gz as /root/Openjdk8u65_db/trap/java/classes/java/lang/Integer.members/Integer.members#0.0-1747530087000-java.trap.gz exists
[2025-05-18 01:32:50] [javac-extractor-47024] [WARN] Not rewriting trap file for /root/Openjdk8u65_db/trap/java/classes/java/lang/NumberFormatException.members/NumberFormatException.members#52.0-1747531753394-java.trap.gz as /root/Openjdk8u65_db/trap/java/classes/java/lang/NumberFormatException.members/NumberFormatException.members#0.0-1747530087000-java.trap.gz exists
[2025-05-18 01:32:50] [javac-extractor-47024] Processing file /root/jdk8u/jdk/src/share/demo/management/FullThreadDump/Deadlock.java
[2025-05-18 01:32:50] [javac-extractor-47024] [WARN] Not rewriting trap file for /root/Openjdk8u65_db/trap/java/classes/java/util/concurrent/CyclicBarrier.members/CyclicBarrier.members#52.0-1747531755794-java.trap.gz as /root/Openjdk8u65_db/trap/java/classes/java/util/concurrent/CyclicBarrier.members/CyclicBarrier.members#0.0-1747530087000-java.trap.gz exists
[2025-05-18 01:32:50] [javac-extractor-47024] [WARN] Not rewriting trap file for /root/Openjdk8u65_db/trap/java/classes/java/util/concurrent/BrokenBarrierException.members/BrokenBarrierException.members#52.0-1747531755704-java.trap.gz as /root/Openjdk8u65_db/trap/java/classes/java/util/concurrent/BrokenBarrierException.members/BrokenBarrierException.members#0.0-1747530087000-java.trap.gz exists
[2025-05-18 01:32:50] [javac-extractor-47024] [WARN] Not rewriting trap file for /root/Openjdk8u65_db/trap/java/classes/java/util/concurrent/locks/Lock.members/Lock.members#52.0-1747531755174-java.trap.gz as /root/Openjdk8u65_db/trap/java/classes/java/util/concurrent/locks/Lock.members/Lock.members#0.0-1747530087000-java.trap.gz exists
[2025-05-18 01:32:50] [javac-extractor-47024] [WARN] Not rewriting trap file for /root/Openjdk8u65_db/trap/java/classes/java/util/concurrent/locks/ReentrantLock.members/ReentrantLock.members#52.0-1747531755174-java.trap.gz as /root/Openjdk8u65_db/trap/java/classes/java/util/concurrent/locks/ReentrantLock.members/ReentrantLock.members#0.0-1747530087000-java.trap.gz exists
[2025-05-18 01:32:50] [javac-extractor-47024] [WARN] Not rewriting trap file for /root/Openjdk8u65_db/trap/java/classes/java/io/IOException.members/IOException.members#52.0-1747531751574-java.trap.gz as /root/Openjdk8u65_db/trap/java/classes/java/io/IOException.members/IOException.members#0.0-1747530087000-java.trap.gz exists
[2025-05-18 01:32:50] [javac-extractor-47024] [WARN] Not rewriting trap file for /root/Openjdk8u65_db/trap/java/classes/java/lang/String.members/String.members#52.0-1747531750834-java.trap.gz as /root/Openjdk8u65_db/trap/java/classes/java/lang/String.members/String.members#0.0-1747530087000-java.trap.gz exists
[2025-05-18 01:32:50] [javac-extractor-47024] [WARN] Not rewriting trap file for /root/Openjdk8u65_db/trap/java/classes/java/lang/Object.members/Object.members#52.0-1747531750714-java.trap.gz as /root/Openjdk8u65_db/trap/java/classes/java/lang/Object.members/Object.members#0.0-1747530087000-java.trap.gz exists
[2025-05-18 01:32:50] [javac-extractor-47024] [WARN] Not rewriting trap file for /root/Openjdk8u65_db/trap/java/classes/java/lang/Cloneable.members/Cloneable.members#52.0-1747531752494-java.trap.gz as /root/Openjdk8u65_db/trap/java/classes/java/lang/Cloneable.members/Cloneable.members#0.0-1747530087000-java.trap.gz exists
[2025-05-18 01:32:50] [javac-extractor-47024] [WARN] Not rewriting trap file for /root/Openjdk8u65_db/trap/java/classes/java/io/Serializable.members/Serializable.members#52.0-1747531750714-java.trap.gz as /root/Openjdk8u65_db/trap/java/classes/java/io/Serializable.members/Serializable.members#0.0-1747530087000-java.trap.gz exists
[2025-05-18 01:32:50] [javac-extractor-47024] [WARN] Not rewriting trap file for /root/Openjdk8u65_db/trap/java/classes/ThreadMonitor.members/ThreadMonitor.members#0.0-1747530088000-java.trap.gz as it exists
[2025-05-18 01:32:50] [javac-extractor-47024] [WARN] Not rewriting trap file for /root/Openjdk8u65_db/trap/java/classes/java/lang/Thread.members/Thread.members#52.0-1747531753864-java.trap.gz as /root/Openjdk8u65_db/trap/java/classes/java/lang/Thread.members/Thread.members#0.0-1747530168000-java.trap.gz exists
[2025-05-18 01:32:50] [javac-extractor-47024] [WARN] Not rewriting trap file for /root/Openjdk8u65_db/trap/java/classes/java/lang/InterruptedException.members/InterruptedException.members#52.0-1747531751574-java.trap.gz as /root/Openjdk8u65_db/trap/java/classes/java/lang/InterruptedException.members/InterruptedException.members#0.0-1747530087000-java.trap.gz exists
[2025-05-18 01:32:50] [javac-extractor-47024] [WARN] Not rewriting trap file for /root/Openjdk8u65_db/trap/java/classes/java/lang/System.members/System.members#52.0-1747531757154-java.trap.gz as /root/Openjdk8u65_db/trap/java/classes/java/lang/System.members/System.members#0.0-1747530168000-java.trap.gz exists
[2025-05-18 01:32:50] [javac-extractor-47024] [WARN] Not rewriting trap file for /root/Openjdk8u65_db/trap/java/classes/java/io/PrintStream.members/PrintStream.members#52.0-1747531752564-java.trap.gz as /root/Openjdk8u65_db/trap/java/classes/java/io/PrintStream.members/PrintStream.members#0.0-1747530087000-java.trap.gz exists
[2025-05-18 01:32:50] [javac-extractor-47024] [WARN] Not rewriting trap file for /root/Openjdk8u65_db/trap/java/classes/java/lang/Override.members/Override.members#52.0-1747531757164-java.trap.gz as /root/Openjdk8u65_db/trap/java/classes/java/lang/Override.members/Override.members#0.0-1747530087000-java.trap.gz exists
[2025-05-18 01:32:50] [javac-extractor-47024] [WARN] Not rewriting trap file for /root/Openjdk8u65_db/trap/java/classes/java/lang/Throwable.members/Throwable.members#52.0-1747531750884-java.trap.gz as /root/Openjdk8u65_db/trap/java/classes/java/lang/Throwable.members/Throwable.members#0.0-1747530168000-java.trap.gz exists
[2025-05-18 01:32:50] [javac-extractor-47024] [WARN] Not rewriting trap file for /root/Openjdk8u65_db/trap/java/classes/java/lang/RuntimeException.members/RuntimeException.members#52.0-1747531752834-java.trap.gz as /root/Openjdk8u65_db/trap/java/classes/java/lang/RuntimeException.members/RuntimeException.members#0.0-1747530087000-java.trap.gz exists
[2025-05-18 01:32:50] [javac-extractor-47024] [WARN] Not rewriting trap file for /root/Openjdk8u65_db/trap/java/classes/java/io/InputStream.members/InputStream.members#52.0-1747531751564-java.trap.gz as /root/Openjdk8u65_db/trap/java/classes/java/io/InputStream.members/InputStream.members#0.0-1747530087000-java.trap.gz exists
[2025-05-18 01:32:50] [javac-extractor-47024] Javac init time: 0.9s
[2025-05-18 01:32:50] [javac-extractor-47024] Javac attr time: 0.2s
[2025-05-18 01:32:50] [javac-extractor-47024] Extractor time: 0.2s
[2025-05-18 01:32:50] [javac-extractor-47024] Other time: 0.1s
[2025-05-18 01:32:50] [javac-extractor-47024] Total time: 1.3s
