[2025-05-18 01:32:35] [javac-extractor-45380] Starting extraction for:
                                              sun.java.command=com.semmle.extractor.java.JavaExtractor --jdk-version -1 --javac-args @@@/root/Openjdk8u65_db/log/ext/javac-33.args
                                              user.dir=/root/jdk8u/jdk/make
[2025-05-18 01:32:35] [javac-extractor-45380] Compilation name /root/Openjdk8u65_db/trap/java/diagnostics/diagnostic-11.trap.gz
[2025-05-18 01:32:36] [javac-extractor-45380] Annotation processor class 'lombok.launch.AnnotationProcessorHider$AnnotationProcessor' initialized.
[2025-05-18 01:32:36] [javac-extractor-45380] Annotation processor class 'lombok.launch.AnnotationProcessorHider$ClaimingProcessor' initialized.
[2025-05-18 01:32:36] [javac-extractor-45380] Processing file /root/jdk8u/jdk/src/share/demo/applets/Fractal/CLSFractal.java
[2025-05-18 01:32:36] [javac-extractor-45380] Processing file /root/jdk8u/jdk/src/share/demo/applets/Fractal/CLSFractal.java
[2025-05-18 01:32:36] [javac-extractor-45380] Processing file /root/jdk8u/jdk/src/share/demo/applets/Fractal/CLSFractal.java
[2025-05-18 01:32:36] [javac-extractor-45380] Processing file /root/jdk8u/jdk/src/share/demo/applets/Fractal/CLSFractal.java
[2025-05-18 01:32:36] [javac-extractor-45380] [WARN] Not rewriting trap file for /root/Openjdk8u65_db/trap/java/classes/java/awt/Graphics.members/Graphics.members#52.0-1747531756254-java.trap.gz as /root/Openjdk8u65_db/trap/java/classes/java/awt/Graphics.members/Graphics.members#0.0-1747530087000-java.trap.gz exists
[2025-05-18 01:32:36] [javac-extractor-45380] [WARN] Not rewriting trap file for /root/Openjdk8u65_db/trap/java/classes/java/util/Stack.members/Stack.members#52.0-1747531753744-java.trap.gz as /root/Openjdk8u65_db/trap/java/classes/java/util/Stack.members/Stack.members#0.0-1747530087000-java.trap.gz exists
[2025-05-18 01:32:36] [javac-extractor-45380] [WARN] Not rewriting trap file for /root/Openjdk8u65_db/trap/java/classes/java/util/ArrayList.members/ArrayList.members#52.0-1747531754114-java.trap.gz as /root/Openjdk8u65_db/trap/java/classes/java/util/ArrayList.members/ArrayList.members#0.0-1747530168000-java.trap.gz exists
[2025-05-18 01:32:36] [javac-extractor-45380] [WARN] Not rewriting trap file for /root/Openjdk8u65_db/trap/java/classes/java/util/List.members/List.members#52.0-1747531752534-java.trap.gz as /root/Openjdk8u65_db/trap/java/classes/java/util/List.members/List.members#0.0-1747530087000-java.trap.gz exists
[2025-05-18 01:32:36] [javac-extractor-45380] [WARN] Not rewriting trap file for /root/Openjdk8u65_db/trap/java/classes/java/lang/String.members/String.members#52.0-1747531750834-java.trap.gz as /root/Openjdk8u65_db/trap/java/classes/java/lang/String.members/String.members#0.0-1747530087000-java.trap.gz exists
[2025-05-18 01:32:36] [javac-extractor-45380] [WARN] Not rewriting trap file for /root/Openjdk8u65_db/trap/java/classes/java/lang/Thread.members/Thread.members#52.0-1747531753864-java.trap.gz as /root/Openjdk8u65_db/trap/java/classes/java/lang/Thread.members/Thread.members#0.0-1747530168000-java.trap.gz exists
[2025-05-18 01:32:36] [javac-extractor-45380] [WARN] Not rewriting trap file for /root/Openjdk8u65_db/trap/java/classes/java/applet/Applet.members/Applet.members#52.0-1747531756234-java.trap.gz as /root/Openjdk8u65_db/trap/java/classes/java/applet/Applet.members/Applet.members#0.0-1747530087000-java.trap.gz exists
[2025-05-18 01:32:36] [javac-extractor-45380] [WARN] Not rewriting trap file for /root/Openjdk8u65_db/trap/java/classes/java/lang/Runnable.members/Runnable.members#52.0-1747531753394-java.trap.gz as /root/Openjdk8u65_db/trap/java/classes/java/lang/Runnable.members/Runnable.members#0.0-1747530087000-java.trap.gz exists
[2025-05-18 01:32:36] [javac-extractor-45380] [WARN] Not rewriting trap file for /root/Openjdk8u65_db/trap/java/classes/java/awt/event/MouseListener.members/MouseListener.members#52.0-1747531756314-java.trap.gz as /root/Openjdk8u65_db/trap/java/classes/java/awt/event/MouseListener.members/MouseListener.members#0.0-1747530087000-java.trap.gz exists
[2025-05-18 01:32:36] [javac-extractor-45380] [WARN] Not rewriting trap file for /root/Openjdk8u65_db/trap/java/classes/java/util/EventListener.members/EventListener.members#52.0-1747531755594-java.trap.gz as /root/Openjdk8u65_db/trap/java/classes/java/util/EventListener.members/EventListener.members#0.0-1747530087000-java.trap.gz exists
[2025-05-18 01:32:36] [javac-extractor-45380] [WARN] Not rewriting trap file for /root/Openjdk8u65_db/trap/java/classes/java/lang/SuppressWarnings.members/SuppressWarnings.members#52.0-1747531755174-java.trap.gz as /root/Openjdk8u65_db/trap/java/classes/java/lang/SuppressWarnings.members/SuppressWarnings.members#0.0-1747530087000-java.trap.gz exists
[2025-05-18 01:32:36] [javac-extractor-45380] [WARN] Not rewriting trap file for /root/Openjdk8u65_db/trap/java/classes/java/lang/Object.members/Object.members#52.0-1747531750714-java.trap.gz as /root/Openjdk8u65_db/trap/java/classes/java/lang/Object.members/Object.members#0.0-1747530087000-java.trap.gz exists
[2025-05-18 01:32:36] [javac-extractor-45380] [WARN] Not rewriting trap file for /root/Openjdk8u65_db/trap/java/classes/java/lang/Cloneable.members/Cloneable.members#52.0-1747531752494-java.trap.gz as /root/Openjdk8u65_db/trap/java/classes/java/lang/Cloneable.members/Cloneable.members#0.0-1747530087000-java.trap.gz exists
[2025-05-18 01:32:36] [javac-extractor-45380] [WARN] Not rewriting trap file for /root/Openjdk8u65_db/trap/java/classes/java/io/Serializable.members/Serializable.members#52.0-1747531750714-java.trap.gz as /root/Openjdk8u65_db/trap/java/classes/java/io/Serializable.members/Serializable.members#0.0-1747530087000-java.trap.gz exists
[2025-05-18 01:32:36] [javac-extractor-45380] [WARN] Not rewriting trap file for /root/Openjdk8u65_db/trap/java/classes/java/lang/Override.members/Override.members#52.0-1747531757164-java.trap.gz as /root/Openjdk8u65_db/trap/java/classes/java/lang/Override.members/Override.members#0.0-1747530087000-java.trap.gz exists
[2025-05-18 01:32:36] [javac-extractor-45380] [WARN] Not rewriting trap file for /root/Openjdk8u65_db/trap/java/classes/java/lang/Integer.members/Integer.members#52.0-1747531752524-java.trap.gz as /root/Openjdk8u65_db/trap/java/classes/java/lang/Integer.members/Integer.members#0.0-1747530087000-java.trap.gz exists
[2025-05-18 01:32:36] [javac-extractor-45380] [WARN] Not rewriting trap file for /root/Openjdk8u65_db/trap/java/classes/java/lang/Float.members/Float.members#52.0-1747531756424-java.trap.gz as /root/Openjdk8u65_db/trap/java/classes/java/lang/Float.members/Float.members#0.0-1747530087000-java.trap.gz exists
[2025-05-18 01:32:36] [javac-extractor-45380] [WARN] Not rewriting trap file for /root/Openjdk8u65_db/trap/java/classes/java/awt/Component.members/Component.members#52.0-1747531756244-java.trap.gz as /root/Openjdk8u65_db/trap/java/classes/java/awt/Component.members/Component.members#0.0-1747530168000-java.trap.gz exists
[2025-05-18 01:32:36] [javac-extractor-45380] [WARN] Not rewriting trap file for /root/Openjdk8u65_db/trap/java/classes/java/lang/InterruptedException.members/InterruptedException.members#52.0-1747531751574-java.trap.gz as /root/Openjdk8u65_db/trap/java/classes/java/lang/InterruptedException.members/InterruptedException.members#0.0-1747530087000-java.trap.gz exists
[2025-05-18 01:32:36] [javac-extractor-45380] [WARN] Not rewriting trap file for /root/Openjdk8u65_db/trap/java/classes/java/awt/event/MouseEvent.members/MouseEvent.members#52.0-1747531756354-java.trap.gz as /root/Openjdk8u65_db/trap/java/classes/java/awt/event/MouseEvent.members/MouseEvent.members#0.0-1747530168000-java.trap.gz exists
[2025-05-18 01:32:36] [javac-extractor-45380] [WARN] Not rewriting trap file for /root/Openjdk8u65_db/trap/java/classes/java/awt/event/InputEvent.members/InputEvent.members#52.0-1747531756294-java.trap.gz as /root/Openjdk8u65_db/trap/java/classes/java/awt/event/InputEvent.members/InputEvent.members#0.0-1747530087000-java.trap.gz exists
[2025-05-18 01:32:36] [javac-extractor-45380] [WARN] Not rewriting trap file for /root/Openjdk8u65_db/trap/java/classes/java/awt/Container.members/Container.members#52.0-1747531756244-java.trap.gz as /root/Openjdk8u65_db/trap/java/classes/java/awt/Container.members/Container.members#0.0-1747530168000-java.trap.gz exists
[2025-05-18 01:32:36] [javac-extractor-45380] [WARN] Not rewriting trap file for /root/Openjdk8u65_db/trap/java/classes/java/awt/Dimension.members/Dimension.members#52.0-1747531756254-java.trap.gz as /root/Openjdk8u65_db/trap/java/classes/java/awt/Dimension.members/Dimension.members#0.0-1747530087000-java.trap.gz exists
[2025-05-18 01:32:36] [javac-extractor-45380] [WARN] Not rewriting trap file for /root/Openjdk8u65_db/trap/java/classes/java/util/Vector.members/Vector.members#52.0-1747531753714-java.trap.gz as /root/Openjdk8u65_db/trap/java/classes/java/util/Vector.members/Vector.members#0.0-1747530168000-java.trap.gz exists
[2025-05-18 01:32:36] [javac-extractor-45380] [WARN] Not rewriting trap file for /root/Openjdk8u65_db/trap/java/classes/java/util/AbstractList.members/AbstractList.members#52.0-1747531753714-java.trap.gz as /root/Openjdk8u65_db/trap/java/classes/java/util/AbstractList.members/AbstractList.members#0.0-1747530087000-java.trap.gz exists
[2025-05-18 01:32:36] [javac-extractor-45380] [WARN] Not rewriting trap file for /root/Openjdk8u65_db/trap/java/classes/java/util/AbstractCollection.members/AbstractCollection.members#52.0-1747531753714-java.trap.gz as /root/Openjdk8u65_db/trap/java/classes/java/util/AbstractCollection.members/AbstractCollection.members#0.0-1747530087000-java.trap.gz exists
[2025-05-18 01:32:36] [javac-extractor-45380] [WARN] Not rewriting trap file for /root/Openjdk8u65_db/trap/java/classes/java/util/Collection.members/Collection.members#52.0-1747531752544-java.trap.gz as /root/Openjdk8u65_db/trap/java/classes/java/util/Collection.members/Collection.members#0.0-1747530087000-java.trap.gz exists
[2025-05-18 01:32:36] [javac-extractor-45380] [WARN] Not rewriting trap file for /root/Openjdk8u65_db/trap/java/classes/java/lang/Iterable.members/Iterable.members#52.0-1747531752414-java.trap.gz as /root/Openjdk8u65_db/trap/java/classes/java/lang/Iterable.members/Iterable.members#0.0-1747530087000-java.trap.gz exists
[2025-05-18 01:32:36] [javac-extractor-45380] [WARN] Not rewriting trap file for /root/Openjdk8u65_db/trap/java/classes/java/util/RandomAccess.members/RandomAccess.members#52.0-1747531753714-java.trap.gz as /root/Openjdk8u65_db/trap/java/classes/java/util/RandomAccess.members/RandomAccess.members#0.0-1747530087000-java.trap.gz exists
[2025-05-18 01:32:36] [javac-extractor-45380] [WARN] Not rewriting trap file for /root/Openjdk8u65_db/trap/java/classes/java/util/Spliterator.members/Spliterator.members#52.0-1747531753224-java.trap.gz as /root/Openjdk8u65_db/trap/java/classes/java/util/Spliterator.members/Spliterator.members#0.0-1747530168000-java.trap.gz exists
[2025-05-18 01:32:36] [javac-extractor-45380] [WARN] Not rewriting trap file for /root/Openjdk8u65_db/trap/java/classes/java/util/function/Consumer.members/Consumer.members#52.0-1747531753224-java.trap.gz as /root/Openjdk8u65_db/trap/java/classes/java/util/function/Consumer.members/Consumer.members#0.0-1747530087000-java.trap.gz exists
[2025-05-18 01:32:36] [javac-extractor-45380] [WARN] Not rewriting trap file for /root/Openjdk8u65_db/trap/java/classes/java/lang/FunctionalInterface.members/FunctionalInterface.members#52.0-1747531752414-java.trap.gz as /root/Openjdk8u65_db/trap/java/classes/java/lang/FunctionalInterface.members/FunctionalInterface.members#0.0-1747530087000-java.trap.gz exists
[2025-05-18 01:32:36] [javac-extractor-45380] [WARN] Not rewriting trap file for /root/Openjdk8u65_db/trap/java/classes/java/util/Iterator.members/Iterator.members#52.0-1747531753174-java.trap.gz as /root/Openjdk8u65_db/trap/java/classes/java/util/Iterator.members/Iterator.members#0.0-1747530087000-java.trap.gz exists
[2025-05-18 01:32:36] [javac-extractor-45380] [WARN] Not rewriting trap file for /root/Openjdk8u65_db/trap/java/classes/java/util/stream/Stream.members/Stream.members#52.0-1747531753364-java.trap.gz as /root/Openjdk8u65_db/trap/java/classes/java/util/stream/Stream.members/Stream.members#0.0-1747530168000-java.trap.gz exists
[2025-05-18 01:32:36] [javac-extractor-45380] [WARN] Not rewriting trap file for /root/Openjdk8u65_db/trap/java/classes/java/util/stream/BaseStream.members/BaseStream.members#52.0-1747531752494-java.trap.gz as /root/Openjdk8u65_db/trap/java/classes/java/util/stream/BaseStream.members/BaseStream.members#0.0-1747530168000-java.trap.gz exists
[2025-05-18 01:32:36] [javac-extractor-45380] [WARN] Not rewriting trap file for /root/Openjdk8u65_db/trap/java/classes/java/lang/AutoCloseable.members/AutoCloseable.members#52.0-1747531751564-java.trap.gz as /root/Openjdk8u65_db/trap/java/classes/java/lang/AutoCloseable.members/AutoCloseable.members#0.0-1747530087000-java.trap.gz exists
[2025-05-18 01:32:36] [javac-extractor-45380] [WARN] Not rewriting trap file for /root/Openjdk8u65_db/trap/java/classes/java/util/function/Predicate.members/Predicate.members#52.0-1747531753394-java.trap.gz as /root/Openjdk8u65_db/trap/java/classes/java/util/function/Predicate.members/Predicate.members#0.0-1747530087000-java.trap.gz exists
[2025-05-18 01:32:36] [javac-extractor-45380] [WARN] Not rewriting trap file for /root/Openjdk8u65_db/trap/java/classes/java/util/ListIterator.members/ListIterator.members#52.0-1747531753394-java.trap.gz as /root/Openjdk8u65_db/trap/java/classes/java/util/ListIterator.members/ListIterator.members#0.0-1747530087000-java.trap.gz exists
[2025-05-18 01:32:36] [javac-extractor-45380] [WARN] Not rewriting trap file for /root/Openjdk8u65_db/trap/java/classes/java/util/Comparator.members/Comparator.members#52.0-1747531752414-java.trap.gz as /root/Openjdk8u65_db/trap/java/classes/java/util/Comparator.members/Comparator.members#0.0-1747530087000-java.trap.gz exists
[2025-05-18 01:32:36] [javac-extractor-45380] [WARN] Not rewriting trap file for /root/Openjdk8u65_db/trap/java/classes/java/util/function/UnaryOperator.members/UnaryOperator.members#52.0-1747531753394-java.trap.gz as /root/Openjdk8u65_db/trap/java/classes/java/util/function/UnaryOperator.members/UnaryOperator.members#0.0-1747530087000-java.trap.gz exists
[2025-05-18 01:32:36] [javac-extractor-45380] [WARN] Not rewriting trap file for /root/Openjdk8u65_db/trap/java/classes/java/util/function/Function.members/Function.members#52.0-1747531753224-java.trap.gz as /root/Openjdk8u65_db/trap/java/classes/java/util/function/Function.members/Function.members#0.0-1747530087000-java.trap.gz exists
[2025-05-18 01:32:36] [javac-extractor-45380] [WARN] Not rewriting trap file for /root/Openjdk8u65_db/trap/java/classes/java/util/Enumeration.members/Enumeration.members#52.0-1747531753724-java.trap.gz as /root/Openjdk8u65_db/trap/java/classes/java/util/Enumeration.members/Enumeration.members#0.0-1747530087000-java.trap.gz exists
[2025-05-18 01:32:36] [javac-extractor-45380] [WARN] Not rewriting trap file for /root/Openjdk8u65_db/trap/java/classes/java/lang/Math.members/Math.members#52.0-1747531756404-java.trap.gz as /root/Openjdk8u65_db/trap/java/classes/java/lang/Math.members/Math.members#0.0-1747530087000-java.trap.gz exists
[2025-05-18 01:32:36] [javac-extractor-45380] [WARN] Not rewriting trap file for /root/Openjdk8u65_db/trap/java/classes/java/lang/StringBuffer.members/StringBuffer.members#52.0-1747531752364-java.trap.gz as /root/Openjdk8u65_db/trap/java/classes/java/lang/StringBuffer.members/StringBuffer.members#0.0-1747530168000-java.trap.gz exists
[2025-05-18 01:32:36] [javac-extractor-45380] Javac init time: 0.8s
[2025-05-18 01:32:36] [javac-extractor-45380] Javac attr time: 0.1s
[2025-05-18 01:32:36] [javac-extractor-45380] Extractor time: 0.2s
[2025-05-18 01:32:36] [javac-extractor-45380] Other time: 0.1s
[2025-05-18 01:32:36] [javac-extractor-45380] Total time: 1.3s
