[2025-05-18 01:32:33] [javac-extractor-45124] Starting extraction for:
                                              sun.java.command=com.semmle.extractor.java.JavaExtractor --jdk-version -1 --javac-args @@@/root/Openjdk8u65_db/log/ext/javac-29.args
                                              user.dir=/root/jdk8u/jdk/make
[2025-05-18 01:32:33] [javac-extractor-45124] Compilation name /root/Openjdk8u65_db/trap/java/diagnostics/diagnostic-7.trap.gz
[2025-05-18 01:32:34] [javac-extractor-45124] Annotation processor class 'lombok.launch.AnnotationProcessorHider$AnnotationProcessor' initialized.
[2025-05-18 01:32:34] [javac-extractor-45124] Annotation processor class 'lombok.launch.AnnotationProcessorHider$ClaimingProcessor' initialized.
[2025-05-18 01:32:34] [javac-extractor-45124] Processing file /root/jdk8u/jdk/src/share/demo/applets/CardTest/CardTest.java
[2025-05-18 01:32:34] [javac-extractor-45124] Processing file /root/jdk8u/jdk/src/share/demo/applets/CardTest/CardTest.java
[2025-05-18 01:32:34] [javac-extractor-45124] [WARN] Not rewriting trap file for /root/Openjdk8u65_db/trap/java/classes/java/applet/Applet.members/Applet.members#52.0-1747531756234-java.trap.gz as /root/Openjdk8u65_db/trap/java/classes/java/applet/Applet.members/Applet.members#0.0-1747530087000-java.trap.gz exists
[2025-05-18 01:32:34] [javac-extractor-45124] [WARN] Not rewriting trap file for /root/Openjdk8u65_db/trap/java/classes/java/awt/BorderLayout.members/BorderLayout.members#52.0-1747531757514-java.trap.gz as /root/Openjdk8u65_db/trap/java/classes/java/awt/BorderLayout.members/BorderLayout.members#0.0-1747530087000-java.trap.gz exists
[2025-05-18 01:32:34] [javac-extractor-45124] [WARN] Not rewriting trap file for /root/Openjdk8u65_db/trap/java/classes/java/awt/Button.members/Button.members#52.0-1747531756434-java.trap.gz as /root/Openjdk8u65_db/trap/java/classes/java/awt/Button.members/Button.members#0.0-1747530087000-java.trap.gz exists
[2025-05-18 01:32:34] [javac-extractor-45124] [WARN] Not rewriting trap file for /root/Openjdk8u65_db/trap/java/classes/java/awt/CardLayout.members/CardLayout.members#52.0-1747531757474-java.trap.gz as /root/Openjdk8u65_db/trap/java/classes/java/awt/CardLayout.members/CardLayout.members#0.0-1747530087000-java.trap.gz exists
[2025-05-18 01:32:34] [javac-extractor-45124] [WARN] Not rewriting trap file for /root/Openjdk8u65_db/trap/java/classes/java/awt/Choice.members/Choice.members#52.0-1747531756454-java.trap.gz as /root/Openjdk8u65_db/trap/java/classes/java/awt/Choice.members/Choice.members#0.0-1747530087000-java.trap.gz exists
[2025-05-18 01:32:34] [javac-extractor-45124] [WARN] Not rewriting trap file for /root/Openjdk8u65_db/trap/java/classes/java/awt/Dimension.members/Dimension.members#52.0-1747531756254-java.trap.gz as /root/Openjdk8u65_db/trap/java/classes/java/awt/Dimension.members/Dimension.members#0.0-1747530087000-java.trap.gz exists
[2025-05-18 01:32:34] [javac-extractor-45124] [WARN] Not rewriting trap file for /root/Openjdk8u65_db/trap/java/classes/java/awt/FlowLayout.members/FlowLayout.members#52.0-1747531757484-java.trap.gz as /root/Openjdk8u65_db/trap/java/classes/java/awt/FlowLayout.members/FlowLayout.members#0.0-1747530087000-java.trap.gz exists
[2025-05-18 01:32:34] [javac-extractor-45124] [WARN] Not rewriting trap file for /root/Openjdk8u65_db/trap/java/classes/java/awt/Frame.members/Frame.members#52.0-1747531756454-java.trap.gz as /root/Openjdk8u65_db/trap/java/classes/java/awt/Frame.members/Frame.members#0.0-1747530087000-java.trap.gz exists
[2025-05-18 01:32:34] [javac-extractor-45124] [WARN] Not rewriting trap file for /root/Openjdk8u65_db/trap/java/classes/java/awt/GridLayout.members/GridLayout.members#52.0-1747531757414-java.trap.gz as /root/Openjdk8u65_db/trap/java/classes/java/awt/GridLayout.members/GridLayout.members#0.0-1747530087000-java.trap.gz exists
[2025-05-18 01:32:34] [javac-extractor-45124] [WARN] Not rewriting trap file for /root/Openjdk8u65_db/trap/java/classes/java/awt/LayoutManager.members/LayoutManager.members#52.0-1747531756254-java.trap.gz as /root/Openjdk8u65_db/trap/java/classes/java/awt/LayoutManager.members/LayoutManager.members#0.0-1747530087000-java.trap.gz exists
[2025-05-18 01:32:34] [javac-extractor-45124] [WARN] Not rewriting trap file for /root/Openjdk8u65_db/trap/java/classes/java/awt/Panel.members/Panel.members#52.0-1747531756234-java.trap.gz as /root/Openjdk8u65_db/trap/java/classes/java/awt/Panel.members/Panel.members#0.0-1747530087000-java.trap.gz exists
[2025-05-18 01:32:34] [javac-extractor-45124] [WARN] Not rewriting trap file for /root/Openjdk8u65_db/trap/java/classes/java/awt/event/ActionEvent.members/ActionEvent.members#52.0-1747531756424-java.trap.gz as /root/Openjdk8u65_db/trap/java/classes/java/awt/event/ActionEvent.members/ActionEvent.members#0.0-1747530087000-java.trap.gz exists
[2025-05-18 01:32:34] [javac-extractor-45124] [WARN] Not rewriting trap file for /root/Openjdk8u65_db/trap/java/classes/java/awt/event/ActionListener.members/ActionListener.members#52.0-1747531756424-java.trap.gz as /root/Openjdk8u65_db/trap/java/classes/java/awt/event/ActionListener.members/ActionListener.members#0.0-1747530087000-java.trap.gz exists
[2025-05-18 01:32:34] [javac-extractor-45124] [WARN] Not rewriting trap file for /root/Openjdk8u65_db/trap/java/classes/java/awt/event/ItemEvent.members/ItemEvent.members#52.0-1747531756594-java.trap.gz as /root/Openjdk8u65_db/trap/java/classes/java/awt/event/ItemEvent.members/ItemEvent.members#0.0-1747530087000-java.trap.gz exists
[2025-05-18 01:32:34] [javac-extractor-45124] [WARN] Not rewriting trap file for /root/Openjdk8u65_db/trap/java/classes/java/awt/event/ItemListener.members/ItemListener.members#52.0-1747531756594-java.trap.gz as /root/Openjdk8u65_db/trap/java/classes/java/awt/event/ItemListener.members/ItemListener.members#0.0-1747530087000-java.trap.gz exists
[2025-05-18 01:32:34] [javac-extractor-45124] [WARN] Not rewriting trap file for /root/Openjdk8u65_db/trap/java/classes/java/lang/SuppressWarnings.members/SuppressWarnings.members#52.0-1747531755174-java.trap.gz as /root/Openjdk8u65_db/trap/java/classes/java/lang/SuppressWarnings.members/SuppressWarnings.members#0.0-1747530087000-java.trap.gz exists
[2025-05-18 01:32:34] [javac-extractor-45124] [WARN] Not rewriting trap file for /root/Openjdk8u65_db/trap/java/classes/java/lang/String.members/String.members#52.0-1747531750834-java.trap.gz as /root/Openjdk8u65_db/trap/java/classes/java/lang/String.members/String.members#0.0-1747530087000-java.trap.gz exists
[2025-05-18 01:32:34] [javac-extractor-45124] [WARN] Not rewriting trap file for /root/Openjdk8u65_db/trap/java/classes/java/lang/Object.members/Object.members#52.0-1747531750714-java.trap.gz as /root/Openjdk8u65_db/trap/java/classes/java/lang/Object.members/Object.members#0.0-1747530087000-java.trap.gz exists
[2025-05-18 01:32:34] [javac-extractor-45124] [WARN] Not rewriting trap file for /root/Openjdk8u65_db/trap/java/classes/java/lang/Cloneable.members/Cloneable.members#52.0-1747531752494-java.trap.gz as /root/Openjdk8u65_db/trap/java/classes/java/lang/Cloneable.members/Cloneable.members#0.0-1747530087000-java.trap.gz exists
[2025-05-18 01:32:34] [javac-extractor-45124] [WARN] Not rewriting trap file for /root/Openjdk8u65_db/trap/java/classes/java/io/Serializable.members/Serializable.members#52.0-1747531750714-java.trap.gz as /root/Openjdk8u65_db/trap/java/classes/java/io/Serializable.members/Serializable.members#0.0-1747530087000-java.trap.gz exists
[2025-05-18 01:32:34] [javac-extractor-45124] [WARN] Not rewriting trap file for /root/Openjdk8u65_db/trap/java/classes/java/awt/Container.members/Container.members#52.0-1747531756244-java.trap.gz as /root/Openjdk8u65_db/trap/java/classes/java/awt/Container.members/Container.members#0.0-1747530168000-java.trap.gz exists
[2025-05-18 01:32:34] [javac-extractor-45124] [WARN] Not rewriting trap file for /root/Openjdk8u65_db/trap/java/classes/java/awt/Component.members/Component.members#52.0-1747531756244-java.trap.gz as /root/Openjdk8u65_db/trap/java/classes/java/awt/Component.members/Component.members#0.0-1747530168000-java.trap.gz exists
[2025-05-18 01:32:34] [javac-extractor-45124] [WARN] Not rewriting trap file for /root/Openjdk8u65_db/trap/java/classes/java/lang/Override.members/Override.members#52.0-1747531757164-java.trap.gz as /root/Openjdk8u65_db/trap/java/classes/java/lang/Override.members/Override.members#0.0-1747530087000-java.trap.gz exists
[2025-05-18 01:32:34] [javac-extractor-45124] [WARN] Not rewriting trap file for /root/Openjdk8u65_db/trap/java/classes/java/util/EventListener.members/EventListener.members#52.0-1747531755594-java.trap.gz as /root/Openjdk8u65_db/trap/java/classes/java/util/EventListener.members/EventListener.members#0.0-1747530087000-java.trap.gz exists
[2025-05-18 01:32:34] [javac-extractor-45124] [WARN] Not rewriting trap file for /root/Openjdk8u65_db/trap/java/classes/java/awt/Window.members/Window.members#52.0-1747531756364-java.trap.gz as /root/Openjdk8u65_db/trap/java/classes/java/awt/Window.members/Window.members#0.0-1747530168000-java.trap.gz exists
[2025-05-18 01:32:34] [javac-extractor-45124] Javac init time: 0.7s
[2025-05-18 01:32:34] [javac-extractor-45124] Javac attr time: 0.1s
[2025-05-18 01:32:34] [javac-extractor-45124] Extractor time: 0.1s
[2025-05-18 01:32:34] [javac-extractor-45124] Other time: 0.1s
[2025-05-18 01:32:34] [javac-extractor-45124] Total time: 0.9s
