[2025-05-18 01:32:38] [javac-extractor-45787] Starting extraction for:
                                              sun.java.command=com.semmle.extractor.java.JavaExtractor --jdk-version -1 --javac-args @@@/root/Openjdk8u65_db/log/ext/javac-38.args
                                              user.dir=/root/jdk8u/jdk/make
[2025-05-18 01:32:38] [javac-extractor-45787] Compilation name /root/Openjdk8u65_db/trap/java/diagnostics/diagnostic-16.trap.gz
[2025-05-18 01:32:39] [javac-extractor-45787] Annotation processor class 'lombok.launch.AnnotationProcessorHider$AnnotationProcessor' initialized.
[2025-05-18 01:32:39] [javac-extractor-45787] Annotation processor class 'lombok.launch.AnnotationProcessorHider$ClaimingProcessor' initialized.
[2025-05-18 01:32:40] [javac-extractor-45787] Processing file /root/jdk8u/jdk/src/share/demo/applets/SpreadSheet/SpreadSheet.java
[2025-05-18 01:32:40] [javac-extractor-45787] Processing file /root/jdk8u/jdk/src/share/demo/applets/SpreadSheet/SpreadSheet.java
[2025-05-18 01:32:40] [javac-extractor-45787] Processing file /root/jdk8u/jdk/src/share/demo/applets/SpreadSheet/SpreadSheet.java
[2025-05-18 01:32:40] [javac-extractor-45787] Processing file /root/jdk8u/jdk/src/share/demo/applets/SpreadSheet/SpreadSheet.java
[2025-05-18 01:32:40] [javac-extractor-45787] Processing file /root/jdk8u/jdk/src/share/demo/applets/SpreadSheet/SpreadSheet.java
[2025-05-18 01:32:40] [javac-extractor-45787] Processing file /root/jdk8u/jdk/src/share/demo/applets/SpreadSheet/SpreadSheet.java
[2025-05-18 01:32:40] [javac-extractor-45787] [WARN] Not rewriting trap file for /root/Openjdk8u65_db/trap/java/classes/java/applet/Applet.members/Applet.members#52.0-1747531756234-java.trap.gz as /root/Openjdk8u65_db/trap/java/classes/java/applet/Applet.members/Applet.members#0.0-1747530087000-java.trap.gz exists
[2025-05-18 01:32:40] [javac-extractor-45787] [WARN] Not rewriting trap file for /root/Openjdk8u65_db/trap/java/classes/java/lang/Object.members/Object.members#52.0-1747531750714-java.trap.gz as /root/Openjdk8u65_db/trap/java/classes/java/lang/Object.members/Object.members#0.0-1747530087000-java.trap.gz exists
[2025-05-18 01:32:40] [javac-extractor-45787] [WARN] Not rewriting trap file for /root/Openjdk8u65_db/trap/java/classes/java/lang/Cloneable.members/Cloneable.members#52.0-1747531752494-java.trap.gz as /root/Openjdk8u65_db/trap/java/classes/java/lang/Cloneable.members/Cloneable.members#0.0-1747530087000-java.trap.gz exists
[2025-05-18 01:32:40] [javac-extractor-45787] [WARN] Not rewriting trap file for /root/Openjdk8u65_db/trap/java/classes/java/io/Serializable.members/Serializable.members#52.0-1747531750714-java.trap.gz as /root/Openjdk8u65_db/trap/java/classes/java/io/Serializable.members/Serializable.members#0.0-1747530087000-java.trap.gz exists
[2025-05-18 01:32:40] [javac-extractor-45787] [WARN] Not rewriting trap file for /root/Openjdk8u65_db/trap/java/classes/java/awt/Font.members/Font.members#52.0-1747531756274-java.trap.gz as /root/Openjdk8u65_db/trap/java/classes/java/awt/Font.members/Font.members#0.0-1747530168000-java.trap.gz exists
[2025-05-18 01:32:40] [javac-extractor-45787] [WARN] Not rewriting trap file for /root/Openjdk8u65_db/trap/java/classes/java/awt/Color.members/Color.members#52.0-1747531756264-java.trap.gz as /root/Openjdk8u65_db/trap/java/classes/java/awt/Color.members/Color.members#0.0-1747530087000-java.trap.gz exists
[2025-05-18 01:32:40] [javac-extractor-45787] [WARN] Not rewriting trap file for /root/Openjdk8u65_db/trap/java/classes/java/lang/String.members/String.members#52.0-1747531750834-java.trap.gz as /root/Openjdk8u65_db/trap/java/classes/java/lang/String.members/String.members#0.0-1747530087000-java.trap.gz exists
[2025-05-18 01:32:40] [javac-extractor-45787] [WARN] Not rewriting trap file for /root/Openjdk8u65_db/trap/java/classes/java/awt/event/MouseListener.members/MouseListener.members#52.0-1747531756314-java.trap.gz as /root/Openjdk8u65_db/trap/java/classes/java/awt/event/MouseListener.members/MouseListener.members#0.0-1747530087000-java.trap.gz exists
[2025-05-18 01:32:40] [javac-extractor-45787] [WARN] Not rewriting trap file for /root/Openjdk8u65_db/trap/java/classes/java/awt/event/KeyListener.members/KeyListener.members#52.0-1747531756314-java.trap.gz as /root/Openjdk8u65_db/trap/java/classes/java/awt/event/KeyListener.members/KeyListener.members#0.0-1747530087000-java.trap.gz exists
[2025-05-18 01:32:40] [javac-extractor-45787] [WARN] Not rewriting trap file for /root/Openjdk8u65_db/trap/java/classes/java/util/EventListener.members/EventListener.members#52.0-1747531755594-java.trap.gz as /root/Openjdk8u65_db/trap/java/classes/java/util/EventListener.members/EventListener.members#0.0-1747530087000-java.trap.gz exists
[2025-05-18 01:32:40] [javac-extractor-45787] [WARN] Not rewriting trap file for /root/Openjdk8u65_db/trap/java/classes/java/lang/SuppressWarnings.members/SuppressWarnings.members#52.0-1747531755174-java.trap.gz as /root/Openjdk8u65_db/trap/java/classes/java/lang/SuppressWarnings.members/SuppressWarnings.members#0.0-1747530087000-java.trap.gz exists
[2025-05-18 01:32:40] [javac-extractor-45787] [WARN] Not rewriting trap file for /root/Openjdk8u65_db/trap/java/classes/java/lang/Override.members/Override.members#52.0-1747531757164-java.trap.gz as /root/Openjdk8u65_db/trap/java/classes/java/lang/Override.members/Override.members#0.0-1747530087000-java.trap.gz exists
[2025-05-18 01:32:40] [javac-extractor-45787] [WARN] Not rewriting trap file for /root/Openjdk8u65_db/trap/java/classes/java/awt/Dimension.members/Dimension.members#52.0-1747531756254-java.trap.gz as /root/Openjdk8u65_db/trap/java/classes/java/awt/Dimension.members/Dimension.members#0.0-1747530087000-java.trap.gz exists
[2025-05-18 01:32:40] [javac-extractor-45787] [WARN] Not rewriting trap file for /root/Openjdk8u65_db/trap/java/classes/java/awt/Component.members/Component.members#52.0-1747531756244-java.trap.gz as /root/Openjdk8u65_db/trap/java/classes/java/awt/Component.members/Component.members#0.0-1747530168000-java.trap.gz exists
[2025-05-18 01:32:40] [javac-extractor-45787] [WARN] Not rewriting trap file for /root/Openjdk8u65_db/trap/java/classes/java/lang/Integer.members/Integer.members#52.0-1747531752524-java.trap.gz as /root/Openjdk8u65_db/trap/java/classes/java/lang/Integer.members/Integer.members#0.0-1747530087000-java.trap.gz exists
[2025-05-18 01:32:40] [javac-extractor-45787] [WARN] Not rewriting trap file for /root/Openjdk8u65_db/trap/java/classes/java/awt/Graphics.members/Graphics.members#52.0-1747531756254-java.trap.gz as /root/Openjdk8u65_db/trap/java/classes/java/awt/Graphics.members/Graphics.members#0.0-1747530087000-java.trap.gz exists
[2025-05-18 01:32:40] [javac-extractor-45787] [WARN] Not rewriting trap file for /root/Openjdk8u65_db/trap/java/classes/java/awt/FontMetrics.members/FontMetrics.members#52.0-1747531756344-java.trap.gz as /root/Openjdk8u65_db/trap/java/classes/java/awt/FontMetrics.members/FontMetrics.members#0.0-1747530087000-java.trap.gz exists
[2025-05-18 01:32:40] [javac-extractor-45787] [WARN] Not rewriting trap file for /root/Openjdk8u65_db/trap/java/classes/java/awt/event/MouseEvent.members/MouseEvent.members#52.0-1747531756354-java.trap.gz as /root/Openjdk8u65_db/trap/java/classes/java/awt/event/MouseEvent.members/MouseEvent.members#0.0-1747530168000-java.trap.gz exists
[2025-05-18 01:32:40] [javac-extractor-45787] [WARN] Not rewriting trap file for /root/Openjdk8u65_db/trap/java/classes/java/awt/event/InputEvent.members/InputEvent.members#52.0-1747531756294-java.trap.gz as /root/Openjdk8u65_db/trap/java/classes/java/awt/event/InputEvent.members/InputEvent.members#0.0-1747530087000-java.trap.gz exists
[2025-05-18 01:32:40] [javac-extractor-45787] [WARN] Not rewriting trap file for /root/Openjdk8u65_db/trap/java/classes/java/awt/event/KeyEvent.members/KeyEvent.members#52.0-1747531756294-java.trap.gz as /root/Openjdk8u65_db/trap/java/classes/java/awt/event/KeyEvent.members/KeyEvent.members#0.0-1747530087000-java.trap.gz exists
[2025-05-18 01:32:40] [javac-extractor-45787] [WARN] Not rewriting trap file for /root/Openjdk8u65_db/trap/java/classes/java/io/StreamTokenizer.members/StreamTokenizer.members#52.0-1747531756854-java.trap.gz as /root/Openjdk8u65_db/trap/java/classes/java/io/StreamTokenizer.members/StreamTokenizer.members#0.0-1747530087000-java.trap.gz exists
[2025-05-18 01:32:40] [javac-extractor-45787] [WARN] Not rewriting trap file for /root/Openjdk8u65_db/trap/java/classes/java/io/InputStream.members/InputStream.members#52.0-1747531751564-java.trap.gz as /root/Openjdk8u65_db/trap/java/classes/java/io/InputStream.members/InputStream.members#0.0-1747530087000-java.trap.gz exists
[2025-05-18 01:32:40] [javac-extractor-45787] [WARN] Not rewriting trap file for /root/Openjdk8u65_db/trap/java/classes/java/lang/Thread.members/Thread.members#52.0-1747531753864-java.trap.gz as /root/Openjdk8u65_db/trap/java/classes/java/lang/Thread.members/Thread.members#0.0-1747530168000-java.trap.gz exists
[2025-05-18 01:32:40] [javac-extractor-45787] [WARN] Not rewriting trap file for /root/Openjdk8u65_db/trap/java/classes/java/net/URL.members/URL.members#52.0-1747531752874-java.trap.gz as /root/Openjdk8u65_db/trap/java/classes/java/net/URL.members/URL.members#0.0-1747530168000-java.trap.gz exists
[2025-05-18 01:32:40] [javac-extractor-45787] [WARN] Not rewriting trap file for /root/Openjdk8u65_db/trap/java/classes/java/io/BufferedReader.members/BufferedReader.members#52.0-1747531756064-java.trap.gz as /root/Openjdk8u65_db/trap/java/classes/java/io/BufferedReader.members/BufferedReader.members#0.0-1747530168000-java.trap.gz exists
[2025-05-18 01:32:40] [javac-extractor-45787] [WARN] Not rewriting trap file for /root/Openjdk8u65_db/trap/java/classes/java/io/Reader.members/Reader.members#52.0-1747531754214-java.trap.gz as /root/Openjdk8u65_db/trap/java/classes/java/io/Reader.members/Reader.members#0.0-1747530087000-java.trap.gz exists
[2025-05-18 01:32:40] [javac-extractor-45787] [WARN] Not rewriting trap file for /root/Openjdk8u65_db/trap/java/classes/java/io/InputStreamReader.members/InputStreamReader.members#52.0-1747531756834-java.trap.gz as /root/Openjdk8u65_db/trap/java/classes/java/io/InputStreamReader.members/InputStreamReader.members#0.0-1747530087000-java.trap.gz exists
[2025-05-18 01:32:40] [javac-extractor-45787] [WARN] Not rewriting trap file for /root/Openjdk8u65_db/trap/java/classes/java/lang/InterruptedException.members/InterruptedException.members#52.0-1747531751574-java.trap.gz as /root/Openjdk8u65_db/trap/java/classes/java/lang/InterruptedException.members/InterruptedException.members#0.0-1747530087000-java.trap.gz exists
[2025-05-18 01:32:40] [javac-extractor-45787] [WARN] Not rewriting trap file for /root/Openjdk8u65_db/trap/java/classes/java/io/IOException.members/IOException.members#52.0-1747531751574-java.trap.gz as /root/Openjdk8u65_db/trap/java/classes/java/io/IOException.members/IOException.members#0.0-1747530087000-java.trap.gz exists
[2025-05-18 01:32:40] [javac-extractor-45787] [WARN] Not rewriting trap file for /root/Openjdk8u65_db/trap/java/classes/java/lang/Float.members/Float.members#52.0-1747531756424-java.trap.gz as /root/Openjdk8u65_db/trap/java/classes/java/lang/Float.members/Float.members#0.0-1747530087000-java.trap.gz exists
[2025-05-18 01:32:40] [javac-extractor-45787] [WARN] Not rewriting trap file for /root/Openjdk8u65_db/trap/java/classes/java/lang/NumberFormatException.members/NumberFormatException.members#52.0-1747531753394-java.trap.gz as /root/Openjdk8u65_db/trap/java/classes/java/lang/NumberFormatException.members/NumberFormatException.members#0.0-1747530087000-java.trap.gz exists
[2025-05-18 01:32:40] [javac-extractor-45787] [WARN] Not rewriting trap file for /root/Openjdk8u65_db/trap/java/classes/java/io/PrintStream.members/PrintStream.members#52.0-1747531752564-java.trap.gz as /root/Openjdk8u65_db/trap/java/classes/java/io/PrintStream.members/PrintStream.members#0.0-1747530087000-java.trap.gz exists
[2025-05-18 01:32:40] [javac-extractor-45787] [WARN] Not rewriting trap file for /root/Openjdk8u65_db/trap/java/classes/java/lang/System.members/System.members#52.0-1747531757154-java.trap.gz as /root/Openjdk8u65_db/trap/java/classes/java/lang/System.members/System.members#0.0-1747530168000-java.trap.gz exists
[2025-05-18 01:32:40] [javac-extractor-45787] Javac init time: 0.8s
[2025-05-18 01:32:40] [javac-extractor-45787] Javac attr time: 0.2s
[2025-05-18 01:32:40] [javac-extractor-45787] Extractor time: 0.2s
[2025-05-18 01:32:40] [javac-extractor-45787] Other time: 0.1s
[2025-05-18 01:32:40] [javac-extractor-45787] Total time: 1.3s
