[2025-05-18 01:32:31] [javac-extractor-44903] Starting extraction for:
                                              sun.java.command=com.semmle.extractor.java.JavaExtractor --jdk-version -1 --javac-args @@@/root/Openjdk8u65_db/log/ext/javac-26.args
                                              user.dir=/root/jdk8u/jdk/make
[2025-05-18 01:32:31] [javac-extractor-44903] Compilation name /root/Openjdk8u65_db/trap/java/diagnostics/diagnostic-4.trap.gz
[2025-05-18 01:32:32] [javac-extractor-44903] Annotation processor class 'lombok.launch.AnnotationProcessorHider$AnnotationProcessor' initialized.
[2025-05-18 01:32:32] [javac-extractor-44903] Annotation processor class 'lombok.launch.AnnotationProcessorHider$ClaimingProcessor' initialized.
[2025-05-18 01:32:32] [javac-extractor-44903] Processing file /root/jdk8u/jdk/src/share/demo/applets/Blink/Blink.java
[2025-05-18 01:32:32] [javac-extractor-44903] [WARN] Not rewriting trap file for /root/Openjdk8u65_db/trap/java/classes/java/awt/Color.members/Color.members#52.0-1747531756264-java.trap.gz as /root/Openjdk8u65_db/trap/java/classes/java/awt/Color.members/Color.members#0.0-1747530087000-java.trap.gz exists
[2025-05-18 01:32:32] [javac-extractor-44903] [WARN] Not rewriting trap file for /root/Openjdk8u65_db/trap/java/classes/java/awt/Dimension.members/Dimension.members#52.0-1747531756254-java.trap.gz as /root/Openjdk8u65_db/trap/java/classes/java/awt/Dimension.members/Dimension.members#0.0-1747530087000-java.trap.gz exists
[2025-05-18 01:32:32] [javac-extractor-44903] [WARN] Not rewriting trap file for /root/Openjdk8u65_db/trap/java/classes/java/awt/Font.members/Font.members#52.0-1747531756274-java.trap.gz as /root/Openjdk8u65_db/trap/java/classes/java/awt/Font.members/Font.members#0.0-1747530168000-java.trap.gz exists
[2025-05-18 01:32:32] [javac-extractor-44903] [WARN] Not rewriting trap file for /root/Openjdk8u65_db/trap/java/classes/java/awt/FontMetrics.members/FontMetrics.members#52.0-1747531756344-java.trap.gz as /root/Openjdk8u65_db/trap/java/classes/java/awt/FontMetrics.members/FontMetrics.members#0.0-1747530087000-java.trap.gz exists
[2025-05-18 01:32:32] [javac-extractor-44903] [WARN] Not rewriting trap file for /root/Openjdk8u65_db/trap/java/classes/java/awt/Graphics.members/Graphics.members#52.0-1747531756254-java.trap.gz as /root/Openjdk8u65_db/trap/java/classes/java/awt/Graphics.members/Graphics.members#0.0-1747530087000-java.trap.gz exists
[2025-05-18 01:32:32] [javac-extractor-44903] [WARN] Not rewriting trap file for /root/Openjdk8u65_db/trap/java/classes/java/util/StringTokenizer.members/StringTokenizer.members#52.0-1747531755614-java.trap.gz as /root/Openjdk8u65_db/trap/java/classes/java/util/StringTokenizer.members/StringTokenizer.members#0.0-1747530087000-java.trap.gz exists
[2025-05-18 01:32:32] [javac-extractor-44903] [WARN] Not rewriting trap file for /root/Openjdk8u65_db/trap/java/classes/java/util/Timer.members/Timer.members#52.0-1747531756134-java.trap.gz as /root/Openjdk8u65_db/trap/java/classes/java/util/Timer.members/Timer.members#0.0-1747530087000-java.trap.gz exists
[2025-05-18 01:32:32] [javac-extractor-44903] [WARN] Not rewriting trap file for /root/Openjdk8u65_db/trap/java/classes/java/util/TimerTask.members/TimerTask.members#52.0-1747531756054-java.trap.gz as /root/Openjdk8u65_db/trap/java/classes/java/util/TimerTask.members/TimerTask.members#0.0-1747530087000-java.trap.gz exists
[2025-05-18 01:32:32] [javac-extractor-44903] [WARN] Not rewriting trap file for /root/Openjdk8u65_db/trap/java/classes/java/lang/String.members/String.members#52.0-1747531750834-java.trap.gz as /root/Openjdk8u65_db/trap/java/classes/java/lang/String.members/String.members#0.0-1747530087000-java.trap.gz exists
[2025-05-18 01:32:32] [javac-extractor-44903] [WARN] Not rewriting trap file for /root/Openjdk8u65_db/trap/java/classes/java/applet/Applet.members/Applet.members#52.0-1747531756234-java.trap.gz as /root/Openjdk8u65_db/trap/java/classes/java/applet/Applet.members/Applet.members#0.0-1747530087000-java.trap.gz exists
[2025-05-18 01:32:32] [javac-extractor-44903] [WARN] Not rewriting trap file for /root/Openjdk8u65_db/trap/java/classes/java/lang/Override.members/Override.members#52.0-1747531757164-java.trap.gz as /root/Openjdk8u65_db/trap/java/classes/java/lang/Override.members/Override.members#0.0-1747530087000-java.trap.gz exists
[2025-05-18 01:32:32] [javac-extractor-44903] [WARN] Not rewriting trap file for /root/Openjdk8u65_db/trap/java/classes/java/lang/Integer.members/Integer.members#52.0-1747531752524-java.trap.gz as /root/Openjdk8u65_db/trap/java/classes/java/lang/Integer.members/Integer.members#0.0-1747530087000-java.trap.gz exists
[2025-05-18 01:32:32] [javac-extractor-44903] [WARN] Not rewriting trap file for /root/Openjdk8u65_db/trap/java/classes/java/awt/Container.members/Container.members#52.0-1747531756244-java.trap.gz as /root/Openjdk8u65_db/trap/java/classes/java/awt/Container.members/Container.members#0.0-1747530168000-java.trap.gz exists
[2025-05-18 01:32:32] [javac-extractor-44903] [WARN] Not rewriting trap file for /root/Openjdk8u65_db/trap/java/classes/java/awt/Component.members/Component.members#52.0-1747531756244-java.trap.gz as /root/Openjdk8u65_db/trap/java/classes/java/awt/Component.members/Component.members#0.0-1747530168000-java.trap.gz exists
[2025-05-18 01:32:32] [javac-extractor-44903] [WARN] Not rewriting trap file for /root/Openjdk8u65_db/trap/java/classes/java/lang/Math.members/Math.members#52.0-1747531756404-java.trap.gz as /root/Openjdk8u65_db/trap/java/classes/java/lang/Math.members/Math.members#0.0-1747530087000-java.trap.gz exists
[2025-05-18 01:32:32] [javac-extractor-44903] [WARN] Not rewriting trap file for /root/Openjdk8u65_db/trap/java/classes/java/lang/Object.members/Object.members#52.0-1747531750714-java.trap.gz as /root/Openjdk8u65_db/trap/java/classes/java/lang/Object.members/Object.members#0.0-1747530087000-java.trap.gz exists
[2025-05-18 01:32:32] [javac-extractor-44903] [WARN] Not rewriting trap file for /root/Openjdk8u65_db/trap/java/classes/java/lang/Cloneable.members/Cloneable.members#52.0-1747531752494-java.trap.gz as /root/Openjdk8u65_db/trap/java/classes/java/lang/Cloneable.members/Cloneable.members#0.0-1747530087000-java.trap.gz exists
[2025-05-18 01:32:32] [javac-extractor-44903] [WARN] Not rewriting trap file for /root/Openjdk8u65_db/trap/java/classes/java/io/Serializable.members/Serializable.members#52.0-1747531750714-java.trap.gz as /root/Openjdk8u65_db/trap/java/classes/java/io/Serializable.members/Serializable.members#0.0-1747530087000-java.trap.gz exists
[2025-05-18 01:32:32] [javac-extractor-44903] Javac init time: 0.7s
[2025-05-18 01:32:32] [javac-extractor-44903] Javac attr time: 0.1s
[2025-05-18 01:32:32] [javac-extractor-44903] Extractor time: 0.1s
[2025-05-18 01:32:32] [javac-extractor-44903] Other time: 0.1s
[2025-05-18 01:32:32] [javac-extractor-44903] Total time: 1.0s
