[2025-05-18 01:32:31] [javac-extractor-44923] Starting extraction for:
                                              sun.java.command=com.semmle.extractor.java.JavaExtractor --jdk-version -1 --javac-args @@@/root/Openjdk8u65_db/log/ext/javac-27.args
                                              user.dir=/root/jdk8u/jdk/make
[2025-05-18 01:32:31] [javac-extractor-44923] Compilation name /root/Openjdk8u65_db/trap/java/diagnostics/diagnostic-5.trap.gz
[2025-05-18 01:32:32] [javac-extractor-44923] Annotation processor class 'lombok.launch.AnnotationProcessorHider$AnnotationProcessor' initialized.
[2025-05-18 01:32:32] [javac-extractor-44923] Annotation processor class 'lombok.launch.AnnotationProcessorHider$ClaimingProcessor' initialized.
[2025-05-18 01:32:32] [javac-extractor-44923] Processing file /root/jdk8u/jdk/src/share/demo/applets/ArcTest/ArcTest.java
[2025-05-18 01:32:32] [javac-extractor-44923] Processing file /root/jdk8u/jdk/src/share/demo/applets/ArcTest/ArcTest.java
[2025-05-18 01:32:33] [javac-extractor-44923] Processing file /root/jdk8u/jdk/src/share/demo/applets/ArcTest/ArcTest.java
[2025-05-18 01:32:33] [javac-extractor-44923] Processing file /root/jdk8u/jdk/src/share/demo/applets/ArcTest/ArcTest.java
[2025-05-18 01:32:33] [javac-extractor-44923] [WARN] Not rewriting trap file for /root/Openjdk8u65_db/trap/java/classes/java/applet/Applet.members/Applet.members#52.0-1747531756234-java.trap.gz as /root/Openjdk8u65_db/trap/java/classes/java/applet/Applet.members/Applet.members#0.0-1747530087000-java.trap.gz exists
[2025-05-18 01:32:33] [javac-extractor-44923] [WARN] Not rewriting trap file for /root/Openjdk8u65_db/trap/java/classes/java/lang/SuppressWarnings.members/SuppressWarnings.members#52.0-1747531755174-java.trap.gz as /root/Openjdk8u65_db/trap/java/classes/java/lang/SuppressWarnings.members/SuppressWarnings.members#0.0-1747530087000-java.trap.gz exists
[2025-05-18 01:32:33] [javac-extractor-44923] [WARN] Not rewriting trap file for /root/Openjdk8u65_db/trap/java/classes/java/lang/String.members/String.members#52.0-1747531750834-java.trap.gz as /root/Openjdk8u65_db/trap/java/classes/java/lang/String.members/String.members#0.0-1747530087000-java.trap.gz exists
[2025-05-18 01:32:33] [javac-extractor-44923] [WARN] Not rewriting trap file for /root/Openjdk8u65_db/trap/java/classes/java/lang/Object.members/Object.members#52.0-1747531750714-java.trap.gz as /root/Openjdk8u65_db/trap/java/classes/java/lang/Object.members/Object.members#0.0-1747530087000-java.trap.gz exists
[2025-05-18 01:32:33] [javac-extractor-44923] [WARN] Not rewriting trap file for /root/Openjdk8u65_db/trap/java/classes/java/lang/Cloneable.members/Cloneable.members#52.0-1747531752494-java.trap.gz as /root/Openjdk8u65_db/trap/java/classes/java/lang/Cloneable.members/Cloneable.members#0.0-1747530087000-java.trap.gz exists
[2025-05-18 01:32:33] [javac-extractor-44923] [WARN] Not rewriting trap file for /root/Openjdk8u65_db/trap/java/classes/java/io/Serializable.members/Serializable.members#52.0-1747531750714-java.trap.gz as /root/Openjdk8u65_db/trap/java/classes/java/io/Serializable.members/Serializable.members#0.0-1747530087000-java.trap.gz exists
[2025-05-18 01:32:33] [javac-extractor-44923] [WARN] Not rewriting trap file for /root/Openjdk8u65_db/trap/java/classes/java/lang/Override.members/Override.members#52.0-1747531757164-java.trap.gz as /root/Openjdk8u65_db/trap/java/classes/java/lang/Override.members/Override.members#0.0-1747530087000-java.trap.gz exists
[2025-05-18 01:32:33] [javac-extractor-44923] [WARN] Not rewriting trap file for /root/Openjdk8u65_db/trap/java/classes/java/awt/Container.members/Container.members#52.0-1747531756244-java.trap.gz as /root/Openjdk8u65_db/trap/java/classes/java/awt/Container.members/Container.members#0.0-1747530168000-java.trap.gz exists
[2025-05-18 01:32:33] [javac-extractor-44923] [WARN] Not rewriting trap file for /root/Openjdk8u65_db/trap/java/classes/java/awt/LayoutManager.members/LayoutManager.members#52.0-1747531756254-java.trap.gz as /root/Openjdk8u65_db/trap/java/classes/java/awt/LayoutManager.members/LayoutManager.members#0.0-1747530087000-java.trap.gz exists
[2025-05-18 01:32:33] [javac-extractor-44923] [WARN] Not rewriting trap file for /root/Openjdk8u65_db/trap/java/classes/java/awt/BorderLayout.members/BorderLayout.members#52.0-1747531757514-java.trap.gz as /root/Openjdk8u65_db/trap/java/classes/java/awt/BorderLayout.members/BorderLayout.members#0.0-1747530087000-java.trap.gz exists
[2025-05-18 01:32:33] [javac-extractor-44923] [WARN] Not rewriting trap file for /root/Openjdk8u65_db/trap/java/classes/java/awt/Component.members/Component.members#52.0-1747531756244-java.trap.gz as /root/Openjdk8u65_db/trap/java/classes/java/awt/Component.members/Component.members#0.0-1747530168000-java.trap.gz exists
[2025-05-18 01:32:33] [javac-extractor-44923] [WARN] Not rewriting trap file for /root/Openjdk8u65_db/trap/java/classes/java/awt/AWTEvent.members/AWTEvent.members#52.0-1747531756274-java.trap.gz as /root/Openjdk8u65_db/trap/java/classes/java/awt/AWTEvent.members/AWTEvent.members#0.0-1747530087000-java.trap.gz exists
[2025-05-18 01:32:33] [javac-extractor-44923] [WARN] Not rewriting trap file for /root/Openjdk8u65_db/trap/java/classes/java/awt/Event.members/Event.members#52.0-1747531756284-java.trap.gz as /root/Openjdk8u65_db/trap/java/classes/java/awt/Event.members/Event.members#0.0-1747530087000-java.trap.gz exists
[2025-05-18 01:32:33] [javac-extractor-44923] [WARN] Not rewriting trap file for /root/Openjdk8u65_db/trap/java/classes/java/lang/System.members/System.members#52.0-1747531757154-java.trap.gz as /root/Openjdk8u65_db/trap/java/classes/java/lang/System.members/System.members#0.0-1747530168000-java.trap.gz exists
[2025-05-18 01:32:33] [javac-extractor-44923] [WARN] Not rewriting trap file for /root/Openjdk8u65_db/trap/java/classes/java/awt/Frame.members/Frame.members#52.0-1747531756454-java.trap.gz as /root/Openjdk8u65_db/trap/java/classes/java/awt/Frame.members/Frame.members#0.0-1747530087000-java.trap.gz exists
[2025-05-18 01:32:33] [javac-extractor-44923] [WARN] Not rewriting trap file for /root/Openjdk8u65_db/trap/java/classes/java/awt/Window.members/Window.members#52.0-1747531756364-java.trap.gz as /root/Openjdk8u65_db/trap/java/classes/java/awt/Window.members/Window.members#0.0-1747530168000-java.trap.gz exists
[2025-05-18 01:32:33] [javac-extractor-44923] [WARN] Not rewriting trap file for /root/Openjdk8u65_db/trap/java/classes/java/awt/Font.members/Font.members#52.0-1747531756274-java.trap.gz as /root/Openjdk8u65_db/trap/java/classes/java/awt/Font.members/Font.members#0.0-1747530168000-java.trap.gz exists
[2025-05-18 01:32:33] [javac-extractor-44923] [WARN] Not rewriting trap file for /root/Openjdk8u65_db/trap/java/classes/java/awt/Canvas.members/Canvas.members#52.0-1747531756464-java.trap.gz as /root/Openjdk8u65_db/trap/java/classes/java/awt/Canvas.members/Canvas.members#0.0-1747530087000-java.trap.gz exists
[2025-05-18 01:32:33] [javac-extractor-44923] [WARN] Not rewriting trap file for /root/Openjdk8u65_db/trap/java/classes/java/awt/Graphics.members/Graphics.members#52.0-1747531756254-java.trap.gz as /root/Openjdk8u65_db/trap/java/classes/java/awt/Graphics.members/Graphics.members#0.0-1747530087000-java.trap.gz exists
[2025-05-18 01:32:33] [javac-extractor-44923] [WARN] Not rewriting trap file for /root/Openjdk8u65_db/trap/java/classes/java/awt/Rectangle.members/Rectangle.members#52.0-1747531756334-java.trap.gz as /root/Openjdk8u65_db/trap/java/classes/java/awt/Rectangle.members/Rectangle.members#0.0-1747530087000-java.trap.gz exists
[2025-05-18 01:32:33] [javac-extractor-44923] [WARN] Not rewriting trap file for /root/Openjdk8u65_db/trap/java/classes/java/awt/Color.members/Color.members#52.0-1747531756264-java.trap.gz as /root/Openjdk8u65_db/trap/java/classes/java/awt/Color.members/Color.members#0.0-1747530087000-java.trap.gz exists
[2025-05-18 01:32:33] [javac-extractor-44923] [WARN] Not rewriting trap file for /root/Openjdk8u65_db/trap/java/classes/java/awt/TextField.members/TextField.members#52.0-1747531756434-java.trap.gz as /root/Openjdk8u65_db/trap/java/classes/java/awt/TextField.members/TextField.members#0.0-1747530087000-java.trap.gz exists
[2025-05-18 01:32:33] [javac-extractor-44923] [WARN] Not rewriting trap file for /root/Openjdk8u65_db/trap/java/classes/java/awt/Panel.members/Panel.members#52.0-1747531756234-java.trap.gz as /root/Openjdk8u65_db/trap/java/classes/java/awt/Panel.members/Panel.members#0.0-1747530087000-java.trap.gz exists
[2025-05-18 01:32:33] [javac-extractor-44923] [WARN] Not rewriting trap file for /root/Openjdk8u65_db/trap/java/classes/java/awt/event/ActionListener.members/ActionListener.members#52.0-1747531756424-java.trap.gz as /root/Openjdk8u65_db/trap/java/classes/java/awt/event/ActionListener.members/ActionListener.members#0.0-1747530087000-java.trap.gz exists
[2025-05-18 01:32:33] [javac-extractor-44923] [WARN] Not rewriting trap file for /root/Openjdk8u65_db/trap/java/classes/java/util/EventListener.members/EventListener.members#52.0-1747531755594-java.trap.gz as /root/Openjdk8u65_db/trap/java/classes/java/util/EventListener.members/EventListener.members#0.0-1747530087000-java.trap.gz exists
[2025-05-18 01:32:33] [javac-extractor-44923] [WARN] Not rewriting trap file for /root/Openjdk8u65_db/trap/java/classes/java/awt/Button.members/Button.members#52.0-1747531756434-java.trap.gz as /root/Openjdk8u65_db/trap/java/classes/java/awt/Button.members/Button.members#0.0-1747530087000-java.trap.gz exists
[2025-05-18 01:32:33] [javac-extractor-44923] [WARN] Not rewriting trap file for /root/Openjdk8u65_db/trap/java/classes/java/awt/event/ActionEvent.members/ActionEvent.members#52.0-1747531756424-java.trap.gz as /root/Openjdk8u65_db/trap/java/classes/java/awt/event/ActionEvent.members/ActionEvent.members#0.0-1747530087000-java.trap.gz exists
[2025-05-18 01:32:33] [javac-extractor-44923] [WARN] Not rewriting trap file for /root/Openjdk8u65_db/trap/java/classes/java/lang/Integer.members/Integer.members#52.0-1747531752524-java.trap.gz as /root/Openjdk8u65_db/trap/java/classes/java/lang/Integer.members/Integer.members#0.0-1747530087000-java.trap.gz exists
[2025-05-18 01:32:33] [javac-extractor-44923] [WARN] Not rewriting trap file for /root/Openjdk8u65_db/trap/java/classes/java/awt/TextComponent.members/TextComponent.members#52.0-1747531756434-java.trap.gz as /root/Openjdk8u65_db/trap/java/classes/java/awt/TextComponent.members/TextComponent.members#0.0-1747530087000-java.trap.gz exists
[2025-05-18 01:32:33] [javac-extractor-44923] [WARN] Not rewriting trap file for /root/Openjdk8u65_db/trap/java/classes/java/lang/NumberFormatException.members/NumberFormatException.members#52.0-1747531753394-java.trap.gz as /root/Openjdk8u65_db/trap/java/classes/java/lang/NumberFormatException.members/NumberFormatException.members#0.0-1747530087000-java.trap.gz exists
[2025-05-18 01:32:33] [javac-extractor-44923] [WARN] Not rewriting trap file for /root/Openjdk8u65_db/trap/java/classes/java/awt/event/KeyEvent.members/KeyEvent.members#52.0-1747531756294-java.trap.gz as /root/Openjdk8u65_db/trap/java/classes/java/awt/event/KeyEvent.members/KeyEvent.members#0.0-1747530087000-java.trap.gz exists
[2025-05-18 01:32:33] [javac-extractor-44923] [WARN] Not rewriting trap file for /root/Openjdk8u65_db/trap/java/classes/java/lang/Character.members/Character.members#52.0-1747531753314-java.trap.gz as /root/Openjdk8u65_db/trap/java/classes/java/lang/Character.members/Character.members#0.0-1747530168000-java.trap.gz exists
[2025-05-18 01:32:33] [javac-extractor-44923] [WARN] Not rewriting trap file for /root/Openjdk8u65_db/trap/java/classes/java/awt/Toolkit.members/Toolkit.members#52.0-1747531756334-java.trap.gz as /root/Openjdk8u65_db/trap/java/classes/java/awt/Toolkit.members/Toolkit.members#0.0-1747530168000-java.trap.gz exists
[2025-05-18 01:32:33] [javac-extractor-44923] [WARN] Not rewriting trap file for /root/Openjdk8u65_db/trap/java/classes/java/awt/event/InputEvent.members/InputEvent.members#52.0-1747531756294-java.trap.gz as /root/Openjdk8u65_db/trap/java/classes/java/awt/event/InputEvent.members/InputEvent.members#0.0-1747530087000-java.trap.gz exists
[2025-05-18 01:32:33] [javac-extractor-44923] [WARN] Not rewriting trap file for /root/Openjdk8u65_db/trap/java/classes/java/awt/event/TextEvent.members/TextEvent.members#52.0-1747531756594-java.trap.gz as /root/Openjdk8u65_db/trap/java/classes/java/awt/event/TextEvent.members/TextEvent.members#0.0-1747530087000-java.trap.gz exists
[2025-05-18 01:32:33] [javac-extractor-44923] Javac init time: 0.8s
[2025-05-18 01:32:33] [javac-extractor-44923] Javac attr time: 0.2s
[2025-05-18 01:32:33] [javac-extractor-44923] Extractor time: 0.1s
[2025-05-18 01:32:33] [javac-extractor-44923] Other time: 0.1s
[2025-05-18 01:32:33] [javac-extractor-44923] Total time: 1.2s
