[2025-05-18 01:32:33] [javac-extractor-45151] Starting extraction for:
                                              sun.java.command=com.semmle.extractor.java.JavaExtractor --jdk-version -1 --javac-args @@@/root/Openjdk8u65_db/log/ext/javac-30.args
                                              user.dir=/root/jdk8u/jdk/make
[2025-05-18 01:32:33] [javac-extractor-45151] Compilation name /root/Openjdk8u65_db/trap/java/diagnostics/diagnostic-8.trap.gz
[2025-05-18 01:32:34] [javac-extractor-45151] Annotation processor class 'lombok.launch.AnnotationProcessorHider$AnnotationProcessor' initialized.
[2025-05-18 01:32:34] [javac-extractor-45151] Annotation processor class 'lombok.launch.AnnotationProcessorHider$ClaimingProcessor' initialized.
[2025-05-18 01:32:34] [javac-extractor-45151] Processing file /root/jdk8u/jdk/src/share/demo/applets/Clock/Clock.java
[2025-05-18 01:32:34] [javac-extractor-45151] [WARN] Not rewriting trap file for /root/Openjdk8u65_db/trap/java/classes/java/applet/Applet.members/Applet.members#52.0-1747531756234-java.trap.gz as /root/Openjdk8u65_db/trap/java/classes/java/applet/Applet.members/Applet.members#0.0-1747530087000-java.trap.gz exists
[2025-05-18 01:32:34] [javac-extractor-45151] [WARN] Not rewriting trap file for /root/Openjdk8u65_db/trap/java/classes/java/awt/Color.members/Color.members#52.0-1747531756264-java.trap.gz as /root/Openjdk8u65_db/trap/java/classes/java/awt/Color.members/Color.members#0.0-1747530087000-java.trap.gz exists
[2025-05-18 01:32:34] [javac-extractor-45151] [WARN] Not rewriting trap file for /root/Openjdk8u65_db/trap/java/classes/java/awt/Font.members/Font.members#52.0-1747531756274-java.trap.gz as /root/Openjdk8u65_db/trap/java/classes/java/awt/Font.members/Font.members#0.0-1747530168000-java.trap.gz exists
[2025-05-18 01:32:34] [javac-extractor-45151] [WARN] Not rewriting trap file for /root/Openjdk8u65_db/trap/java/classes/java/awt/Graphics.members/Graphics.members#52.0-1747531756254-java.trap.gz as /root/Openjdk8u65_db/trap/java/classes/java/awt/Graphics.members/Graphics.members#0.0-1747530087000-java.trap.gz exists
[2025-05-18 01:32:34] [javac-extractor-45151] [WARN] Not rewriting trap file for /root/Openjdk8u65_db/trap/java/classes/java/text/SimpleDateFormat.members/SimpleDateFormat.members#52.0-1747531757674-java.trap.gz as /root/Openjdk8u65_db/trap/java/classes/java/text/SimpleDateFormat.members/SimpleDateFormat.members#0.0-1747530168000-java.trap.gz exists
[2025-05-18 01:32:34] [javac-extractor-45151] [WARN] Not rewriting trap file for /root/Openjdk8u65_db/trap/java/classes/java/util/Date.members/Date.members#52.0-1747531754314-java.trap.gz as /root/Openjdk8u65_db/trap/java/classes/java/util/Date.members/Date.members#0.0-1747530087000-java.trap.gz exists
[2025-05-18 01:32:34] [javac-extractor-45151] [WARN] Not rewriting trap file for /root/Openjdk8u65_db/trap/java/classes/java/util/Locale.members/Locale.members#52.0-1747531752494-java.trap.gz as /root/Openjdk8u65_db/trap/java/classes/java/util/Locale.members/Locale.members#0.0-1747530087000-java.trap.gz exists
[2025-05-18 01:32:34] [javac-extractor-45151] [WARN] Not rewriting trap file for /root/Openjdk8u65_db/trap/java/classes/java/lang/String.members/String.members#52.0-1747531750834-java.trap.gz as /root/Openjdk8u65_db/trap/java/classes/java/lang/String.members/String.members#0.0-1747530087000-java.trap.gz exists
[2025-05-18 01:32:34] [javac-extractor-45151] [WARN] Not rewriting trap file for /root/Openjdk8u65_db/trap/java/classes/java/lang/Thread.members/Thread.members#52.0-1747531753864-java.trap.gz as /root/Openjdk8u65_db/trap/java/classes/java/lang/Thread.members/Thread.members#0.0-1747530168000-java.trap.gz exists
[2025-05-18 01:32:34] [javac-extractor-45151] [WARN] Not rewriting trap file for /root/Openjdk8u65_db/trap/java/classes/java/lang/Runnable.members/Runnable.members#52.0-1747531753394-java.trap.gz as /root/Openjdk8u65_db/trap/java/classes/java/lang/Runnable.members/Runnable.members#0.0-1747530087000-java.trap.gz exists
[2025-05-18 01:32:34] [javac-extractor-45151] [WARN] Not rewriting trap file for /root/Openjdk8u65_db/trap/java/classes/java/lang/SuppressWarnings.members/SuppressWarnings.members#52.0-1747531755174-java.trap.gz as /root/Openjdk8u65_db/trap/java/classes/java/lang/SuppressWarnings.members/SuppressWarnings.members#0.0-1747530087000-java.trap.gz exists
[2025-05-18 01:32:34] [javac-extractor-45151] [WARN] Not rewriting trap file for /root/Openjdk8u65_db/trap/java/classes/java/lang/Object.members/Object.members#52.0-1747531750714-java.trap.gz as /root/Openjdk8u65_db/trap/java/classes/java/lang/Object.members/Object.members#0.0-1747530087000-java.trap.gz exists
[2025-05-18 01:32:34] [javac-extractor-45151] [WARN] Not rewriting trap file for /root/Openjdk8u65_db/trap/java/classes/java/lang/Cloneable.members/Cloneable.members#52.0-1747531752494-java.trap.gz as /root/Openjdk8u65_db/trap/java/classes/java/lang/Cloneable.members/Cloneable.members#0.0-1747530087000-java.trap.gz exists
[2025-05-18 01:32:34] [javac-extractor-45151] [WARN] Not rewriting trap file for /root/Openjdk8u65_db/trap/java/classes/java/io/Serializable.members/Serializable.members#52.0-1747531750714-java.trap.gz as /root/Openjdk8u65_db/trap/java/classes/java/io/Serializable.members/Serializable.members#0.0-1747530087000-java.trap.gz exists
[2025-05-18 01:32:34] [javac-extractor-45151] [WARN] Not rewriting trap file for /root/Openjdk8u65_db/trap/java/classes/java/lang/Override.members/Override.members#52.0-1747531757164-java.trap.gz as /root/Openjdk8u65_db/trap/java/classes/java/lang/Override.members/Override.members#0.0-1747530087000-java.trap.gz exists
[2025-05-18 01:32:34] [javac-extractor-45151] [WARN] Not rewriting trap file for /root/Openjdk8u65_db/trap/java/classes/java/text/DateFormat.members/DateFormat.members#52.0-1747531755914-java.trap.gz as /root/Openjdk8u65_db/trap/java/classes/java/text/DateFormat.members/DateFormat.members#0.0-1747530087000-java.trap.gz exists
[2025-05-18 01:32:34] [javac-extractor-45151] [WARN] Not rewriting trap file for /root/Openjdk8u65_db/trap/java/classes/java/awt/Component.members/Component.members#52.0-1747531756244-java.trap.gz as /root/Openjdk8u65_db/trap/java/classes/java/awt/Component.members/Component.members#0.0-1747530168000-java.trap.gz exists
[2025-05-18 01:32:34] [javac-extractor-45151] [WARN] Not rewriting trap file for /root/Openjdk8u65_db/trap/java/classes/java/lang/Integer.members/Integer.members#52.0-1747531752524-java.trap.gz as /root/Openjdk8u65_db/trap/java/classes/java/lang/Integer.members/Integer.members#0.0-1747530087000-java.trap.gz exists
[2025-05-18 01:32:34] [javac-extractor-45151] [WARN] Not rewriting trap file for /root/Openjdk8u65_db/trap/java/classes/java/lang/NullPointerException.members/NullPointerException.members#52.0-1747531755204-java.trap.gz as /root/Openjdk8u65_db/trap/java/classes/java/lang/NullPointerException.members/NullPointerException.members#0.0-1747530087000-java.trap.gz exists
[2025-05-18 01:32:34] [javac-extractor-45151] [WARN] Not rewriting trap file for /root/Openjdk8u65_db/trap/java/classes/java/lang/NumberFormatException.members/NumberFormatException.members#52.0-1747531753394-java.trap.gz as /root/Openjdk8u65_db/trap/java/classes/java/lang/NumberFormatException.members/NumberFormatException.members#0.0-1747530087000-java.trap.gz exists
[2025-05-18 01:32:34] [javac-extractor-45151] [WARN] Not rewriting trap file for /root/Openjdk8u65_db/trap/java/classes/java/lang/Math.members/Math.members#52.0-1747531756404-java.trap.gz as /root/Openjdk8u65_db/trap/java/classes/java/lang/Math.members/Math.members#0.0-1747530087000-java.trap.gz exists
[2025-05-18 01:32:34] [javac-extractor-45151] [WARN] Not rewriting trap file for /root/Openjdk8u65_db/trap/java/classes/java/lang/InterruptedException.members/InterruptedException.members#52.0-1747531751574-java.trap.gz as /root/Openjdk8u65_db/trap/java/classes/java/lang/InterruptedException.members/InterruptedException.members#0.0-1747530087000-java.trap.gz exists
[2025-05-18 01:32:34] [javac-extractor-45151] Javac init time: 0.7s
[2025-05-18 01:32:34] [javac-extractor-45151] Javac attr time: 0.1s
[2025-05-18 01:32:34] [javac-extractor-45151] Extractor time: 0.1s
[2025-05-18 01:32:34] [javac-extractor-45151] Other time: 0.1s
[2025-05-18 01:32:34] [javac-extractor-45151] Total time: 1.0s
