[2025-05-18 01:32:47] [javac-extractor-46836] Starting extraction for:
                                              sun.java.command=com.semmle.extractor.java.JavaExtractor --jdk-version -1 --javac-args @@@/root/Openjdk8u65_db/log/ext/javac-49.args
                                              user.dir=/root/jdk8u/jdk/make
[2025-05-18 01:32:47] [javac-extractor-46836] Compilation name /root/Openjdk8u65_db/trap/java/diagnostics/diagnostic-27.trap.gz
[2025-05-18 01:32:48] [javac-extractor-46836] Annotation processor class 'lombok.launch.AnnotationProcessorHider$AnnotationProcessor' initialized.
[2025-05-18 01:32:48] [javac-extractor-46836] Annotation processor class 'lombok.launch.AnnotationProcessorHider$ClaimingProcessor' initialized.
[2025-05-18 01:32:48] [javac-extractor-46836] Processing file /root/jdk8u/jdk/src/share/demo/jfc/TransparentRuler/transparentruler/Ruler.java
[2025-05-18 01:32:48] [javac-extractor-46836] [WARN] Not rewriting trap file for /root/Openjdk8u65_db/trap/java/classes/java/awt/GraphicsDevice$WindowTranslucency.members/GraphicsDevice$WindowTranslucency.members#52.0-1747531756374-java.trap.gz as /root/Openjdk8u65_db/trap/java/classes/java/awt/GraphicsDevice$WindowTranslucency.members/GraphicsDevice$WindowTranslucency.members#0.0-1747530087000-java.trap.gz exists
[2025-05-18 01:32:48] [javac-extractor-46836] [WARN] Not rewriting trap file for /root/Openjdk8u65_db/trap/java/classes/java/awt/event/ActionEvent.members/ActionEvent.members#52.0-1747531756424-java.trap.gz as /root/Openjdk8u65_db/trap/java/classes/java/awt/event/ActionEvent.members/ActionEvent.members#0.0-1747530087000-java.trap.gz exists
[2025-05-18 01:32:48] [javac-extractor-46836] [WARN] Not rewriting trap file for /root/Openjdk8u65_db/trap/java/classes/java/awt/event/ComponentAdapter.members/ComponentAdapter.members#52.0-1747531757414-java.trap.gz as /root/Openjdk8u65_db/trap/java/classes/java/awt/event/ComponentAdapter.members/ComponentAdapter.members#0.0-1747530087000-java.trap.gz exists
[2025-05-18 01:32:48] [javac-extractor-46836] [WARN] Not rewriting trap file for /root/Openjdk8u65_db/trap/java/classes/java/awt/event/ComponentEvent.members/ComponentEvent.members#52.0-1747531756274-java.trap.gz as /root/Openjdk8u65_db/trap/java/classes/java/awt/event/ComponentEvent.members/ComponentEvent.members#0.0-1747530087000-java.trap.gz exists
[2025-05-18 01:32:48] [javac-extractor-46836] [WARN] Not rewriting trap file for /root/Openjdk8u65_db/trap/java/classes/java/awt/event/KeyAdapter.members/KeyAdapter.members#52.0-1747531757414-java.trap.gz as /root/Openjdk8u65_db/trap/java/classes/java/awt/event/KeyAdapter.members/KeyAdapter.members#0.0-1747530087000-java.trap.gz exists
[2025-05-18 01:32:48] [javac-extractor-46836] [WARN] Not rewriting trap file for /root/Openjdk8u65_db/trap/java/classes/java/awt/event/KeyEvent.members/KeyEvent.members#52.0-1747531756294-java.trap.gz as /root/Openjdk8u65_db/trap/java/classes/java/awt/event/KeyEvent.members/KeyEvent.members#0.0-1747530087000-java.trap.gz exists
[2025-05-18 01:32:48] [javac-extractor-46836] [WARN] Not rewriting trap file for /root/Openjdk8u65_db/trap/java/classes/java/awt/event/MouseAdapter.members/MouseAdapter.members#52.0-1747531757414-java.trap.gz as /root/Openjdk8u65_db/trap/java/classes/java/awt/event/MouseAdapter.members/MouseAdapter.members#0.0-1747530087000-java.trap.gz exists
[2025-05-18 01:32:48] [javac-extractor-46836] [WARN] Not rewriting trap file for /root/Openjdk8u65_db/trap/java/classes/java/awt/event/MouseEvent.members/MouseEvent.members#52.0-1747531756354-java.trap.gz as /root/Openjdk8u65_db/trap/java/classes/java/awt/event/MouseEvent.members/MouseEvent.members#0.0-1747530168000-java.trap.gz exists
[2025-05-18 01:32:48] [javac-extractor-46836] [WARN] Not rewriting trap file for /root/Openjdk8u65_db/trap/java/classes/java/awt/geom/Path2D$Float.members/Path2D$Float.members#52.0-1747531756654-java.trap.gz as /root/Openjdk8u65_db/trap/java/classes/java/awt/geom/Path2D$Float.members/Path2D$Float.members#0.0-1747530168000-java.trap.gz exists
[2025-05-18 01:32:48] [javac-extractor-46836] [WARN] Not rewriting trap file for /root/Openjdk8u65_db/trap/java/classes/java/lang/reflect/InvocationTargetException.members/InvocationTargetException.members#52.0-1747531753154-java.trap.gz as /root/Openjdk8u65_db/trap/java/classes/java/lang/reflect/InvocationTargetException.members/InvocationTargetException.members#0.0-1747530087000-java.trap.gz exists
[2025-05-18 01:32:48] [javac-extractor-46836] [WARN] Not rewriting trap file for /root/Openjdk8u65_db/trap/java/classes/javax/swing/AbstractAction.members/AbstractAction.members#52.0-1747531757614-java.trap.gz as /root/Openjdk8u65_db/trap/java/classes/javax/swing/AbstractAction.members/AbstractAction.members#0.0-1747530088000-java.trap.gz exists
[2025-05-18 01:32:48] [javac-extractor-46836] [WARN] Not rewriting trap file for /root/Openjdk8u65_db/trap/java/classes/javax/swing/Action.members/Action.members#52.0-1747531757604-java.trap.gz as /root/Openjdk8u65_db/trap/java/classes/javax/swing/Action.members/Action.members#0.0-1747530088000-java.trap.gz exists
[2025-05-18 01:32:48] [javac-extractor-46836] [WARN] Not rewriting trap file for /root/Openjdk8u65_db/trap/java/classes/javax/swing/JFrame.members/JFrame.members#52.0-1747531757564-java.trap.gz as /root/Openjdk8u65_db/trap/java/classes/javax/swing/JFrame.members/JFrame.members#0.0-1747530088000-java.trap.gz exists
[2025-05-18 01:32:48] [javac-extractor-46836] [WARN] Not rewriting trap file for /root/Openjdk8u65_db/trap/java/classes/javax/swing/JMenuItem.members/JMenuItem.members#52.0-1747531757644-java.trap.gz as /root/Openjdk8u65_db/trap/java/classes/javax/swing/JMenuItem.members/JMenuItem.members#0.0-1747530088000-java.trap.gz exists
[2025-05-18 01:32:48] [javac-extractor-46836] [WARN] Not rewriting trap file for /root/Openjdk8u65_db/trap/java/classes/javax/swing/JPanel.members/JPanel.members#52.0-1747531758544-java.trap.gz as /root/Openjdk8u65_db/trap/java/classes/javax/swing/JPanel.members/JPanel.members#0.0-1747530088000-java.trap.gz exists
[2025-05-18 01:32:48] [javac-extractor-46836] [WARN] Not rewriting trap file for /root/Openjdk8u65_db/trap/java/classes/javax/swing/JPopupMenu.members/JPopupMenu.members#52.0-1747531757634-java.trap.gz as /root/Openjdk8u65_db/trap/java/classes/javax/swing/JPopupMenu.members/JPopupMenu.members#0.0-1747530088000-java.trap.gz exists
[2025-05-18 01:32:48] [javac-extractor-46836] [WARN] Not rewriting trap file for /root/Openjdk8u65_db/trap/java/classes/javax/swing/SwingUtilities.members/SwingUtilities.members#52.0-1747531763314-java.trap.gz as /root/Openjdk8u65_db/trap/java/classes/javax/swing/SwingUtilities.members/SwingUtilities.members#0.0-1747530168000-java.trap.gz exists
[2025-05-18 01:32:48] [javac-extractor-46836] [WARN] Not rewriting trap file for /root/Openjdk8u65_db/trap/java/classes/javax/swing/WindowConstants.members/WindowConstants.members#52.0-1747531757564-java.trap.gz as /root/Openjdk8u65_db/trap/java/classes/javax/swing/WindowConstants.members/WindowConstants.members#0.0-1747530088000-java.trap.gz exists
[2025-05-18 01:32:48] [javac-extractor-46836] [WARN] Not rewriting trap file for /root/Openjdk8u65_db/trap/java/classes/java/awt/Color.members/Color.members#52.0-1747531756264-java.trap.gz as /root/Openjdk8u65_db/trap/java/classes/java/awt/Color.members/Color.members#0.0-1747530087000-java.trap.gz exists
[2025-05-18 01:32:48] [javac-extractor-46836] [WARN] Not rewriting trap file for /root/Openjdk8u65_db/trap/java/classes/java/lang/SuppressWarnings.members/SuppressWarnings.members#52.0-1747531755174-java.trap.gz as /root/Openjdk8u65_db/trap/java/classes/java/lang/SuppressWarnings.members/SuppressWarnings.members#0.0-1747530087000-java.trap.gz exists
[2025-05-18 01:32:48] [javac-extractor-46836] [WARN] Not rewriting trap file for /root/Openjdk8u65_db/trap/java/classes/java/lang/String.members/String.members#52.0-1747531750834-java.trap.gz as /root/Openjdk8u65_db/trap/java/classes/java/lang/String.members/String.members#0.0-1747530087000-java.trap.gz exists
[2025-05-18 01:32:48] [javac-extractor-46836] [WARN] Not rewriting trap file for /root/Openjdk8u65_db/trap/java/classes/java/lang/Object.members/Object.members#52.0-1747531750714-java.trap.gz as /root/Openjdk8u65_db/trap/java/classes/java/lang/Object.members/Object.members#0.0-1747530087000-java.trap.gz exists
[2025-05-18 01:32:48] [javac-extractor-46836] [WARN] Not rewriting trap file for /root/Openjdk8u65_db/trap/java/classes/java/lang/Cloneable.members/Cloneable.members#52.0-1747531752494-java.trap.gz as /root/Openjdk8u65_db/trap/java/classes/java/lang/Cloneable.members/Cloneable.members#0.0-1747530087000-java.trap.gz exists
[2025-05-18 01:32:48] [javac-extractor-46836] [WARN] Not rewriting trap file for /root/Openjdk8u65_db/trap/java/classes/java/io/Serializable.members/Serializable.members#52.0-1747531750714-java.trap.gz as /root/Openjdk8u65_db/trap/java/classes/java/io/Serializable.members/Serializable.members#0.0-1747530087000-java.trap.gz exists
[2025-05-18 01:32:48] [javac-extractor-46836] [WARN] Not rewriting trap file for /root/Openjdk8u65_db/trap/java/classes/java/lang/Override.members/Override.members#52.0-1747531757164-java.trap.gz as /root/Openjdk8u65_db/trap/java/classes/java/lang/Override.members/Override.members#0.0-1747530087000-java.trap.gz exists
[2025-05-18 01:32:48] [javac-extractor-46836] [WARN] Not rewriting trap file for /root/Openjdk8u65_db/trap/java/classes/java/awt/Frame.members/Frame.members#52.0-1747531756454-java.trap.gz as /root/Openjdk8u65_db/trap/java/classes/java/awt/Frame.members/Frame.members#0.0-1747530087000-java.trap.gz exists
[2025-05-18 01:32:48] [javac-extractor-46836] [WARN] Not rewriting trap file for /root/Openjdk8u65_db/trap/java/classes/java/awt/Shape.members/Shape.members#52.0-1747531756334-java.trap.gz as /root/Openjdk8u65_db/trap/java/classes/java/awt/Shape.members/Shape.members#0.0-1747530087000-java.trap.gz exists
[2025-05-18 01:32:48] [javac-extractor-46836] [WARN] Not rewriting trap file for /root/Openjdk8u65_db/trap/java/classes/java/lang/System.members/System.members#52.0-1747531757154-java.trap.gz as /root/Openjdk8u65_db/trap/java/classes/java/lang/System.members/System.members#0.0-1747530168000-java.trap.gz exists
[2025-05-18 01:32:48] [javac-extractor-46836] [WARN] Not rewriting trap file for /root/Openjdk8u65_db/trap/java/classes/java/awt/event/InputEvent.members/InputEvent.members#52.0-1747531756294-java.trap.gz as /root/Openjdk8u65_db/trap/java/classes/java/awt/event/InputEvent.members/InputEvent.members#0.0-1747530087000-java.trap.gz exists
[2025-05-18 01:32:48] [javac-extractor-46836] [WARN] Not rewriting trap file for /root/Openjdk8u65_db/trap/java/classes/java/awt/Window.members/Window.members#52.0-1747531756364-java.trap.gz as /root/Openjdk8u65_db/trap/java/classes/java/awt/Window.members/Window.members#0.0-1747530168000-java.trap.gz exists
[2025-05-18 01:32:48] [javac-extractor-46836] [WARN] Not rewriting trap file for /root/Openjdk8u65_db/trap/java/classes/java/awt/Component.members/Component.members#52.0-1747531756244-java.trap.gz as /root/Openjdk8u65_db/trap/java/classes/java/awt/Component.members/Component.members#0.0-1747530168000-java.trap.gz exists
[2025-05-18 01:32:48] [javac-extractor-46836] [WARN] Not rewriting trap file for /root/Openjdk8u65_db/trap/java/classes/java/awt/Container.members/Container.members#52.0-1747531756244-java.trap.gz as /root/Openjdk8u65_db/trap/java/classes/java/awt/Container.members/Container.members#0.0-1747530168000-java.trap.gz exists
[2025-05-18 01:32:48] [javac-extractor-46836] [WARN] Not rewriting trap file for /root/Openjdk8u65_db/trap/java/classes/java/awt/event/ActionListener.members/ActionListener.members#52.0-1747531756424-java.trap.gz as /root/Openjdk8u65_db/trap/java/classes/java/awt/event/ActionListener.members/ActionListener.members#0.0-1747530087000-java.trap.gz exists
[2025-05-18 01:32:48] [javac-extractor-46836] [WARN] Not rewriting trap file for /root/Openjdk8u65_db/trap/java/classes/java/awt/GraphicsEnvironment.members/GraphicsEnvironment.members#52.0-1747531757514-java.trap.gz as /root/Openjdk8u65_db/trap/java/classes/java/awt/GraphicsEnvironment.members/GraphicsEnvironment.members#0.0-1747530087000-java.trap.gz exists
[2025-05-18 01:32:48] [javac-extractor-46836] [WARN] Not rewriting trap file for /root/Openjdk8u65_db/trap/java/classes/java/awt/GraphicsDevice.members/GraphicsDevice.members#52.0-1747531756374-java.trap.gz as /root/Openjdk8u65_db/trap/java/classes/java/awt/GraphicsDevice.members/GraphicsDevice.members#0.0-1747530087000-java.trap.gz exists
[2025-05-18 01:32:48] [javac-extractor-46836] [WARN] Not rewriting trap file for /root/Openjdk8u65_db/trap/java/classes/java/lang/Math.members/Math.members#52.0-1747531756404-java.trap.gz as /root/Openjdk8u65_db/trap/java/classes/java/lang/Math.members/Math.members#0.0-1747530087000-java.trap.gz exists
[2025-05-18 01:32:48] [javac-extractor-46836] [WARN] Not rewriting trap file for /root/Openjdk8u65_db/trap/java/classes/java/awt/geom/Path2D.members/Path2D.members#52.0-1747531756654-java.trap.gz as /root/Openjdk8u65_db/trap/java/classes/java/awt/geom/Path2D.members/Path2D.members#0.0-1747530168000-java.trap.gz exists
[2025-05-18 01:32:48] [javac-extractor-46836] [WARN] Not rewriting trap file for /root/Openjdk8u65_db/trap/java/classes/java/awt/event/MouseListener.members/MouseListener.members#52.0-1747531756314-java.trap.gz as /root/Openjdk8u65_db/trap/java/classes/java/awt/event/MouseListener.members/MouseListener.members#0.0-1747530087000-java.trap.gz exists
[2025-05-18 01:32:48] [javac-extractor-46836] [WARN] Not rewriting trap file for /root/Openjdk8u65_db/trap/java/classes/java/awt/event/MouseMotionListener.members/MouseMotionListener.members#52.0-1747531756314-java.trap.gz as /root/Openjdk8u65_db/trap/java/classes/java/awt/event/MouseMotionListener.members/MouseMotionListener.members#0.0-1747530087000-java.trap.gz exists
[2025-05-18 01:32:48] [javac-extractor-46836] [WARN] Not rewriting trap file for /root/Openjdk8u65_db/trap/java/classes/java/awt/event/ComponentListener.members/ComponentListener.members#52.0-1747531756314-java.trap.gz as /root/Openjdk8u65_db/trap/java/classes/java/awt/event/ComponentListener.members/ComponentListener.members#0.0-1747530087000-java.trap.gz exists
[2025-05-18 01:32:48] [javac-extractor-46836] [WARN] Not rewriting trap file for /root/Openjdk8u65_db/trap/java/classes/java/awt/event/KeyListener.members/KeyListener.members#52.0-1747531756314-java.trap.gz as /root/Openjdk8u65_db/trap/java/classes/java/awt/event/KeyListener.members/KeyListener.members#0.0-1747530087000-java.trap.gz exists
[2025-05-18 01:32:48] [javac-extractor-46836] [WARN] Not rewriting trap file for /root/Openjdk8u65_db/trap/java/classes/java/awt/Graphics.members/Graphics.members#52.0-1747531756254-java.trap.gz as /root/Openjdk8u65_db/trap/java/classes/java/awt/Graphics.members/Graphics.members#0.0-1747530087000-java.trap.gz exists
[2025-05-18 01:32:48] [javac-extractor-46836] [WARN] Not rewriting trap file for /root/Openjdk8u65_db/trap/java/classes/java/awt/Graphics2D.members/Graphics2D.members#52.0-1747531756504-java.trap.gz as /root/Openjdk8u65_db/trap/java/classes/java/awt/Graphics2D.members/Graphics2D.members#0.0-1747530087000-java.trap.gz exists
[2025-05-18 01:32:48] [javac-extractor-46836] [WARN] Not rewriting trap file for /root/Openjdk8u65_db/trap/java/classes/javax/swing/JComponent.members/JComponent.members#52.0-1747531757594-java.trap.gz as /root/Openjdk8u65_db/trap/java/classes/javax/swing/JComponent.members/JComponent.members#0.0-1747530088000-java.trap.gz exists
[2025-05-18 01:32:48] [javac-extractor-46836] [WARN] Not rewriting trap file for /root/Openjdk8u65_db/trap/java/classes/java/awt/FontMetrics.members/FontMetrics.members#52.0-1747531756344-java.trap.gz as /root/Openjdk8u65_db/trap/java/classes/java/awt/FontMetrics.members/FontMetrics.members#0.0-1747530087000-java.trap.gz exists
[2025-05-18 01:32:48] [javac-extractor-46836] [WARN] Not rewriting trap file for /root/Openjdk8u65_db/trap/java/classes/java/lang/Integer.members/Integer.members#52.0-1747531752524-java.trap.gz as /root/Openjdk8u65_db/trap/java/classes/java/lang/Integer.members/Integer.members#0.0-1747530087000-java.trap.gz exists
[2025-05-18 01:32:48] [javac-extractor-46836] [WARN] Not rewriting trap file for /root/Openjdk8u65_db/trap/java/classes/java/lang/InterruptedException.members/InterruptedException.members#52.0-1747531751574-java.trap.gz as /root/Openjdk8u65_db/trap/java/classes/java/lang/InterruptedException.members/InterruptedException.members#0.0-1747530087000-java.trap.gz exists
[2025-05-18 01:32:48] [javac-extractor-46836] [WARN] Not rewriting trap file for /root/Openjdk8u65_db/trap/java/classes/java/lang/Runnable.members/Runnable.members#52.0-1747531753394-java.trap.gz as /root/Openjdk8u65_db/trap/java/classes/java/lang/Runnable.members/Runnable.members#0.0-1747530087000-java.trap.gz exists
[2025-05-18 01:32:48] [javac-extractor-46836] [WARN] Not rewriting trap file for /root/Openjdk8u65_db/trap/java/classes/java/io/PrintStream.members/PrintStream.members#52.0-1747531752564-java.trap.gz as /root/Openjdk8u65_db/trap/java/classes/java/io/PrintStream.members/PrintStream.members#0.0-1747530087000-java.trap.gz exists
[2025-05-18 01:32:48] [javac-extractor-46836] Javac init time: 0.8s
[2025-05-18 01:32:48] [javac-extractor-46836] Javac attr time: 0.1s
[2025-05-18 01:32:48] [javac-extractor-46836] Extractor time: 0.1s
[2025-05-18 01:32:48] [javac-extractor-46836] Other time: 0.2s
[2025-05-18 01:32:48] [javac-extractor-46836] Total time: 1.3s
