[2025-04-20 13:12:19] This is codeql database index-files --include-extension=.properties --size-limit=5m --language properties -- F:\Main-Sec\codeAudit\codeql\databases\codeql_java-sec-code
[2025-04-20 13:12:19] Log file was started late.
[2025-04-20 13:12:19] Using index-files script F:\Main-Sec\codeAudit\codeql\codeql-win64\properties\tools\index-files.cmd.
[2025-04-20 13:12:19] [PROGRESS] database index-files> Scanning for files in F:\Main-Sec\codeAudit\codeql\source\java-sec-code...
[2025-04-20 13:12:20] Calling plumbing command: codeql resolve files --include-extension=.properties --size-limit=5m F:\Main-Sec\codeAudit\codeql\source\java-sec-code --format=json
[2025-04-20 13:12:20] [PROGRESS] resolve files> Scanning F:\Main-Sec\codeAudit\codeql\source\java-sec-code...
[2025-04-20 13:12:20] [PROGRESS] resolve files> Scanning F:\Main-Sec\codeAudit\codeql\source\java-sec-code\.git...
[2025-04-20 13:12:20] [PROGRESS] resolve files> Scanning F:\Main-Sec\codeAudit\codeql\source\java-sec-code\.git\hooks...
[2025-04-20 13:12:20] [PROGRESS] resolve files> Scanning F:\Main-Sec\codeAudit\codeql\source\java-sec-code\.git\info...
[2025-04-20 13:12:20] [PROGRESS] resolve files> Scanning F:\Main-Sec\codeAudit\codeql\source\java-sec-code\.git\logs...
[2025-04-20 13:12:20] [PROGRESS] resolve files> Scanning F:\Main-Sec\codeAudit\codeql\source\java-sec-code\.git\logs\refs...
[2025-04-20 13:12:20] [PROGRESS] resolve files> Scanning F:\Main-Sec\codeAudit\codeql\source\java-sec-code\.git\logs\refs\heads...
[2025-04-20 13:12:20] [PROGRESS] resolve files> Scanning F:\Main-Sec\codeAudit\codeql\source\java-sec-code\.git\logs\refs\remotes...
[2025-04-20 13:12:20] [PROGRESS] resolve files> Scanning F:\Main-Sec\codeAudit\codeql\source\java-sec-code\.git\logs\refs\remotes\origin...
[2025-04-20 13:12:20] [PROGRESS] resolve files> Scanning F:\Main-Sec\codeAudit\codeql\source\java-sec-code\.git\objects...
[2025-04-20 13:12:20] [PROGRESS] resolve files> Scanning F:\Main-Sec\codeAudit\codeql\source\java-sec-code\.git\objects\info...
[2025-04-20 13:12:20] [PROGRESS] resolve files> Scanning F:\Main-Sec\codeAudit\codeql\source\java-sec-code\.git\objects\pack...
[2025-04-20 13:12:20] [PROGRESS] resolve files> Scanning F:\Main-Sec\codeAudit\codeql\source\java-sec-code\.git\refs...
[2025-04-20 13:12:20] [PROGRESS] resolve files> Scanning F:\Main-Sec\codeAudit\codeql\source\java-sec-code\.git\refs\heads...
[2025-04-20 13:12:20] [PROGRESS] resolve files> Scanning F:\Main-Sec\codeAudit\codeql\source\java-sec-code\.git\refs\remotes...
[2025-04-20 13:12:20] [PROGRESS] resolve files> Scanning F:\Main-Sec\codeAudit\codeql\source\java-sec-code\.git\refs\remotes\origin...
[2025-04-20 13:12:20] [PROGRESS] resolve files> Scanning F:\Main-Sec\codeAudit\codeql\source\java-sec-code\.git\refs\tags...
[2025-04-20 13:12:20] [PROGRESS] resolve files> Scanning F:\Main-Sec\codeAudit\codeql\source\java-sec-code\.idea...
[2025-04-20 13:12:20] [PROGRESS] resolve files> Scanning F:\Main-Sec\codeAudit\codeql\source\java-sec-code\src...
[2025-04-20 13:12:20] [PROGRESS] resolve files> Scanning F:\Main-Sec\codeAudit\codeql\source\java-sec-code\src\main...
[2025-04-20 13:12:20] [PROGRESS] resolve files> Scanning F:\Main-Sec\codeAudit\codeql\source\java-sec-code\src\main\java...
[2025-04-20 13:12:20] [PROGRESS] resolve files> Scanning F:\Main-Sec\codeAudit\codeql\source\java-sec-code\src\main\java\org...
[2025-04-20 13:12:20] [PROGRESS] resolve files> Scanning F:\Main-Sec\codeAudit\codeql\source\java-sec-code\src\main\java\org\joychou...
[2025-04-20 13:12:20] [PROGRESS] resolve files> Scanning F:\Main-Sec\codeAudit\codeql\source\java-sec-code\src\main\java\org\joychou\config...
[2025-04-20 13:12:20] [PROGRESS] resolve files> Scanning F:\Main-Sec\codeAudit\codeql\source\java-sec-code\src\main\java\org\joychou\controller...
[2025-04-20 13:12:20] [PROGRESS] resolve files> Scanning F:\Main-Sec\codeAudit\codeql\source\java-sec-code\src\main\java\org\joychou\controller\othervulns...
[2025-04-20 13:12:20] [PROGRESS] resolve files> Scanning F:\Main-Sec\codeAudit\codeql\source\java-sec-code\src\main\java\org\joychou\dao...
[2025-04-20 13:12:20] [PROGRESS] resolve files> Scanning F:\Main-Sec\codeAudit\codeql\source\java-sec-code\src\main\java\org\joychou\filter...
[2025-04-20 13:12:20] [PROGRESS] resolve files> Scanning F:\Main-Sec\codeAudit\codeql\source\java-sec-code\src\main\java\org\joychou\mapper...
[2025-04-20 13:12:20] [PROGRESS] resolve files> Scanning F:\Main-Sec\codeAudit\codeql\source\java-sec-code\src\main\java\org\joychou\RMI...
[2025-04-20 13:12:20] [PROGRESS] resolve files> Scanning F:\Main-Sec\codeAudit\codeql\source\java-sec-code\src\main\java\org\joychou\security...
[2025-04-20 13:12:20] [PROGRESS] resolve files> Scanning F:\Main-Sec\codeAudit\codeql\source\java-sec-code\src\main\java\org\joychou\security\ssrf...
[2025-04-20 13:12:20] [PROGRESS] resolve files> Scanning F:\Main-Sec\codeAudit\codeql\source\java-sec-code\src\main\java\org\joychou\util...
[2025-04-20 13:12:20] [PROGRESS] resolve files> Scanning F:\Main-Sec\codeAudit\codeql\source\java-sec-code\src\main\resources...
[2025-04-20 13:12:20] [PROGRESS] resolve files> Scanning F:\Main-Sec\codeAudit\codeql\source\java-sec-code\src\main\resources\mapper...
[2025-04-20 13:12:20] [PROGRESS] resolve files> Scanning F:\Main-Sec\codeAudit\codeql\source\java-sec-code\src\main\resources\static...
[2025-04-20 13:12:20] [PROGRESS] resolve files> Scanning F:\Main-Sec\codeAudit\codeql\source\java-sec-code\src\main\resources\static\css...
[2025-04-20 13:12:20] [PROGRESS] resolve files> Scanning F:\Main-Sec\codeAudit\codeql\source\java-sec-code\src\main\resources\templates...
[2025-04-20 13:12:20] [PROGRESS] resolve files> Scanning F:\Main-Sec\codeAudit\codeql\source\java-sec-code\src\main\resources\url...
[2025-04-20 13:12:20] [PROGRESS] resolve files> Scanning F:\Main-Sec\codeAudit\codeql\source\java-sec-code\target...
[2025-04-20 13:12:20] [PROGRESS] resolve files> Scanning F:\Main-Sec\codeAudit\codeql\source\java-sec-code\target\classes...
[2025-04-20 13:12:20] [PROGRESS] resolve files> Scanning F:\Main-Sec\codeAudit\codeql\source\java-sec-code\target\classes\mapper...
[2025-04-20 13:12:20] [PROGRESS] resolve files> Scanning F:\Main-Sec\codeAudit\codeql\source\java-sec-code\target\classes\org...
[2025-04-20 13:12:20] [PROGRESS] resolve files> Scanning F:\Main-Sec\codeAudit\codeql\source\java-sec-code\target\classes\org\joychou...
[2025-04-20 13:12:20] [PROGRESS] resolve files> Scanning F:\Main-Sec\codeAudit\codeql\source\java-sec-code\target\classes\org\joychou\config...
[2025-04-20 13:12:20] [PROGRESS] resolve files> Scanning F:\Main-Sec\codeAudit\codeql\source\java-sec-code\target\classes\org\joychou\controller...
[2025-04-20 13:12:20] [PROGRESS] resolve files> Scanning F:\Main-Sec\codeAudit\codeql\source\java-sec-code\target\classes\org\joychou\controller\othervulns...
[2025-04-20 13:12:20] [PROGRESS] resolve files> Scanning F:\Main-Sec\codeAudit\codeql\source\java-sec-code\target\classes\org\joychou\dao...
[2025-04-20 13:12:20] [PROGRESS] resolve files> Scanning F:\Main-Sec\codeAudit\codeql\source\java-sec-code\target\classes\org\joychou\filter...
[2025-04-20 13:12:20] [PROGRESS] resolve files> Scanning F:\Main-Sec\codeAudit\codeql\source\java-sec-code\target\classes\org\joychou\mapper...
[2025-04-20 13:12:20] [PROGRESS] resolve files> Scanning F:\Main-Sec\codeAudit\codeql\source\java-sec-code\target\classes\org\joychou\RMI...
[2025-04-20 13:12:20] [PROGRESS] resolve files> Scanning F:\Main-Sec\codeAudit\codeql\source\java-sec-code\target\classes\org\joychou\security...
[2025-04-20 13:12:20] [PROGRESS] resolve files> Scanning F:\Main-Sec\codeAudit\codeql\source\java-sec-code\target\classes\org\joychou\security\ssrf...
[2025-04-20 13:12:20] [PROGRESS] resolve files> Scanning F:\Main-Sec\codeAudit\codeql\source\java-sec-code\target\classes\org\joychou\util...
[2025-04-20 13:12:20] [PROGRESS] resolve files> Scanning F:\Main-Sec\codeAudit\codeql\source\java-sec-code\target\classes\static...
[2025-04-20 13:12:20] [PROGRESS] resolve files> Scanning F:\Main-Sec\codeAudit\codeql\source\java-sec-code\target\classes\static\css...
[2025-04-20 13:12:20] [PROGRESS] resolve files> Scanning F:\Main-Sec\codeAudit\codeql\source\java-sec-code\target\classes\templates...
[2025-04-20 13:12:20] [PROGRESS] resolve files> Scanning F:\Main-Sec\codeAudit\codeql\source\java-sec-code\target\classes\url...
[2025-04-20 13:12:20] [PROGRESS] resolve files> Scanning F:\Main-Sec\codeAudit\codeql\source\java-sec-code\target\generated-sources...
[2025-04-20 13:12:20] [PROGRESS] resolve files> Scanning F:\Main-Sec\codeAudit\codeql\source\java-sec-code\target\generated-sources\annotations...
[2025-04-20 13:12:20] [PROGRESS] resolve files> Scanning F:\Main-Sec\codeAudit\codeql\source\java-sec-code\target\java-sec-code-1.0.0...
[2025-04-20 13:12:20] [PROGRESS] resolve files> Scanning F:\Main-Sec\codeAudit\codeql\source\java-sec-code\target\java-sec-code-1.0.0\META-INF...
[2025-04-20 13:12:20] [PROGRESS] resolve files> Scanning F:\Main-Sec\codeAudit\codeql\source\java-sec-code\target\java-sec-code-1.0.0\WEB-INF...
[2025-04-20 13:12:20] [PROGRESS] resolve files> Scanning F:\Main-Sec\codeAudit\codeql\source\java-sec-code\target\java-sec-code-1.0.0\WEB-INF\classes...
[2025-04-20 13:12:20] [PROGRESS] resolve files> Scanning F:\Main-Sec\codeAudit\codeql\source\java-sec-code\target\java-sec-code-1.0.0\WEB-INF\classes\mapper...
[2025-04-20 13:12:20] [PROGRESS] resolve files> Scanning F:\Main-Sec\codeAudit\codeql\source\java-sec-code\target\java-sec-code-1.0.0\WEB-INF\classes\org...
[2025-04-20 13:12:20] [PROGRESS] resolve files> Scanning F:\Main-Sec\codeAudit\codeql\source\java-sec-code\target\java-sec-code-1.0.0\WEB-INF\classes\org\joychou...
[2025-04-20 13:12:20] [PROGRESS] resolve files> Scanning F:\Main-Sec\codeAudit\codeql\source\java-sec-code\target\java-sec-code-1.0.0\WEB-INF\classes\org\joychou\config...
[2025-04-20 13:12:20] [PROGRESS] resolve files> Scanning F:\Main-Sec\codeAudit\codeql\source\java-sec-code\target\java-sec-code-1.0.0\WEB-INF\classes\org\joychou\controller...
[2025-04-20 13:12:20] [PROGRESS] resolve files> Scanning F:\Main-Sec\codeAudit\codeql\source\java-sec-code\target\java-sec-code-1.0.0\WEB-INF\classes\org\joychou\controller\othervulns...
[2025-04-20 13:12:20] [PROGRESS] resolve files> Scanning F:\Main-Sec\codeAudit\codeql\source\java-sec-code\target\java-sec-code-1.0.0\WEB-INF\classes\org\joychou\dao...
[2025-04-20 13:12:20] [PROGRESS] resolve files> Scanning F:\Main-Sec\codeAudit\codeql\source\java-sec-code\target\java-sec-code-1.0.0\WEB-INF\classes\org\joychou\filter...
[2025-04-20 13:12:20] [PROGRESS] resolve files> Scanning F:\Main-Sec\codeAudit\codeql\source\java-sec-code\target\java-sec-code-1.0.0\WEB-INF\classes\org\joychou\mapper...
[2025-04-20 13:12:20] [PROGRESS] resolve files> Scanning F:\Main-Sec\codeAudit\codeql\source\java-sec-code\target\java-sec-code-1.0.0\WEB-INF\classes\org\joychou\RMI...
[2025-04-20 13:12:20] [PROGRESS] resolve files> Scanning F:\Main-Sec\codeAudit\codeql\source\java-sec-code\target\java-sec-code-1.0.0\WEB-INF\classes\org\joychou\security...
[2025-04-20 13:12:20] [PROGRESS] resolve files> Scanning F:\Main-Sec\codeAudit\codeql\source\java-sec-code\target\java-sec-code-1.0.0\WEB-INF\classes\org\joychou\security\ssrf...
[2025-04-20 13:12:20] [PROGRESS] resolve files> Scanning F:\Main-Sec\codeAudit\codeql\source\java-sec-code\target\java-sec-code-1.0.0\WEB-INF\classes\org\joychou\util...
[2025-04-20 13:12:20] [PROGRESS] resolve files> Scanning F:\Main-Sec\codeAudit\codeql\source\java-sec-code\target\java-sec-code-1.0.0\WEB-INF\classes\static...
[2025-04-20 13:12:20] [PROGRESS] resolve files> Scanning F:\Main-Sec\codeAudit\codeql\source\java-sec-code\target\java-sec-code-1.0.0\WEB-INF\classes\static\css...
[2025-04-20 13:12:20] [PROGRESS] resolve files> Scanning F:\Main-Sec\codeAudit\codeql\source\java-sec-code\target\java-sec-code-1.0.0\WEB-INF\classes\templates...
[2025-04-20 13:12:20] [PROGRESS] resolve files> Scanning F:\Main-Sec\codeAudit\codeql\source\java-sec-code\target\java-sec-code-1.0.0\WEB-INF\classes\url...
[2025-04-20 13:12:20] [PROGRESS] resolve files> Scanning F:\Main-Sec\codeAudit\codeql\source\java-sec-code\target\java-sec-code-1.0.0\WEB-INF\lib...
[2025-04-20 13:12:20] [PROGRESS] resolve files> Scanning F:\Main-Sec\codeAudit\codeql\source\java-sec-code\target\maven-archiver...
[2025-04-20 13:12:20] [PROGRESS] resolve files> Scanning F:\Main-Sec\codeAudit\codeql\source\java-sec-code\target\maven-status...
[2025-04-20 13:12:20] [PROGRESS] resolve files> Scanning F:\Main-Sec\codeAudit\codeql\source\java-sec-code\target\maven-status\maven-compiler-plugin...
[2025-04-20 13:12:20] [PROGRESS] resolve files> Scanning F:\Main-Sec\codeAudit\codeql\source\java-sec-code\target\maven-status\maven-compiler-plugin\compile...
[2025-04-20 13:12:20] [PROGRESS] resolve files> Scanning F:\Main-Sec\codeAudit\codeql\source\java-sec-code\target\maven-status\maven-compiler-plugin\compile\default-compile...
[2025-04-20 13:12:20] Plumbing command codeql resolve files completed:
                      [
                        "F:\\Main-Sec\\codeAudit\\codeql\\source\\java-sec-code\\src\\main\\resources\\application.properties",
                        "F:\\Main-Sec\\codeAudit\\codeql\\source\\java-sec-code\\target\\classes\\application.properties",
                        "F:\\Main-Sec\\codeAudit\\codeql\\source\\java-sec-code\\target\\java-sec-code-1.0.0\\WEB-INF\\classes\\application.properties",
                        "F:\\Main-Sec\\codeAudit\\codeql\\source\\java-sec-code\\target\\maven-archiver\\pom.properties"
                      ]
[2025-04-20 13:12:20] [DETAILS] database index-files> Found 4 files.
[2025-04-20 13:12:20] [PROGRESS] database index-files> F:\Main-Sec\codeAudit\codeql\databases\codeql_java-sec-code: Indexing files in in F:\Main-Sec\codeAudit\codeql\source\java-sec-code...
[2025-04-20 13:12:20] Using index-files script F:\Main-Sec\codeAudit\codeql\codeql-win64\properties\tools\index-files.cmd.
[2025-04-20 13:12:20] [PROGRESS] database index-files> Running command in F:\Main-Sec\codeAudit\codeql\source\java-sec-code: [F:\Main-Sec\codeAudit\codeql\codeql-win64\properties\tools\index-files.cmd, F:\Main-Sec\codeAudit\codeql\databases\codeql_java-sec-code\working\files-to-index15089407054959304595.list]
[2025-04-20 13:12:20] Terminating normally.
