[2025-04-21 21:07:50] This is codeql execute queries -J-Xmx4258M --off-heap-ram=4996 --verbosity=progress --logdir=F:\Main-Sec\codeAudit\codeql\databases\codeql_java-sec-code\log --evaluator-log-level=5 --warnings=show --dynamic-join-order-mode=none --qlconfig-file=F:\Code\codeQL\qlconfig.yml -- F:\Main-Sec\codeAudit\codeql\databases\codeql_java-sec-code\db-java path:F:\Code\codeQL\select.ql
[2025-04-21 21:07:50] Calling plumbing command: codeql resolve queries --qlconfig-file=F:\Code\codeQL\qlconfig.yml --format=json -- path:F:\Code\codeQL\select.ql
[2025-04-21 21:07:50] [PROGRESS] resolve queries> Recording pack reference codeql at F:\Code\codeQL.
[2025-04-21 21:07:50] Plumbing command codeql resolve queries completed:
                      [
                        "F:\\Code\\codeQL\\select.ql"
                      ]
[2025-04-21 21:07:50] Refusing fancy output: The terminal is not an xterm: 
[2025-04-21 21:07:50] Creating executor with 1 threads.
[2025-04-21 21:07:51] Exception caught at top level: Error initializing the IMB disk cache: the cache directory is already locked by another running process. Only one instance of the IMB can access a cache directory at a time. The lock file is located at F:\Main-Sec\codeAudit\codeql\databases\codeql_java-sec-code\db-java\default\cache\.lock
                      (eventual cause: OverlappingFileLockException)
                      com.semmle.inmemory.caching.RelationCacheImpl.takeFilesystemLock(RelationCacheImpl.java:362)
                      com.semmle.inmemory.caching.RelationCacheImpl.create(RelationCacheImpl.java:114)
                      com.semmle.inmemory.scheduler.EvaluationSchedule.<init>(EvaluationSchedule.java:102)
                      com.semmle.inmemory.caching.RelationManager.<init>(RelationManager.java:64)
                      com.semmle.inmemory.MemoryBackend.<init>(MemoryBackend.java:124)
                      com.semmle.cli2.ql.EvaluationCommon.<init>(EvaluationCommon.java:99)
                      com.semmle.cli2.ql.EvaluationCommon.<init>(EvaluationCommon.java:66)
                      com.semmle.cli2.execute.ExecuteQueriesCommand.executeSubcommand(ExecuteQueriesCommand.java:467)
                      com.semmle.cli2.picocli.SubcommandCommon.lambda$executeSubcommandWithMessages$5(SubcommandCommon.java:892)
                      com.semmle.cli2.picocli.SubcommandCommon.withCompilationMessages(SubcommandCommon.java:444)
                      com.semmle.cli2.picocli.SubcommandCommon.executeSubcommandWithMessages(SubcommandCommon.java:890)
                      com.semmle.cli2.picocli.SubcommandCommon.toplevelMain(SubcommandCommon.java:777)
                      com.semmle.cli2.picocli.SubcommandCommon.call(SubcommandCommon.java:757)
                      com.semmle.cli2.picocli.SubcommandMaker.runMain(SubcommandMaker.java:238)
                      com.semmle.cli2.picocli.SubcommandMaker.runMain(SubcommandMaker.java:259)
                      com.semmle.cli2.CodeQL.main(CodeQL.java:115)
                      
                       ... caused by:
                      
                      java.nio.channels.OverlappingFileLockException
                      com.semmle.util.files.FileSystemLock.<init>(FileSystemLock.java:74)
                      com.semmle.inmemory.caching.RelationCacheImpl.takeFilesystemLock(RelationCacheImpl.java:358)
                      com.semmle.inmemory.caching.RelationCacheImpl.create(RelationCacheImpl.java:114)
                      com.semmle.inmemory.scheduler.EvaluationSchedule.<init>(EvaluationSchedule.java:102)
                      com.semmle.inmemory.caching.RelationManager.<init>(RelationManager.java:64)
                      com.semmle.inmemory.MemoryBackend.<init>(MemoryBackend.java:124)
                      com.semmle.cli2.ql.EvaluationCommon.<init>(EvaluationCommon.java:99)
                      com.semmle.cli2.ql.EvaluationCommon.<init>(EvaluationCommon.java:66)
                      com.semmle.cli2.execute.ExecuteQueriesCommand.executeSubcommand(ExecuteQueriesCommand.java:467)
                      com.semmle.cli2.picocli.SubcommandCommon.lambda$executeSubcommandWithMessages$5(SubcommandCommon.java:892)
                      com.semmle.cli2.picocli.SubcommandCommon.withCompilationMessages(SubcommandCommon.java:444)
                      com.semmle.cli2.picocli.SubcommandCommon.executeSubcommandWithMessages(SubcommandCommon.java:890)
                      com.semmle.cli2.picocli.SubcommandCommon.toplevelMain(SubcommandCommon.java:777)
                      com.semmle.cli2.picocli.SubcommandCommon.call(SubcommandCommon.java:757)
                      com.semmle.cli2.picocli.SubcommandMaker.runMain(SubcommandMaker.java:238)
                      com.semmle.cli2.picocli.SubcommandMaker.runMain(SubcommandMaker.java:259)
                      com.semmle.cli2.CodeQL.main(CodeQL.java:115)
