[2025-05-17 14:12:05] This is codeql database create /root/openjdk8u101-db --language=java --command=make image JOBS=4 --overwrite
[2025-05-17 14:12:05] Log file was started late.
[2025-05-17 14:12:05] [PROGRESS] database create> Initializing database at /root/openjdk8u101-db.
[2025-05-17 14:12:05] Running plumbing command: codeql database init --overwrite --language=java --extractor-options-verbosity=1 --qlconfig-file=/root/8u101/build/linux-x86_64-normal-server-fastdebug/qlconfig.yml --source-root=/root/8u101/build/linux-x86_64-normal-server-fastdebug --allow-missing-source-root=false --allow-already-existing -- /root/openjdk8u101-db
[2025-05-17 14:12:05] Calling plumbing command: codeql resolve languages --extractor-options-verbosity=1 --format=betterjson
[2025-05-17 14:12:05] [DETAILS] resolve languages> Scanning for [codeql-extractor.yml] from /root/codeql/.codeqlmanifest.json
[2025-05-17 14:12:05] [DETAILS] resolve languages> Parsing /root/codeql/yaml/codeql-extractor.yml.
[2025-05-17 14:12:05] [DETAILS] resolve languages> Parsing /root/codeql/cpp/codeql-extractor.yml.
[2025-05-17 14:12:05] [DETAILS] resolve languages> Parsing /root/codeql/actions/codeql-extractor.yml.
[2025-05-17 14:12:05] [DETAILS] resolve languages> Parsing /root/codeql/csharp/codeql-extractor.yml.
[2025-05-17 14:12:05] [DETAILS] resolve languages> Parsing /root/codeql/html/codeql-extractor.yml.
[2025-05-17 14:12:05] [DETAILS] resolve languages> Parsing /root/codeql/ruby/codeql-extractor.yml.
[2025-05-17 14:12:05] [DETAILS] resolve languages> Parsing /root/codeql/go/codeql-extractor.yml.
[2025-05-17 14:12:05] [DETAILS] resolve languages> Parsing /root/codeql/javascript/codeql-extractor.yml.
[2025-05-17 14:12:05] [DETAILS] resolve languages> Parsing /root/codeql/python/codeql-extractor.yml.
[2025-05-17 14:12:05] [DETAILS] resolve languages> Parsing /root/codeql/java/codeql-extractor.yml.
[2025-05-17 14:12:05] [DETAILS] resolve languages> Parsing /root/codeql/csv/codeql-extractor.yml.
[2025-05-17 14:12:05] [DETAILS] resolve languages> Parsing /root/codeql/swift/codeql-extractor.yml.
[2025-05-17 14:12:05] [DETAILS] resolve languages> Parsing /root/codeql/properties/codeql-extractor.yml.
[2025-05-17 14:12:05] [DETAILS] resolve languages> Parsing /root/codeql/xml/codeql-extractor.yml.
[2025-05-17 14:12:05] Plumbing command codeql resolve languages completed:
                      {
                        "aliases" : {
                          "c" : "cpp",
                          "c++" : "cpp",
                          "c-c++" : "cpp",
                          "c-cpp" : "cpp",
                          "c#" : "csharp",
                          "java-kotlin" : "java",
                          "kotlin" : "java",
                          "javascript-typescript" : "javascript",
                          "typescript" : "javascript"
                        },
                        "extractors" : {
                          "yaml" : [
                            {
                              "extractor_root" : "/root/codeql/yaml"
                            }
                          ],
                          "cpp" : [
                            {
                              "extractor_root" : "/root/codeql/cpp",
                              "extractor_options" : {
                                "scale_timeouts" : {
                                  "title" : "Value to scale compiler introspection timeouts with",
                                  "description" : "The extractor attempts to determine what compiler the source code being extracted is compiled with. To this end the extractor makes additional calls to the compiler, some of which are expected to return within a certain fixed time (either 10s or 15s). On some systems that are under high load this time might be too short, and can be scaled up using this option.\n",
                                  "type" : "string",
                                  "pattern" : "[0-9]+"
                                },
                                "log_verbosity" : {
                                  "title" : "Verbosity of the extractor logging",
                                  "description" : "Set the verbosity of the extractor logging to 'quiet' (0), 'normal' (1), 'chatty' (2), or 'noisy' (3). The default is 'normal'.\n",
                                  "type" : "string",
                                  "pattern" : "[0-3]"
                                }
                              }
                            }
                          ],
                          "actions" : [
                            {
                              "extractor_root" : "/root/codeql/actions",
                              "extractor_options" : { }
                            }
                          ],
                          "csharp" : [
                            {
                              "extractor_root" : "/root/codeql/csharp",
                              "extractor_options" : {
                                "trap" : {
                                  "title" : "Options pertaining to TRAP.",
                                  "description" : "Options pertaining to TRAP.",
                                  "type" : "object",
                                  "properties" : {
                                    "compression" : {
                                      "title" : "Controls compression for the TRAP files written by the extractor.",
                                      "description" : "This option is only intended for use in debugging the extractor. Accepted values are 'brotli' (the default, to write brotli-compressed TRAP), 'gzip', and 'none' (to write uncompressed TRAP).\n",
                                      "type" : "string",
                                      "pattern" : "^(none|gzip|brotli)$"
                                    }
                                  }
                                },
                                "buildless" : {
                                  "title" : "DEPRECATED - Whether to use buildless (standalone) extraction.",
                                  "description" : "DEPRECATED: Use `--build-mode none` instead.\nA value indicating, which type of extraction the autobuilder should perform. If 'true', then the standalone extractor will be used, otherwise tracing extraction will be performed. The default is 'false'. Note that buildless extraction will generally yield less accurate analysis results, and should only be used in cases where it is not possible to build the code (for example if it uses inaccessible dependencies).\n",
                                  "type" : "string",
                                  "pattern" : "^(false|true)$"
                                },
                                "logging" : {
                                  "title" : "Options pertaining to logging.",
                                  "description" : "Options pertaining to logging.",
                                  "type" : "object",
                                  "properties" : {
                                    "verbosity" : {
                                      "title" : "Extractor logging verbosity level.",
                                      "description" : "Controls the level of verbosity of the extractor. The supported levels are (in order of increasing verbosity):\n  - off\n  - errors\n  - warnings\n  - info or progress\n  - debug or progress+\n  - trace or progress++\n  - progress+++\n",
                                      "type" : "string",
                                      "pattern" : "^(off|errors|warnings|(info|progress)|(debug|progress\\+)|(trace|progress\\+\\+)|progress\\+\\+\\+)$"
                                    }
                                  }
                                },
                                "binlog" : {
                                  "title" : "Binlog",
                                  "description" : "[EXPERIMENTAL] The value is a path to the MsBuild binary log file that should be extracted. This option only works when `--build-mode none` is also specified.\n",
                                  "type" : "array"
                                }
                              }
                            }
                          ],
                          "html" : [
                            {
                              "extractor_root" : "/root/codeql/html"
                            }
                          ],
                          "ruby" : [
                            {
                              "extractor_root" : "/root/codeql/ruby",
                              "extractor_options" : {
                                "trap" : {
                                  "title" : "Options pertaining to TRAP.",
                                  "description" : "Options pertaining to TRAP.",
                                  "type" : "object",
                                  "properties" : {
                                    "compression" : {
                                      "title" : "Controls compression for the TRAP files written by the extractor.",
                                      "description" : "This option is only intended for use in debugging the extractor. Accepted values are 'gzip' (the default, to write gzip-compressed TRAP) and 'none' (to write uncompressed TRAP).\n",
                                      "type" : "string",
                                      "pattern" : "^(none|gzip)$"
                                    }
                                  }
                                }
                              }
                            }
                          ],
                          "go" : [
                            {
                              "extractor_root" : "/root/codeql/go",
                              "extractor_options" : {
                                "extract_tests" : {
                                  "title" : "Whether to include Go test files in the CodeQL database.",
                                  "description" : "A value indicating whether Go test files should be included in the CodeQL database. The default is 'false'.\n",
                                  "type" : "string",
                                  "pattern" : "^(false|true)$"
                                },
                                "extract_vendor_dirs" : {
                                  "title" : "Whether to include Go vendor directories in the CodeQL database.",
                                  "description" : "A value indicating whether Go vendor directories should be included in the CodeQL database. The default is 'false'.\n",
                                  "type" : "string",
                                  "pattern" : "^(false|true)$"
                                }
                              }
                            }
                          ],
                          "javascript" : [
                            {
                              "extractor_root" : "/root/codeql/javascript",
                              "extractor_options" : {
                                "skip_types" : {
                                  "title" : "Skip type extraction for TypeScript",
                                  "description" : "Whether to skip the extraction of types in a TypeScript application",
                                  "type" : "string",
                                  "pattern" : "^(false|true)$"
                                }
                              }
                            }
                          ],
                          "python" : [
                            {
                              "extractor_root" : "/root/codeql/python",
                              "extractor_options" : {
                                "logging" : {
                                  "title" : "Options pertaining to logging.",
                                  "description" : "Options pertaining to logging.",
                                  "type" : "object",
                                  "properties" : {
                                    "verbosity" : {
                                      "title" : "Python extractor logging verbosity level.",
                                      "description" : "Controls the level of verbosity of the CodeQL Python extractor.\nThe supported levels are (in order of increasing verbosity):\n\n  - off\n  - errors\n  - warnings\n  - info or progress\n  - debug or progress+\n  - trace or progress++\n  - progress+++\n",
                                      "type" : "string",
                                      "pattern" : "^(off|errors|warnings|(info|progress)|(debug|progress\\+)|(trace|progress\\+\\+)|progress\\+\\+\\+)$"
                                    }
                                  }
                                },
                                "python_executable_name" : {
                                  "title" : "Controls the name of the Python executable used by the Python extractor.",
                                  "description" : "The Python extractor uses platform-dependent heuristics to determine the name of the Python executable to use. Specifying a value for this option overrides the name of the Python executable used by the extractor. Accepted values are py, python and python3. Use this setting with caution, the Python extractor requires Python 3 to run.\n",
                                  "type" : "string",
                                  "pattern" : "^(py|python|python3)$"
                                }
                              }
                            }
                          ],
                          "java" : [
                            {
                              "extractor_root" : "/root/codeql/java",
                              "extractor_options" : {
                                "exclude" : {
                                  "title" : "A glob excluding files from analysis.",
                                  "description" : "A glob indicating what files to exclude from the analysis. This accepts glob patterns that are supported by Java's 'getPathMatcher' implementation.\n",
                                  "type" : "string"
                                },
                                "add_prefer_source" : {
                                  "title" : "Whether to always prefer source files over class files.",
                                  "description" : "A value indicating whether source files should be preferred over class files. If set to 'true', the extraction adds '-Xprefer:source' to the javac command line. If set to 'false', the extraction uses the default javac behavior ('-Xprefer:newer'). The default is 'true'.\n",
                                  "type" : "string",
                                  "pattern" : "^(false|true)$"
                                },
                                "buildless" : {
                                  "title" : "Whether to use buildless (standalone) extraction (experimental).",
                                  "description" : "A value indicating, which type of extraction the autobuilder should perform. If 'true', then the standalone extractor will be used, otherwise tracing extraction will be performed. The default is 'false'. Note that buildless extraction will generally yield less accurate analysis results, and should only be used in cases where it is not possible to build the code (for example if it uses inaccessible dependencies).\n",
                                  "type" : "string",
                                  "pattern" : "^(false|true)$"
                                },
                                "buildless_dependency_dir" : {
                                  "title" : "The path where buildless (standalone) extraction should keep dependencies.",
                                  "description" : "If set, the buildless (standalone) extractor will store dependencies in this directory.\n",
                                  "type" : "string"
                                },
                                "minimize_dependency_jars" : {
                                  "title" : "Whether to rewrite and minimize downloaded JAR dependencies (experimental).",
                                  "description" : "If 'true', JAR dependencies downloaded during extraction will be rewritten to remove unneeded data, such as method bodies. The default is 'false'.\n",
                                  "type" : "string",
                                  "pattern" : "^(false|true)$"
                                }
                              }
                            }
                          ],
                          "csv" : [
                            {
                              "extractor_root" : "/root/codeql/csv"
                            }
                          ],
                          "swift" : [
                            {
                              "extractor_root" : "/root/codeql/swift"
                            }
                          ],
                          "properties" : [
                            {
                              "extractor_root" : "/root/codeql/properties"
                            }
                          ],
                          "xml" : [
                            {
                              "extractor_root" : "/root/codeql/xml"
                            }
                          ]
                        }
                      }
[2025-05-17 14:12:05] [PROGRESS] database init> Calculating baseline information in /root/8u101/build/linux-x86_64-normal-server-fastdebug
[2025-05-17 14:12:05] [SPAMMY] database init> Ignoring the following directories when processing baseline information: .git, .hg, .svn.
[2025-05-17 14:12:05] [DETAILS] database init> Running command in /root/8u101/build/linux-x86_64-normal-server-fastdebug: /root/codeql/tools/linux64/scc --by-file --exclude-dir .git,.hg,.svn --format json --no-large --no-min .
[2025-05-17 14:12:05] [SPAMMY] database init> Found 1 baseline files for cpp.
[2025-05-17 14:12:05] [PROGRESS] database init> Calculated baseline information for languages: cpp (34ms).
[2025-05-17 14:12:05] [PROGRESS] database init> Resolving extractor java.
[2025-05-17 14:12:05] [DETAILS] database init> Found candidate extractor root for java: /root/codeql/java.
[2025-05-17 14:12:05] [PROGRESS] database init> Successfully loaded extractor Java/Kotlin (java) from /root/codeql/java.
[2025-05-17 14:12:05] [PROGRESS] database init> Created skeleton CodeQL database at /root/openjdk8u101-db. This in-progress database is ready to be populated by an extractor.
[2025-05-17 14:12:05] Plumbing command codeql database init completed.
[2025-05-17 14:12:05] [PROGRESS] database create> Running build command: [make, image, JOBS=4]
[2025-05-17 14:12:05] Running plumbing command: codeql database trace-command --working-dir=/root/8u101/build/linux-x86_64-normal-server-fastdebug --index-traceless-dbs --no-db-cluster -- /root/openjdk8u101-db make image JOBS=4
[2025-05-17 14:12:05] [PROGRESS] database trace-command> Running command in /root/8u101/build/linux-x86_64-normal-server-fastdebug: [make, image, JOBS=4]
[2025-05-17 14:12:05] [build-stderr] make: *** No rule to make target `image'.  Stop.
[2025-05-17 14:12:05] [ERROR] Spawned process exited abnormally (code 2; tried to run: [/root/codeql/tools/linux64/preload_tracer, make, image, JOBS=4])
[2025-05-17 14:12:05] Exception caught at top level: Exit status 2 from command: [make, image, JOBS=4]
                      com.semmle.cli2.Commandline.executeAndCheckResult(Commandline.java:170)
                      com.semmle.cli2.Commandline.runWithoutReturn(Commandline.java:123)
                      com.semmle.cli2.database.DatabaseProcessCommandCommon.executeSubcommand(DatabaseProcessCommandCommon.java:227)
                      com.semmle.cli2.database.TraceCommandCommand.executeSubcommand(TraceCommandCommand.java:126)
                      com.semmle.cli2.picocli.SubcommandCommon.lambda$executeSubcommandWithMessages$5(SubcommandCommon.java:892)
                      com.semmle.cli2.picocli.SubcommandCommon.withCompilationMessages(SubcommandCommon.java:444)
                      com.semmle.cli2.picocli.SubcommandCommon.executeSubcommandWithMessages(SubcommandCommon.java:890)
                      com.semmle.cli2.picocli.PlumbingRunner.run(PlumbingRunner.java:119)
                      com.semmle.cli2.picocli.SubcommandCommon.runPlumbingInProcess(SubcommandCommon.java:201)
                      com.semmle.cli2.database.CreateCommand.executeSubcommand(CreateCommand.java:185)
                      com.semmle.cli2.picocli.SubcommandCommon.lambda$executeSubcommandWithMessages$5(SubcommandCommon.java:892)
                      com.semmle.cli2.picocli.SubcommandCommon.withCompilationMessages(SubcommandCommon.java:444)
                      com.semmle.cli2.picocli.SubcommandCommon.executeSubcommandWithMessages(SubcommandCommon.java:890)
                      com.semmle.cli2.picocli.SubcommandCommon.toplevelMain(SubcommandCommon.java:777)
                      com.semmle.cli2.picocli.SubcommandCommon.call(SubcommandCommon.java:757)
                      com.semmle.cli2.picocli.SubcommandMaker.runMain(SubcommandMaker.java:238)
                      com.semmle.cli2.picocli.SubcommandMaker.runMain(SubcommandMaker.java:259)
                      com.semmle.cli2.CodeQL.main(CodeQL.java:115)
