[2025-05-17 14:16:54] [javac-extractor-90541] Starting extraction for:
                                              sun.java.command=com.semmle.extractor.java.JavaExtractor --jdk-version -1 --javac-args @@@/root/openjdk8u101-db/log/ext/javac-11.args
                                              user.dir=/root/8u101/corba/make
[2025-05-17 14:16:54] [javac-extractor-90541] Compilation name /root/openjdk8u101-db/trap/java/diagnostics/diagnostic-11.trap.gz
[2025-05-17 14:16:55] [javac-extractor-90541] Annotation processor class 'lombok.launch.AnnotationProcessorHider$AnnotationProcessor' initialized.
[2025-05-17 14:16:55] [javac-extractor-90541] Annotation processor class 'lombok.launch.AnnotationProcessorHider$ClaimingProcessor' initialized.
[2025-05-17 14:16:56] [javac-extractor-90541] Processing file /root/8u101/corba/src/share/classes/com/sun/tools/corba/se/logutil/IndentingPrintWriter.java
[2025-05-17 14:16:56] [javac-extractor-90541] [WARN] Not rewriting trap file for /root/openjdk8u101-db/trap/java/classes/java/io/PrintWriter.members/PrintWriter.members#52.0-1619009470000-java.trap.gz as it exists
[2025-05-17 14:16:56] [javac-extractor-90541] [WARN] Not rewriting trap file for /root/openjdk8u101-db/trap/java/classes/java/io/Writer.members/Writer.members#52.0-1619009470000-java.trap.gz as it exists
[2025-05-17 14:16:56] [javac-extractor-90541] [WARN] Not rewriting trap file for /root/openjdk8u101-db/trap/java/classes/java/io/OutputStream.members/OutputStream.members#52.0-1619009470000-java.trap.gz as it exists
[2025-05-17 14:16:56] [javac-extractor-90541] [WARN] Not rewriting trap file for /root/openjdk8u101-db/trap/java/classes/java/io/BufferedWriter.members/BufferedWriter.members#52.0-1619009472000-java.trap.gz as it exists
[2025-05-17 14:16:56] [javac-extractor-90541] [WARN] Not rewriting trap file for /root/openjdk8u101-db/trap/java/classes/java/io/OutputStreamWriter.members/OutputStreamWriter.members#52.0-1619009472000-java.trap.gz as it exists
[2025-05-17 14:16:56] [javac-extractor-90541] [WARN] Not rewriting trap file for /root/openjdk8u101-db/trap/java/classes/java/util/StringTokenizer.members/StringTokenizer.members#52.0-1619009514000-java.trap.gz as it exists
[2025-05-17 14:16:56] [javac-extractor-90541] [WARN] Not rewriting trap file for /root/openjdk8u101-db/trap/java/classes/java/lang/String.members/String.members#52.0-1619009460000-java.trap.gz as it exists
[2025-05-17 14:16:56] [javac-extractor-90541] [WARN] Not rewriting trap file for /root/openjdk8u101-db/trap/java/classes/java/lang/Object.members/Object.members#52.0-1619009460000-java.trap.gz as it exists
[2025-05-17 14:16:56] [javac-extractor-90541] [WARN] Not rewriting trap file for /root/openjdk8u101-db/trap/java/classes/java/lang/Cloneable.members/Cloneable.members#52.0-1619009468000-java.trap.gz as it exists
[2025-05-17 14:16:56] [javac-extractor-90541] [WARN] Not rewriting trap file for /root/openjdk8u101-db/trap/java/classes/java/io/Serializable.members/Serializable.members#52.0-1619009460000-java.trap.gz as it exists
[2025-05-17 14:16:56] [javac-extractor-90541] [WARN] Not rewriting trap file for /root/openjdk8u101-db/trap/java/classes/java/lang/Error.members/Error.members#52.0-1619009468000-java.trap.gz as it exists
[2025-05-17 14:16:56] [javac-extractor-90541] [WARN] Not rewriting trap file for /root/openjdk8u101-db/trap/java/classes/java/lang/StringBuffer.members/StringBuffer.members#52.0-1619009466000-java.trap.gz as it exists
[2025-05-17 14:16:56] [javac-extractor-90541] Processing file /root/8u101/corba/src/share/classes/com/sun/tools/corba/se/logutil/MC.java
[2025-05-17 14:16:56] [javac-extractor-90541] [WARN] Not rewriting trap file for /root/openjdk8u101-db/trap/java/classes/java/io/File.members/File.members#52.0-1619009470000-java.trap.gz as it exists
[2025-05-17 14:16:56] [javac-extractor-90541] [WARN] Not rewriting trap file for /root/openjdk8u101-db/trap/java/classes/java/io/FileNotFoundException.members/FileNotFoundException.members#52.0-1619009472000-java.trap.gz as it exists
[2025-05-17 14:16:56] [javac-extractor-90541] [WARN] Not rewriting trap file for /root/openjdk8u101-db/trap/java/classes/java/io/FileOutputStream.members/FileOutputStream.members#52.0-1619009512000-java.trap.gz as it exists
[2025-05-17 14:16:56] [javac-extractor-90541] [WARN] Not rewriting trap file for /root/openjdk8u101-db/trap/java/classes/java/io/IOException.members/IOException.members#52.0-1619009466000-java.trap.gz as it exists
[2025-05-17 14:16:56] [javac-extractor-90541] [WARN] Not rewriting trap file for /root/openjdk8u101-db/trap/java/classes/java/util/Arrays.members/Arrays.members#52.0-1619009514000-java.trap.gz as it exists
[2025-05-17 14:16:56] [javac-extractor-90541] [WARN] Not rewriting trap file for /root/openjdk8u101-db/trap/java/classes/java/util/Date.members/Date.members#52.0-1619009474000-java.trap.gz as it exists
[2025-05-17 14:16:56] [javac-extractor-90541] [WARN] Not rewriting trap file for /root/openjdk8u101-db/trap/java/classes/java/util/Formatter.members/Formatter.members#52.0-1619009472000-java.trap.gz as it exists
[2025-05-17 14:16:56] [javac-extractor-90541] [WARN] Not rewriting trap file for /root/openjdk8u101-db/trap/java/classes/java/util/List.members/List.members#52.0-1619009468000-java.trap.gz as it exists
[2025-05-17 14:16:56] [javac-extractor-90541] [WARN] Not rewriting trap file for /root/openjdk8u101-db/trap/java/classes/java/util/Queue.members/Queue.members#52.0-1619009474000-java.trap.gz as it exists
[2025-05-17 14:16:56] [javac-extractor-90541] [WARN] Not rewriting trap file for /root/openjdk8u101-db/trap/java/classes/java/lang/String.members/String.members#52.0-1619009460000-java.trap.gz as it exists
[2025-05-17 14:16:56] [javac-extractor-90541] [WARN] Not rewriting trap file for /root/openjdk8u101-db/trap/java/classes/com/sun/tools/corba/se/logutil/IndentingPrintWriter.members/IndentingPrintWriter.members#0.0-1747489311000-java.trap.gz as it exists
[2025-05-17 14:16:56] [javac-extractor-90541] [WARN] Not rewriting trap file for /root/openjdk8u101-db/trap/java/classes/java/util/Collection.members/Collection.members#52.0-1619009468000-java.trap.gz as it exists
[2025-05-17 14:16:56] [javac-extractor-90541] [WARN] Not rewriting trap file for /root/openjdk8u101-db/trap/java/classes/java/lang/Iterable.members/Iterable.members#52.0-1619009466000-java.trap.gz as it exists
[2025-05-17 14:16:56] [javac-extractor-90541] [WARN] Not rewriting trap file for /root/openjdk8u101-db/trap/java/classes/java/lang/Object.members/Object.members#52.0-1619009460000-java.trap.gz as it exists
[2025-05-17 14:16:56] [javac-extractor-90541] [WARN] Not rewriting trap file for /root/openjdk8u101-db/trap/java/classes/java/lang/Cloneable.members/Cloneable.members#52.0-1619009468000-java.trap.gz as it exists
[2025-05-17 14:16:56] [javac-extractor-90541] [WARN] Not rewriting trap file for /root/openjdk8u101-db/trap/java/classes/java/io/Serializable.members/Serializable.members#52.0-1619009460000-java.trap.gz as it exists
[2025-05-17 14:16:56] [javac-extractor-90541] [WARN] Not rewriting trap file for /root/openjdk8u101-db/trap/java/classes/java/io/OutputStream.members/OutputStream.members#52.0-1619009470000-java.trap.gz as it exists
[2025-05-17 14:16:56] [javac-extractor-90541] [WARN] Not rewriting trap file for /root/openjdk8u101-db/trap/java/classes/java/io/PrintWriter.members/PrintWriter.members#52.0-1619009470000-java.trap.gz as it exists
[2025-05-17 14:16:56] [javac-extractor-90541] [WARN] Not rewriting trap file for /root/openjdk8u101-db/trap/java/classes/java/util/Spliterator.members/Spliterator.members#52.0-1619009470000-java.trap.gz as it exists
[2025-05-17 14:16:56] [javac-extractor-90541] [WARN] Not rewriting trap file for /root/openjdk8u101-db/trap/java/classes/java/util/function/Consumer.members/Consumer.members#52.0-1619009470000-java.trap.gz as it exists
[2025-05-17 14:16:56] [javac-extractor-90541] [WARN] Not rewriting trap file for /root/openjdk8u101-db/trap/java/classes/java/lang/FunctionalInterface.members/FunctionalInterface.members#52.0-1619009466000-java.trap.gz as it exists
[2025-05-17 14:16:56] [javac-extractor-90541] [WARN] Not rewriting trap file for /root/openjdk8u101-db/trap/java/classes/java/util/Iterator.members/Iterator.members#52.0-1619009470000-java.trap.gz as it exists
[2025-05-17 14:16:56] [javac-extractor-90541] [WARN] Not rewriting trap file for /root/openjdk8u101-db/trap/java/classes/java/util/stream/Stream.members/Stream.members#52.0-1619009470000-java.trap.gz as it exists
[2025-05-17 14:16:56] [javac-extractor-90541] [WARN] Not rewriting trap file for /root/openjdk8u101-db/trap/java/classes/java/util/stream/BaseStream.members/BaseStream.members#52.0-1619009468000-java.trap.gz as it exists
[2025-05-17 14:16:56] [javac-extractor-90541] [WARN] Not rewriting trap file for /root/openjdk8u101-db/trap/java/classes/java/lang/AutoCloseable.members/AutoCloseable.members#52.0-1619009468000-java.trap.gz as it exists
[2025-05-17 14:16:56] [javac-extractor-90541] [WARN] Not rewriting trap file for /root/openjdk8u101-db/trap/java/classes/java/util/function/Predicate.members/Predicate.members#52.0-1619009470000-java.trap.gz as the trap-old exists
[2025-05-17 14:16:56] [javac-extractor-90541] [WARN] Not rewriting trap file for /root/openjdk8u101-db/trap/java/classes/java/util/ListIterator.members/ListIterator.members#52.0-1619009470000-java.trap.gz as it exists
[2025-05-17 14:16:56] [javac-extractor-90541] [WARN] Not rewriting trap file for /root/openjdk8u101-db/trap/java/classes/java/util/Comparator.members/Comparator.members#52.0-1619009466000-java.trap.gz as it exists
[2025-05-17 14:16:56] [javac-extractor-90541] [WARN] Not rewriting trap file for /root/openjdk8u101-db/trap/java/classes/java/util/function/UnaryOperator.members/UnaryOperator.members#52.0-1619009470000-java.trap.gz as it exists
[2025-05-17 14:16:56] [javac-extractor-90541] [WARN] Not rewriting trap file for /root/openjdk8u101-db/trap/java/classes/java/util/function/Function.members/Function.members#52.0-1619009470000-java.trap.gz as it exists
[2025-05-17 14:16:56] [javac-extractor-90541] [WARN] Not rewriting trap file for /root/openjdk8u101-db/trap/java/classes/java/io/PrintStream.members/PrintStream.members#52.0-1619009470000-java.trap.gz as it exists
[2025-05-17 14:16:56] [javac-extractor-90541] [WARN] Not rewriting trap file for /root/openjdk8u101-db/trap/java/classes/java/lang/System.members/System.members#52.0-1619009516000-java.trap.gz as it exists
[2025-05-17 14:16:56] [javac-extractor-90541] Processing file /root/8u101/corba/src/share/classes/com/sun/tools/corba/se/logutil/Input.java
[2025-05-17 14:16:56] [javac-extractor-90541] [WARN] Not rewriting trap file for /root/openjdk8u101-db/trap/java/classes/java/io/BufferedReader.members/BufferedReader.members#52.0-1619009482000-java.trap.gz as it exists
[2025-05-17 14:16:56] [javac-extractor-90541] [WARN] Not rewriting trap file for /root/openjdk8u101-db/trap/java/classes/java/io/File.members/File.members#52.0-1619009470000-java.trap.gz as it exists
[2025-05-17 14:16:56] [javac-extractor-90541] [WARN] Not rewriting trap file for /root/openjdk8u101-db/trap/java/classes/java/io/FileInputStream.members/FileInputStream.members#52.0-1619009486000-java.trap.gz as it exists
[2025-05-17 14:16:56] [javac-extractor-90541] [WARN] Not rewriting trap file for /root/openjdk8u101-db/trap/java/classes/java/io/FileNotFoundException.members/FileNotFoundException.members#52.0-1619009472000-java.trap.gz as it exists
[2025-05-17 14:16:56] [javac-extractor-90541] [WARN] Not rewriting trap file for /root/openjdk8u101-db/trap/java/classes/java/io/InputStreamReader.members/InputStreamReader.members#52.0-1619009512000-java.trap.gz as it exists
[2025-05-17 14:16:56] [javac-extractor-90541] [WARN] Not rewriting trap file for /root/openjdk8u101-db/trap/java/classes/java/io/IOException.members/IOException.members#52.0-1619009466000-java.trap.gz as it exists
[2025-05-17 14:16:56] [javac-extractor-90541] [WARN] Not rewriting trap file for /root/openjdk8u101-db/trap/java/classes/java/util/LinkedList.members/LinkedList.members#52.0-1619009480000-java.trap.gz as it exists
[2025-05-17 14:16:56] [javac-extractor-90541] [WARN] Not rewriting trap file for /root/openjdk8u101-db/trap/java/classes/java/util/Queue.members/Queue.members#52.0-1619009474000-java.trap.gz as it exists
[2025-05-17 14:16:56] [javac-extractor-90541] [WARN] Not rewriting trap file for /root/openjdk8u101-db/trap/java/classes/java/util/regex/Matcher.members/Matcher.members#52.0-1619009474000-java.trap.gz as it exists
[2025-05-17 14:16:56] [javac-extractor-90541] [WARN] Not rewriting trap file for /root/openjdk8u101-db/trap/java/classes/java/util/regex/Pattern.members/Pattern.members#52.0-1619009474000-java.trap.gz as it exists
[2025-05-17 14:16:56] [javac-extractor-90541] [WARN] Not rewriting trap file for /root/openjdk8u101-db/trap/java/classes/com/sun/tools/corba/se/logutil/Input.members/Input.members#0.0-1747489311000-java.trap.gz as it exists
[2025-05-17 14:16:56] [javac-extractor-90541] [WARN] Not rewriting trap file for /root/openjdk8u101-db/trap/java/classes/com/sun/tools/corba/se/logutil/InputException.members/InputException.members#0.0-1747489311000-java.trap.gz as it exists
[2025-05-17 14:16:56] [javac-extractor-90541] [WARN] Not rewriting trap file for /root/openjdk8u101-db/trap/java/classes/java/util/Collection.members/Collection.members#52.0-1619009468000-java.trap.gz as it exists
[2025-05-17 14:16:56] [javac-extractor-90541] [WARN] Not rewriting trap file for /root/openjdk8u101-db/trap/java/classes/java/lang/Iterable.members/Iterable.members#52.0-1619009466000-java.trap.gz as it exists
[2025-05-17 14:16:56] [javac-extractor-90541] [WARN] Not rewriting trap file for /root/openjdk8u101-db/trap/java/classes/java/lang/Object.members/Object.members#52.0-1619009460000-java.trap.gz as it exists
[2025-05-17 14:16:56] [javac-extractor-90541] [WARN] Not rewriting trap file for /root/openjdk8u101-db/trap/java/classes/java/lang/String.members/String.members#52.0-1619009460000-java.trap.gz as it exists
[2025-05-17 14:16:56] [javac-extractor-90541] [WARN] Not rewriting trap file for /root/openjdk8u101-db/trap/java/classes/java/lang/Enum.members/Enum.members#52.0-1619009470000-java.trap.gz as it exists
[2025-05-17 14:16:56] [javac-extractor-90541] [WARN] Not rewriting trap file for /root/openjdk8u101-db/trap/java/classes/java/io/Reader.members/Reader.members#52.0-1619009472000-java.trap.gz as it exists
[2025-05-17 14:16:56] [javac-extractor-90541] [WARN] Not rewriting trap file for /root/openjdk8u101-db/trap/java/classes/java/io/InputStream.members/InputStream.members#52.0-1619009468000-java.trap.gz as it exists
[2025-05-17 14:16:56] [javac-extractor-90541] [WARN] Not rewriting trap file for /root/openjdk8u101-db/trap/java/classes/java/util/AbstractSequentialList.members/AbstractSequentialList.members#52.0-1619009480000-java.trap.gz as it exists
[2025-05-17 14:16:56] [javac-extractor-90541] [WARN] Not rewriting trap file for /root/openjdk8u101-db/trap/java/classes/java/util/AbstractList.members/AbstractList.members#52.0-1619009468000-java.trap.gz as it exists
[2025-05-17 14:16:56] [javac-extractor-90541] [WARN] Not rewriting trap file for /root/openjdk8u101-db/trap/java/classes/java/util/AbstractCollection.members/AbstractCollection.members#52.0-1619009468000-java.trap.gz as it exists
[2025-05-17 14:16:56] [javac-extractor-90541] [WARN] Not rewriting trap file for /root/openjdk8u101-db/trap/java/classes/java/util/List.members/List.members#52.0-1619009468000-java.trap.gz as it exists
[2025-05-17 14:16:56] [javac-extractor-90541] [WARN] Not rewriting trap file for /root/openjdk8u101-db/trap/java/classes/java/util/Deque.members/Deque.members#52.0-1619009474000-java.trap.gz as it exists
[2025-05-17 14:16:56] [javac-extractor-90541] [WARN] Not rewriting trap file for /root/openjdk8u101-db/trap/java/classes/java/lang/Cloneable.members/Cloneable.members#52.0-1619009468000-java.trap.gz as it exists
[2025-05-17 14:16:56] [javac-extractor-90541] [WARN] Not rewriting trap file for /root/openjdk8u101-db/trap/java/classes/java/io/Serializable.members/Serializable.members#52.0-1619009460000-java.trap.gz as it exists
[2025-05-17 14:16:56] [javac-extractor-90541] [WARN] Not rewriting trap file for /root/openjdk8u101-db/trap/java/classes/java/util/Spliterator.members/Spliterator.members#52.0-1619009470000-java.trap.gz as it exists
[2025-05-17 14:16:56] [javac-extractor-90541] [WARN] Not rewriting trap file for /root/openjdk8u101-db/trap/java/classes/java/util/function/Consumer.members/Consumer.members#52.0-1619009470000-java.trap.gz as it exists
[2025-05-17 14:16:56] [javac-extractor-90541] [WARN] Not rewriting trap file for /root/openjdk8u101-db/trap/java/classes/java/lang/FunctionalInterface.members/FunctionalInterface.members#52.0-1619009466000-java.trap.gz as it exists
[2025-05-17 14:16:56] [javac-extractor-90541] [WARN] Not rewriting trap file for /root/openjdk8u101-db/trap/java/classes/java/util/Iterator.members/Iterator.members#52.0-1619009470000-java.trap.gz as it exists
[2025-05-17 14:16:56] [javac-extractor-90541] [WARN] Not rewriting trap file for /root/openjdk8u101-db/trap/java/classes/java/util/stream/Stream.members/Stream.members#52.0-1619009470000-java.trap.gz as it exists
[2025-05-17 14:16:56] [javac-extractor-90541] [WARN] Not rewriting trap file for /root/openjdk8u101-db/trap/java/classes/java/util/stream/BaseStream.members/BaseStream.members#52.0-1619009468000-java.trap.gz as it exists
[2025-05-17 14:16:56] [javac-extractor-90541] [WARN] Not rewriting trap file for /root/openjdk8u101-db/trap/java/classes/java/lang/AutoCloseable.members/AutoCloseable.members#52.0-1619009468000-java.trap.gz as it exists
[2025-05-17 14:16:56] [javac-extractor-90541] [WARN] Not rewriting trap file for /root/openjdk8u101-db/trap/java/classes/java/util/function/Predicate.members/Predicate.members#52.0-1619009470000-java.trap.gz as the trap-old exists
[2025-05-17 14:16:56] [javac-extractor-90541] [WARN] Not rewriting trap file for /root/openjdk8u101-db/trap/java/classes/java/util/ListIterator.members/ListIterator.members#52.0-1619009470000-java.trap.gz as it exists
[2025-05-17 14:16:56] [javac-extractor-90541] [WARN] Not rewriting trap file for /root/openjdk8u101-db/trap/java/classes/java/util/Comparator.members/Comparator.members#52.0-1619009466000-java.trap.gz as it exists
[2025-05-17 14:16:56] [javac-extractor-90541] [WARN] Not rewriting trap file for /root/openjdk8u101-db/trap/java/classes/java/util/function/UnaryOperator.members/UnaryOperator.members#52.0-1619009470000-java.trap.gz as it exists
[2025-05-17 14:16:56] [javac-extractor-90541] [WARN] Not rewriting trap file for /root/openjdk8u101-db/trap/java/classes/java/util/function/Function.members/Function.members#52.0-1619009470000-java.trap.gz as it exists
[2025-05-17 14:16:56] [javac-extractor-90541] [WARN] Not rewriting trap file for /root/openjdk8u101-db/trap/java/classes/java/util/LinkedList$Node.members/LinkedList$Node.members#52.0-1619009480000-java.trap.gz as it exists
[2025-05-17 14:16:56] [javac-extractor-90541] [WARN] Not rewriting trap file for /root/openjdk8u101-db/trap/java/classes/java/lang/CharSequence.members/CharSequence.members#52.0-1619009466000-java.trap.gz as it exists
[2025-05-17 14:16:56] [javac-extractor-90541] [WARN] Not rewriting trap file for /root/openjdk8u101-db/trap/java/classes/com/sun/tools/corba/se/logutil/InputCode.members/InputCode.members#0.0-1747489311000-java.trap.gz as it exists
[2025-05-17 14:16:56] [javac-extractor-90541] [WARN] Not rewriting trap file for /root/openjdk8u101-db/trap/java/classes/java/lang/Integer.members/Integer.members#52.0-1619009468000-java.trap.gz as it exists
[2025-05-17 14:16:56] [javac-extractor-90541] [WARN] Not rewriting trap file for /root/openjdk8u101-db/trap/java/classes/java/lang/Class.members/Class.members#52.0-1619009466000-java.trap.gz as it exists
[2025-05-17 14:16:56] [javac-extractor-90541] [WARN] Not rewriting trap file for /root/openjdk8u101-db/trap/java/classes/java/lang/reflect/GenericDeclaration.members/GenericDeclaration.members#52.0-1619009466000-java.trap.gz as it exists
[2025-05-17 14:16:56] [javac-extractor-90541] [WARN] Not rewriting trap file for /root/openjdk8u101-db/trap/java/classes/java/lang/reflect/Type.members/Type.members#52.0-1619009466000-java.trap.gz as it exists
[2025-05-17 14:16:56] [javac-extractor-90541] [WARN] Not rewriting trap file for /root/openjdk8u101-db/trap/java/classes/java/lang/reflect/AnnotatedElement.members/AnnotatedElement.members#52.0-1619009466000-java.trap.gz as it exists
[2025-05-17 14:16:56] [javac-extractor-90541] [WARN] Not rewriting trap file for /root/openjdk8u101-db/trap/java/classes/java/lang/reflect/AnnotatedType.members/AnnotatedType.members#52.0-1619009470000-java.trap.gz as it exists
[2025-05-17 14:16:56] [javac-extractor-90541] [WARN] Not rewriting trap file for /root/openjdk8u101-db/trap/java/classes/java/util/Map.members/Map.members#52.0-1619009468000-java.trap.gz as it exists
[2025-05-17 14:16:56] [javac-extractor-90541] [WARN] Not rewriting trap file for /root/openjdk8u101-db/trap/java/classes/java/lang/annotation/Annotation.members/Annotation.members#52.0-1619009470000-java.trap.gz as it exists
[2025-05-17 14:16:56] [javac-extractor-90541] [WARN] Not rewriting trap file for /root/openjdk8u101-db/trap/java/classes/sun/reflect/annotation/AnnotationType.members/AnnotationType.members#52.0-1619009470000-java.trap.gz as it exists
[2025-05-17 14:16:56] [javac-extractor-90541] [WARN] Not rewriting trap file for /root/openjdk8u101-db/trap/java/classes/sun/reflect/ConstantPool.members/ConstantPool.members#52.0-1619009470000-java.trap.gz as it exists
[2025-05-17 14:16:56] [javac-extractor-90541] [WARN] Not rewriting trap file for /root/openjdk8u101-db/trap/java/classes/java/lang/reflect/Executable.members/Executable.members#52.0-1619009470000-java.trap.gz as it exists
[2025-05-17 14:16:56] [javac-extractor-90541] [WARN] Not rewriting trap file for /root/openjdk8u101-db/trap/java/classes/java/security/ProtectionDomain.members/ProtectionDomain.members#52.0-1619009466000-java.trap.gz as it exists
[2025-05-17 14:16:56] [javac-extractor-90541] [WARN] Not rewriting trap file for /root/openjdk8u101-db/trap/java/classes/java/net/URL.members/URL.members#52.0-1619009468000-java.trap.gz as it exists
[2025-05-17 14:16:56] [javac-extractor-90541] [WARN] Not rewriting trap file for /root/openjdk8u101-db/trap/java/classes/java/lang/reflect/Constructor.members/Constructor.members#52.0-1619009470000-java.trap.gz as it exists
[2025-05-17 14:16:56] [javac-extractor-90541] [WARN] Not rewriting trap file for /root/openjdk8u101-db/trap/java/classes/java/lang/NoSuchMethodException.members/NoSuchMethodException.members#52.0-1619009470000-java.trap.gz as it exists
[2025-05-17 14:16:56] [javac-extractor-90541] [WARN] Not rewriting trap file for /root/openjdk8u101-db/trap/java/classes/java/lang/SecurityException.members/SecurityException.members#52.0-1619009470000-java.trap.gz as it exists
[2025-05-17 14:16:56] [javac-extractor-90541] [WARN] Not rewriting trap file for /root/openjdk8u101-db/trap/java/classes/java/lang/reflect/Method.members/Method.members#52.0-1619009470000-java.trap.gz as it exists
[2025-05-17 14:16:56] [javac-extractor-90541] [WARN] Not rewriting trap file for /root/openjdk8u101-db/trap/java/classes/java/lang/reflect/Field.members/Field.members#52.0-1619009466000-java.trap.gz as it exists
[2025-05-17 14:16:56] [javac-extractor-90541] [WARN] Not rewriting trap file for /root/openjdk8u101-db/trap/java/classes/java/lang/NoSuchFieldException.members/NoSuchFieldException.members#52.0-1619009470000-java.trap.gz as it exists
[2025-05-17 14:16:56] [javac-extractor-90541] [WARN] Not rewriting trap file for /root/openjdk8u101-db/trap/java/classes/java/lang/Package.members/Package.members#52.0-1619009468000-java.trap.gz as it exists
[2025-05-17 14:16:56] [javac-extractor-90541] [WARN] Not rewriting trap file for /root/openjdk8u101-db/trap/java/classes/java/lang/reflect/TypeVariable.members/TypeVariable.members#52.0-1619009470000-java.trap.gz as it exists
[2025-05-17 14:16:56] [javac-extractor-90541] [WARN] Not rewriting trap file for /root/openjdk8u101-db/trap/java/classes/java/lang/ClassLoader.members/ClassLoader.members#52.0-1619009466000-java.trap.gz as it exists
[2025-05-17 14:16:56] [javac-extractor-90541] [WARN] Not rewriting trap file for /root/openjdk8u101-db/trap/java/classes/java/lang/InstantiationException.members/InstantiationException.members#52.0-1619009466000-java.trap.gz as it exists
[2025-05-17 14:16:56] [javac-extractor-90541] [WARN] Not rewriting trap file for /root/openjdk8u101-db/trap/java/classes/java/lang/IllegalAccessException.members/IllegalAccessException.members#52.0-1619009470000-java.trap.gz as it exists
[2025-05-17 14:16:56] [javac-extractor-90541] [WARN] Not rewriting trap file for /root/openjdk8u101-db/trap/java/classes/java/lang/ClassNotFoundException.members/ClassNotFoundException.members#52.0-1619009468000-java.trap.gz as it exists
[2025-05-17 14:16:56] [javac-extractor-90541] [WARN] Not rewriting trap file for /root/openjdk8u101-db/trap/java/classes/java/lang/ClassValue$ClassValueMap.members/ClassValue$ClassValueMap.members#52.0-1619009470000-java.trap.gz as it exists
[2025-05-17 14:16:56] [javac-extractor-90541] [WARN] Not rewriting trap file for /root/openjdk8u101-db/trap/java/classes/java/lang/Comparable.members/Comparable.members#52.0-1619009460000-java.trap.gz as it exists
[2025-05-17 14:16:56] [javac-extractor-90541] [WARN] Not rewriting trap file for /root/openjdk8u101-db/trap/java/classes/java/lang/CloneNotSupportedException.members/CloneNotSupportedException.members#52.0-1619009466000-java.trap.gz as it exists
[2025-05-17 14:16:56] [javac-extractor-90541] Processing file /root/8u101/corba/src/share/classes/com/sun/tools/corba/se/logutil/InputException.java
[2025-05-17 14:16:56] [javac-extractor-90541] [WARN] Not rewriting trap file for /root/openjdk8u101-db/trap/java/classes/java/util/LinkedList.members/LinkedList.members#52.0-1619009480000-java.trap.gz as it exists
[2025-05-17 14:16:56] [javac-extractor-90541] [WARN] Not rewriting trap file for /root/openjdk8u101-db/trap/java/classes/java/util/Queue.members/Queue.members#52.0-1619009474000-java.trap.gz as it exists
[2025-05-17 14:16:56] [javac-extractor-90541] [WARN] Not rewriting trap file for /root/openjdk8u101-db/trap/java/classes/com/sun/tools/corba/se/logutil/InputCode.members/InputCode.members#0.0-1747489311000-java.trap.gz as it exists
[2025-05-17 14:16:56] [javac-extractor-90541] [WARN] Not rewriting trap file for /root/openjdk8u101-db/trap/java/classes/java/util/Collection.members/Collection.members#52.0-1619009468000-java.trap.gz as it exists
[2025-05-17 14:16:56] [javac-extractor-90541] [WARN] Not rewriting trap file for /root/openjdk8u101-db/trap/java/classes/java/lang/Iterable.members/Iterable.members#52.0-1619009466000-java.trap.gz as it exists
[2025-05-17 14:16:56] [javac-extractor-90541] [WARN] Not rewriting trap file for /root/openjdk8u101-db/trap/java/classes/java/lang/Object.members/Object.members#52.0-1619009460000-java.trap.gz as it exists
[2025-05-17 14:16:56] [javac-extractor-90541] [WARN] Not rewriting trap file for /root/openjdk8u101-db/trap/java/classes/com/sun/tools/corba/se/logutil/InputException.members/InputException.members#0.0-1747489311000-java.trap.gz as it exists
[2025-05-17 14:16:56] [javac-extractor-90541] [WARN] Not rewriting trap file for /root/openjdk8u101-db/trap/java/classes/java/lang/String.members/String.members#52.0-1619009460000-java.trap.gz as it exists
[2025-05-17 14:16:56] [javac-extractor-90541] [WARN] Not rewriting trap file for /root/openjdk8u101-db/trap/java/classes/java/util/AbstractSequentialList.members/AbstractSequentialList.members#52.0-1619009480000-java.trap.gz as it exists
[2025-05-17 14:16:56] [javac-extractor-90541] [WARN] Not rewriting trap file for /root/openjdk8u101-db/trap/java/classes/java/util/AbstractList.members/AbstractList.members#52.0-1619009468000-java.trap.gz as it exists
[2025-05-17 14:16:56] [javac-extractor-90541] [WARN] Not rewriting trap file for /root/openjdk8u101-db/trap/java/classes/java/util/AbstractCollection.members/AbstractCollection.members#52.0-1619009468000-java.trap.gz as it exists
[2025-05-17 14:16:56] [javac-extractor-90541] [WARN] Not rewriting trap file for /root/openjdk8u101-db/trap/java/classes/java/util/List.members/List.members#52.0-1619009468000-java.trap.gz as it exists
[2025-05-17 14:16:56] [javac-extractor-90541] [WARN] Not rewriting trap file for /root/openjdk8u101-db/trap/java/classes/java/util/Deque.members/Deque.members#52.0-1619009474000-java.trap.gz as it exists
[2025-05-17 14:16:56] [javac-extractor-90541] [WARN] Not rewriting trap file for /root/openjdk8u101-db/trap/java/classes/java/lang/Cloneable.members/Cloneable.members#52.0-1619009468000-java.trap.gz as it exists
[2025-05-17 14:16:56] [javac-extractor-90541] [WARN] Not rewriting trap file for /root/openjdk8u101-db/trap/java/classes/java/io/Serializable.members/Serializable.members#52.0-1619009460000-java.trap.gz as it exists
[2025-05-17 14:16:56] [javac-extractor-90541] [WARN] Not rewriting trap file for /root/openjdk8u101-db/trap/java/classes/java/util/Spliterator.members/Spliterator.members#52.0-1619009470000-java.trap.gz as it exists
[2025-05-17 14:16:56] [javac-extractor-90541] [WARN] Not rewriting trap file for /root/openjdk8u101-db/trap/java/classes/java/util/function/Consumer.members/Consumer.members#52.0-1619009470000-java.trap.gz as it exists
[2025-05-17 14:16:56] [javac-extractor-90541] [WARN] Not rewriting trap file for /root/openjdk8u101-db/trap/java/classes/java/lang/FunctionalInterface.members/FunctionalInterface.members#52.0-1619009466000-java.trap.gz as it exists
[2025-05-17 14:16:56] [javac-extractor-90541] [WARN] Not rewriting trap file for /root/openjdk8u101-db/trap/java/classes/java/util/Iterator.members/Iterator.members#52.0-1619009470000-java.trap.gz as it exists
[2025-05-17 14:16:56] [javac-extractor-90541] [WARN] Not rewriting trap file for /root/openjdk8u101-db/trap/java/classes/java/util/stream/Stream.members/Stream.members#52.0-1619009470000-java.trap.gz as it exists
[2025-05-17 14:16:56] [javac-extractor-90541] [WARN] Not rewriting trap file for /root/openjdk8u101-db/trap/java/classes/java/util/stream/BaseStream.members/BaseStream.members#52.0-1619009468000-java.trap.gz as it exists
[2025-05-17 14:16:56] [javac-extractor-90541] [WARN] Not rewriting trap file for /root/openjdk8u101-db/trap/java/classes/java/lang/AutoCloseable.members/AutoCloseable.members#52.0-1619009468000-java.trap.gz as it exists
[2025-05-17 14:16:56] [javac-extractor-90541] [WARN] Not rewriting trap file for /root/openjdk8u101-db/trap/java/classes/java/util/function/Predicate.members/Predicate.members#52.0-1619009470000-java.trap.gz as the trap-old exists
[2025-05-17 14:16:56] [javac-extractor-90541] [WARN] Not rewriting trap file for /root/openjdk8u101-db/trap/java/classes/java/util/ListIterator.members/ListIterator.members#52.0-1619009470000-java.trap.gz as it exists
[2025-05-17 14:16:56] [javac-extractor-90541] [WARN] Not rewriting trap file for /root/openjdk8u101-db/trap/java/classes/java/util/Comparator.members/Comparator.members#52.0-1619009466000-java.trap.gz as it exists
[2025-05-17 14:16:56] [javac-extractor-90541] [WARN] Not rewriting trap file for /root/openjdk8u101-db/trap/java/classes/java/util/function/UnaryOperator.members/UnaryOperator.members#52.0-1619009470000-java.trap.gz as it exists
[2025-05-17 14:16:56] [javac-extractor-90541] [WARN] Not rewriting trap file for /root/openjdk8u101-db/trap/java/classes/java/util/function/Function.members/Function.members#52.0-1619009470000-java.trap.gz as it exists
[2025-05-17 14:16:56] [javac-extractor-90541] [WARN] Not rewriting trap file for /root/openjdk8u101-db/trap/java/classes/java/util/LinkedList$Node.members/LinkedList$Node.members#52.0-1619009480000-java.trap.gz as it exists
[2025-05-17 14:16:56] [javac-extractor-90541] [WARN] Not rewriting trap file for /root/openjdk8u101-db/trap/java/classes/java/lang/Class.members/Class.members#52.0-1619009466000-java.trap.gz as it exists
[2025-05-17 14:16:56] [javac-extractor-90541] [WARN] Not rewriting trap file for /root/openjdk8u101-db/trap/java/classes/java/lang/reflect/GenericDeclaration.members/GenericDeclaration.members#52.0-1619009466000-java.trap.gz as it exists
[2025-05-17 14:16:56] [javac-extractor-90541] [WARN] Not rewriting trap file for /root/openjdk8u101-db/trap/java/classes/java/lang/reflect/Type.members/Type.members#52.0-1619009466000-java.trap.gz as it exists
[2025-05-17 14:16:56] [javac-extractor-90541] [WARN] Not rewriting trap file for /root/openjdk8u101-db/trap/java/classes/java/lang/reflect/AnnotatedElement.members/AnnotatedElement.members#52.0-1619009466000-java.trap.gz as it exists
[2025-05-17 14:16:56] [javac-extractor-90541] [WARN] Not rewriting trap file for /root/openjdk8u101-db/trap/java/classes/java/lang/reflect/AnnotatedType.members/AnnotatedType.members#52.0-1619009470000-java.trap.gz as it exists
[2025-05-17 14:16:56] [javac-extractor-90541] [WARN] Not rewriting trap file for /root/openjdk8u101-db/trap/java/classes/java/util/Map.members/Map.members#52.0-1619009468000-java.trap.gz as it exists
[2025-05-17 14:16:56] [javac-extractor-90541] [WARN] Not rewriting trap file for /root/openjdk8u101-db/trap/java/classes/java/lang/annotation/Annotation.members/Annotation.members#52.0-1619009470000-java.trap.gz as it exists
[2025-05-17 14:16:56] [javac-extractor-90541] [WARN] Not rewriting trap file for /root/openjdk8u101-db/trap/java/classes/sun/reflect/annotation/AnnotationType.members/AnnotationType.members#52.0-1619009470000-java.trap.gz as it exists
[2025-05-17 14:16:56] [javac-extractor-90541] [WARN] Not rewriting trap file for /root/openjdk8u101-db/trap/java/classes/sun/reflect/ConstantPool.members/ConstantPool.members#52.0-1619009470000-java.trap.gz as it exists
[2025-05-17 14:16:56] [javac-extractor-90541] [WARN] Not rewriting trap file for /root/openjdk8u101-db/trap/java/classes/java/lang/reflect/Executable.members/Executable.members#52.0-1619009470000-java.trap.gz as it exists
[2025-05-17 14:16:56] [javac-extractor-90541] [WARN] Not rewriting trap file for /root/openjdk8u101-db/trap/java/classes/java/security/ProtectionDomain.members/ProtectionDomain.members#52.0-1619009466000-java.trap.gz as it exists
[2025-05-17 14:16:56] [javac-extractor-90541] [WARN] Not rewriting trap file for /root/openjdk8u101-db/trap/java/classes/java/net/URL.members/URL.members#52.0-1619009468000-java.trap.gz as it exists
[2025-05-17 14:16:56] [javac-extractor-90541] [WARN] Not rewriting trap file for /root/openjdk8u101-db/trap/java/classes/java/io/InputStream.members/InputStream.members#52.0-1619009468000-java.trap.gz as it exists
[2025-05-17 14:16:56] [javac-extractor-90541] [WARN] Not rewriting trap file for /root/openjdk8u101-db/trap/java/classes/java/lang/reflect/Constructor.members/Constructor.members#52.0-1619009470000-java.trap.gz as it exists
[2025-05-17 14:16:56] [javac-extractor-90541] [WARN] Not rewriting trap file for /root/openjdk8u101-db/trap/java/classes/java/lang/NoSuchMethodException.members/NoSuchMethodException.members#52.0-1619009470000-java.trap.gz as it exists
[2025-05-17 14:16:56] [javac-extractor-90541] [WARN] Not rewriting trap file for /root/openjdk8u101-db/trap/java/classes/java/lang/SecurityException.members/SecurityException.members#52.0-1619009470000-java.trap.gz as it exists
[2025-05-17 14:16:56] [javac-extractor-90541] [WARN] Not rewriting trap file for /root/openjdk8u101-db/trap/java/classes/java/lang/reflect/Method.members/Method.members#52.0-1619009470000-java.trap.gz as it exists
[2025-05-17 14:16:56] [javac-extractor-90541] [WARN] Not rewriting trap file for /root/openjdk8u101-db/trap/java/classes/java/lang/reflect/Field.members/Field.members#52.0-1619009466000-java.trap.gz as it exists
[2025-05-17 14:16:56] [javac-extractor-90541] [WARN] Not rewriting trap file for /root/openjdk8u101-db/trap/java/classes/java/lang/NoSuchFieldException.members/NoSuchFieldException.members#52.0-1619009470000-java.trap.gz as it exists
[2025-05-17 14:16:56] [javac-extractor-90541] [WARN] Not rewriting trap file for /root/openjdk8u101-db/trap/java/classes/java/lang/Package.members/Package.members#52.0-1619009468000-java.trap.gz as it exists
[2025-05-17 14:16:56] [javac-extractor-90541] [WARN] Not rewriting trap file for /root/openjdk8u101-db/trap/java/classes/java/lang/reflect/TypeVariable.members/TypeVariable.members#52.0-1619009470000-java.trap.gz as it exists
[2025-05-17 14:16:56] [javac-extractor-90541] [WARN] Not rewriting trap file for /root/openjdk8u101-db/trap/java/classes/java/lang/ClassLoader.members/ClassLoader.members#52.0-1619009466000-java.trap.gz as it exists
[2025-05-17 14:16:56] [javac-extractor-90541] [WARN] Not rewriting trap file for /root/openjdk8u101-db/trap/java/classes/java/lang/InstantiationException.members/InstantiationException.members#52.0-1619009466000-java.trap.gz as it exists
[2025-05-17 14:16:56] [javac-extractor-90541] [WARN] Not rewriting trap file for /root/openjdk8u101-db/trap/java/classes/java/lang/IllegalAccessException.members/IllegalAccessException.members#52.0-1619009470000-java.trap.gz as it exists
[2025-05-17 14:16:56] [javac-extractor-90541] [WARN] Not rewriting trap file for /root/openjdk8u101-db/trap/java/classes/java/lang/ClassNotFoundException.members/ClassNotFoundException.members#52.0-1619009468000-java.trap.gz as it exists
[2025-05-17 14:16:56] [javac-extractor-90541] [WARN] Not rewriting trap file for /root/openjdk8u101-db/trap/java/classes/java/lang/ClassValue$ClassValueMap.members/ClassValue$ClassValueMap.members#52.0-1619009470000-java.trap.gz as it exists
[2025-05-17 14:16:56] [javac-extractor-90541] Processing file /root/8u101/corba/src/share/classes/com/sun/tools/corba/se/logutil/InputCode.java
[2025-05-17 14:16:56] [javac-extractor-90541] [WARN] Not rewriting trap file for /root/openjdk8u101-db/trap/java/classes/java/lang/String.members/String.members#52.0-1619009460000-java.trap.gz as it exists
[2025-05-17 14:16:56] [javac-extractor-90541] [WARN] Not rewriting trap file for /root/openjdk8u101-db/trap/java/classes/com/sun/tools/corba/se/logutil/InputCode.members/InputCode.members#0.0-1747489311000-java.trap.gz as it exists
[2025-05-17 14:16:56] [javac-extractor-90541] [WARN] Not rewriting trap file for /root/openjdk8u101-db/trap/java/classes/java/lang/Object.members/Object.members#52.0-1619009460000-java.trap.gz as it exists
[2025-05-17 14:16:56] [javac-extractor-90541] [WARN] Not rewriting trap file for /root/openjdk8u101-db/trap/java/classes/java/lang/Class.members/Class.members#52.0-1619009466000-java.trap.gz as it exists
[2025-05-17 14:16:56] [javac-extractor-90541] [WARN] Not rewriting trap file for /root/openjdk8u101-db/trap/java/classes/java/io/Serializable.members/Serializable.members#52.0-1619009460000-java.trap.gz as it exists
[2025-05-17 14:16:56] [javac-extractor-90541] [WARN] Not rewriting trap file for /root/openjdk8u101-db/trap/java/classes/java/lang/reflect/GenericDeclaration.members/GenericDeclaration.members#52.0-1619009466000-java.trap.gz as it exists
[2025-05-17 14:16:56] [javac-extractor-90541] [WARN] Not rewriting trap file for /root/openjdk8u101-db/trap/java/classes/java/lang/reflect/Type.members/Type.members#52.0-1619009466000-java.trap.gz as it exists
[2025-05-17 14:16:56] [javac-extractor-90541] [WARN] Not rewriting trap file for /root/openjdk8u101-db/trap/java/classes/java/lang/reflect/AnnotatedElement.members/AnnotatedElement.members#52.0-1619009466000-java.trap.gz as it exists
[2025-05-17 14:16:56] [javac-extractor-90541] [WARN] Not rewriting trap file for /root/openjdk8u101-db/trap/java/classes/java/lang/reflect/AnnotatedType.members/AnnotatedType.members#52.0-1619009470000-java.trap.gz as it exists
[2025-05-17 14:16:56] [javac-extractor-90541] [WARN] Not rewriting trap file for /root/openjdk8u101-db/trap/java/classes/java/lang/Cloneable.members/Cloneable.members#52.0-1619009468000-java.trap.gz as it exists
[2025-05-17 14:16:56] [javac-extractor-90541] [WARN] Not rewriting trap file for /root/openjdk8u101-db/trap/java/classes/java/util/Map.members/Map.members#52.0-1619009468000-java.trap.gz as it exists
[2025-05-17 14:16:56] [javac-extractor-90541] [WARN] Not rewriting trap file for /root/openjdk8u101-db/trap/java/classes/java/lang/annotation/Annotation.members/Annotation.members#52.0-1619009470000-java.trap.gz as it exists
[2025-05-17 14:16:56] [javac-extractor-90541] [WARN] Not rewriting trap file for /root/openjdk8u101-db/trap/java/classes/sun/reflect/annotation/AnnotationType.members/AnnotationType.members#52.0-1619009470000-java.trap.gz as it exists
[2025-05-17 14:16:56] [javac-extractor-90541] [WARN] Not rewriting trap file for /root/openjdk8u101-db/trap/java/classes/sun/reflect/ConstantPool.members/ConstantPool.members#52.0-1619009470000-java.trap.gz as it exists
[2025-05-17 14:16:56] [javac-extractor-90541] [WARN] Not rewriting trap file for /root/openjdk8u101-db/trap/java/classes/java/lang/reflect/Executable.members/Executable.members#52.0-1619009470000-java.trap.gz as it exists
[2025-05-17 14:16:56] [javac-extractor-90541] [WARN] Not rewriting trap file for /root/openjdk8u101-db/trap/java/classes/java/security/ProtectionDomain.members/ProtectionDomain.members#52.0-1619009466000-java.trap.gz as it exists
[2025-05-17 14:16:56] [javac-extractor-90541] [WARN] Not rewriting trap file for /root/openjdk8u101-db/trap/java/classes/java/net/URL.members/URL.members#52.0-1619009468000-java.trap.gz as it exists
[2025-05-17 14:16:56] [javac-extractor-90541] [WARN] Not rewriting trap file for /root/openjdk8u101-db/trap/java/classes/java/io/InputStream.members/InputStream.members#52.0-1619009468000-java.trap.gz as it exists
[2025-05-17 14:16:56] [javac-extractor-90541] [WARN] Not rewriting trap file for /root/openjdk8u101-db/trap/java/classes/java/lang/reflect/Constructor.members/Constructor.members#52.0-1619009470000-java.trap.gz as it exists
[2025-05-17 14:16:56] [javac-extractor-90541] [WARN] Not rewriting trap file for /root/openjdk8u101-db/trap/java/classes/java/lang/NoSuchMethodException.members/NoSuchMethodException.members#52.0-1619009470000-java.trap.gz as it exists
[2025-05-17 14:16:56] [javac-extractor-90541] [WARN] Not rewriting trap file for /root/openjdk8u101-db/trap/java/classes/java/lang/SecurityException.members/SecurityException.members#52.0-1619009470000-java.trap.gz as it exists
[2025-05-17 14:16:56] [javac-extractor-90541] [WARN] Not rewriting trap file for /root/openjdk8u101-db/trap/java/classes/java/lang/reflect/Method.members/Method.members#52.0-1619009470000-java.trap.gz as it exists
[2025-05-17 14:16:56] [javac-extractor-90541] [WARN] Not rewriting trap file for /root/openjdk8u101-db/trap/java/classes/java/lang/reflect/Field.members/Field.members#52.0-1619009466000-java.trap.gz as it exists
[2025-05-17 14:16:56] [javac-extractor-90541] [WARN] Not rewriting trap file for /root/openjdk8u101-db/trap/java/classes/java/lang/NoSuchFieldException.members/NoSuchFieldException.members#52.0-1619009470000-java.trap.gz as it exists
[2025-05-17 14:16:56] [javac-extractor-90541] [WARN] Not rewriting trap file for /root/openjdk8u101-db/trap/java/classes/java/lang/Package.members/Package.members#52.0-1619009468000-java.trap.gz as it exists
[2025-05-17 14:16:56] [javac-extractor-90541] [WARN] Not rewriting trap file for /root/openjdk8u101-db/trap/java/classes/java/lang/reflect/TypeVariable.members/TypeVariable.members#52.0-1619009470000-java.trap.gz as it exists
[2025-05-17 14:16:56] [javac-extractor-90541] [WARN] Not rewriting trap file for /root/openjdk8u101-db/trap/java/classes/java/lang/ClassLoader.members/ClassLoader.members#52.0-1619009466000-java.trap.gz as it exists
[2025-05-17 14:16:56] [javac-extractor-90541] [WARN] Not rewriting trap file for /root/openjdk8u101-db/trap/java/classes/java/lang/InstantiationException.members/InstantiationException.members#52.0-1619009466000-java.trap.gz as it exists
[2025-05-17 14:16:56] [javac-extractor-90541] [WARN] Not rewriting trap file for /root/openjdk8u101-db/trap/java/classes/java/lang/IllegalAccessException.members/IllegalAccessException.members#52.0-1619009470000-java.trap.gz as it exists
[2025-05-17 14:16:56] [javac-extractor-90541] [WARN] Not rewriting trap file for /root/openjdk8u101-db/trap/java/classes/java/lang/ClassNotFoundException.members/ClassNotFoundException.members#52.0-1619009468000-java.trap.gz as it exists
[2025-05-17 14:16:56] [javac-extractor-90541] [WARN] Not rewriting trap file for /root/openjdk8u101-db/trap/java/classes/java/lang/ClassValue$ClassValueMap.members/ClassValue$ClassValueMap.members#52.0-1619009470000-java.trap.gz as it exists
[2025-05-17 14:16:56] [javac-extractor-90541] Processing file /root/8u101/corba/src/share/classes/com/sun/tools/corba/se/logutil/StringUtil.java
[2025-05-17 14:16:56] [javac-extractor-90541] [WARN] Not rewriting trap file for /root/openjdk8u101-db/trap/java/classes/com/sun/tools/corba/se/logutil/StringUtil.members/StringUtil.members#0.0-1747489311000-java.trap.gz as it exists
[2025-05-17 14:16:56] [javac-extractor-90541] [WARN] Not rewriting trap file for /root/openjdk8u101-db/trap/java/classes/java/lang/Object.members/Object.members#52.0-1619009460000-java.trap.gz as it exists
[2025-05-17 14:16:56] [javac-extractor-90541] [WARN] Not rewriting trap file for /root/openjdk8u101-db/trap/java/classes/java/lang/String.members/String.members#52.0-1619009460000-java.trap.gz as it exists
[2025-05-17 14:16:56] [javac-extractor-90541] [WARN] Not rewriting trap file for /root/openjdk8u101-db/trap/java/classes/java/lang/StringBuffer.members/StringBuffer.members#52.0-1619009466000-java.trap.gz as it exists
[2025-05-17 14:16:56] [javac-extractor-90541] [WARN] Not rewriting trap file for /root/openjdk8u101-db/trap/java/classes/java/lang/Character.members/Character.members#52.0-1619009470000-java.trap.gz as it exists
[2025-05-17 14:16:56] [javac-extractor-90541] Javac init time: 1.2s
[2025-05-17 14:16:56] [javac-extractor-90541] Javac attr time: 0.2s
[2025-05-17 14:16:56] [javac-extractor-90541] Extractor time: 0.5s
[2025-05-17 14:16:56] [javac-extractor-90541] Other time: 0.2s
[2025-05-17 14:16:56] [javac-extractor-90541] Total time: 2.1s
