[2025-05-17 14:28:26] [javac-extractor-113430] Starting extraction for:
                                               sun.java.command=com.semmle.extractor.java.JavaExtractor --jdk-version -1 --javac-args @@@/root/openjdk8u101-db/log/ext/javac-40.args
                                               user.dir=/root/8u101/jdk/make
[2025-05-17 14:28:26] [javac-extractor-113430] Compilation name /root/openjdk8u101-db/trap/java/diagnostics/diagnostic-18.trap.gz
[2025-05-17 14:28:31] [javac-extractor-113430] Annotation processor class 'lombok.launch.AnnotationProcessorHider$AnnotationProcessor' initialized.
[2025-05-17 14:28:31] [javac-extractor-113430] Annotation processor class 'lombok.launch.AnnotationProcessorHider$ClaimingProcessor' initialized.
[2025-05-17 14:28:32] [javac-extractor-113430] Processing file /root/8u101/jdk/src/share/demo/jfc/SwingApplet/SwingApplet.java
[2025-05-17 14:28:33] [javac-extractor-113430] [WARN] Not rewriting trap file for /root/openjdk8u101-db/trap/java/classes/java/awt/FlowLayout.members/FlowLayout.members#52.0-1747491835368-java.trap.gz as /root/openjdk8u101-db/trap/java/classes/java/awt/FlowLayout.members/FlowLayout.members#0.0-1747489313000-java.trap.gz exists
[2025-05-17 14:28:33] [javac-extractor-113430] [WARN] Not rewriting trap file for /root/openjdk8u101-db/trap/java/classes/java/lang/reflect/InvocationTargetException.members/InvocationTargetException.members#52.0-1747491817598-java.trap.gz as /root/openjdk8u101-db/trap/java/classes/java/lang/reflect/InvocationTargetException.members/InvocationTargetException.members#0.0-1747489313000-java.trap.gz exists
[2025-05-17 14:28:33] [javac-extractor-113430] [WARN] Not rewriting trap file for /root/openjdk8u101-db/trap/java/classes/java/util/logging/Level.members/Level.members#52.0-1747491824318-java.trap.gz as /root/openjdk8u101-db/trap/java/classes/java/util/logging/Level.members/Level.members#0.0-1747489320000-java.trap.gz exists
[2025-05-17 14:28:33] [javac-extractor-113430] [WARN] Not rewriting trap file for /root/openjdk8u101-db/trap/java/classes/java/util/logging/Logger.members/Logger.members#52.0-1747491824318-java.trap.gz as /root/openjdk8u101-db/trap/java/classes/java/util/logging/Logger.members/Logger.members#0.0-1747489320000-java.trap.gz exists
[2025-05-17 14:28:33] [javac-extractor-113430] [WARN] Not rewriting trap file for /root/openjdk8u101-db/trap/java/classes/javax/swing/JApplet.members/JApplet.members#52.0-1747491823778-java.trap.gz as /root/openjdk8u101-db/trap/java/classes/javax/swing/JApplet.members/JApplet.members#0.0-1747489313000-java.trap.gz exists
[2025-05-17 14:28:33] [javac-extractor-113430] [WARN] Not rewriting trap file for /root/openjdk8u101-db/trap/java/classes/javax/swing/JButton.members/JButton.members#52.0-1747491821518-java.trap.gz as /root/openjdk8u101-db/trap/java/classes/javax/swing/JButton.members/JButton.members#0.0-1747489313000-java.trap.gz exists
[2025-05-17 14:28:33] [javac-extractor-113430] [WARN] Not rewriting trap file for /root/openjdk8u101-db/trap/java/classes/javax/swing/SwingUtilities.members/SwingUtilities.members#52.0-1747491823858-java.trap.gz as /root/openjdk8u101-db/trap/java/classes/javax/swing/SwingUtilities.members/SwingUtilities.members#0.0-1747489320000-java.trap.gz exists
[2025-05-17 14:28:33] [javac-extractor-113430] [WARN] Not rewriting trap file for /root/openjdk8u101-db/trap/java/classes/javax/swing/UIManager.members/UIManager.members#52.0-1747491822098-java.trap.gz as /root/openjdk8u101-db/trap/java/classes/javax/swing/UIManager.members/UIManager.members#0.0-1747489313000-java.trap.gz exists
[2025-05-17 14:28:33] [javac-extractor-113430] [WARN] Not rewriting trap file for /root/openjdk8u101-db/trap/java/classes/java/lang/SuppressWarnings.members/SuppressWarnings.members#52.0-1747491820718-java.trap.gz as /root/openjdk8u101-db/trap/java/classes/java/lang/SuppressWarnings.members/SuppressWarnings.members#0.0-1747489313000-java.trap.gz exists
[2025-05-17 14:28:33] [javac-extractor-113430] [WARN] Not rewriting trap file for /root/openjdk8u101-db/trap/java/classes/java/lang/String.members/String.members#52.0-1747491815278-java.trap.gz as /root/openjdk8u101-db/trap/java/classes/java/lang/String.members/String.members#0.0-1747489313000-java.trap.gz exists
[2025-05-17 14:28:33] [javac-extractor-113430] [WARN] Not rewriting trap file for /root/openjdk8u101-db/trap/java/classes/java/lang/Object.members/Object.members#52.0-1747491814958-java.trap.gz as /root/openjdk8u101-db/trap/java/classes/java/lang/Object.members/Object.members#0.0-1747489313000-java.trap.gz exists
[2025-05-17 14:28:33] [javac-extractor-113430] [WARN] Not rewriting trap file for /root/openjdk8u101-db/trap/java/classes/java/lang/Cloneable.members/Cloneable.members#52.0-1747491815178-java.trap.gz as /root/openjdk8u101-db/trap/java/classes/java/lang/Cloneable.members/Cloneable.members#0.0-1747489313000-java.trap.gz exists
[2025-05-17 14:28:33] [javac-extractor-113430] [WARN] Not rewriting trap file for /root/openjdk8u101-db/trap/java/classes/java/io/Serializable.members/Serializable.members#52.0-1747491815178-java.trap.gz as /root/openjdk8u101-db/trap/java/classes/java/io/Serializable.members/Serializable.members#0.0-1747489313000-java.trap.gz exists
[2025-05-17 14:28:33] [javac-extractor-113430] [WARN] Not rewriting trap file for /root/openjdk8u101-db/trap/java/classes/java/lang/Exception.members/Exception.members#52.0-1747491815198-java.trap.gz as /root/openjdk8u101-db/trap/java/classes/java/lang/Exception.members/Exception.members#0.0-1747489313000-java.trap.gz exists
[2025-05-17 14:28:33] [javac-extractor-113430] [WARN] Not rewriting trap file for /root/openjdk8u101-db/trap/java/classes/java/lang/Throwable.members/Throwable.members#52.0-1747491815208-java.trap.gz as /root/openjdk8u101-db/trap/java/classes/java/lang/Throwable.members/Throwable.members#0.0-1747489320000-java.trap.gz exists
[2025-05-17 14:28:33] [javac-extractor-113430] [WARN] Not rewriting trap file for /root/openjdk8u101-db/trap/java/classes/java/lang/Class.members/Class.members#52.0-1747491816628-java.trap.gz as /root/openjdk8u101-db/trap/java/classes/java/lang/Class.members/Class.members#0.0-1747489313000-java.trap.gz exists
[2025-05-17 14:28:33] [javac-extractor-113430] [WARN] Not rewriting trap file for /root/openjdk8u101-db/trap/java/classes/java/lang/reflect/GenericDeclaration.members/GenericDeclaration.members#52.0-1747491816628-java.trap.gz as /root/openjdk8u101-db/trap/java/classes/java/lang/reflect/GenericDeclaration.members/GenericDeclaration.members#0.0-1747489313000-java.trap.gz exists
[2025-05-17 14:28:33] [javac-extractor-113430] [WARN] Not rewriting trap file for /root/openjdk8u101-db/trap/java/classes/java/lang/reflect/Type.members/Type.members#52.0-1747491816718-java.trap.gz as /root/openjdk8u101-db/trap/java/classes/java/lang/reflect/Type.members/Type.members#0.0-1747489313000-java.trap.gz exists
[2025-05-17 14:28:33] [javac-extractor-113430] [WARN] Not rewriting trap file for /root/openjdk8u101-db/trap/java/classes/java/lang/reflect/AnnotatedElement.members/AnnotatedElement.members#52.0-1747491816718-java.trap.gz as /root/openjdk8u101-db/trap/java/classes/java/lang/reflect/AnnotatedElement.members/AnnotatedElement.members#0.0-1747489313000-java.trap.gz exists
[2025-05-17 14:28:33] [javac-extractor-113430] [WARN] Not rewriting trap file for /root/openjdk8u101-db/trap/java/classes/java/lang/reflect/AnnotatedType.members/AnnotatedType.members#52.0-1747491817578-java.trap.gz as /root/openjdk8u101-db/trap/java/classes/java/lang/reflect/AnnotatedType.members/AnnotatedType.members#0.0-1747489313000-java.trap.gz exists
[2025-05-17 14:28:33] [javac-extractor-113430] [WARN] Not rewriting trap file for /root/openjdk8u101-db/trap/java/classes/java/util/Map.members/Map.members#52.0-1747491817398-java.trap.gz as /root/openjdk8u101-db/trap/java/classes/java/util/Map.members/Map.members#0.0-1747489313000-java.trap.gz exists
[2025-05-17 14:28:33] [javac-extractor-113430] [WARN] Not rewriting trap file for /root/openjdk8u101-db/trap/java/classes/java/lang/annotation/Annotation.members/Annotation.members#52.0-1747491817488-java.trap.gz as /root/openjdk8u101-db/trap/java/classes/java/lang/annotation/Annotation.members/Annotation.members#0.0-1747489313000-java.trap.gz exists
[2025-05-17 14:28:33] [javac-extractor-113430] [WARN] Not rewriting trap file for /root/openjdk8u101-db/trap/java/classes/sun/reflect/annotation/AnnotationType.members/AnnotationType.members#52.0-1747491817498-java.trap.gz as /root/openjdk8u101-db/trap/java/classes/sun/reflect/annotation/AnnotationType.members/AnnotationType.members#0.0-1747489320000-java.trap.gz exists
[2025-05-17 14:28:33] [javac-extractor-113430] [WARN] Not rewriting trap file for /root/openjdk8u101-db/trap/java/classes/sun/reflect/ConstantPool.members/ConstantPool.members#52.0-1747491817478-java.trap.gz as /root/openjdk8u101-db/trap/java/classes/sun/reflect/ConstantPool.members/ConstantPool.members#0.0-1747489314000-java.trap.gz exists
[2025-05-17 14:28:33] [javac-extractor-113430] [WARN] Not rewriting trap file for /root/openjdk8u101-db/trap/java/classes/java/lang/reflect/Executable.members/Executable.members#52.0-1747491817368-java.trap.gz as /root/openjdk8u101-db/trap/java/classes/java/lang/reflect/Executable.members/Executable.members#0.0-1747489320000-java.trap.gz exists
[2025-05-17 14:28:33] [javac-extractor-113430] [WARN] Not rewriting trap file for /root/openjdk8u101-db/trap/java/classes/java/security/ProtectionDomain.members/ProtectionDomain.members#52.0-1747491817468-java.trap.gz as /root/openjdk8u101-db/trap/java/classes/java/security/ProtectionDomain.members/ProtectionDomain.members#0.0-1747489320000-java.trap.gz exists
[2025-05-17 14:28:33] [javac-extractor-113430] [WARN] Not rewriting trap file for /root/openjdk8u101-db/trap/java/classes/java/net/URL.members/URL.members#52.0-1747491817448-java.trap.gz as /root/openjdk8u101-db/trap/java/classes/java/net/URL.members/URL.members#0.0-1747489320000-java.trap.gz exists
[2025-05-17 14:28:33] [javac-extractor-113430] [WARN] Not rewriting trap file for /root/openjdk8u101-db/trap/java/classes/java/io/InputStream.members/InputStream.members#52.0-1747491817118-java.trap.gz as /root/openjdk8u101-db/trap/java/classes/java/io/InputStream.members/InputStream.members#0.0-1747489313000-java.trap.gz exists
[2025-05-17 14:28:33] [javac-extractor-113430] [WARN] Not rewriting trap file for /root/openjdk8u101-db/trap/java/classes/java/lang/reflect/Constructor.members/Constructor.members#52.0-1747491817358-java.trap.gz as /root/openjdk8u101-db/trap/java/classes/java/lang/reflect/Constructor.members/Constructor.members#0.0-1747489313000-java.trap.gz exists
[2025-05-17 14:28:33] [javac-extractor-113430] [WARN] Not rewriting trap file for /root/openjdk8u101-db/trap/java/classes/java/lang/NoSuchMethodException.members/NoSuchMethodException.members#52.0-1747491817438-java.trap.gz as /root/openjdk8u101-db/trap/java/classes/java/lang/NoSuchMethodException.members/NoSuchMethodException.members#0.0-1747489313000-java.trap.gz exists
[2025-05-17 14:28:33] [javac-extractor-113430] [WARN] Not rewriting trap file for /root/openjdk8u101-db/trap/java/classes/java/lang/SecurityException.members/SecurityException.members#52.0-1747491817428-java.trap.gz as /root/openjdk8u101-db/trap/java/classes/java/lang/SecurityException.members/SecurityException.members#0.0-1747489313000-java.trap.gz exists
[2025-05-17 14:28:33] [javac-extractor-113430] [WARN] Not rewriting trap file for /root/openjdk8u101-db/trap/java/classes/java/lang/reflect/Method.members/Method.members#52.0-1747491817418-java.trap.gz as /root/openjdk8u101-db/trap/java/classes/java/lang/reflect/Method.members/Method.members#0.0-1747489313000-java.trap.gz exists
[2025-05-17 14:28:33] [javac-extractor-113430] [WARN] Not rewriting trap file for /root/openjdk8u101-db/trap/java/classes/java/lang/reflect/Field.members/Field.members#52.0-1747491817438-java.trap.gz as /root/openjdk8u101-db/trap/java/classes/java/lang/reflect/Field.members/Field.members#0.0-1747489320000-java.trap.gz exists
[2025-05-17 14:28:33] [javac-extractor-113430] [WARN] Not rewriting trap file for /root/openjdk8u101-db/trap/java/classes/java/lang/NoSuchFieldException.members/NoSuchFieldException.members#52.0-1747491817438-java.trap.gz as /root/openjdk8u101-db/trap/java/classes/java/lang/NoSuchFieldException.members/NoSuchFieldException.members#0.0-1747489313000-java.trap.gz exists
[2025-05-17 14:28:33] [javac-extractor-113430] [WARN] Not rewriting trap file for /root/openjdk8u101-db/trap/java/classes/java/lang/Package.members/Package.members#52.0-1747491817418-java.trap.gz as /root/openjdk8u101-db/trap/java/classes/java/lang/Package.members/Package.members#0.0-1747489313000-java.trap.gz exists
[2025-05-17 14:28:33] [javac-extractor-113430] [WARN] Not rewriting trap file for /root/openjdk8u101-db/trap/java/classes/java/lang/reflect/TypeVariable.members/TypeVariable.members#52.0-1747491817368-java.trap.gz as /root/openjdk8u101-db/trap/java/classes/java/lang/reflect/TypeVariable.members/TypeVariable.members#0.0-1747489313000-java.trap.gz exists
[2025-05-17 14:28:33] [javac-extractor-113430] [WARN] Not rewriting trap file for /root/openjdk8u101-db/trap/java/classes/java/lang/ClassLoader.members/ClassLoader.members#52.0-1747491817328-java.trap.gz as /root/openjdk8u101-db/trap/java/classes/java/lang/ClassLoader.members/ClassLoader.members#0.0-1747489320000-java.trap.gz exists
[2025-05-17 14:28:33] [javac-extractor-113430] [WARN] Not rewriting trap file for /root/openjdk8u101-db/trap/java/classes/java/lang/InstantiationException.members/InstantiationException.members#52.0-1747491817328-java.trap.gz as /root/openjdk8u101-db/trap/java/classes/java/lang/InstantiationException.members/InstantiationException.members#0.0-1747489313000-java.trap.gz exists
[2025-05-17 14:28:33] [javac-extractor-113430] [WARN] Not rewriting trap file for /root/openjdk8u101-db/trap/java/classes/java/lang/IllegalAccessException.members/IllegalAccessException.members#52.0-1747491817328-java.trap.gz as /root/openjdk8u101-db/trap/java/classes/java/lang/IllegalAccessException.members/IllegalAccessException.members#0.0-1747489313000-java.trap.gz exists
[2025-05-17 14:28:33] [javac-extractor-113430] [WARN] Not rewriting trap file for /root/openjdk8u101-db/trap/java/classes/java/lang/ClassNotFoundException.members/ClassNotFoundException.members#52.0-1747491817118-java.trap.gz as /root/openjdk8u101-db/trap/java/classes/java/lang/ClassNotFoundException.members/ClassNotFoundException.members#0.0-1747489313000-java.trap.gz exists
[2025-05-17 14:28:33] [javac-extractor-113430] [WARN] Not rewriting trap file for /root/openjdk8u101-db/trap/java/classes/java/lang/ClassValue$ClassValueMap.members/ClassValue$ClassValueMap.members#52.0-1747491817578-java.trap.gz as /root/openjdk8u101-db/trap/java/classes/java/lang/ClassValue$ClassValueMap.members/ClassValue$ClassValueMap.members#0.0-1747489320000-java.trap.gz exists
[2025-05-17 14:28:33] [javac-extractor-113430] [WARN] Not rewriting trap file for /root/openjdk8u101-db/trap/java/classes/java/awt/Container.members/Container.members#52.0-1747491820428-java.trap.gz as /root/openjdk8u101-db/trap/java/classes/java/awt/Container.members/Container.members#0.0-1747489320000-java.trap.gz exists
[2025-05-17 14:28:33] [javac-extractor-113430] [WARN] Not rewriting trap file for /root/openjdk8u101-db/trap/java/classes/java/awt/LayoutManager.members/LayoutManager.members#52.0-1747491820678-java.trap.gz as /root/openjdk8u101-db/trap/java/classes/java/awt/LayoutManager.members/LayoutManager.members#0.0-1747489313000-java.trap.gz exists
[2025-05-17 14:28:33] [javac-extractor-113430] [WARN] Not rewriting trap file for /root/openjdk8u101-db/trap/java/classes/java/awt/Component.members/Component.members#52.0-1747491820438-java.trap.gz as /root/openjdk8u101-db/trap/java/classes/java/awt/Component.members/Component.members#0.0-1747489320000-java.trap.gz exists
[2025-05-17 14:28:33] [javac-extractor-113430] [WARN] Not rewriting trap file for /root/openjdk8u101-db/trap/java/classes/java/lang/Override.members/Override.members#52.0-1747491835198-java.trap.gz as /root/openjdk8u101-db/trap/java/classes/java/lang/Override.members/Override.members#0.0-1747489313000-java.trap.gz exists
[2025-05-17 14:28:33] [javac-extractor-113430] [WARN] Not rewriting trap file for /root/openjdk8u101-db/trap/java/classes/java/lang/Runnable.members/Runnable.members#52.0-1747491817668-java.trap.gz as /root/openjdk8u101-db/trap/java/classes/java/lang/Runnable.members/Runnable.members#0.0-1747489313000-java.trap.gz exists
[2025-05-17 14:28:33] [javac-extractor-113430] [WARN] Not rewriting trap file for /root/openjdk8u101-db/trap/java/classes/java/lang/InterruptedException.members/InterruptedException.members#52.0-1747491816718-java.trap.gz as /root/openjdk8u101-db/trap/java/classes/java/lang/InterruptedException.members/InterruptedException.members#0.0-1747489313000-java.trap.gz exists
[2025-05-17 14:28:33] [javac-extractor-113430] Javac init time: 4.4s
[2025-05-17 14:28:33] [javac-extractor-113430] Javac attr time: 0.8s
[2025-05-17 14:28:33] [javac-extractor-113430] Extractor time: 0.6s
[2025-05-17 14:28:33] [javac-extractor-113430] Other time: 1.2s
[2025-05-17 14:28:33] [javac-extractor-113430] Total time: 7.0s
