[2025-05-17 14:28:53] [javac-extractor-115117] Starting extraction for:
                                               sun.java.command=com.semmle.extractor.java.JavaExtractor --jdk-version -1 --javac-args @@@/root/openjdk8u101-db/log/ext/javac-56.args
                                               user.dir=/root/8u101/jdk/make
[2025-05-17 14:28:53] [javac-extractor-115117] Compilation name /root/openjdk8u101-db/trap/java/diagnostics/diagnostic-34.trap.gz
[2025-05-17 14:28:55] [javac-extractor-115117] Annotation processor class 'lombok.launch.AnnotationProcessorHider$AnnotationProcessor' initialized.
[2025-05-17 14:28:55] [javac-extractor-115117] Annotation processor class 'lombok.launch.AnnotationProcessorHider$ClaimingProcessor' initialized.
[2025-05-17 14:28:55] [javac-extractor-115117] Processing file /root/8u101/jdk/src/share/demo/jvmti/minst/Minst.java
[2025-05-17 14:28:55] [javac-extractor-115117] [WARN] Not rewriting trap file for /root/openjdk8u101-db/trap/java/classes/java/lang/Object.members/Object.members#52.0-1747491814958-java.trap.gz as /root/openjdk8u101-db/trap/java/classes/java/lang/Object.members/Object.members#0.0-1747489313000-java.trap.gz exists
[2025-05-17 14:28:55] [javac-extractor-115117] [WARN] Not rewriting trap file for /root/openjdk8u101-db/trap/java/classes/java/lang/Class.members/Class.members#52.0-1747491816628-java.trap.gz as /root/openjdk8u101-db/trap/java/classes/java/lang/Class.members/Class.members#0.0-1747489313000-java.trap.gz exists
[2025-05-17 14:28:55] [javac-extractor-115117] [WARN] Not rewriting trap file for /root/openjdk8u101-db/trap/java/classes/java/io/Serializable.members/Serializable.members#52.0-1747491815178-java.trap.gz as /root/openjdk8u101-db/trap/java/classes/java/io/Serializable.members/Serializable.members#0.0-1747489313000-java.trap.gz exists
[2025-05-17 14:28:55] [javac-extractor-115117] [WARN] Not rewriting trap file for /root/openjdk8u101-db/trap/java/classes/java/lang/reflect/GenericDeclaration.members/GenericDeclaration.members#52.0-1747491816628-java.trap.gz as /root/openjdk8u101-db/trap/java/classes/java/lang/reflect/GenericDeclaration.members/GenericDeclaration.members#0.0-1747489313000-java.trap.gz exists
[2025-05-17 14:28:55] [javac-extractor-115117] [WARN] Not rewriting trap file for /root/openjdk8u101-db/trap/java/classes/java/lang/reflect/Type.members/Type.members#52.0-1747491816718-java.trap.gz as /root/openjdk8u101-db/trap/java/classes/java/lang/reflect/Type.members/Type.members#0.0-1747489313000-java.trap.gz exists
[2025-05-17 14:28:55] [javac-extractor-115117] [WARN] Not rewriting trap file for /root/openjdk8u101-db/trap/java/classes/java/lang/reflect/AnnotatedElement.members/AnnotatedElement.members#52.0-1747491816718-java.trap.gz as /root/openjdk8u101-db/trap/java/classes/java/lang/reflect/AnnotatedElement.members/AnnotatedElement.members#0.0-1747489313000-java.trap.gz exists
[2025-05-17 14:28:55] [javac-extractor-115117] [WARN] Not rewriting trap file for /root/openjdk8u101-db/trap/java/classes/java/lang/String.members/String.members#52.0-1747491815278-java.trap.gz as /root/openjdk8u101-db/trap/java/classes/java/lang/String.members/String.members#0.0-1747489313000-java.trap.gz exists
[2025-05-17 14:28:55] [javac-extractor-115117] [WARN] Not rewriting trap file for /root/openjdk8u101-db/trap/java/classes/java/lang/Exception.members/Exception.members#52.0-1747491815198-java.trap.gz as /root/openjdk8u101-db/trap/java/classes/java/lang/Exception.members/Exception.members#0.0-1747489313000-java.trap.gz exists
[2025-05-17 14:28:55] [javac-extractor-115117] [WARN] Not rewriting trap file for /root/openjdk8u101-db/trap/java/classes/java/lang/StackTraceElement.members/StackTraceElement.members#52.0-1747491816988-java.trap.gz as /root/openjdk8u101-db/trap/java/classes/java/lang/StackTraceElement.members/StackTraceElement.members#0.0-1747489313000-java.trap.gz exists
[2025-05-17 14:28:55] [javac-extractor-115117] [WARN] Not rewriting trap file for /root/openjdk8u101-db/trap/java/classes/java/lang/Cloneable.members/Cloneable.members#52.0-1747491815178-java.trap.gz as /root/openjdk8u101-db/trap/java/classes/java/lang/Cloneable.members/Cloneable.members#0.0-1747489313000-java.trap.gz exists
[2025-05-17 14:28:55] [javac-extractor-115117] [WARN] Not rewriting trap file for /root/openjdk8u101-db/trap/java/classes/java/lang/Throwable.members/Throwable.members#52.0-1747491815208-java.trap.gz as /root/openjdk8u101-db/trap/java/classes/java/lang/Throwable.members/Throwable.members#0.0-1747489320000-java.trap.gz exists
[2025-05-17 14:28:55] [javac-extractor-115117] [WARN] Not rewriting trap file for /root/openjdk8u101-db/trap/java/classes/java/io/PrintStream.members/PrintStream.members#52.0-1747491817008-java.trap.gz as /root/openjdk8u101-db/trap/java/classes/java/io/PrintStream.members/PrintStream.members#0.0-1747489313000-java.trap.gz exists
[2025-05-17 14:28:55] [javac-extractor-115117] [WARN] Not rewriting trap file for /root/openjdk8u101-db/trap/java/classes/java/lang/System.members/System.members#52.0-1747491835118-java.trap.gz as /root/openjdk8u101-db/trap/java/classes/java/lang/System.members/System.members#0.0-1747489320000-java.trap.gz exists
[2025-05-17 14:28:55] [javac-extractor-115117] Javac init time: 1.8s
[2025-05-17 14:28:55] [javac-extractor-115117] Javac attr time: 0.2s
[2025-05-17 14:28:55] [javac-extractor-115117] Extractor time: 0.1s
[2025-05-17 14:28:55] [javac-extractor-115117] Other time: 0.7s
[2025-05-17 14:28:55] [javac-extractor-115117] Total time: 2.7s
