[2025-05-17 14:28:30] [javac-output-113801] warning: [path] bad path element "/usr/lib/jvm/java-8-openjdk-amd64/jre/lib/endorsed": no such directory
[2025-05-17 14:28:30] [javac-output-113801] warning: [path] bad path element "/usr/java/packages/lib/ext": no such directory
[2025-05-17 14:28:30] [javac-output-113801] warning: [options] source value 8 is obsolete and will be removed in a future release
[2025-05-17 14:28:30] [javac-output-113801] warning: [options] target value 8 is obsolete and will be removed in a future release
[2025-05-17 14:28:30] [javac-output-113801] warning: [options] To suppress warnings about obsolete options, use -Xlint:-options.
[2025-05-17 14:28:42] [javac-output-113801] /root/8u101/jdk/src/share/demo/jfc/Font2DTest/FontPanel.java:85: warning: [dangling-doc-comments] documentation comment is not attached to any declaration
[2025-05-17 14:28:42] [javac-output-113801] /**
[2025-05-17 14:28:42] [javac-output-113801] ^
[2025-05-17 14:28:43] [javac-output-113801] /root/8u101/jdk/src/share/demo/jfc/Font2DTest/FontPanel.java:136: warning: [dangling-doc-comments] documentation comment is not attached to any declaration
[2025-05-17 14:28:43] [javac-output-113801]     private int g2Transform = NONE; /// ABP
[2025-05-17 14:28:43] [javac-output-113801]                                     ^
[2025-05-17 14:28:44] [javac-output-113801] /root/8u101/jdk/src/share/demo/jfc/Font2DTest/FontPanel.java:426: warning: [dangling-doc-comments] documentation comment is not attached to any declaration
[2025-05-17 14:28:44] [javac-output-113801]     /// Inner class definition...
[2025-05-17 14:28:44] [javac-output-113801]     ^
[2025-05-17 14:28:46] [javac-output-113801] /root/8u101/jdk/src/share/demo/jfc/Font2DTest/FontPanel.java:1193: warning: [dangling-doc-comments] documentation comment is not attached to any declaration
[2025-05-17 14:28:46] [javac-output-113801]         /// Listener Functions
[2025-05-17 14:28:46] [javac-output-113801]         ^
[2025-05-17 14:28:49] [javac-output-113801] /root/8u101/jdk/src/share/demo/jfc/Font2DTest/Font2DTest.java:76: warning: [dangling-doc-comments] documentation comment is not attached to any declaration
[2025-05-17 14:28:49] [javac-output-113801] /**
[2025-05-17 14:28:49] [javac-output-113801] ^
[2025-05-17 14:28:50] [javac-output-113801] /root/8u101/jdk/src/share/demo/jfc/Font2DTest/Font2DTest.java:829: warning: [dangling-doc-comments] documentation comment is not attached to any declaration
[2025-05-17 14:28:50] [javac-output-113801]     /// Interface functions...
[2025-05-17 14:28:50] [javac-output-113801]     ^
[2025-05-17 14:28:50] [javac-output-113801] /root/8u101/jdk/src/share/demo/jfc/Font2DTest/Font2DTest.java:1044: warning: [dangling-doc-comments] documentation comment is not attached to any declaration
[2025-05-17 14:28:50] [javac-output-113801]     /// Inner class definitions...
[2025-05-17 14:28:50] [javac-output-113801]     ^
[2025-05-17 14:28:51] [javac-output-113801] /root/8u101/jdk/src/share/demo/jfc/Font2DTest/RangeMenu.java:56: warning: [dangling-doc-comments] documentation comment is not attached to any declaration
[2025-05-17 14:28:51] [javac-output-113801] /**
[2025-05-17 14:28:51] [javac-output-113801] ^
[2025-05-17 14:28:51] [javac-output-113801] /root/8u101/jdk/src/share/demo/jfc/Font2DTest/Font2DTestApplet.java:51: warning: [dangling-doc-comments] documentation comment is not attached to any declaration
[2025-05-17 14:28:51] [javac-output-113801] /**
[2025-05-17 14:28:51] [javac-output-113801] ^
