[2025-05-17 14:13:15] [javac-extractor-83835] Starting extraction for:
                                              sun.java.command=com.semmle.extractor.java.JavaExtractor --jdk-version -1 --javac-args @@@/root/openjdk8u101-db/log/ext/javac-2.args
                                              user.dir=/root/8u101/langtools/make
[2025-05-17 14:13:15] [javac-extractor-83835] Compilation name /root/openjdk8u101-db/trap/java/diagnostics/diagnostic-2.trap.gz
[2025-05-17 14:13:18] [javac-extractor-83835] Annotation processor class 'lombok.launch.AnnotationProcessorHider$AnnotationProcessor' initialized.
[2025-05-17 14:13:20] [javac-extractor-83835] Annotation processor class 'lombok.launch.AnnotationProcessorHider$ClaimingProcessor' initialized.
[2025-05-17 14:13:25] [javac-extractor-83835] Processing file /root/8u101/langtools/src/share/classes/com/sun/tools/javac/nio/JavacPathFileManager.java
[2025-05-17 14:13:25] [javac-extractor-83835] [WARN] Not rewriting trap file for /root/openjdk8u101-db/trap/java/classes/java/io/File.members/File.members#52.0-1619009470000-java.trap.gz as it exists
[2025-05-17 14:13:25] [javac-extractor-83835] [WARN] Not rewriting trap file for /root/openjdk8u101-db/trap/java/classes/java/io/IOException.members/IOException.members#52.0-1619009466000-java.trap.gz as it exists
[2025-05-17 14:13:25] [javac-extractor-83835] [WARN] Not rewriting trap file for /root/openjdk8u101-db/trap/java/classes/java/net/MalformedURLException.members/MalformedURLException.members#52.0-1619009470000-java.trap.gz as it exists
[2025-05-17 14:13:25] [javac-extractor-83835] [WARN] Not rewriting trap file for /root/openjdk8u101-db/trap/java/classes/java/net/URL.members/URL.members#52.0-1619009468000-java.trap.gz as it exists
[2025-05-17 14:13:25] [javac-extractor-83835] [WARN] Not rewriting trap file for /root/openjdk8u101-db/trap/java/classes/java/nio/charset/Charset.members/Charset.members#52.0-1619009466000-java.trap.gz as it exists
[2025-05-17 14:13:25] [javac-extractor-83835] [WARN] Not rewriting trap file for /root/openjdk8u101-db/trap/java/classes/java/nio/file/Files.members/Files.members#52.0-1619009512000-java.trap.gz as it exists
[2025-05-17 14:13:25] [javac-extractor-83835] [WARN] Not rewriting trap file for /root/openjdk8u101-db/trap/java/classes/java/nio/file/FileSystem.members/FileSystem.members#52.0-1619009472000-java.trap.gz as it exists
[2025-05-17 14:13:25] [javac-extractor-83835] [WARN] Not rewriting trap file for /root/openjdk8u101-db/trap/java/classes/java/nio/file/FileSystems.members/FileSystems.members#52.0-1619009512000-java.trap.gz as it exists
[2025-05-17 14:13:25] [javac-extractor-83835] [WARN] Not rewriting trap file for /root/openjdk8u101-db/trap/java/classes/java/nio/file/FileVisitOption.members/FileVisitOption.members#52.0-1619009512000-java.trap.gz as it exists
[2025-05-17 14:13:25] [javac-extractor-83835] [WARN] Not rewriting trap file for /root/openjdk8u101-db/trap/java/classes/java/nio/file/FileVisitResult.members/FileVisitResult.members#52.0-1619009508000-java.trap.gz as it exists
[2025-05-17 14:13:25] [javac-extractor-83835] [WARN] Not rewriting trap file for /root/openjdk8u101-db/trap/java/classes/java/nio/file/Path.members/Path.members#52.0-1619009472000-java.trap.gz as it exists
[2025-05-17 14:13:25] [javac-extractor-83835] [WARN] Not rewriting trap file for /root/openjdk8u101-db/trap/java/classes/java/nio/file/SimpleFileVisitor.members/SimpleFileVisitor.members#52.0-1619009508000-java.trap.gz as it exists
[2025-05-17 14:13:25] [javac-extractor-83835] [WARN] Not rewriting trap file for /root/openjdk8u101-db/trap/java/classes/java/nio/file/attribute/BasicFileAttributes.members/BasicFileAttributes.members#52.0-1619009474000-java.trap.gz as it exists
[2025-05-17 14:13:25] [javac-extractor-83835] [WARN] Not rewriting trap file for /root/openjdk8u101-db/trap/java/classes/java/util/ArrayList.members/ArrayList.members#52.0-1619009472000-java.trap.gz as it exists
[2025-05-17 14:13:25] [javac-extractor-83835] [WARN] Not rewriting trap file for /root/openjdk8u101-db/trap/java/classes/java/util/Arrays.members/Arrays.members#52.0-1619009514000-java.trap.gz as it exists
[2025-05-17 14:13:25] [javac-extractor-83835] [WARN] Not rewriting trap file for /root/openjdk8u101-db/trap/java/classes/java/util/Collection.members/Collection.members#52.0-1619009468000-java.trap.gz as it exists
[2025-05-17 14:13:25] [javac-extractor-83835] [WARN] Not rewriting trap file for /root/openjdk8u101-db/trap/java/classes/java/util/Collections.members/Collections.members#52.0-1619009516000-java.trap.gz as it exists
[2025-05-17 14:13:25] [javac-extractor-83835] [WARN] Not rewriting trap file for /root/openjdk8u101-db/trap/java/classes/java/util/EnumSet.members/EnumSet.members#52.0-1619009492000-java.trap.gz as it exists
[2025-05-17 14:13:25] [javac-extractor-83835] [WARN] Not rewriting trap file for /root/openjdk8u101-db/trap/java/classes/java/util/HashMap.members/HashMap.members#52.0-1619009468000-java.trap.gz as it exists
[2025-05-17 14:13:25] [javac-extractor-83835] [WARN] Not rewriting trap file for /root/openjdk8u101-db/trap/java/classes/java/util/Iterator.members/Iterator.members#52.0-1619009470000-java.trap.gz as it exists
[2025-05-17 14:13:25] [javac-extractor-83835] [WARN] Not rewriting trap file for /root/openjdk8u101-db/trap/java/classes/java/util/LinkedHashSet.members/LinkedHashSet.members#52.0-1619009482000-java.trap.gz as it exists
[2025-05-17 14:13:25] [javac-extractor-83835] [WARN] Not rewriting trap file for /root/openjdk8u101-db/trap/java/classes/java/util/Map.members/Map.members#52.0-1619009468000-java.trap.gz as it exists
[2025-05-17 14:13:25] [javac-extractor-83835] [WARN] Not rewriting trap file for /root/openjdk8u101-db/trap/java/classes/java/util/Set.members/Set.members#52.0-1619009470000-java.trap.gz as it exists
[2025-05-17 14:13:25] [javac-extractor-83835] [WARN] Not rewriting trap file for /root/openjdk8u101-db/trap/java/classes/javax/lang/model/SourceVersion.members/SourceVersion.members#0.0-1747489316000-java.trap.gz as it exists
[2025-05-17 14:13:25] [javac-extractor-83835] [WARN] Not rewriting trap file for /root/openjdk8u101-db/trap/java/classes/javax/tools/FileObject.members/FileObject.members#0.0-1747489316000-java.trap.gz as it exists
[2025-05-17 14:13:25] [javac-extractor-83835] [WARN] Not rewriting trap file for /root/openjdk8u101-db/trap/java/classes/javax/tools/JavaFileManager.members/JavaFileManager.members#0.0-1747489316000-java.trap.gz as it exists
[2025-05-17 14:13:25] [javac-extractor-83835] [WARN] Not rewriting trap file for /root/openjdk8u101-db/trap/java/classes/javax/tools/JavaFileObject.members/JavaFileObject.members#0.0-1747489316000-java.trap.gz as it exists
[2025-05-17 14:13:25] [javac-extractor-83835] [WARN] Not rewriting trap file for /root/openjdk8u101-db/trap/java/classes/javax/tools/JavaFileObject$Kind.members/JavaFileObject$Kind.members#0.0-1747489316000-java.trap.gz as it exists
[2025-05-17 14:13:25] [javac-extractor-83835] [WARN] Not rewriting trap file for /root/openjdk8u101-db/trap/java/classes/javax/tools/StandardLocation.members/StandardLocation.members#0.0-1747489316000-java.trap.gz as it exists
[2025-05-17 14:13:25] [javac-extractor-83835] [WARN] Not rewriting trap file for /root/openjdk8u101-db/trap/java/classes/com/sun/tools/javac/util/BaseFileManager.members/BaseFileManager.members#0.0-1747489316000-java.trap.gz as it exists
[2025-05-17 14:13:25] [javac-extractor-83835] [WARN] Not rewriting trap file for /root/openjdk8u101-db/trap/java/classes/com/sun/tools/javac/util/Context.members/Context.members#0.0-1747489316000-java.trap.gz as it exists
[2025-05-17 14:13:25] [javac-extractor-83835] [WARN] Not rewriting trap file for /root/openjdk8u101-db/trap/java/classes/com/sun/tools/javac/util/List.members/List.members#0.0-1747489316000-java.trap.gz as it exists
[2025-05-17 14:13:25] [javac-extractor-83835] [WARN] Not rewriting trap file for /root/openjdk8u101-db/trap/java/classes/com/sun/tools/javac/util/ListBuffer.members/ListBuffer.members#0.0-1747489316000-java.trap.gz as it exists
[2025-05-17 14:13:25] [javac-extractor-83835] [WARN] Not rewriting trap file for /root/openjdk8u101-db/trap/java/classes/com/sun/tools/javac/main/Option.members/Option.members#0.0-1747489316000-java.trap.gz as it exists
[2025-05-17 14:13:25] [javac-extractor-83835] [WARN] Not rewriting trap file for /root/openjdk8u101-db/trap/java/classes/java/lang/String.members/String.members#52.0-1619009460000-java.trap.gz as it exists
[2025-05-17 14:13:25] [javac-extractor-83835] [WARN] Not rewriting trap file for /root/openjdk8u101-db/trap/java/classes/java/lang/Object.members/Object.members#52.0-1619009460000-java.trap.gz as it exists
[2025-05-17 14:13:25] [javac-extractor-83835] [WARN] Not rewriting trap file for /root/openjdk8u101-db/trap/java/classes/javax/tools/JavaFileManager$Location.members/JavaFileManager$Location.members#0.0-1747489316000-java.trap.gz as it exists
[2025-05-17 14:13:25] [javac-extractor-83835] [WARN] Not rewriting trap file for /root/openjdk8u101-db/trap/java/classes/java/lang/Iterable.members/Iterable.members#52.0-1619009466000-java.trap.gz as it exists
[2025-05-17 14:13:25] [javac-extractor-83835] [WARN] Not rewriting trap file for /root/openjdk8u101-db/trap/java/classes/java/util/AbstractQueue.members/AbstractQueue.members#52.0-1619009480000-java.trap.gz as it exists
[2025-05-17 14:13:25] [javac-extractor-83835] [WARN] Not rewriting trap file for /root/openjdk8u101-db/trap/java/classes/java/util/AbstractCollection.members/AbstractCollection.members#52.0-1619009468000-java.trap.gz as it exists
[2025-05-17 14:13:25] [javac-extractor-83835] [WARN] Not rewriting trap file for /root/openjdk8u101-db/trap/java/classes/java/util/Queue.members/Queue.members#52.0-1619009474000-java.trap.gz as it exists
[2025-05-17 14:13:25] [javac-extractor-83835] [WARN] Not rewriting trap file for /root/openjdk8u101-db/trap/java/classes/com/sun/tools/javac/nio/PathFileManager.members/PathFileManager.members#0.0-1747489316000-java.trap.gz as it exists
[2025-05-17 14:13:25] [javac-extractor-83835] [WARN] Not rewriting trap file for /root/openjdk8u101-db/trap/java/classes/java/io/Closeable.members/Closeable.members#52.0-1619009468000-java.trap.gz as it exists
[2025-05-17 14:13:25] [javac-extractor-83835] [WARN] Not rewriting trap file for /root/openjdk8u101-db/trap/java/classes/java/lang/AutoCloseable.members/AutoCloseable.members#52.0-1619009468000-java.trap.gz as it exists
[2025-05-17 14:13:25] [javac-extractor-83835] [WARN] Not rewriting trap file for /root/openjdk8u101-db/trap/java/classes/java/io/Flushable.members/Flushable.members#52.0-1619009470000-java.trap.gz as it exists
[2025-05-17 14:13:25] [javac-extractor-83835] [WARN] Not rewriting trap file for /root/openjdk8u101-db/trap/java/classes/javax/tools/OptionChecker.members/OptionChecker.members#0.0-1747489316000-java.trap.gz as it exists
[2025-05-17 14:13:25] [javac-extractor-83835] [WARN] Not rewriting trap file for /root/openjdk8u101-db/trap/java/classes/java/lang/Class.members/Class.members#52.0-1619009466000-java.trap.gz as it exists
[2025-05-17 14:13:25] [javac-extractor-83835] [WARN] Not rewriting trap file for /root/openjdk8u101-db/trap/java/classes/java/io/Serializable.members/Serializable.members#52.0-1619009460000-java.trap.gz as it exists
[2025-05-17 14:13:25] [javac-extractor-83835] [WARN] Not rewriting trap file for /root/openjdk8u101-db/trap/java/classes/java/lang/reflect/GenericDeclaration.members/GenericDeclaration.members#52.0-1619009466000-java.trap.gz as it exists
[2025-05-17 14:13:25] [javac-extractor-83835] [WARN] Not rewriting trap file for /root/openjdk8u101-db/trap/java/classes/java/lang/reflect/Type.members/Type.members#52.0-1619009466000-java.trap.gz as it exists
[2025-05-17 14:13:25] [javac-extractor-83835] [WARN] Not rewriting trap file for /root/openjdk8u101-db/trap/java/classes/java/lang/reflect/AnnotatedElement.members/AnnotatedElement.members#52.0-1619009466000-java.trap.gz as it exists
[2025-05-17 14:13:25] [javac-extractor-83835] [WARN] Not rewriting trap file for /root/openjdk8u101-db/trap/java/classes/java/util/AbstractMap.members/AbstractMap.members#52.0-1619009468000-java.trap.gz as it exists
[2025-05-17 14:13:25] [javac-extractor-83835] [WARN] Not rewriting trap file for /root/openjdk8u101-db/trap/java/classes/java/lang/Cloneable.members/Cloneable.members#52.0-1619009468000-java.trap.gz as it exists
[2025-05-17 14:13:25] [javac-extractor-83835] [WARN] Not rewriting trap file for /root/openjdk8u101-db/trap/java/classes/java/util/function/BiFunction.members/BiFunction.members#52.0-1619009470000-java.trap.gz as it exists
[2025-05-17 14:13:25] [javac-extractor-83835] [WARN] Not rewriting trap file for /root/openjdk8u101-db/trap/java/classes/java/lang/FunctionalInterface.members/FunctionalInterface.members#52.0-1619009466000-java.trap.gz as it exists
[2025-05-17 14:13:25] [javac-extractor-83835] [WARN] Not rewriting trap file for /root/openjdk8u101-db/trap/java/classes/java/util/function/Function.members/Function.members#52.0-1619009470000-java.trap.gz as it exists
[2025-05-17 14:13:25] [javac-extractor-83835] [WARN] Not rewriting trap file for /root/openjdk8u101-db/trap/java/classes/java/util/function/BiConsumer.members/BiConsumer.members#52.0-1619009470000-java.trap.gz as it exists
[2025-05-17 14:13:25] [javac-extractor-83835] [WARN] Not rewriting trap file for /root/openjdk8u101-db/trap/java/classes/java/util/Map$Entry.members/Map$Entry.members#52.0-1619009468000-java.trap.gz as it exists
[2025-05-17 14:13:25] [javac-extractor-83835] [WARN] Not rewriting trap file for /root/openjdk8u101-db/trap/java/classes/java/lang/CloneNotSupportedException.members/CloneNotSupportedException.members#52.0-1619009466000-java.trap.gz as it exists
[2025-05-17 14:13:25] [javac-extractor-83835] [WARN] Not rewriting trap file for /root/openjdk8u101-db/trap/java/classes/java/io/ObjectOutputStream.members/ObjectOutputStream.members#52.0-1619009470000-java.trap.gz as it exists
[2025-05-17 14:13:25] [javac-extractor-83835] [WARN] Not rewriting trap file for /root/openjdk8u101-db/trap/java/classes/java/util/HashMap$Node.members/HashMap$Node.members#52.0-1619009468000-java.trap.gz as it exists
[2025-05-17 14:13:25] [javac-extractor-83835] [WARN] Not rewriting trap file for /root/openjdk8u101-db/trap/java/classes/java/util/HashMap$TreeNode.members/HashMap$TreeNode.members#52.0-1619009468000-java.trap.gz as it exists
[2025-05-17 14:13:25] [javac-extractor-83835] [WARN] Not rewriting trap file for /root/openjdk8u101-db/trap/java/classes/java/util/LinkedHashMap$Entry.members/LinkedHashMap$Entry.members#52.0-1619009470000-java.trap.gz as it exists
[2025-05-17 14:13:25] [javac-extractor-83835] [WARN] Not rewriting trap file for /root/openjdk8u101-db/trap/java/classes/java/util/LinkedHashMap.members/LinkedHashMap.members#52.0-1619009470000-java.trap.gz as it exists
[2025-05-17 14:13:25] [javac-extractor-83835] [WARN] Not rewriting trap file for /root/openjdk8u101-db/trap/java/classes/java/lang/Override.members/Override.members#52.0-1619009516000-java.trap.gz as it exists
[2025-05-17 14:13:25] [javac-extractor-83835] [WARN] Not rewriting trap file for /root/openjdk8u101-db/trap/java/classes/com/sun/tools/javac/util/BaseFileManager$ContentCacheEntry.members/BaseFileManager$ContentCacheEntry.members#0.0-1747489316000-java.trap.gz as it exists
[2025-05-17 14:13:25] [javac-extractor-83835] [WARN] Not rewriting trap file for /root/openjdk8u101-db/trap/java/classes/java/lang/ClassLoader.members/ClassLoader.members#52.0-1619009466000-java.trap.gz as it exists
[2025-05-17 14:13:25] [javac-extractor-83835] [WARN] Not rewriting trap file for /root/openjdk8u101-db/trap/java/classes/java/lang/AssertionError.members/AssertionError.members#52.0-1619009516000-java.trap.gz as it exists
[2025-05-17 14:13:25] [javac-extractor-83835] [WARN] Not rewriting trap file for /root/openjdk8u101-db/trap/java/classes/java/util/Spliterator.members/Spliterator.members#52.0-1619009470000-java.trap.gz as it exists
[2025-05-17 14:13:25] [javac-extractor-83835] [WARN] Not rewriting trap file for /root/openjdk8u101-db/trap/java/classes/java/util/function/Consumer.members/Consumer.members#52.0-1619009470000-java.trap.gz as it exists
[2025-05-17 14:13:25] [javac-extractor-83835] [WARN] Not rewriting trap file for /root/openjdk8u101-db/trap/java/classes/java/util/stream/Stream.members/Stream.members#52.0-1619009470000-java.trap.gz as it exists
[2025-05-17 14:13:25] [javac-extractor-83835] [WARN] Not rewriting trap file for /root/openjdk8u101-db/trap/java/classes/java/util/stream/BaseStream.members/BaseStream.members#52.0-1619009468000-java.trap.gz as it exists
[2025-05-17 14:13:25] [javac-extractor-83835] [WARN] Not rewriting trap file for /root/openjdk8u101-db/trap/java/classes/java/util/List.members/List.members#52.0-1619009468000-java.trap.gz as it exists
[2025-05-17 14:13:25] [javac-extractor-83835] [WARN] Not rewriting trap file for /root/openjdk8u101-db/trap/java/classes/java/net/URI.members/URI.members#52.0-1619009472000-java.trap.gz as it exists
[2025-05-17 14:13:25] [javac-extractor-83835] [WARN] Not rewriting trap file for /root/openjdk8u101-db/trap/java/classes/com/sun/tools/javac/file/Locations.members/Locations.members#0.0-1747489316000-java.trap.gz as it exists
[2025-05-17 14:13:25] [javac-extractor-83835] [WARN] Not rewriting trap file for /root/openjdk8u101-db/trap/java/classes/java/util/HashSet.members/HashSet.members#52.0-1619009480000-java.trap.gz as it exists
[2025-05-17 14:13:25] [javac-extractor-83835] [WARN] Not rewriting trap file for /root/openjdk8u101-db/trap/java/classes/java/util/AbstractSet.members/AbstractSet.members#52.0-1619009480000-java.trap.gz as it exists
[2025-05-17 14:13:25] [javac-extractor-83835] [WARN] Not rewriting trap file for /root/openjdk8u101-db/trap/java/classes/java/lang/IllegalArgumentException.members/IllegalArgumentException.members#52.0-1619009468000-java.trap.gz as it exists
[2025-05-17 14:13:25] [javac-extractor-83835] [WARN] Not rewriting trap file for /root/openjdk8u101-db/trap/java/classes/com/sun/tools/javac/util/Options.members/Options.members#0.0-1747489316000-java.trap.gz as it exists
[2025-05-17 14:13:25] [javac-extractor-83835] [WARN] Not rewriting trap file for /root/openjdk8u101-db/trap/java/classes/java/lang/CharSequence.members/CharSequence.members#52.0-1619009466000-java.trap.gz as it exists
[2025-05-17 14:13:25] [javac-extractor-83835] [WARN] Not rewriting trap file for /root/openjdk8u101-db/trap/java/classes/java/lang/Integer.members/Integer.members#52.0-1619009468000-java.trap.gz as it exists
[2025-05-17 14:13:25] [javac-extractor-83835] [WARN] Not rewriting trap file for /root/openjdk8u101-db/trap/java/classes/java/lang/Enum.members/Enum.members#52.0-1619009470000-java.trap.gz as it exists
[2025-05-17 14:13:25] [javac-extractor-83835] [WARN] Not rewriting trap file for /root/openjdk8u101-db/trap/java/classes/java/lang/Comparable.members/Comparable.members#52.0-1619009460000-java.trap.gz as it exists
[2025-05-17 14:13:25] [javac-extractor-83835] [WARN] Not rewriting trap file for /root/openjdk8u101-db/trap/java/classes/java/nio/file/LinkOption.members/LinkOption.members#52.0-1619009472000-java.trap.gz as it exists
[2025-05-17 14:13:25] [javac-extractor-83835] [WARN] Not rewriting trap file for /root/openjdk8u101-db/trap/java/classes/java/nio/file/FileVisitor.members/FileVisitor.members#52.0-1619009508000-java.trap.gz as it exists
[2025-05-17 14:13:25] [javac-extractor-83835] [WARN] Not rewriting trap file for /root/openjdk8u101-db/trap/java/classes/java/util/AbstractList.members/AbstractList.members#52.0-1619009468000-java.trap.gz as it exists
[2025-05-17 14:13:25] [javac-extractor-83835] [WARN] Not rewriting trap file for /root/openjdk8u101-db/trap/java/classes/java/util/RandomAccess.members/RandomAccess.members#52.0-1619009468000-java.trap.gz as it exists
[2025-05-17 14:13:25] [javac-extractor-83835] [WARN] Not rewriting trap file for /root/openjdk8u101-db/trap/java/classes/java/util/ListIterator.members/ListIterator.members#52.0-1619009470000-java.trap.gz as it exists
[2025-05-17 14:13:25] [javac-extractor-83835] [WARN] Not rewriting trap file for /root/openjdk8u101-db/trap/java/classes/java/util/Comparator.members/Comparator.members#52.0-1619009466000-java.trap.gz as it exists
[2025-05-17 14:13:25] [javac-extractor-83835] [WARN] Not rewriting trap file for /root/openjdk8u101-db/trap/java/classes/java/util/function/UnaryOperator.members/UnaryOperator.members#52.0-1619009470000-java.trap.gz as it exists
[2025-05-17 14:13:25] [javac-extractor-83835] [WARN] Not rewriting trap file for /root/openjdk8u101-db/trap/java/classes/java/lang/reflect/AnnotatedType.members/AnnotatedType.members#52.0-1619009470000-java.trap.gz as it exists
[2025-05-17 14:13:25] [javac-extractor-83835] [WARN] Not rewriting trap file for /root/openjdk8u101-db/trap/java/classes/java/lang/annotation/Annotation.members/Annotation.members#52.0-1619009470000-java.trap.gz as it exists
[2025-05-17 14:13:25] [javac-extractor-83835] [WARN] Not rewriting trap file for /root/openjdk8u101-db/trap/java/classes/sun/reflect/annotation/AnnotationType.members/AnnotationType.members#52.0-1619009470000-java.trap.gz as it exists
[2025-05-17 14:13:25] [javac-extractor-83835] [WARN] Not rewriting trap file for /root/openjdk8u101-db/trap/java/classes/sun/reflect/ConstantPool.members/ConstantPool.members#52.0-1619009470000-java.trap.gz as it exists
[2025-05-17 14:13:25] [javac-extractor-83835] [WARN] Not rewriting trap file for /root/openjdk8u101-db/trap/java/classes/java/lang/reflect/Executable.members/Executable.members#52.0-1619009470000-java.trap.gz as it exists
[2025-05-17 14:13:25] [javac-extractor-83835] [WARN] Not rewriting trap file for /root/openjdk8u101-db/trap/java/classes/java/security/ProtectionDomain.members/ProtectionDomain.members#52.0-1619009466000-java.trap.gz as it exists
[2025-05-17 14:13:25] [javac-extractor-83835] [WARN] Not rewriting trap file for /root/openjdk8u101-db/trap/java/classes/java/io/InputStream.members/InputStream.members#52.0-1619009468000-java.trap.gz as it exists
[2025-05-17 14:13:25] [javac-extractor-83835] [WARN] Not rewriting trap file for /root/openjdk8u101-db/trap/java/classes/java/lang/reflect/Constructor.members/Constructor.members#52.0-1619009470000-java.trap.gz as it exists
[2025-05-17 14:13:25] [javac-extractor-83835] [WARN] Not rewriting trap file for /root/openjdk8u101-db/trap/java/classes/java/lang/NoSuchMethodException.members/NoSuchMethodException.members#52.0-1619009470000-java.trap.gz as it exists
[2025-05-17 14:13:25] [javac-extractor-83835] [WARN] Not rewriting trap file for /root/openjdk8u101-db/trap/java/classes/java/lang/SecurityException.members/SecurityException.members#52.0-1619009470000-java.trap.gz as it exists
[2025-05-17 14:13:25] [javac-extractor-83835] [WARN] Not rewriting trap file for /root/openjdk8u101-db/trap/java/classes/java/lang/reflect/Method.members/Method.members#52.0-1619009470000-java.trap.gz as it exists
[2025-05-17 14:13:25] [javac-extractor-83835] [WARN] Not rewriting trap file for /root/openjdk8u101-db/trap/java/classes/java/lang/reflect/Field.members/Field.members#52.0-1619009466000-java.trap.gz as it exists
[2025-05-17 14:13:25] [javac-extractor-83835] [WARN] Not rewriting trap file for /root/openjdk8u101-db/trap/java/classes/java/lang/NoSuchFieldException.members/NoSuchFieldException.members#52.0-1619009470000-java.trap.gz as it exists
[2025-05-17 14:13:25] [javac-extractor-83835] [WARN] Not rewriting trap file for /root/openjdk8u101-db/trap/java/classes/java/lang/Package.members/Package.members#52.0-1619009468000-java.trap.gz as it exists
[2025-05-17 14:13:25] [javac-extractor-83835] [WARN] Not rewriting trap file for /root/openjdk8u101-db/trap/java/classes/java/lang/reflect/TypeVariable.members/TypeVariable.members#52.0-1619009470000-java.trap.gz as it exists
[2025-05-17 14:13:25] [javac-extractor-83835] [WARN] Not rewriting trap file for /root/openjdk8u101-db/trap/java/classes/java/lang/InstantiationException.members/InstantiationException.members#52.0-1619009466000-java.trap.gz as it exists
[2025-05-17 14:13:25] [javac-extractor-83835] [WARN] Not rewriting trap file for /root/openjdk8u101-db/trap/java/classes/java/lang/IllegalAccessException.members/IllegalAccessException.members#52.0-1619009470000-java.trap.gz as it exists
[2025-05-17 14:13:25] [javac-extractor-83835] [WARN] Not rewriting trap file for /root/openjdk8u101-db/trap/java/classes/java/lang/ClassNotFoundException.members/ClassNotFoundException.members#52.0-1619009468000-java.trap.gz as it exists
[2025-05-17 14:13:25] [javac-extractor-83835] [WARN] Not rewriting trap file for /root/openjdk8u101-db/trap/java/classes/java/lang/ClassValue$ClassValueMap.members/ClassValue$ClassValueMap.members#52.0-1619009470000-java.trap.gz as it exists
[2025-05-17 14:13:25] [javac-extractor-83835] [WARN] Not rewriting trap file for /root/openjdk8u101-db/trap/java/classes/java/io/Writer.members/Writer.members#52.0-1619009470000-java.trap.gz as it exists
[2025-05-17 14:13:25] [javac-extractor-83835] [WARN] Not rewriting trap file for /root/openjdk8u101-db/trap/java/classes/java/io/Reader.members/Reader.members#52.0-1619009472000-java.trap.gz as it exists
[2025-05-17 14:13:25] [javac-extractor-83835] [WARN] Not rewriting trap file for /root/openjdk8u101-db/trap/java/classes/java/io/OutputStream.members/OutputStream.members#52.0-1619009470000-java.trap.gz as it exists
[2025-05-17 14:13:25] [javac-extractor-83835] [WARN] Not rewriting trap file for /root/openjdk8u101-db/trap/java/classes/javax/lang/model/element/Modifier.members/Modifier.members#0.0-1747489316000-java.trap.gz as it exists
[2025-05-17 14:13:25] [javac-extractor-83835] [WARN] Not rewriting trap file for /root/openjdk8u101-db/trap/java/classes/javax/lang/model/element/NestingKind.members/NestingKind.members#0.0-1747489316000-java.trap.gz as it exists
[2025-05-17 14:13:25] [javac-extractor-83835] Processing file /root/8u101/langtools/src/share/classes/com/sun/tools/javac/nio/PathFileObject.java
[2025-05-17 14:13:25] [javac-extractor-83835] [WARN] Not rewriting trap file for /root/openjdk8u101-db/trap/java/classes/java/io/IOException.members/IOException.members#52.0-1619009466000-java.trap.gz as it exists
[2025-05-17 14:13:25] [javac-extractor-83835] [WARN] Not rewriting trap file for /root/openjdk8u101-db/trap/java/classes/java/io/InputStream.members/InputStream.members#52.0-1619009468000-java.trap.gz as it exists
[2025-05-17 14:13:25] [javac-extractor-83835] [WARN] Not rewriting trap file for /root/openjdk8u101-db/trap/java/classes/java/io/InputStreamReader.members/InputStreamReader.members#52.0-1619009512000-java.trap.gz as it exists
[2025-05-17 14:13:25] [javac-extractor-83835] [WARN] Not rewriting trap file for /root/openjdk8u101-db/trap/java/classes/java/io/OutputStream.members/OutputStream.members#52.0-1619009470000-java.trap.gz as it exists
[2025-05-17 14:13:25] [javac-extractor-83835] [WARN] Not rewriting trap file for /root/openjdk8u101-db/trap/java/classes/java/io/OutputStreamWriter.members/OutputStreamWriter.members#52.0-1619009472000-java.trap.gz as it exists
[2025-05-17 14:13:25] [javac-extractor-83835] [WARN] Not rewriting trap file for /root/openjdk8u101-db/trap/java/classes/java/io/Reader.members/Reader.members#52.0-1619009472000-java.trap.gz as it exists
[2025-05-17 14:13:25] [javac-extractor-83835] [WARN] Not rewriting trap file for /root/openjdk8u101-db/trap/java/classes/java/io/Writer.members/Writer.members#52.0-1619009470000-java.trap.gz as it exists
[2025-05-17 14:13:25] [javac-extractor-83835] [WARN] Not rewriting trap file for /root/openjdk8u101-db/trap/java/classes/java/net/URI.members/URI.members#52.0-1619009472000-java.trap.gz as it exists
[2025-05-17 14:13:25] [javac-extractor-83835] [WARN] Not rewriting trap file for /root/openjdk8u101-db/trap/java/classes/java/nio/ByteBuffer.members/ByteBuffer.members#52.0-1619009468000-java.trap.gz as it exists
[2025-05-17 14:13:25] [javac-extractor-83835] [WARN] Not rewriting trap file for /root/openjdk8u101-db/trap/java/classes/java/nio/CharBuffer.members/CharBuffer.members#52.0-1619009470000-java.trap.gz as it exists
[2025-05-17 14:13:25] [javac-extractor-83835] [WARN] Not rewriting trap file for /root/openjdk8u101-db/trap/java/classes/java/nio/charset/CharsetDecoder.members/CharsetDecoder.members#52.0-1619009470000-java.trap.gz as it exists
[2025-05-17 14:13:25] [javac-extractor-83835] [WARN] Not rewriting trap file for /root/openjdk8u101-db/trap/java/classes/java/nio/file/Files.members/Files.members#52.0-1619009512000-java.trap.gz as it exists
[2025-05-17 14:13:25] [javac-extractor-83835] [WARN] Not rewriting trap file for /root/openjdk8u101-db/trap/java/classes/java/nio/file/LinkOption.members/LinkOption.members#52.0-1619009472000-java.trap.gz as it exists
[2025-05-17 14:13:25] [javac-extractor-83835] [WARN] Not rewriting trap file for /root/openjdk8u101-db/trap/java/classes/java/nio/file/Path.members/Path.members#52.0-1619009472000-java.trap.gz as it exists
[2025-05-17 14:13:25] [javac-extractor-83835] [WARN] Not rewriting trap file for /root/openjdk8u101-db/trap/java/classes/javax/lang/model/element/Modifier.members/Modifier.members#0.0-1747489316000-java.trap.gz as it exists
[2025-05-17 14:13:25] [javac-extractor-83835] [WARN] Not rewriting trap file for /root/openjdk8u101-db/trap/java/classes/javax/lang/model/element/NestingKind.members/NestingKind.members#0.0-1747489316000-java.trap.gz as it exists
[2025-05-17 14:13:25] [javac-extractor-83835] [WARN] Not rewriting trap file for /root/openjdk8u101-db/trap/java/classes/javax/tools/JavaFileObject.members/JavaFileObject.members#0.0-1747489316000-java.trap.gz as it exists
[2025-05-17 14:13:25] [javac-extractor-83835] [WARN] Not rewriting trap file for /root/openjdk8u101-db/trap/java/classes/com/sun/tools/javac/util/BaseFileManager.members/BaseFileManager.members#0.0-1747489316000-java.trap.gz as it exists
[2025-05-17 14:13:25] [javac-extractor-83835] [WARN] Not rewriting trap file for /root/openjdk8u101-db/trap/java/classes/com/sun/tools/javac/nio/PathFileObject.members/PathFileObject.members#0.0-1747489316000-java.trap.gz as it exists
[2025-05-17 14:13:25] [javac-extractor-83835] [WARN] Not rewriting trap file for /root/openjdk8u101-db/trap/java/classes/java/lang/Iterable.members/Iterable.members#52.0-1619009466000-java.trap.gz as it exists
[2025-05-17 14:13:25] [javac-extractor-83835] [WARN] Not rewriting trap file for /root/openjdk8u101-db/trap/java/classes/java/lang/Object.members/Object.members#52.0-1619009460000-java.trap.gz as it exists
[2025-05-17 14:13:25] [javac-extractor-83835] [WARN] Not rewriting trap file for /root/openjdk8u101-db/trap/java/classes/java/lang/String.members/String.members#52.0-1619009460000-java.trap.gz as it exists
[2025-05-17 14:13:25] [javac-extractor-83835] [WARN] Not rewriting trap file for /root/openjdk8u101-db/trap/java/classes/com/sun/tools/javac/nio/JavacPathFileManager.members/JavacPathFileManager.members#0.0-1747489316000-java.trap.gz as it exists
[2025-05-17 14:13:25] [javac-extractor-83835] [WARN] Not rewriting trap file for /root/openjdk8u101-db/trap/java/classes/javax/tools/FileObject.members/FileObject.members#0.0-1747489316000-java.trap.gz as it exists
[2025-05-17 14:13:25] [javac-extractor-83835] [WARN] Not rewriting trap file for /root/openjdk8u101-db/trap/java/classes/java/lang/Override.members/Override.members#52.0-1619009516000-java.trap.gz as it exists
[2025-05-17 14:13:25] [javac-extractor-83835] [WARN] Not rewriting trap file for /root/openjdk8u101-db/trap/java/classes/java/lang/IllegalArgumentException.members/IllegalArgumentException.members#52.0-1619009468000-java.trap.gz as it exists
[2025-05-17 14:13:25] [javac-extractor-83835] [WARN] Not rewriting trap file for /root/openjdk8u101-db/trap/java/classes/java/lang/Class.members/Class.members#52.0-1619009466000-java.trap.gz as it exists
[2025-05-17 14:13:25] [javac-extractor-83835] [WARN] Not rewriting trap file for /root/openjdk8u101-db/trap/java/classes/java/io/Serializable.members/Serializable.members#52.0-1619009460000-java.trap.gz as it exists
[2025-05-17 14:13:25] [javac-extractor-83835] [WARN] Not rewriting trap file for /root/openjdk8u101-db/trap/java/classes/java/lang/reflect/GenericDeclaration.members/GenericDeclaration.members#52.0-1619009466000-java.trap.gz as it exists
[2025-05-17 14:13:25] [javac-extractor-83835] [WARN] Not rewriting trap file for /root/openjdk8u101-db/trap/java/classes/java/lang/reflect/Type.members/Type.members#52.0-1619009466000-java.trap.gz as it exists
[2025-05-17 14:13:25] [javac-extractor-83835] [WARN] Not rewriting trap file for /root/openjdk8u101-db/trap/java/classes/java/lang/reflect/AnnotatedElement.members/AnnotatedElement.members#52.0-1619009466000-java.trap.gz as it exists
[2025-05-17 14:13:25] [javac-extractor-83835] [WARN] Not rewriting trap file for /root/openjdk8u101-db/trap/java/classes/javax/tools/JavaFileObject$Kind.members/JavaFileObject$Kind.members#0.0-1747489316000-java.trap.gz as it exists
[2025-05-17 14:13:25] [javac-extractor-83835] [WARN] Not rewriting trap file for /root/openjdk8u101-db/trap/java/classes/java/lang/Cloneable.members/Cloneable.members#52.0-1619009468000-java.trap.gz as it exists
[2025-05-17 14:13:25] [javac-extractor-83835] [WARN] Not rewriting trap file for /root/openjdk8u101-db/trap/java/classes/java/nio/file/OpenOption.members/OpenOption.members#52.0-1619009472000-java.trap.gz as it exists
[2025-05-17 14:13:25] [javac-extractor-83835] [WARN] Not rewriting trap file for /root/openjdk8u101-db/trap/java/classes/java/lang/CharSequence.members/CharSequence.members#52.0-1619009466000-java.trap.gz as it exists
[2025-05-17 14:13:25] [javac-extractor-83835] [WARN] Not rewriting trap file for /root/openjdk8u101-db/trap/java/classes/com/sun/tools/javac/util/Log.members/Log.members#0.0-1747489316000-java.trap.gz as it exists
[2025-05-17 14:13:25] [javac-extractor-83835] [WARN] Not rewriting trap file for /root/openjdk8u101-db/trap/java/classes/com/sun/tools/javac/util/AbstractLog.members/AbstractLog.members#0.0-1747489316000-java.trap.gz as it exists
[2025-05-17 14:13:25] [javac-extractor-83835] [WARN] Not rewriting trap file for /root/openjdk8u101-db/trap/java/classes/java/nio/file/attribute/FileTime.members/FileTime.members#52.0-1619009474000-java.trap.gz as it exists
[2025-05-17 14:13:25] [javac-extractor-83835] [WARN] Not rewriting trap file for /root/openjdk8u101-db/trap/java/classes/java/lang/reflect/AnnotatedType.members/AnnotatedType.members#52.0-1619009470000-java.trap.gz as it exists
[2025-05-17 14:13:25] [javac-extractor-83835] [WARN] Not rewriting trap file for /root/openjdk8u101-db/trap/java/classes/java/util/Map.members/Map.members#52.0-1619009468000-java.trap.gz as it exists
[2025-05-17 14:13:25] [javac-extractor-83835] [WARN] Not rewriting trap file for /root/openjdk8u101-db/trap/java/classes/java/lang/annotation/Annotation.members/Annotation.members#52.0-1619009470000-java.trap.gz as it exists
[2025-05-17 14:13:25] [javac-extractor-83835] [WARN] Not rewriting trap file for /root/openjdk8u101-db/trap/java/classes/sun/reflect/annotation/AnnotationType.members/AnnotationType.members#52.0-1619009470000-java.trap.gz as it exists
[2025-05-17 14:13:25] [javac-extractor-83835] [WARN] Not rewriting trap file for /root/openjdk8u101-db/trap/java/classes/sun/reflect/ConstantPool.members/ConstantPool.members#52.0-1619009470000-java.trap.gz as it exists
[2025-05-17 14:13:25] [javac-extractor-83835] [WARN] Not rewriting trap file for /root/openjdk8u101-db/trap/java/classes/java/lang/reflect/Executable.members/Executable.members#52.0-1619009470000-java.trap.gz as it exists
[2025-05-17 14:13:25] [javac-extractor-83835] [WARN] Not rewriting trap file for /root/openjdk8u101-db/trap/java/classes/java/security/ProtectionDomain.members/ProtectionDomain.members#52.0-1619009466000-java.trap.gz as it exists
[2025-05-17 14:13:25] [javac-extractor-83835] [WARN] Not rewriting trap file for /root/openjdk8u101-db/trap/java/classes/java/net/URL.members/URL.members#52.0-1619009468000-java.trap.gz as it exists
[2025-05-17 14:13:25] [javac-extractor-83835] [WARN] Not rewriting trap file for /root/openjdk8u101-db/trap/java/classes/java/lang/reflect/Constructor.members/Constructor.members#52.0-1619009470000-java.trap.gz as it exists
[2025-05-17 14:13:25] [javac-extractor-83835] [WARN] Not rewriting trap file for /root/openjdk8u101-db/trap/java/classes/java/lang/NoSuchMethodException.members/NoSuchMethodException.members#52.0-1619009470000-java.trap.gz as it exists
[2025-05-17 14:13:25] [javac-extractor-83835] [WARN] Not rewriting trap file for /root/openjdk8u101-db/trap/java/classes/java/lang/SecurityException.members/SecurityException.members#52.0-1619009470000-java.trap.gz as it exists
[2025-05-17 14:13:25] [javac-extractor-83835] [WARN] Not rewriting trap file for /root/openjdk8u101-db/trap/java/classes/java/lang/reflect/Method.members/Method.members#52.0-1619009470000-java.trap.gz as it exists
[2025-05-17 14:13:25] [javac-extractor-83835] [WARN] Not rewriting trap file for /root/openjdk8u101-db/trap/java/classes/java/lang/reflect/Field.members/Field.members#52.0-1619009466000-java.trap.gz as it exists
[2025-05-17 14:13:25] [javac-extractor-83835] [WARN] Not rewriting trap file for /root/openjdk8u101-db/trap/java/classes/java/lang/NoSuchFieldException.members/NoSuchFieldException.members#52.0-1619009470000-java.trap.gz as it exists
[2025-05-17 14:13:25] [javac-extractor-83835] [WARN] Not rewriting trap file for /root/openjdk8u101-db/trap/java/classes/java/lang/Package.members/Package.members#52.0-1619009468000-java.trap.gz as it exists
[2025-05-17 14:13:25] [javac-extractor-83835] [WARN] Not rewriting trap file for /root/openjdk8u101-db/trap/java/classes/java/lang/reflect/TypeVariable.members/TypeVariable.members#52.0-1619009470000-java.trap.gz as it exists
[2025-05-17 14:13:25] [javac-extractor-83835] [WARN] Not rewriting trap file for /root/openjdk8u101-db/trap/java/classes/java/lang/ClassLoader.members/ClassLoader.members#52.0-1619009466000-java.trap.gz as it exists
[2025-05-17 14:13:25] [javac-extractor-83835] [WARN] Not rewriting trap file for /root/openjdk8u101-db/trap/java/classes/java/lang/InstantiationException.members/InstantiationException.members#52.0-1619009466000-java.trap.gz as it exists
[2025-05-17 14:13:25] [javac-extractor-83835] [WARN] Not rewriting trap file for /root/openjdk8u101-db/trap/java/classes/java/lang/IllegalAccessException.members/IllegalAccessException.members#52.0-1619009470000-java.trap.gz as it exists
[2025-05-17 14:13:25] [javac-extractor-83835] [WARN] Not rewriting trap file for /root/openjdk8u101-db/trap/java/classes/java/lang/ClassNotFoundException.members/ClassNotFoundException.members#52.0-1619009468000-java.trap.gz as it exists
[2025-05-17 14:13:25] [javac-extractor-83835] [WARN] Not rewriting trap file for /root/openjdk8u101-db/trap/java/classes/java/lang/ClassValue$ClassValueMap.members/ClassValue$ClassValueMap.members#52.0-1619009470000-java.trap.gz as it exists
[2025-05-17 14:13:25] [javac-extractor-83835] [WARN] Not rewriting trap file for /root/openjdk8u101-db/trap/java/classes/java/nio/file/attribute/FileAttribute.members/FileAttribute.members#52.0-1619009474000-java.trap.gz as it exists
[2025-05-17 14:13:25] [javac-extractor-83835] [WARN] Not rewriting trap file for /root/openjdk8u101-db/trap/java/classes/java/nio/file/FileSystem.members/FileSystem.members#52.0-1619009472000-java.trap.gz as it exists
[2025-05-17 14:13:25] [javac-extractor-83835] Processing file /root/8u101/build/linux-x86_64-normal-server-fastdebug/langtools/genstubs/java/util/function/Predicate.java
[2025-05-17 14:13:25] [javac-extractor-83835] [WARN] Not rewriting trap file for /root/openjdk8u101-db/trap/java/classes/java/util/function/Predicate.members/Predicate.members#0.0-1747491188818-java.trap.gz as it exists
[2025-05-17 14:13:25] [javac-extractor-83835] [WARN] Not rewriting trap file for /root/openjdk8u101-db/trap/java/classes/java/lang/Object.members/Object.members#52.0-1619009460000-java.trap.gz as it exists
[2025-05-17 14:13:25] [javac-extractor-83835] Javac init time: 6.2s
[2025-05-17 14:13:25] [javac-extractor-83835] Javac attr time: 2.9s
[2025-05-17 14:13:25] [javac-extractor-83835] Extractor time: 0.5s
[2025-05-17 14:13:25] [javac-extractor-83835] Other time: 0.4s
[2025-05-17 14:13:25] [javac-extractor-83835] Total time: 10.0s
