[2025-05-17 14:28:11] [javac-extractor-111893] Starting extraction for:
                                               sun.java.command=com.semmle.extractor.java.JavaExtractor --jdk-version -1 --javac-args @@@/root/openjdk8u101-db/log/ext/javac-27.args
                                               user.dir=/root/8u101/jdk/make
[2025-05-17 14:28:11] [javac-extractor-111893] Compilation name /root/openjdk8u101-db/trap/java/diagnostics/diagnostic-5.trap.gz
[2025-05-17 14:28:15] [javac-extractor-111893] Annotation processor class 'lombok.launch.AnnotationProcessorHider$AnnotationProcessor' initialized.
[2025-05-17 14:28:15] [javac-extractor-111893] Annotation processor class 'lombok.launch.AnnotationProcessorHider$ClaimingProcessor' initialized.
[2025-05-17 14:28:17] [javac-extractor-111893] Processing file /root/8u101/jdk/src/share/demo/applets/CardTest/CardTest.java
[2025-05-17 14:28:17] [javac-extractor-111893] Processing file /root/8u101/jdk/src/share/demo/applets/CardTest/CardTest.java
[2025-05-17 14:28:17] [javac-extractor-111893] [WARN] Not rewriting trap file for /root/openjdk8u101-db/trap/java/classes/java/applet/Applet.members/Applet.members#52.0-1747491822068-java.trap.gz as /root/openjdk8u101-db/trap/java/classes/java/applet/Applet.members/Applet.members#0.0-1747489313000-java.trap.gz exists
[2025-05-17 14:28:17] [javac-extractor-111893] [WARN] Not rewriting trap file for /root/openjdk8u101-db/trap/java/classes/java/awt/BorderLayout.members/BorderLayout.members#52.0-1747491822498-java.trap.gz as /root/openjdk8u101-db/trap/java/classes/java/awt/BorderLayout.members/BorderLayout.members#0.0-1747489313000-java.trap.gz exists
[2025-05-17 14:28:17] [javac-extractor-111893] [WARN] Not rewriting trap file for /root/openjdk8u101-db/trap/java/classes/java/awt/Button.members/Button.members#52.0-1747491820768-java.trap.gz as /root/openjdk8u101-db/trap/java/classes/java/awt/Button.members/Button.members#0.0-1747489313000-java.trap.gz exists
[2025-05-17 14:28:17] [javac-extractor-111893] [WARN] Not rewriting trap file for /root/openjdk8u101-db/trap/java/classes/java/awt/CardLayout.members/CardLayout.members#52.0-1747491835368-java.trap.gz as /root/openjdk8u101-db/trap/java/classes/java/awt/CardLayout.members/CardLayout.members#0.0-1747489313000-java.trap.gz exists
[2025-05-17 14:28:17] [javac-extractor-111893] [WARN] Not rewriting trap file for /root/openjdk8u101-db/trap/java/classes/java/awt/Choice.members/Choice.members#52.0-1747491820818-java.trap.gz as /root/openjdk8u101-db/trap/java/classes/java/awt/Choice.members/Choice.members#0.0-1747489313000-java.trap.gz exists
[2025-05-17 14:28:17] [javac-extractor-111893] [WARN] Not rewriting trap file for /root/openjdk8u101-db/trap/java/classes/java/awt/Dimension.members/Dimension.members#52.0-1747491819998-java.trap.gz as /root/openjdk8u101-db/trap/java/classes/java/awt/Dimension.members/Dimension.members#0.0-1747489313000-java.trap.gz exists
[2025-05-17 14:28:17] [javac-extractor-111893] [WARN] Not rewriting trap file for /root/openjdk8u101-db/trap/java/classes/java/awt/FlowLayout.members/FlowLayout.members#52.0-1747491835368-java.trap.gz as /root/openjdk8u101-db/trap/java/classes/java/awt/FlowLayout.members/FlowLayout.members#0.0-1747489313000-java.trap.gz exists
[2025-05-17 14:28:17] [javac-extractor-111893] [WARN] Not rewriting trap file for /root/openjdk8u101-db/trap/java/classes/java/awt/Frame.members/Frame.members#52.0-1747491820578-java.trap.gz as /root/openjdk8u101-db/trap/java/classes/java/awt/Frame.members/Frame.members#0.0-1747489313000-java.trap.gz exists
[2025-05-17 14:28:17] [javac-extractor-111893] [WARN] Not rewriting trap file for /root/openjdk8u101-db/trap/java/classes/java/awt/GridLayout.members/GridLayout.members#52.0-1747491829488-java.trap.gz as /root/openjdk8u101-db/trap/java/classes/java/awt/GridLayout.members/GridLayout.members#0.0-1747489313000-java.trap.gz exists
[2025-05-17 14:28:17] [javac-extractor-111893] [WARN] Not rewriting trap file for /root/openjdk8u101-db/trap/java/classes/java/awt/LayoutManager.members/LayoutManager.members#52.0-1747491820678-java.trap.gz as /root/openjdk8u101-db/trap/java/classes/java/awt/LayoutManager.members/LayoutManager.members#0.0-1747489313000-java.trap.gz exists
[2025-05-17 14:28:17] [javac-extractor-111893] [WARN] Not rewriting trap file for /root/openjdk8u101-db/trap/java/classes/java/awt/Panel.members/Panel.members#52.0-1747491820818-java.trap.gz as /root/openjdk8u101-db/trap/java/classes/java/awt/Panel.members/Panel.members#0.0-1747489313000-java.trap.gz exists
[2025-05-17 14:28:17] [javac-extractor-111893] [WARN] Not rewriting trap file for /root/openjdk8u101-db/trap/java/classes/java/awt/event/ActionEvent.members/ActionEvent.members#52.0-1747491820888-java.trap.gz as /root/openjdk8u101-db/trap/java/classes/java/awt/event/ActionEvent.members/ActionEvent.members#0.0-1747489313000-java.trap.gz exists
[2025-05-17 14:28:17] [javac-extractor-111893] [WARN] Not rewriting trap file for /root/openjdk8u101-db/trap/java/classes/java/awt/event/ActionListener.members/ActionListener.members#52.0-1747491820888-java.trap.gz as /root/openjdk8u101-db/trap/java/classes/java/awt/event/ActionListener.members/ActionListener.members#0.0-1747489313000-java.trap.gz exists
[2025-05-17 14:28:17] [javac-extractor-111893] [WARN] Not rewriting trap file for /root/openjdk8u101-db/trap/java/classes/java/awt/event/ItemEvent.members/ItemEvent.members#52.0-1747491820898-java.trap.gz as /root/openjdk8u101-db/trap/java/classes/java/awt/event/ItemEvent.members/ItemEvent.members#0.0-1747489313000-java.trap.gz exists
[2025-05-17 14:28:17] [javac-extractor-111893] [WARN] Not rewriting trap file for /root/openjdk8u101-db/trap/java/classes/java/awt/event/ItemListener.members/ItemListener.members#52.0-1747491820898-java.trap.gz as /root/openjdk8u101-db/trap/java/classes/java/awt/event/ItemListener.members/ItemListener.members#0.0-1747489313000-java.trap.gz exists
[2025-05-17 14:28:17] [javac-extractor-111893] [WARN] Not rewriting trap file for /root/openjdk8u101-db/trap/java/classes/java/lang/SuppressWarnings.members/SuppressWarnings.members#52.0-1747491820718-java.trap.gz as /root/openjdk8u101-db/trap/java/classes/java/lang/SuppressWarnings.members/SuppressWarnings.members#0.0-1747489313000-java.trap.gz exists
[2025-05-17 14:28:17] [javac-extractor-111893] [WARN] Not rewriting trap file for /root/openjdk8u101-db/trap/java/classes/java/lang/String.members/String.members#52.0-1747491815278-java.trap.gz as /root/openjdk8u101-db/trap/java/classes/java/lang/String.members/String.members#0.0-1747489313000-java.trap.gz exists
[2025-05-17 14:28:17] [javac-extractor-111893] [WARN] Not rewriting trap file for /root/openjdk8u101-db/trap/java/classes/java/lang/Object.members/Object.members#52.0-1747491814958-java.trap.gz as /root/openjdk8u101-db/trap/java/classes/java/lang/Object.members/Object.members#0.0-1747489313000-java.trap.gz exists
[2025-05-17 14:28:17] [javac-extractor-111893] [WARN] Not rewriting trap file for /root/openjdk8u101-db/trap/java/classes/java/lang/Cloneable.members/Cloneable.members#52.0-1747491815178-java.trap.gz as /root/openjdk8u101-db/trap/java/classes/java/lang/Cloneable.members/Cloneable.members#0.0-1747489313000-java.trap.gz exists
[2025-05-17 14:28:17] [javac-extractor-111893] [WARN] Not rewriting trap file for /root/openjdk8u101-db/trap/java/classes/java/io/Serializable.members/Serializable.members#52.0-1747491815178-java.trap.gz as /root/openjdk8u101-db/trap/java/classes/java/io/Serializable.members/Serializable.members#0.0-1747489313000-java.trap.gz exists
[2025-05-17 14:28:17] [javac-extractor-111893] [WARN] Not rewriting trap file for /root/openjdk8u101-db/trap/java/classes/java/awt/Container.members/Container.members#52.0-1747491820428-java.trap.gz as /root/openjdk8u101-db/trap/java/classes/java/awt/Container.members/Container.members#0.0-1747489320000-java.trap.gz exists
[2025-05-17 14:28:17] [javac-extractor-111893] [WARN] Not rewriting trap file for /root/openjdk8u101-db/trap/java/classes/java/awt/Component.members/Component.members#52.0-1747491820438-java.trap.gz as /root/openjdk8u101-db/trap/java/classes/java/awt/Component.members/Component.members#0.0-1747489320000-java.trap.gz exists
[2025-05-17 14:28:17] [javac-extractor-111893] [WARN] Not rewriting trap file for /root/openjdk8u101-db/trap/java/classes/java/lang/Override.members/Override.members#52.0-1747491835198-java.trap.gz as /root/openjdk8u101-db/trap/java/classes/java/lang/Override.members/Override.members#0.0-1747489313000-java.trap.gz exists
[2025-05-17 14:28:17] [javac-extractor-111893] [WARN] Not rewriting trap file for /root/openjdk8u101-db/trap/java/classes/java/util/EventListener.members/EventListener.members#52.0-1747491820258-java.trap.gz as /root/openjdk8u101-db/trap/java/classes/java/util/EventListener.members/EventListener.members#0.0-1747489313000-java.trap.gz exists
[2025-05-17 14:28:17] [javac-extractor-111893] [WARN] Not rewriting trap file for /root/openjdk8u101-db/trap/java/classes/java/awt/Window.members/Window.members#52.0-1747491820418-java.trap.gz as /root/openjdk8u101-db/trap/java/classes/java/awt/Window.members/Window.members#0.0-1747489320000-java.trap.gz exists
[2025-05-17 14:28:17] [javac-extractor-111893] Javac init time: 4.6s
[2025-05-17 14:28:17] [javac-extractor-111893] Javac attr time: 0.9s
[2025-05-17 14:28:17] [javac-extractor-111893] Extractor time: 0.7s
[2025-05-17 14:28:17] [javac-extractor-111893] Other time: 0.6s
[2025-05-17 14:28:17] [javac-extractor-111893] Total time: 6.8s
