[2025-05-17 14:17:08] [javac-extractor-92183] Starting extraction for:
                                              sun.java.command=com.semmle.extractor.java.JavaExtractor --jdk-version -1 --javac-args @@@/root/openjdk8u101-db/log/ext/javac-13.args
                                              user.dir=/root/8u101/corba/make
[2025-05-17 14:17:08] [javac-extractor-92183] Compilation name /root/openjdk8u101-db/trap/java/diagnostics/diagnostic-13.trap.gz
[2025-05-17 14:17:11] [javac-extractor-92183] Annotation processor class 'lombok.launch.AnnotationProcessorHider$AnnotationProcessor' initialized.
[2025-05-17 14:17:11] [javac-extractor-92183] Annotation processor class 'lombok.launch.AnnotationProcessorHider$ClaimingProcessor' initialized.
[2025-05-17 14:17:12] [javac-extractor-92183] Processing file /root/8u101/corba/make/tools/src/build/tools/stripproperties/StripPropertiesCorba.java
[2025-05-17 14:17:13] [javac-extractor-92183] [WARN] Not rewriting trap file for /root/openjdk8u101-db/trap/java/classes/java/io/BufferedInputStream.members/BufferedInputStream.members#52.0-1619009492000-java.trap.gz as it exists
[2025-05-17 14:17:13] [javac-extractor-92183] [WARN] Not rewriting trap file for /root/openjdk8u101-db/trap/java/classes/java/io/BufferedWriter.members/BufferedWriter.members#52.0-1619009472000-java.trap.gz as it exists
[2025-05-17 14:17:13] [javac-extractor-92183] [WARN] Not rewriting trap file for /root/openjdk8u101-db/trap/java/classes/java/io/FileInputStream.members/FileInputStream.members#52.0-1619009486000-java.trap.gz as it exists
[2025-05-17 14:17:13] [javac-extractor-92183] [WARN] Not rewriting trap file for /root/openjdk8u101-db/trap/java/classes/java/io/FileNotFoundException.members/FileNotFoundException.members#52.0-1619009472000-java.trap.gz as it exists
[2025-05-17 14:17:13] [javac-extractor-92183] [WARN] Not rewriting trap file for /root/openjdk8u101-db/trap/java/classes/java/io/FileOutputStream.members/FileOutputStream.members#52.0-1619009512000-java.trap.gz as it exists
[2025-05-17 14:17:13] [javac-extractor-92183] [WARN] Not rewriting trap file for /root/openjdk8u101-db/trap/java/classes/java/io/OutputStream.members/OutputStream.members#52.0-1619009470000-java.trap.gz as it exists
[2025-05-17 14:17:13] [javac-extractor-92183] [WARN] Not rewriting trap file for /root/openjdk8u101-db/trap/java/classes/java/io/OutputStreamWriter.members/OutputStreamWriter.members#52.0-1619009472000-java.trap.gz as it exists
[2025-05-17 14:17:13] [javac-extractor-92183] [WARN] Not rewriting trap file for /root/openjdk8u101-db/trap/java/classes/java/io/IOException.members/IOException.members#52.0-1619009466000-java.trap.gz as it exists
[2025-05-17 14:17:13] [javac-extractor-92183] [WARN] Not rewriting trap file for /root/openjdk8u101-db/trap/java/classes/java/io/InputStream.members/InputStream.members#52.0-1619009468000-java.trap.gz as it exists
[2025-05-17 14:17:13] [javac-extractor-92183] [WARN] Not rewriting trap file for /root/openjdk8u101-db/trap/java/classes/java/util/ArrayList.members/ArrayList.members#52.0-1619009472000-java.trap.gz as it exists
[2025-05-17 14:17:13] [javac-extractor-92183] [WARN] Not rewriting trap file for /root/openjdk8u101-db/trap/java/classes/java/util/Enumeration.members/Enumeration.members#52.0-1619009468000-java.trap.gz as it exists
[2025-05-17 14:17:13] [javac-extractor-92183] [WARN] Not rewriting trap file for /root/openjdk8u101-db/trap/java/classes/java/util/Iterator.members/Iterator.members#52.0-1619009470000-java.trap.gz as it exists
[2025-05-17 14:17:13] [javac-extractor-92183] [WARN] Not rewriting trap file for /root/openjdk8u101-db/trap/java/classes/java/util/List.members/List.members#52.0-1619009468000-java.trap.gz as it exists
[2025-05-17 14:17:13] [javac-extractor-92183] [WARN] Not rewriting trap file for /root/openjdk8u101-db/trap/java/classes/java/util/Properties.members/Properties.members#52.0-1619009470000-java.trap.gz as it exists
[2025-05-17 14:17:13] [javac-extractor-92183] [WARN] Not rewriting trap file for /root/openjdk8u101-db/trap/java/classes/java/lang/Object.members/Object.members#52.0-1619009460000-java.trap.gz as it exists
[2025-05-17 14:17:13] [javac-extractor-92183] [WARN] Not rewriting trap file for /root/openjdk8u101-db/trap/java/classes/java/lang/Cloneable.members/Cloneable.members#52.0-1619009468000-java.trap.gz as it exists
[2025-05-17 14:17:13] [javac-extractor-92183] [WARN] Not rewriting trap file for /root/openjdk8u101-db/trap/java/classes/java/io/Serializable.members/Serializable.members#52.0-1619009460000-java.trap.gz as it exists
[2025-05-17 14:17:13] [javac-extractor-92183] [WARN] Not rewriting trap file for /root/openjdk8u101-db/trap/java/classes/java/lang/String.members/String.members#52.0-1619009460000-java.trap.gz as it exists
[2025-05-17 14:17:13] [javac-extractor-92183] [WARN] Not rewriting trap file for /root/openjdk8u101-db/trap/java/classes/java/util/Collection.members/Collection.members#52.0-1619009468000-java.trap.gz as it exists
[2025-05-17 14:17:13] [javac-extractor-92183] [WARN] Not rewriting trap file for /root/openjdk8u101-db/trap/java/classes/java/lang/Iterable.members/Iterable.members#52.0-1619009466000-java.trap.gz as it exists
[2025-05-17 14:17:13] [javac-extractor-92183] [WARN] Not rewriting trap file for /root/openjdk8u101-db/trap/java/classes/java/lang/Exception.members/Exception.members#52.0-1619009466000-java.trap.gz as it exists
[2025-05-17 14:17:13] [javac-extractor-92183] [WARN] Not rewriting trap file for /root/openjdk8u101-db/trap/java/classes/java/util/AbstractList.members/AbstractList.members#52.0-1619009468000-java.trap.gz as it exists
[2025-05-17 14:17:13] [javac-extractor-92183] [WARN] Not rewriting trap file for /root/openjdk8u101-db/trap/java/classes/java/util/AbstractCollection.members/AbstractCollection.members#52.0-1619009468000-java.trap.gz as it exists
[2025-05-17 14:17:13] [javac-extractor-92183] [WARN] Not rewriting trap file for /root/openjdk8u101-db/trap/java/classes/java/util/RandomAccess.members/RandomAccess.members#52.0-1619009468000-java.trap.gz as it exists
[2025-05-17 14:17:13] [javac-extractor-92183] [WARN] Not rewriting trap file for /root/openjdk8u101-db/trap/java/classes/java/util/Spliterator.members/Spliterator.members#52.0-1619009470000-java.trap.gz as it exists
[2025-05-17 14:17:13] [javac-extractor-92183] [WARN] Not rewriting trap file for /root/openjdk8u101-db/trap/java/classes/java/util/function/Consumer.members/Consumer.members#52.0-1619009470000-java.trap.gz as it exists
[2025-05-17 14:17:13] [javac-extractor-92183] [WARN] Not rewriting trap file for /root/openjdk8u101-db/trap/java/classes/java/lang/FunctionalInterface.members/FunctionalInterface.members#52.0-1619009466000-java.trap.gz as it exists
[2025-05-17 14:17:13] [javac-extractor-92183] [WARN] Not rewriting trap file for /root/openjdk8u101-db/trap/java/classes/java/util/stream/Stream.members/Stream.members#52.0-1619009470000-java.trap.gz as it exists
[2025-05-17 14:17:13] [javac-extractor-92183] [WARN] Not rewriting trap file for /root/openjdk8u101-db/trap/java/classes/java/util/stream/BaseStream.members/BaseStream.members#52.0-1619009468000-java.trap.gz as it exists
[2025-05-17 14:17:13] [javac-extractor-92183] [WARN] Not rewriting trap file for /root/openjdk8u101-db/trap/java/classes/java/lang/AutoCloseable.members/AutoCloseable.members#52.0-1619009468000-java.trap.gz as it exists
[2025-05-17 14:17:13] [javac-extractor-92183] [WARN] Not rewriting trap file for /root/openjdk8u101-db/trap/java/classes/java/util/function/Predicate.members/Predicate.members#52.0-1619009470000-java.trap.gz as the trap-old exists
[2025-05-17 14:17:13] [javac-extractor-92183] [WARN] Not rewriting trap file for /root/openjdk8u101-db/trap/java/classes/java/util/ListIterator.members/ListIterator.members#52.0-1619009470000-java.trap.gz as it exists
[2025-05-17 14:17:13] [javac-extractor-92183] [WARN] Not rewriting trap file for /root/openjdk8u101-db/trap/java/classes/java/util/Comparator.members/Comparator.members#52.0-1619009466000-java.trap.gz as it exists
[2025-05-17 14:17:13] [javac-extractor-92183] [WARN] Not rewriting trap file for /root/openjdk8u101-db/trap/java/classes/java/util/function/UnaryOperator.members/UnaryOperator.members#52.0-1619009470000-java.trap.gz as it exists
[2025-05-17 14:17:13] [javac-extractor-92183] [WARN] Not rewriting trap file for /root/openjdk8u101-db/trap/java/classes/java/util/function/Function.members/Function.members#52.0-1619009470000-java.trap.gz as it exists
[2025-05-17 14:17:13] [javac-extractor-92183] [WARN] Not rewriting trap file for /root/openjdk8u101-db/trap/java/classes/java/io/PrintStream.members/PrintStream.members#52.0-1619009470000-java.trap.gz as it exists
[2025-05-17 14:17:13] [javac-extractor-92183] [WARN] Not rewriting trap file for /root/openjdk8u101-db/trap/java/classes/java/lang/System.members/System.members#52.0-1619009516000-java.trap.gz as it exists
[2025-05-17 14:17:13] [javac-extractor-92183] [WARN] Not rewriting trap file for /root/openjdk8u101-db/trap/java/classes/java/lang/Throwable.members/Throwable.members#52.0-1619009466000-java.trap.gz as it exists
[2025-05-17 14:17:13] [javac-extractor-92183] [WARN] Not rewriting trap file for /root/openjdk8u101-db/trap/java/classes/java/lang/StringBuffer.members/StringBuffer.members#52.0-1619009466000-java.trap.gz as it exists
[2025-05-17 14:17:13] [javac-extractor-92183] [WARN] Not rewriting trap file for /root/openjdk8u101-db/trap/java/classes/java/io/Writer.members/Writer.members#52.0-1619009470000-java.trap.gz as it exists
[2025-05-17 14:17:13] [javac-extractor-92183] [WARN] Not rewriting trap file for /root/openjdk8u101-db/trap/java/classes/java/util/Hashtable.members/Hashtable.members#52.0-1619009470000-java.trap.gz as it exists
[2025-05-17 14:17:13] [javac-extractor-92183] [WARN] Not rewriting trap file for /root/openjdk8u101-db/trap/java/classes/java/util/Dictionary.members/Dictionary.members#52.0-1619009470000-java.trap.gz as it exists
[2025-05-17 14:17:13] [javac-extractor-92183] [WARN] Not rewriting trap file for /root/openjdk8u101-db/trap/java/classes/java/util/Map.members/Map.members#52.0-1619009468000-java.trap.gz as it exists
[2025-05-17 14:17:13] [javac-extractor-92183] [WARN] Not rewriting trap file for /root/openjdk8u101-db/trap/java/classes/java/util/function/BiFunction.members/BiFunction.members#52.0-1619009470000-java.trap.gz as it exists
[2025-05-17 14:17:13] [javac-extractor-92183] [WARN] Not rewriting trap file for /root/openjdk8u101-db/trap/java/classes/java/util/function/BiConsumer.members/BiConsumer.members#52.0-1619009470000-java.trap.gz as it exists
[2025-05-17 14:17:13] [javac-extractor-92183] [WARN] Not rewriting trap file for /root/openjdk8u101-db/trap/java/classes/java/util/Set.members/Set.members#52.0-1619009470000-java.trap.gz as it exists
[2025-05-17 14:17:13] [javac-extractor-92183] [WARN] Not rewriting trap file for /root/openjdk8u101-db/trap/java/classes/java/util/Map$Entry.members/Map$Entry.members#52.0-1619009468000-java.trap.gz as it exists
[2025-05-17 14:17:13] [javac-extractor-92183] Javac init time: 2.8s
[2025-05-17 14:17:13] [javac-extractor-92183] Javac attr time: 0.7s
[2025-05-17 14:17:13] [javac-extractor-92183] Extractor time: 0.8s
[2025-05-17 14:17:13] [javac-extractor-92183] Other time: 0.3s
[2025-05-17 14:17:13] [javac-extractor-92183] Total time: 4.5s
