[2025-05-17 14:13:29] [javac-extractor-84871] Starting extraction for:
                                              sun.java.command=com.semmle.extractor.java.JavaExtractor --jdk-version -1 --javac-args @@@/root/openjdk8u101-db/log/ext/javac-3.args
                                              user.dir=/root/8u101/build/linux-x86_64-normal-server-fastdebug/hotspot/linux_amd64_compiler2/fastdebug
[2025-05-17 14:13:29] [javac-extractor-84871] Compilation name /root/openjdk8u101-db/trap/java/diagnostics/diagnostic-3.trap.gz
[2025-05-17 14:13:31] [javac-extractor-84871] Annotation processor class 'lombok.launch.AnnotationProcessorHider$AnnotationProcessor' initialized.
[2025-05-17 14:13:31] [javac-extractor-84871] Annotation processor class 'lombok.launch.AnnotationProcessorHider$ClaimingProcessor' initialized.
[2025-05-17 14:13:31] [javac-extractor-84871] Processing file /root/8u101/hotspot/src/share/vm/prims/jvmtiGen.java
[2025-05-17 14:13:31] [javac-extractor-84871] [WARN] Not rewriting trap file for /root/openjdk8u101-db/trap/java/classes/javax/xml/parsers/ParserConfigurationException.members/ParserConfigurationException.members#52.0-1619009328000-java.trap.gz as it exists
[2025-05-17 14:13:31] [javac-extractor-84871] [WARN] Not rewriting trap file for /root/openjdk8u101-db/trap/java/classes/org/xml/sax/SAXException.members/SAXException.members#52.0-1619009326000-java.trap.gz as it exists
[2025-05-17 14:13:31] [javac-extractor-84871] [WARN] Not rewriting trap file for /root/openjdk8u101-db/trap/java/classes/org/xml/sax/SAXParseException.members/SAXParseException.members#52.0-1619009326000-java.trap.gz as it exists
[2025-05-17 14:13:31] [javac-extractor-84871] [WARN] Not rewriting trap file for /root/openjdk8u101-db/trap/java/classes/java/lang/Object.members/Object.members#52.0-1619009460000-java.trap.gz as it exists
[2025-05-17 14:13:31] [javac-extractor-84871] [WARN] Not rewriting trap file for /root/openjdk8u101-db/trap/java/classes/java/io/PrintStream.members/PrintStream.members#52.0-1619009470000-java.trap.gz as it exists
[2025-05-17 14:13:31] [javac-extractor-84871] [WARN] Not rewriting trap file for /root/openjdk8u101-db/trap/java/classes/java/lang/String.members/String.members#52.0-1619009460000-java.trap.gz as it exists
[2025-05-17 14:13:31] [javac-extractor-84871] [WARN] Not rewriting trap file for /root/openjdk8u101-db/trap/java/classes/java/lang/System.members/System.members#52.0-1619009516000-java.trap.gz as it exists
[2025-05-17 14:13:31] [javac-extractor-84871] [WARN] Not rewriting trap file for /root/openjdk8u101-db/trap/java/classes/java/lang/Cloneable.members/Cloneable.members#52.0-1619009468000-java.trap.gz as it exists
[2025-05-17 14:13:31] [javac-extractor-84871] [WARN] Not rewriting trap file for /root/openjdk8u101-db/trap/java/classes/java/io/Serializable.members/Serializable.members#52.0-1619009460000-java.trap.gz as it exists
[2025-05-17 14:13:31] [javac-extractor-84871] [WARN] Not rewriting trap file for /root/openjdk8u101-db/trap/java/classes/java/util/Vector.members/Vector.members#52.0-1619009468000-java.trap.gz as it exists
[2025-05-17 14:13:31] [javac-extractor-84871] [WARN] Not rewriting trap file for /root/openjdk8u101-db/trap/java/classes/java/util/AbstractList.members/AbstractList.members#52.0-1619009468000-java.trap.gz as it exists
[2025-05-17 14:13:31] [javac-extractor-84871] [WARN] Not rewriting trap file for /root/openjdk8u101-db/trap/java/classes/java/util/AbstractCollection.members/AbstractCollection.members#52.0-1619009468000-java.trap.gz as it exists
[2025-05-17 14:13:31] [javac-extractor-84871] [WARN] Not rewriting trap file for /root/openjdk8u101-db/trap/java/classes/java/util/Collection.members/Collection.members#52.0-1619009468000-java.trap.gz as it exists
[2025-05-17 14:13:31] [javac-extractor-84871] [WARN] Not rewriting trap file for /root/openjdk8u101-db/trap/java/classes/java/lang/Iterable.members/Iterable.members#52.0-1619009466000-java.trap.gz as it exists
[2025-05-17 14:13:31] [javac-extractor-84871] [WARN] Not rewriting trap file for /root/openjdk8u101-db/trap/java/classes/java/util/List.members/List.members#52.0-1619009468000-java.trap.gz as it exists
[2025-05-17 14:13:31] [javac-extractor-84871] [WARN] Not rewriting trap file for /root/openjdk8u101-db/trap/java/classes/java/util/RandomAccess.members/RandomAccess.members#52.0-1619009468000-java.trap.gz as it exists
[2025-05-17 14:13:31] [javac-extractor-84871] [WARN] Not rewriting trap file for /root/openjdk8u101-db/trap/java/classes/java/util/Spliterator.members/Spliterator.members#52.0-1619009470000-java.trap.gz as it exists
[2025-05-17 14:13:31] [javac-extractor-84871] [WARN] Not rewriting trap file for /root/openjdk8u101-db/trap/java/classes/java/util/function/Consumer.members/Consumer.members#52.0-1619009470000-java.trap.gz as it exists
[2025-05-17 14:13:31] [javac-extractor-84871] [WARN] Not rewriting trap file for /root/openjdk8u101-db/trap/java/classes/java/lang/FunctionalInterface.members/FunctionalInterface.members#52.0-1619009466000-java.trap.gz as it exists
[2025-05-17 14:13:31] [javac-extractor-84871] [WARN] Not rewriting trap file for /root/openjdk8u101-db/trap/java/classes/java/util/Iterator.members/Iterator.members#52.0-1619009470000-java.trap.gz as it exists
[2025-05-17 14:13:31] [javac-extractor-84871] [WARN] Not rewriting trap file for /root/openjdk8u101-db/trap/java/classes/java/util/stream/Stream.members/Stream.members#52.0-1619009470000-java.trap.gz as it exists
[2025-05-17 14:13:31] [javac-extractor-84871] [WARN] Not rewriting trap file for /root/openjdk8u101-db/trap/java/classes/java/util/stream/BaseStream.members/BaseStream.members#52.0-1619009468000-java.trap.gz as it exists
[2025-05-17 14:13:31] [javac-extractor-84871] [WARN] Not rewriting trap file for /root/openjdk8u101-db/trap/java/classes/java/lang/AutoCloseable.members/AutoCloseable.members#52.0-1619009468000-java.trap.gz as it exists
[2025-05-17 14:13:31] [javac-extractor-84871] [WARN] Not rewriting trap file for /root/openjdk8u101-db/trap/java/classes/java/util/function/Predicate.members/Predicate.members#52.0-1619009470000-java.trap.gz as the trap-old exists
[2025-05-17 14:13:31] [javac-extractor-84871] [WARN] Not rewriting trap file for /root/openjdk8u101-db/trap/java/classes/java/util/ListIterator.members/ListIterator.members#52.0-1619009470000-java.trap.gz as it exists
[2025-05-17 14:13:31] [javac-extractor-84871] [WARN] Not rewriting trap file for /root/openjdk8u101-db/trap/java/classes/java/util/Comparator.members/Comparator.members#52.0-1619009466000-java.trap.gz as it exists
[2025-05-17 14:13:31] [javac-extractor-84871] [WARN] Not rewriting trap file for /root/openjdk8u101-db/trap/java/classes/java/util/function/UnaryOperator.members/UnaryOperator.members#52.0-1619009470000-java.trap.gz as it exists
[2025-05-17 14:13:31] [javac-extractor-84871] [WARN] Not rewriting trap file for /root/openjdk8u101-db/trap/java/classes/java/util/function/Function.members/Function.members#52.0-1619009470000-java.trap.gz as it exists
[2025-05-17 14:13:31] [javac-extractor-84871] [WARN] Not rewriting trap file for /root/openjdk8u101-db/trap/java/classes/java/util/Enumeration.members/Enumeration.members#52.0-1619009468000-java.trap.gz as it exists
[2025-05-17 14:13:31] [javac-extractor-84871] [WARN] Not rewriting trap file for /root/openjdk8u101-db/trap/java/classes/java/lang/Class.members/Class.members#52.0-1619009466000-java.trap.gz as it exists
[2025-05-17 14:13:31] [javac-extractor-84871] [WARN] Not rewriting trap file for /root/openjdk8u101-db/trap/java/classes/java/lang/reflect/GenericDeclaration.members/GenericDeclaration.members#52.0-1619009466000-java.trap.gz as it exists
[2025-05-17 14:13:31] [javac-extractor-84871] [WARN] Not rewriting trap file for /root/openjdk8u101-db/trap/java/classes/java/lang/reflect/Type.members/Type.members#52.0-1619009466000-java.trap.gz as it exists
[2025-05-17 14:13:31] [javac-extractor-84871] [WARN] Not rewriting trap file for /root/openjdk8u101-db/trap/java/classes/java/lang/reflect/AnnotatedElement.members/AnnotatedElement.members#52.0-1619009466000-java.trap.gz as it exists
[2025-05-17 14:13:31] [javac-extractor-84871] [WARN] Not rewriting trap file for /root/openjdk8u101-db/trap/java/classes/java/lang/ClassNotFoundException.members/ClassNotFoundException.members#52.0-1619009468000-java.trap.gz as it exists
[2025-05-17 14:13:31] [javac-extractor-84871] [WARN] Not rewriting trap file for /root/openjdk8u101-db/trap/java/classes/java/io/File.members/File.members#52.0-1619009470000-java.trap.gz as it exists
[2025-05-17 14:13:31] [javac-extractor-84871] [WARN] Not rewriting trap file for /root/openjdk8u101-db/trap/java/classes/javax/xml/transform/Source.members/Source.members#52.0-1619009328000-java.trap.gz as it exists
[2025-05-17 14:13:31] [javac-extractor-84871] [WARN] Not rewriting trap file for /root/openjdk8u101-db/trap/java/classes/java/io/FileOutputStream.members/FileOutputStream.members#52.0-1619009512000-java.trap.gz as it exists
[2025-05-17 14:13:31] [javac-extractor-84871] [WARN] Not rewriting trap file for /root/openjdk8u101-db/trap/java/classes/java/io/OutputStream.members/OutputStream.members#52.0-1619009470000-java.trap.gz as it exists
[2025-05-17 14:13:31] [javac-extractor-84871] [WARN] Not rewriting trap file for /root/openjdk8u101-db/trap/java/classes/javax/xml/transform/Result.members/Result.members#52.0-1619009328000-java.trap.gz as it exists
[2025-05-17 14:13:31] [javac-extractor-84871] [WARN] Not rewriting trap file for /root/openjdk8u101-db/trap/java/classes/java/lang/Throwable.members/Throwable.members#52.0-1619009466000-java.trap.gz as it exists
[2025-05-17 14:13:31] [javac-extractor-84871] [WARN] Not rewriting trap file for /root/openjdk8u101-db/trap/java/classes/java/lang/Exception.members/Exception.members#52.0-1619009466000-java.trap.gz as it exists
[2025-05-17 14:13:31] [javac-extractor-84871] [WARN] Not rewriting trap file for /root/openjdk8u101-db/trap/java/classes/java/io/IOException.members/IOException.members#52.0-1619009466000-java.trap.gz as it exists
[2025-05-17 14:13:31] [javac-extractor-84871] [WARN] Not rewriting trap file for /root/openjdk8u101-db/trap/java/classes/javax/xml/validation/Schema.members/Schema.members#52.0-1619009328000-java.trap.gz as it exists
[2025-05-17 14:13:31] [javac-extractor-84871] [WARN] Not rewriting trap file for /root/openjdk8u101-db/trap/java/classes/org/xml/sax/ErrorHandler.members/ErrorHandler.members#52.0-1619009326000-java.trap.gz as it exists
[2025-05-17 14:13:31] [javac-extractor-84871] [WARN] Not rewriting trap file for /root/openjdk8u101-db/trap/java/classes/org/xml/sax/EntityResolver.members/EntityResolver.members#52.0-1619009326000-java.trap.gz as it exists
[2025-05-17 14:13:31] [javac-extractor-84871] [WARN] Not rewriting trap file for /root/openjdk8u101-db/trap/java/classes/org/xml/sax/InputSource.members/InputSource.members#52.0-1619009326000-java.trap.gz as it exists
[2025-05-17 14:13:31] [javac-extractor-84871] [WARN] Not rewriting trap file for /root/openjdk8u101-db/trap/java/classes/java/io/InputStream.members/InputStream.members#52.0-1619009468000-java.trap.gz as it exists
[2025-05-17 14:13:31] [javac-extractor-84871] [WARN] Not rewriting trap file for /root/openjdk8u101-db/trap/java/classes/java/lang/IllegalArgumentException.members/IllegalArgumentException.members#52.0-1619009468000-java.trap.gz as it exists
[2025-05-17 14:13:31] [javac-extractor-84871] [WARN] Not rewriting trap file for /root/openjdk8u101-db/trap/java/classes/java/lang/ClassLoader.members/ClassLoader.members#52.0-1619009466000-java.trap.gz as it exists
[2025-05-17 14:13:31] [javac-extractor-84871] [WARN] Not rewriting trap file for /root/openjdk8u101-db/trap/java/classes/java/lang/Error.members/Error.members#52.0-1619009468000-java.trap.gz as it exists
[2025-05-17 14:13:31] [javac-extractor-84871] [WARN] Not rewriting trap file for /root/openjdk8u101-db/trap/java/classes/java/lang/RuntimeException.members/RuntimeException.members#52.0-1619009468000-java.trap.gz as it exists
[2025-05-17 14:13:31] [javac-extractor-84871] [WARN] Not rewriting trap file for /root/openjdk8u101-db/trap/java/classes/java/util/Properties.members/Properties.members#52.0-1619009470000-java.trap.gz as it exists
[2025-05-17 14:13:31] [javac-extractor-84871] [WARN] Not rewriting trap file for /root/openjdk8u101-db/trap/java/classes/java/io/PrintWriter.members/PrintWriter.members#52.0-1619009470000-java.trap.gz as it exists
[2025-05-17 14:13:31] [javac-extractor-84871] [WARN] Not rewriting trap file for /root/openjdk8u101-db/trap/java/classes/java/io/Reader.members/Reader.members#52.0-1619009472000-java.trap.gz as it exists
[2025-05-17 14:13:31] [javac-extractor-84871] [WARN] Not rewriting trap file for /root/openjdk8u101-db/trap/java/classes/java/io/Writer.members/Writer.members#52.0-1619009470000-java.trap.gz as it exists
[2025-05-17 14:13:31] [javac-extractor-84871] [WARN] Not rewriting trap file for /root/openjdk8u101-db/trap/java/classes/org/w3c/dom/TypeInfo.members/TypeInfo.members#52.0-1619009328000-java.trap.gz as it exists
[2025-05-17 14:13:31] [javac-extractor-84871] Javac init time: 1.2s
[2025-05-17 14:13:31] [javac-extractor-84871] Javac attr time: 0.2s
[2025-05-17 14:13:31] [javac-extractor-84871] Extractor time: 0.4s
[2025-05-17 14:13:31] [javac-extractor-84871] Other time: 0.2s
[2025-05-17 14:13:31] [javac-extractor-84871] Total time: 1.9s
