[2025-05-17 14:28:11] [javac-extractor-111886] Starting extraction for:
                                               sun.java.command=com.semmle.extractor.java.JavaExtractor --jdk-version -1 --javac-args @@@/root/openjdk8u101-db/log/ext/javac-26.args
                                               user.dir=/root/8u101/jdk/make
[2025-05-17 14:28:11] [javac-extractor-111886] Compilation name /root/openjdk8u101-db/trap/java/diagnostics/diagnostic-4.trap.gz
[2025-05-17 14:28:16] [javac-extractor-111886] Annotation processor class 'lombok.launch.AnnotationProcessorHider$AnnotationProcessor' initialized.
[2025-05-17 14:28:16] [javac-extractor-111886] Annotation processor class 'lombok.launch.AnnotationProcessorHider$ClaimingProcessor' initialized.
[2025-05-17 14:28:18] [javac-extractor-111886] Processing file /root/8u101/jdk/src/share/demo/applets/DrawTest/DrawTest.java
[2025-05-17 14:28:19] [javac-extractor-111886] Processing file /root/8u101/jdk/src/share/demo/applets/DrawTest/DrawTest.java
[2025-05-17 14:28:20] [javac-extractor-111886] Processing file /root/8u101/jdk/src/share/demo/applets/DrawTest/DrawTest.java
[2025-05-17 14:28:20] [javac-extractor-111886] [WARN] Not rewriting trap file for /root/openjdk8u101-db/trap/java/classes/java/applet/Applet.members/Applet.members#52.0-1747491822068-java.trap.gz as /root/openjdk8u101-db/trap/java/classes/java/applet/Applet.members/Applet.members#0.0-1747489313000-java.trap.gz exists
[2025-05-17 14:28:20] [javac-extractor-111886] [WARN] Not rewriting trap file for /root/openjdk8u101-db/trap/java/classes/java/awt/BorderLayout.members/BorderLayout.members#52.0-1747491822498-java.trap.gz as /root/openjdk8u101-db/trap/java/classes/java/awt/BorderLayout.members/BorderLayout.members#0.0-1747489313000-java.trap.gz exists
[2025-05-17 14:28:20] [javac-extractor-111886] [WARN] Not rewriting trap file for /root/openjdk8u101-db/trap/java/classes/java/awt/Checkbox.members/Checkbox.members#52.0-1747491820798-java.trap.gz as /root/openjdk8u101-db/trap/java/classes/java/awt/Checkbox.members/Checkbox.members#0.0-1747489313000-java.trap.gz exists
[2025-05-17 14:28:20] [javac-extractor-111886] [WARN] Not rewriting trap file for /root/openjdk8u101-db/trap/java/classes/java/awt/CheckboxGroup.members/CheckboxGroup.members#52.0-1747491820898-java.trap.gz as /root/openjdk8u101-db/trap/java/classes/java/awt/CheckboxGroup.members/CheckboxGroup.members#0.0-1747489313000-java.trap.gz exists
[2025-05-17 14:28:20] [javac-extractor-111886] [WARN] Not rewriting trap file for /root/openjdk8u101-db/trap/java/classes/java/awt/Choice.members/Choice.members#52.0-1747491820818-java.trap.gz as /root/openjdk8u101-db/trap/java/classes/java/awt/Choice.members/Choice.members#0.0-1747489313000-java.trap.gz exists
[2025-05-17 14:28:20] [javac-extractor-111886] [WARN] Not rewriting trap file for /root/openjdk8u101-db/trap/java/classes/java/awt/Color.members/Color.members#52.0-1747491820178-java.trap.gz as /root/openjdk8u101-db/trap/java/classes/java/awt/Color.members/Color.members#0.0-1747489313000-java.trap.gz exists
[2025-05-17 14:28:20] [javac-extractor-111886] [WARN] Not rewriting trap file for /root/openjdk8u101-db/trap/java/classes/java/awt/Component.members/Component.members#52.0-1747491820438-java.trap.gz as /root/openjdk8u101-db/trap/java/classes/java/awt/Component.members/Component.members#0.0-1747489320000-java.trap.gz exists
[2025-05-17 14:28:20] [javac-extractor-111886] [WARN] Not rewriting trap file for /root/openjdk8u101-db/trap/java/classes/java/awt/Dimension.members/Dimension.members#52.0-1747491819998-java.trap.gz as /root/openjdk8u101-db/trap/java/classes/java/awt/Dimension.members/Dimension.members#0.0-1747489313000-java.trap.gz exists
[2025-05-17 14:28:20] [javac-extractor-111886] [WARN] Not rewriting trap file for /root/openjdk8u101-db/trap/java/classes/java/awt/FlowLayout.members/FlowLayout.members#52.0-1747491835368-java.trap.gz as /root/openjdk8u101-db/trap/java/classes/java/awt/FlowLayout.members/FlowLayout.members#0.0-1747489313000-java.trap.gz exists
[2025-05-17 14:28:20] [javac-extractor-111886] [WARN] Not rewriting trap file for /root/openjdk8u101-db/trap/java/classes/java/awt/Frame.members/Frame.members#52.0-1747491820578-java.trap.gz as /root/openjdk8u101-db/trap/java/classes/java/awt/Frame.members/Frame.members#0.0-1747489313000-java.trap.gz exists
[2025-05-17 14:28:20] [javac-extractor-111886] [WARN] Not rewriting trap file for /root/openjdk8u101-db/trap/java/classes/java/awt/Graphics.members/Graphics.members#52.0-1747491820118-java.trap.gz as /root/openjdk8u101-db/trap/java/classes/java/awt/Graphics.members/Graphics.members#0.0-1747489313000-java.trap.gz exists
[2025-05-17 14:28:20] [javac-extractor-111886] [WARN] Not rewriting trap file for /root/openjdk8u101-db/trap/java/classes/java/awt/Panel.members/Panel.members#52.0-1747491820818-java.trap.gz as /root/openjdk8u101-db/trap/java/classes/java/awt/Panel.members/Panel.members#0.0-1747489313000-java.trap.gz exists
[2025-05-17 14:28:20] [javac-extractor-111886] [WARN] Not rewriting trap file for /root/openjdk8u101-db/trap/java/classes/java/awt/Point.members/Point.members#52.0-1747491820028-java.trap.gz as /root/openjdk8u101-db/trap/java/classes/java/awt/Point.members/Point.members#0.0-1747489313000-java.trap.gz exists
[2025-05-17 14:28:20] [javac-extractor-111886] [WARN] Not rewriting trap file for /root/openjdk8u101-db/trap/java/classes/java/awt/Rectangle.members/Rectangle.members#52.0-1747491820008-java.trap.gz as /root/openjdk8u101-db/trap/java/classes/java/awt/Rectangle.members/Rectangle.members#0.0-1747489313000-java.trap.gz exists
[2025-05-17 14:28:20] [javac-extractor-111886] [WARN] Not rewriting trap file for /root/openjdk8u101-db/trap/java/classes/java/awt/event/ItemEvent.members/ItemEvent.members#52.0-1747491820898-java.trap.gz as /root/openjdk8u101-db/trap/java/classes/java/awt/event/ItemEvent.members/ItemEvent.members#0.0-1747489313000-java.trap.gz exists
[2025-05-17 14:28:20] [javac-extractor-111886] [WARN] Not rewriting trap file for /root/openjdk8u101-db/trap/java/classes/java/awt/event/ItemListener.members/ItemListener.members#52.0-1747491820898-java.trap.gz as /root/openjdk8u101-db/trap/java/classes/java/awt/event/ItemListener.members/ItemListener.members#0.0-1747489313000-java.trap.gz exists
[2025-05-17 14:28:20] [javac-extractor-111886] [WARN] Not rewriting trap file for /root/openjdk8u101-db/trap/java/classes/java/awt/event/MouseEvent.members/MouseEvent.members#52.0-1747491820678-java.trap.gz as /root/openjdk8u101-db/trap/java/classes/java/awt/event/MouseEvent.members/MouseEvent.members#0.0-1747489320000-java.trap.gz exists
[2025-05-17 14:28:20] [javac-extractor-111886] [WARN] Not rewriting trap file for /root/openjdk8u101-db/trap/java/classes/java/awt/event/MouseListener.members/MouseListener.members#52.0-1747491820718-java.trap.gz as /root/openjdk8u101-db/trap/java/classes/java/awt/event/MouseListener.members/MouseListener.members#0.0-1747489313000-java.trap.gz exists
[2025-05-17 14:28:20] [javac-extractor-111886] [WARN] Not rewriting trap file for /root/openjdk8u101-db/trap/java/classes/java/awt/event/MouseMotionListener.members/MouseMotionListener.members#52.0-1747491820718-java.trap.gz as /root/openjdk8u101-db/trap/java/classes/java/awt/event/MouseMotionListener.members/MouseMotionListener.members#0.0-1747489313000-java.trap.gz exists
[2025-05-17 14:28:20] [javac-extractor-111886] [WARN] Not rewriting trap file for /root/openjdk8u101-db/trap/java/classes/java/util/ArrayList.members/ArrayList.members#52.0-1747491819018-java.trap.gz as /root/openjdk8u101-db/trap/java/classes/java/util/ArrayList.members/ArrayList.members#0.0-1747489320000-java.trap.gz exists
[2025-05-17 14:28:20] [javac-extractor-111886] [WARN] Not rewriting trap file for /root/openjdk8u101-db/trap/java/classes/java/util/List.members/List.members#52.0-1747491815178-java.trap.gz as /root/openjdk8u101-db/trap/java/classes/java/util/List.members/List.members#0.0-1747489313000-java.trap.gz exists
[2025-05-17 14:28:20] [javac-extractor-111886] [WARN] Not rewriting trap file for /root/openjdk8u101-db/trap/java/classes/java/lang/SuppressWarnings.members/SuppressWarnings.members#52.0-1747491820718-java.trap.gz as /root/openjdk8u101-db/trap/java/classes/java/lang/SuppressWarnings.members/SuppressWarnings.members#0.0-1747489313000-java.trap.gz exists
[2025-05-17 14:28:20] [javac-extractor-111886] [WARN] Not rewriting trap file for /root/openjdk8u101-db/trap/java/classes/java/lang/String.members/String.members#52.0-1747491815278-java.trap.gz as /root/openjdk8u101-db/trap/java/classes/java/lang/String.members/String.members#0.0-1747489313000-java.trap.gz exists
[2025-05-17 14:28:20] [javac-extractor-111886] [WARN] Not rewriting trap file for /root/openjdk8u101-db/trap/java/classes/java/lang/Object.members/Object.members#52.0-1747491814958-java.trap.gz as /root/openjdk8u101-db/trap/java/classes/java/lang/Object.members/Object.members#0.0-1747489313000-java.trap.gz exists
[2025-05-17 14:28:20] [javac-extractor-111886] [WARN] Not rewriting trap file for /root/openjdk8u101-db/trap/java/classes/java/lang/Cloneable.members/Cloneable.members#52.0-1747491815178-java.trap.gz as /root/openjdk8u101-db/trap/java/classes/java/lang/Cloneable.members/Cloneable.members#0.0-1747489313000-java.trap.gz exists
[2025-05-17 14:28:20] [javac-extractor-111886] [WARN] Not rewriting trap file for /root/openjdk8u101-db/trap/java/classes/java/io/Serializable.members/Serializable.members#52.0-1747491815178-java.trap.gz as /root/openjdk8u101-db/trap/java/classes/java/io/Serializable.members/Serializable.members#0.0-1747489313000-java.trap.gz exists
[2025-05-17 14:28:20] [javac-extractor-111886] [WARN] Not rewriting trap file for /root/openjdk8u101-db/trap/java/classes/java/lang/Override.members/Override.members#52.0-1747491835198-java.trap.gz as /root/openjdk8u101-db/trap/java/classes/java/lang/Override.members/Override.members#0.0-1747489313000-java.trap.gz exists
[2025-05-17 14:28:20] [javac-extractor-111886] [WARN] Not rewriting trap file for /root/openjdk8u101-db/trap/java/classes/java/awt/Container.members/Container.members#52.0-1747491820428-java.trap.gz as /root/openjdk8u101-db/trap/java/classes/java/awt/Container.members/Container.members#0.0-1747489320000-java.trap.gz exists
[2025-05-17 14:28:20] [javac-extractor-111886] [WARN] Not rewriting trap file for /root/openjdk8u101-db/trap/java/classes/java/awt/LayoutManager.members/LayoutManager.members#52.0-1747491820678-java.trap.gz as /root/openjdk8u101-db/trap/java/classes/java/awt/LayoutManager.members/LayoutManager.members#0.0-1747489313000-java.trap.gz exists
[2025-05-17 14:28:20] [javac-extractor-111886] [WARN] Not rewriting trap file for /root/openjdk8u101-db/trap/java/classes/java/awt/Window.members/Window.members#52.0-1747491820418-java.trap.gz as /root/openjdk8u101-db/trap/java/classes/java/awt/Window.members/Window.members#0.0-1747489320000-java.trap.gz exists
[2025-05-17 14:28:20] [javac-extractor-111886] [WARN] Not rewriting trap file for /root/openjdk8u101-db/trap/java/classes/java/util/Collection.members/Collection.members#52.0-1747491815158-java.trap.gz as /root/openjdk8u101-db/trap/java/classes/java/util/Collection.members/Collection.members#0.0-1747489313000-java.trap.gz exists
[2025-05-17 14:28:20] [javac-extractor-111886] [WARN] Not rewriting trap file for /root/openjdk8u101-db/trap/java/classes/java/lang/Iterable.members/Iterable.members#52.0-1747491815168-java.trap.gz as /root/openjdk8u101-db/trap/java/classes/java/lang/Iterable.members/Iterable.members#0.0-1747489313000-java.trap.gz exists
[2025-05-17 14:28:20] [javac-extractor-111886] [WARN] Not rewriting trap file for /root/openjdk8u101-db/trap/java/classes/java/util/EventListener.members/EventListener.members#52.0-1747491820258-java.trap.gz as /root/openjdk8u101-db/trap/java/classes/java/util/EventListener.members/EventListener.members#0.0-1747489313000-java.trap.gz exists
[2025-05-17 14:28:20] [javac-extractor-111886] [WARN] Not rewriting trap file for /root/openjdk8u101-db/trap/java/classes/java/util/AbstractList.members/AbstractList.members#52.0-1747491815148-java.trap.gz as /root/openjdk8u101-db/trap/java/classes/java/util/AbstractList.members/AbstractList.members#0.0-1747489313000-java.trap.gz exists
[2025-05-17 14:28:20] [javac-extractor-111886] [WARN] Not rewriting trap file for /root/openjdk8u101-db/trap/java/classes/java/util/AbstractCollection.members/AbstractCollection.members#52.0-1747491815158-java.trap.gz as /root/openjdk8u101-db/trap/java/classes/java/util/AbstractCollection.members/AbstractCollection.members#0.0-1747489313000-java.trap.gz exists
[2025-05-17 14:28:20] [javac-extractor-111886] [WARN] Not rewriting trap file for /root/openjdk8u101-db/trap/java/classes/java/util/RandomAccess.members/RandomAccess.members#52.0-1747491815178-java.trap.gz as /root/openjdk8u101-db/trap/java/classes/java/util/RandomAccess.members/RandomAccess.members#0.0-1747489313000-java.trap.gz exists
[2025-05-17 14:28:20] [javac-extractor-111886] [WARN] Not rewriting trap file for /root/openjdk8u101-db/trap/java/classes/java/util/Spliterator.members/Spliterator.members#52.0-1747491816968-java.trap.gz as /root/openjdk8u101-db/trap/java/classes/java/util/Spliterator.members/Spliterator.members#0.0-1747489313000-java.trap.gz exists
[2025-05-17 14:28:20] [javac-extractor-111886] [WARN] Not rewriting trap file for /root/openjdk8u101-db/trap/java/classes/java/util/function/Consumer.members/Consumer.members#52.0-1747491816918-java.trap.gz as /root/openjdk8u101-db/trap/java/classes/java/util/function/Consumer.members/Consumer.members#0.0-1747489313000-java.trap.gz exists
[2025-05-17 14:28:20] [javac-extractor-111886] [WARN] Not rewriting trap file for /root/openjdk8u101-db/trap/java/classes/java/lang/FunctionalInterface.members/FunctionalInterface.members#52.0-1747491816918-java.trap.gz as /root/openjdk8u101-db/trap/java/classes/java/lang/FunctionalInterface.members/FunctionalInterface.members#0.0-1747489313000-java.trap.gz exists
[2025-05-17 14:28:20] [javac-extractor-111886] [WARN] Not rewriting trap file for /root/openjdk8u101-db/trap/java/classes/java/util/Iterator.members/Iterator.members#52.0-1747491816908-java.trap.gz as /root/openjdk8u101-db/trap/java/classes/java/util/Iterator.members/Iterator.members#0.0-1747489313000-java.trap.gz exists
[2025-05-17 14:28:20] [javac-extractor-111886] [WARN] Not rewriting trap file for /root/openjdk8u101-db/trap/java/classes/java/util/stream/Stream.members/Stream.members#52.0-1747491816988-java.trap.gz as /root/openjdk8u101-db/trap/java/classes/java/util/stream/Stream.members/Stream.members#0.0-1747489320000-java.trap.gz exists
[2025-05-17 14:28:20] [javac-extractor-111886] [WARN] Not rewriting trap file for /root/openjdk8u101-db/trap/java/classes/java/util/stream/BaseStream.members/BaseStream.members#52.0-1747491816988-java.trap.gz as /root/openjdk8u101-db/trap/java/classes/java/util/stream/BaseStream.members/BaseStream.members#0.0-1747489320000-java.trap.gz exists
[2025-05-17 14:28:20] [javac-extractor-111886] [WARN] Not rewriting trap file for /root/openjdk8u101-db/trap/java/classes/java/lang/AutoCloseable.members/AutoCloseable.members#52.0-1747491814948-java.trap.gz as /root/openjdk8u101-db/trap/java/classes/java/lang/AutoCloseable.members/AutoCloseable.members#0.0-1747489313000-java.trap.gz exists
[2025-05-17 14:28:20] [javac-extractor-111886] [WARN] Not rewriting trap file for /root/openjdk8u101-db/trap/java/classes/java/util/function/Predicate.members/Predicate.members#52.0-1747491816928-java.trap.gz as /root/openjdk8u101-db/trap/java/classes/java/util/function/Predicate.members/Predicate.members#0.0-1747489313000-java.trap.gz exists
[2025-05-17 14:28:20] [javac-extractor-111886] [WARN] Not rewriting trap file for /root/openjdk8u101-db/trap/java/classes/java/util/ListIterator.members/ListIterator.members#52.0-1747491816908-java.trap.gz as /root/openjdk8u101-db/trap/java/classes/java/util/ListIterator.members/ListIterator.members#0.0-1747489313000-java.trap.gz exists
[2025-05-17 14:28:20] [javac-extractor-111886] [WARN] Not rewriting trap file for /root/openjdk8u101-db/trap/java/classes/java/util/Comparator.members/Comparator.members#52.0-1747491816958-java.trap.gz as /root/openjdk8u101-db/trap/java/classes/java/util/Comparator.members/Comparator.members#0.0-1747489313000-java.trap.gz exists
[2025-05-17 14:28:20] [javac-extractor-111886] [WARN] Not rewriting trap file for /root/openjdk8u101-db/trap/java/classes/java/util/function/UnaryOperator.members/UnaryOperator.members#52.0-1747491816928-java.trap.gz as /root/openjdk8u101-db/trap/java/classes/java/util/function/UnaryOperator.members/UnaryOperator.members#0.0-1747489313000-java.trap.gz exists
[2025-05-17 14:28:20] [javac-extractor-111886] [WARN] Not rewriting trap file for /root/openjdk8u101-db/trap/java/classes/java/util/function/Function.members/Function.members#52.0-1747491816928-java.trap.gz as /root/openjdk8u101-db/trap/java/classes/java/util/function/Function.members/Function.members#0.0-1747489313000-java.trap.gz exists
[2025-05-17 14:28:20] [javac-extractor-111886] [WARN] Not rewriting trap file for /root/openjdk8u101-db/trap/java/classes/java/lang/IllegalArgumentException.members/IllegalArgumentException.members#52.0-1747491818048-java.trap.gz as /root/openjdk8u101-db/trap/java/classes/java/lang/IllegalArgumentException.members/IllegalArgumentException.members#0.0-1747489313000-java.trap.gz exists
[2025-05-17 14:28:20] [javac-extractor-111886] [WARN] Not rewriting trap file for /root/openjdk8u101-db/trap/java/classes/java/awt/event/InputEvent.members/InputEvent.members#52.0-1747491820638-java.trap.gz as /root/openjdk8u101-db/trap/java/classes/java/awt/event/InputEvent.members/InputEvent.members#0.0-1747489313000-java.trap.gz exists
[2025-05-17 14:28:20] [javac-extractor-111886] [WARN] Not rewriting trap file for /root/openjdk8u101-db/trap/java/classes/java/util/EventObject.members/EventObject.members#52.0-1747491820628-java.trap.gz as /root/openjdk8u101-db/trap/java/classes/java/util/EventObject.members/EventObject.members#0.0-1747489313000-java.trap.gz exists
[2025-05-17 14:28:20] [javac-extractor-111886] Javac init time: 5.2s
[2025-05-17 14:28:20] [javac-extractor-111886] Javac attr time: 1.5s
[2025-05-17 14:28:20] [javac-extractor-111886] Extractor time: 2.5s
[2025-05-17 14:28:20] [javac-extractor-111886] Other time: 0.7s
[2025-05-17 14:28:20] [javac-extractor-111886] Total time: 9.9s
