[2025-05-17 14:13:29] [javac-extractor-84883] Starting extraction for:
                                              sun.java.command=com.semmle.extractor.java.JavaExtractor --jdk-version -1 --javac-args @@@/root/openjdk8u101-db/log/ext/javac-4.args
                                              user.dir=/root/8u101/build/linux-x86_64-normal-server-fastdebug/hotspot/linux_amd64_compiler2/fastdebug
[2025-05-17 14:13:29] [javac-extractor-84883] Compilation name /root/openjdk8u101-db/trap/java/diagnostics/diagnostic-4.trap.gz
[2025-05-17 14:13:31] [javac-extractor-84883] Annotation processor class 'lombok.launch.AnnotationProcessorHider$AnnotationProcessor' initialized.
[2025-05-17 14:13:31] [javac-extractor-84883] Annotation processor class 'lombok.launch.AnnotationProcessorHider$ClaimingProcessor' initialized.
[2025-05-17 14:13:31] [javac-extractor-84883] Processing file /root/8u101/hotspot/src/share/vm/prims/jvmtiEnvFill.java
[2025-05-17 14:13:31] [javac-extractor-84883] Processing file /root/8u101/hotspot/src/share/vm/prims/jvmtiEnvFill.java
[2025-05-17 14:13:31] [javac-extractor-84883] [WARN] Not rewriting trap file for /root/openjdk8u101-db/trap/java/classes/java/lang/Object.members/Object.members#52.0-1619009460000-java.trap.gz as it exists
[2025-05-17 14:13:31] [javac-extractor-84883] [WARN] Not rewriting trap file for /root/openjdk8u101-db/trap/java/classes/java/lang/String.members/String.members#52.0-1619009460000-java.trap.gz as it exists
[2025-05-17 14:13:31] [javac-extractor-84883] [WARN] Not rewriting trap file for /root/openjdk8u101-db/trap/java/classes/java/lang/Cloneable.members/Cloneable.members#52.0-1619009468000-java.trap.gz as it exists
[2025-05-17 14:13:31] [javac-extractor-84883] [WARN] Not rewriting trap file for /root/openjdk8u101-db/trap/java/classes/java/io/Serializable.members/Serializable.members#52.0-1619009460000-java.trap.gz as it exists
[2025-05-17 14:13:31] [javac-extractor-84883] [WARN] Not rewriting trap file for /root/openjdk8u101-db/trap/java/classes/java/io/IOException.members/IOException.members#52.0-1619009466000-java.trap.gz as it exists
[2025-05-17 14:13:31] [javac-extractor-84883] [WARN] Not rewriting trap file for /root/openjdk8u101-db/trap/java/classes/java/io/PrintWriter.members/PrintWriter.members#52.0-1619009470000-java.trap.gz as it exists
[2025-05-17 14:13:31] [javac-extractor-84883] [WARN] Not rewriting trap file for /root/openjdk8u101-db/trap/java/classes/java/io/FileWriter.members/FileWriter.members#52.0-1619009512000-java.trap.gz as it exists
[2025-05-17 14:13:31] [javac-extractor-84883] [WARN] Not rewriting trap file for /root/openjdk8u101-db/trap/java/classes/java/io/Writer.members/Writer.members#52.0-1619009470000-java.trap.gz as it exists
[2025-05-17 14:13:31] [javac-extractor-84883] [WARN] Not rewriting trap file for /root/openjdk8u101-db/trap/java/classes/java/io/PrintStream.members/PrintStream.members#52.0-1619009470000-java.trap.gz as it exists
[2025-05-17 14:13:31] [javac-extractor-84883] [WARN] Not rewriting trap file for /root/openjdk8u101-db/trap/java/classes/java/lang/System.members/System.members#52.0-1619009516000-java.trap.gz as it exists
[2025-05-17 14:13:31] [javac-extractor-84883] [WARN] Not rewriting trap file for /root/openjdk8u101-db/trap/java/classes/java/util/Map.members/Map.members#52.0-1619009468000-java.trap.gz as it exists
[2025-05-17 14:13:31] [javac-extractor-84883] [WARN] Not rewriting trap file for /root/openjdk8u101-db/trap/java/classes/java/util/List.members/List.members#52.0-1619009468000-java.trap.gz as it exists
[2025-05-17 14:13:31] [javac-extractor-84883] [WARN] Not rewriting trap file for /root/openjdk8u101-db/trap/java/classes/java/util/Collection.members/Collection.members#52.0-1619009468000-java.trap.gz as it exists
[2025-05-17 14:13:31] [javac-extractor-84883] [WARN] Not rewriting trap file for /root/openjdk8u101-db/trap/java/classes/java/lang/Iterable.members/Iterable.members#52.0-1619009466000-java.trap.gz as it exists
[2025-05-17 14:13:31] [javac-extractor-84883] [WARN] Not rewriting trap file for /root/openjdk8u101-db/trap/java/classes/java/io/LineNumberReader.members/LineNumberReader.members#52.0-1619009512000-java.trap.gz as it exists
[2025-05-17 14:13:31] [javac-extractor-84883] [WARN] Not rewriting trap file for /root/openjdk8u101-db/trap/java/classes/java/util/ArrayList.members/ArrayList.members#52.0-1619009472000-java.trap.gz as it exists
[2025-05-17 14:13:31] [javac-extractor-84883] [WARN] Not rewriting trap file for /root/openjdk8u101-db/trap/java/classes/java/util/AbstractList.members/AbstractList.members#52.0-1619009468000-java.trap.gz as it exists
[2025-05-17 14:13:31] [javac-extractor-84883] [WARN] Not rewriting trap file for /root/openjdk8u101-db/trap/java/classes/java/util/AbstractCollection.members/AbstractCollection.members#52.0-1619009468000-java.trap.gz as it exists
[2025-05-17 14:13:31] [javac-extractor-84883] [WARN] Not rewriting trap file for /root/openjdk8u101-db/trap/java/classes/java/util/RandomAccess.members/RandomAccess.members#52.0-1619009468000-java.trap.gz as it exists
[2025-05-17 14:13:31] [javac-extractor-84883] [WARN] Not rewriting trap file for /root/openjdk8u101-db/trap/java/classes/java/util/Spliterator.members/Spliterator.members#52.0-1619009470000-java.trap.gz as it exists
[2025-05-17 14:13:31] [javac-extractor-84883] [WARN] Not rewriting trap file for /root/openjdk8u101-db/trap/java/classes/java/util/function/Consumer.members/Consumer.members#52.0-1619009470000-java.trap.gz as it exists
[2025-05-17 14:13:31] [javac-extractor-84883] [WARN] Not rewriting trap file for /root/openjdk8u101-db/trap/java/classes/java/lang/FunctionalInterface.members/FunctionalInterface.members#52.0-1619009466000-java.trap.gz as it exists
[2025-05-17 14:13:31] [javac-extractor-84883] [WARN] Not rewriting trap file for /root/openjdk8u101-db/trap/java/classes/java/util/Iterator.members/Iterator.members#52.0-1619009470000-java.trap.gz as it exists
[2025-05-17 14:13:31] [javac-extractor-84883] [WARN] Not rewriting trap file for /root/openjdk8u101-db/trap/java/classes/java/util/stream/Stream.members/Stream.members#52.0-1619009470000-java.trap.gz as it exists
[2025-05-17 14:13:31] [javac-extractor-84883] [WARN] Not rewriting trap file for /root/openjdk8u101-db/trap/java/classes/java/util/stream/BaseStream.members/BaseStream.members#52.0-1619009468000-java.trap.gz as it exists
[2025-05-17 14:13:31] [javac-extractor-84883] [WARN] Not rewriting trap file for /root/openjdk8u101-db/trap/java/classes/java/lang/AutoCloseable.members/AutoCloseable.members#52.0-1619009468000-java.trap.gz as it exists
[2025-05-17 14:13:31] [javac-extractor-84883] [WARN] Not rewriting trap file for /root/openjdk8u101-db/trap/java/classes/java/util/function/Predicate.members/Predicate.members#52.0-1619009470000-java.trap.gz as the trap-old exists
[2025-05-17 14:13:31] [javac-extractor-84883] [WARN] Not rewriting trap file for /root/openjdk8u101-db/trap/java/classes/java/util/ListIterator.members/ListIterator.members#52.0-1619009470000-java.trap.gz as it exists
[2025-05-17 14:13:31] [javac-extractor-84883] [WARN] Not rewriting trap file for /root/openjdk8u101-db/trap/java/classes/java/util/Comparator.members/Comparator.members#52.0-1619009466000-java.trap.gz as it exists
[2025-05-17 14:13:31] [javac-extractor-84883] [WARN] Not rewriting trap file for /root/openjdk8u101-db/trap/java/classes/java/util/function/UnaryOperator.members/UnaryOperator.members#52.0-1619009470000-java.trap.gz as it exists
[2025-05-17 14:13:31] [javac-extractor-84883] [WARN] Not rewriting trap file for /root/openjdk8u101-db/trap/java/classes/java/util/function/Function.members/Function.members#52.0-1619009470000-java.trap.gz as it exists
[2025-05-17 14:13:31] [javac-extractor-84883] [WARN] Not rewriting trap file for /root/openjdk8u101-db/trap/java/classes/java/util/HashMap.members/HashMap.members#52.0-1619009468000-java.trap.gz as it exists
[2025-05-17 14:13:31] [javac-extractor-84883] [WARN] Not rewriting trap file for /root/openjdk8u101-db/trap/java/classes/java/util/AbstractMap.members/AbstractMap.members#52.0-1619009468000-java.trap.gz as it exists
[2025-05-17 14:13:31] [javac-extractor-84883] [WARN] Not rewriting trap file for /root/openjdk8u101-db/trap/java/classes/java/util/function/BiFunction.members/BiFunction.members#52.0-1619009470000-java.trap.gz as it exists
[2025-05-17 14:13:31] [javac-extractor-84883] [WARN] Not rewriting trap file for /root/openjdk8u101-db/trap/java/classes/java/util/function/BiConsumer.members/BiConsumer.members#52.0-1619009470000-java.trap.gz as it exists
[2025-05-17 14:13:31] [javac-extractor-84883] [WARN] Not rewriting trap file for /root/openjdk8u101-db/trap/java/classes/java/util/Set.members/Set.members#52.0-1619009470000-java.trap.gz as it exists
[2025-05-17 14:13:31] [javac-extractor-84883] [WARN] Not rewriting trap file for /root/openjdk8u101-db/trap/java/classes/java/util/Map$Entry.members/Map$Entry.members#52.0-1619009468000-java.trap.gz as it exists
[2025-05-17 14:13:31] [javac-extractor-84883] [WARN] Not rewriting trap file for /root/openjdk8u101-db/trap/java/classes/java/lang/CloneNotSupportedException.members/CloneNotSupportedException.members#52.0-1619009466000-java.trap.gz as it exists
[2025-05-17 14:13:31] [javac-extractor-84883] [WARN] Not rewriting trap file for /root/openjdk8u101-db/trap/java/classes/java/io/ObjectOutputStream.members/ObjectOutputStream.members#52.0-1619009470000-java.trap.gz as it exists
[2025-05-17 14:13:31] [javac-extractor-84883] [WARN] Not rewriting trap file for /root/openjdk8u101-db/trap/java/classes/java/util/HashMap$Node.members/HashMap$Node.members#52.0-1619009468000-java.trap.gz as it exists
[2025-05-17 14:13:31] [javac-extractor-84883] [WARN] Not rewriting trap file for /root/openjdk8u101-db/trap/java/classes/java/util/HashMap$TreeNode.members/HashMap$TreeNode.members#52.0-1619009468000-java.trap.gz as it exists
[2025-05-17 14:13:31] [javac-extractor-84883] [WARN] Not rewriting trap file for /root/openjdk8u101-db/trap/java/classes/java/util/LinkedHashMap$Entry.members/LinkedHashMap$Entry.members#52.0-1619009470000-java.trap.gz as it exists
[2025-05-17 14:13:31] [javac-extractor-84883] [WARN] Not rewriting trap file for /root/openjdk8u101-db/trap/java/classes/java/util/LinkedHashMap.members/LinkedHashMap.members#52.0-1619009470000-java.trap.gz as it exists
[2025-05-17 14:13:31] [javac-extractor-84883] [WARN] Not rewriting trap file for /root/openjdk8u101-db/trap/java/classes/java/lang/Class.members/Class.members#52.0-1619009466000-java.trap.gz as it exists
[2025-05-17 14:13:31] [javac-extractor-84883] [WARN] Not rewriting trap file for /root/openjdk8u101-db/trap/java/classes/java/lang/reflect/GenericDeclaration.members/GenericDeclaration.members#52.0-1619009466000-java.trap.gz as it exists
[2025-05-17 14:13:31] [javac-extractor-84883] [WARN] Not rewriting trap file for /root/openjdk8u101-db/trap/java/classes/java/lang/reflect/Type.members/Type.members#52.0-1619009466000-java.trap.gz as it exists
[2025-05-17 14:13:31] [javac-extractor-84883] [WARN] Not rewriting trap file for /root/openjdk8u101-db/trap/java/classes/java/lang/reflect/AnnotatedElement.members/AnnotatedElement.members#52.0-1619009466000-java.trap.gz as it exists
[2025-05-17 14:13:31] [javac-extractor-84883] [WARN] Not rewriting trap file for /root/openjdk8u101-db/trap/java/classes/java/io/Reader.members/Reader.members#52.0-1619009472000-java.trap.gz as it exists
[2025-05-17 14:13:31] [javac-extractor-84883] [WARN] Not rewriting trap file for /root/openjdk8u101-db/trap/java/classes/java/io/FileReader.members/FileReader.members#52.0-1619009512000-java.trap.gz as it exists
[2025-05-17 14:13:31] [javac-extractor-84883] [WARN] Not rewriting trap file for /root/openjdk8u101-db/trap/java/classes/java/io/BufferedReader.members/BufferedReader.members#52.0-1619009482000-java.trap.gz as it exists
[2025-05-17 14:13:31] [javac-extractor-84883] Javac init time: 1.3s
[2025-05-17 14:13:31] [javac-extractor-84883] Javac attr time: 0.2s
[2025-05-17 14:13:31] [javac-extractor-84883] Extractor time: 0.3s
[2025-05-17 14:13:31] [javac-extractor-84883] Other time: 0.2s
[2025-05-17 14:13:31] [javac-extractor-84883] Total time: 2.0s
