[2025-05-17 14:28:11] [javac-extractor-111942] Starting extraction for:
                                               sun.java.command=com.semmle.extractor.java.JavaExtractor --jdk-version -1 --javac-args @@@/root/openjdk8u101-db/log/ext/javac-30.args
                                               user.dir=/root/8u101/jdk/make
[2025-05-17 14:28:11] [javac-extractor-111942] Compilation name /root/openjdk8u101-db/trap/java/diagnostics/diagnostic-6.trap.gz
[2025-05-17 14:28:15] [javac-extractor-111942] Annotation processor class 'lombok.launch.AnnotationProcessorHider$AnnotationProcessor' initialized.
[2025-05-17 14:28:16] [javac-extractor-111942] Annotation processor class 'lombok.launch.AnnotationProcessorHider$ClaimingProcessor' initialized.
[2025-05-17 14:28:18] [javac-extractor-111942] Processing file /root/8u101/jdk/src/share/demo/applets/NervousText/NervousText.java
[2025-05-17 14:28:18] [javac-extractor-111942] [WARN] Not rewriting trap file for /root/openjdk8u101-db/trap/java/classes/java/awt/Graphics.members/Graphics.members#52.0-1747491820118-java.trap.gz as /root/openjdk8u101-db/trap/java/classes/java/awt/Graphics.members/Graphics.members#0.0-1747489313000-java.trap.gz exists
[2025-05-17 14:28:18] [javac-extractor-111942] [WARN] Not rewriting trap file for /root/openjdk8u101-db/trap/java/classes/java/awt/Font.members/Font.members#52.0-1747491820198-java.trap.gz as /root/openjdk8u101-db/trap/java/classes/java/awt/Font.members/Font.members#0.0-1747489320000-java.trap.gz exists
[2025-05-17 14:28:18] [javac-extractor-111942] [WARN] Not rewriting trap file for /root/openjdk8u101-db/trap/java/classes/java/applet/Applet.members/Applet.members#52.0-1747491822068-java.trap.gz as /root/openjdk8u101-db/trap/java/classes/java/applet/Applet.members/Applet.members#0.0-1747489313000-java.trap.gz exists
[2025-05-17 14:28:18] [javac-extractor-111942] [WARN] Not rewriting trap file for /root/openjdk8u101-db/trap/java/classes/java/awt/event/MouseEvent.members/MouseEvent.members#52.0-1747491820678-java.trap.gz as /root/openjdk8u101-db/trap/java/classes/java/awt/event/MouseEvent.members/MouseEvent.members#0.0-1747489320000-java.trap.gz exists
[2025-05-17 14:28:18] [javac-extractor-111942] [WARN] Not rewriting trap file for /root/openjdk8u101-db/trap/java/classes/java/awt/event/MouseListener.members/MouseListener.members#52.0-1747491820718-java.trap.gz as /root/openjdk8u101-db/trap/java/classes/java/awt/event/MouseListener.members/MouseListener.members#0.0-1747489313000-java.trap.gz exists
[2025-05-17 14:28:18] [javac-extractor-111942] [WARN] Not rewriting trap file for /root/openjdk8u101-db/trap/java/classes/java/lang/Thread.members/Thread.members#52.0-1747491818638-java.trap.gz as /root/openjdk8u101-db/trap/java/classes/java/lang/Thread.members/Thread.members#0.0-1747489320000-java.trap.gz exists
[2025-05-17 14:28:18] [javac-extractor-111942] [WARN] Not rewriting trap file for /root/openjdk8u101-db/trap/java/classes/java/lang/Object.members/Object.members#52.0-1747491814958-java.trap.gz as /root/openjdk8u101-db/trap/java/classes/java/lang/Object.members/Object.members#0.0-1747489313000-java.trap.gz exists
[2025-05-17 14:28:18] [javac-extractor-111942] [WARN] Not rewriting trap file for /root/openjdk8u101-db/trap/java/classes/java/lang/Cloneable.members/Cloneable.members#52.0-1747491815178-java.trap.gz as /root/openjdk8u101-db/trap/java/classes/java/lang/Cloneable.members/Cloneable.members#0.0-1747489313000-java.trap.gz exists
[2025-05-17 14:28:18] [javac-extractor-111942] [WARN] Not rewriting trap file for /root/openjdk8u101-db/trap/java/classes/java/io/Serializable.members/Serializable.members#52.0-1747491815178-java.trap.gz as /root/openjdk8u101-db/trap/java/classes/java/io/Serializable.members/Serializable.members#0.0-1747489313000-java.trap.gz exists
[2025-05-17 14:28:18] [javac-extractor-111942] [WARN] Not rewriting trap file for /root/openjdk8u101-db/trap/java/classes/java/lang/String.members/String.members#52.0-1747491815278-java.trap.gz as /root/openjdk8u101-db/trap/java/classes/java/lang/String.members/String.members#0.0-1747489313000-java.trap.gz exists
[2025-05-17 14:28:19] [javac-extractor-111942] [WARN] Not rewriting trap file for /root/openjdk8u101-db/trap/java/classes/java/lang/Runnable.members/Runnable.members#52.0-1747491817668-java.trap.gz as /root/openjdk8u101-db/trap/java/classes/java/lang/Runnable.members/Runnable.members#0.0-1747489313000-java.trap.gz exists
[2025-05-17 14:28:19] [javac-extractor-111942] [WARN] Not rewriting trap file for /root/openjdk8u101-db/trap/java/classes/java/util/EventListener.members/EventListener.members#52.0-1747491820258-java.trap.gz as /root/openjdk8u101-db/trap/java/classes/java/util/EventListener.members/EventListener.members#0.0-1747489313000-java.trap.gz exists
[2025-05-17 14:28:19] [javac-extractor-111942] [WARN] Not rewriting trap file for /root/openjdk8u101-db/trap/java/classes/java/lang/SuppressWarnings.members/SuppressWarnings.members#52.0-1747491820718-java.trap.gz as /root/openjdk8u101-db/trap/java/classes/java/lang/SuppressWarnings.members/SuppressWarnings.members#0.0-1747489313000-java.trap.gz exists
[2025-05-17 14:28:19] [javac-extractor-111942] [WARN] Not rewriting trap file for /root/openjdk8u101-db/trap/java/classes/java/lang/Override.members/Override.members#52.0-1747491835198-java.trap.gz as /root/openjdk8u101-db/trap/java/classes/java/lang/Override.members/Override.members#0.0-1747489313000-java.trap.gz exists
[2025-05-17 14:28:19] [javac-extractor-111942] [WARN] Not rewriting trap file for /root/openjdk8u101-db/trap/java/classes/java/lang/StringBuilder.members/StringBuilder.members#52.0-1747491817188-java.trap.gz as /root/openjdk8u101-db/trap/java/classes/java/lang/StringBuilder.members/StringBuilder.members#0.0-1747489320000-java.trap.gz exists
[2025-05-17 14:28:19] [javac-extractor-111942] [WARN] Not rewriting trap file for /root/openjdk8u101-db/trap/java/classes/java/lang/AbstractStringBuilder.members/AbstractStringBuilder.members#52.0-1747491817168-java.trap.gz as /root/openjdk8u101-db/trap/java/classes/java/lang/AbstractStringBuilder.members/AbstractStringBuilder.members#0.0-1747489320000-java.trap.gz exists
[2025-05-17 14:28:19] [javac-extractor-111942] [WARN] Not rewriting trap file for /root/openjdk8u101-db/trap/java/classes/java/awt/Component.members/Component.members#52.0-1747491820438-java.trap.gz as /root/openjdk8u101-db/trap/java/classes/java/awt/Component.members/Component.members#0.0-1747489320000-java.trap.gz exists
[2025-05-17 14:28:19] [javac-extractor-111942] [WARN] Not rewriting trap file for /root/openjdk8u101-db/trap/java/classes/java/lang/InterruptedException.members/InterruptedException.members#52.0-1747491816718-java.trap.gz as /root/openjdk8u101-db/trap/java/classes/java/lang/InterruptedException.members/InterruptedException.members#0.0-1747489313000-java.trap.gz exists
[2025-05-17 14:28:19] [javac-extractor-111942] [WARN] Not rewriting trap file for /root/openjdk8u101-db/trap/java/classes/java/lang/Math.members/Math.members#52.0-1747491820298-java.trap.gz as /root/openjdk8u101-db/trap/java/classes/java/lang/Math.members/Math.members#0.0-1747489313000-java.trap.gz exists
[2025-05-17 14:28:19] [javac-extractor-111942] [WARN] Not rewriting trap file for /root/openjdk8u101-db/trap/java/classes/java/awt/event/InputEvent.members/InputEvent.members#52.0-1747491820638-java.trap.gz as /root/openjdk8u101-db/trap/java/classes/java/awt/event/InputEvent.members/InputEvent.members#0.0-1747489313000-java.trap.gz exists
[2025-05-17 14:28:19] [javac-extractor-111942] Javac init time: 5.1s
[2025-05-17 14:28:19] [javac-extractor-111942] Javac attr time: 0.9s
[2025-05-17 14:28:19] [javac-extractor-111942] Extractor time: 1.2s
[2025-05-17 14:28:19] [javac-extractor-111942] Other time: 0.6s
[2025-05-17 14:28:19] [javac-extractor-111942] Total time: 7.9s
