[2025-05-17 14:28:11] [javac-extractor-111912] Starting extraction for:
                                               sun.java.command=com.semmle.extractor.java.JavaExtractor --jdk-version -1 --javac-args @@@/root/openjdk8u101-db/log/ext/javac-25.args
                                               user.dir=/root/8u101/jdk/make
[2025-05-17 14:28:11] [javac-extractor-111912] Compilation name /root/openjdk8u101-db/trap/java/diagnostics/diagnostic-9.trap.gz
[2025-05-17 14:28:16] [javac-extractor-111912] Annotation processor class 'lombok.launch.AnnotationProcessorHider$AnnotationProcessor' initialized.
[2025-05-17 14:28:17] [javac-extractor-111912] Annotation processor class 'lombok.launch.AnnotationProcessorHider$ClaimingProcessor' initialized.
[2025-05-17 14:28:18] [javac-extractor-111912] Processing file /root/8u101/jdk/src/share/demo/applets/Blink/Blink.java
[2025-05-17 14:28:18] [javac-extractor-111912] [WARN] Not rewriting trap file for /root/openjdk8u101-db/trap/java/classes/java/awt/Color.members/Color.members#52.0-1747491820178-java.trap.gz as /root/openjdk8u101-db/trap/java/classes/java/awt/Color.members/Color.members#0.0-1747489313000-java.trap.gz exists
[2025-05-17 14:28:18] [javac-extractor-111912] [WARN] Not rewriting trap file for /root/openjdk8u101-db/trap/java/classes/java/awt/Dimension.members/Dimension.members#52.0-1747491819998-java.trap.gz as /root/openjdk8u101-db/trap/java/classes/java/awt/Dimension.members/Dimension.members#0.0-1747489313000-java.trap.gz exists
[2025-05-17 14:28:18] [javac-extractor-111912] [WARN] Not rewriting trap file for /root/openjdk8u101-db/trap/java/classes/java/awt/Font.members/Font.members#52.0-1747491820198-java.trap.gz as /root/openjdk8u101-db/trap/java/classes/java/awt/Font.members/Font.members#0.0-1747489320000-java.trap.gz exists
[2025-05-17 14:28:18] [javac-extractor-111912] [WARN] Not rewriting trap file for /root/openjdk8u101-db/trap/java/classes/java/awt/FontMetrics.members/FontMetrics.members#52.0-1747491820198-java.trap.gz as /root/openjdk8u101-db/trap/java/classes/java/awt/FontMetrics.members/FontMetrics.members#0.0-1747489313000-java.trap.gz exists
[2025-05-17 14:28:18] [javac-extractor-111912] [WARN] Not rewriting trap file for /root/openjdk8u101-db/trap/java/classes/java/awt/Graphics.members/Graphics.members#52.0-1747491820118-java.trap.gz as /root/openjdk8u101-db/trap/java/classes/java/awt/Graphics.members/Graphics.members#0.0-1747489313000-java.trap.gz exists
[2025-05-17 14:28:18] [javac-extractor-111912] [WARN] Not rewriting trap file for /root/openjdk8u101-db/trap/java/classes/java/util/StringTokenizer.members/StringTokenizer.members#52.0-1747491822838-java.trap.gz as /root/openjdk8u101-db/trap/java/classes/java/util/StringTokenizer.members/StringTokenizer.members#0.0-1747489313000-java.trap.gz exists
[2025-05-17 14:28:18] [javac-extractor-111912] [WARN] Not rewriting trap file for /root/openjdk8u101-db/trap/java/classes/java/util/Timer.members/Timer.members#52.0-1747491825118-java.trap.gz as /root/openjdk8u101-db/trap/java/classes/java/util/Timer.members/Timer.members#0.0-1747489313000-java.trap.gz exists
[2025-05-17 14:28:19] [javac-extractor-111912] [WARN] Not rewriting trap file for /root/openjdk8u101-db/trap/java/classes/java/util/TimerTask.members/TimerTask.members#52.0-1747491825118-java.trap.gz as /root/openjdk8u101-db/trap/java/classes/java/util/TimerTask.members/TimerTask.members#0.0-1747489313000-java.trap.gz exists
[2025-05-17 14:28:19] [javac-extractor-111912] [WARN] Not rewriting trap file for /root/openjdk8u101-db/trap/java/classes/java/lang/String.members/String.members#52.0-1747491815278-java.trap.gz as /root/openjdk8u101-db/trap/java/classes/java/lang/String.members/String.members#0.0-1747489313000-java.trap.gz exists
[2025-05-17 14:28:19] [javac-extractor-111912] [WARN] Not rewriting trap file for /root/openjdk8u101-db/trap/java/classes/java/applet/Applet.members/Applet.members#52.0-1747491822068-java.trap.gz as /root/openjdk8u101-db/trap/java/classes/java/applet/Applet.members/Applet.members#0.0-1747489313000-java.trap.gz exists
[2025-05-17 14:28:19] [javac-extractor-111912] [WARN] Not rewriting trap file for /root/openjdk8u101-db/trap/java/classes/java/lang/Override.members/Override.members#52.0-1747491835198-java.trap.gz as /root/openjdk8u101-db/trap/java/classes/java/lang/Override.members/Override.members#0.0-1747489313000-java.trap.gz exists
[2025-05-17 14:28:19] [javac-extractor-111912] [WARN] Not rewriting trap file for /root/openjdk8u101-db/trap/java/classes/java/lang/Integer.members/Integer.members#52.0-1747491817278-java.trap.gz as /root/openjdk8u101-db/trap/java/classes/java/lang/Integer.members/Integer.members#0.0-1747489313000-java.trap.gz exists
[2025-05-17 14:28:19] [javac-extractor-111912] [WARN] Not rewriting trap file for /root/openjdk8u101-db/trap/java/classes/java/awt/Container.members/Container.members#52.0-1747491820428-java.trap.gz as /root/openjdk8u101-db/trap/java/classes/java/awt/Container.members/Container.members#0.0-1747489320000-java.trap.gz exists
[2025-05-17 14:28:19] [javac-extractor-111912] [WARN] Not rewriting trap file for /root/openjdk8u101-db/trap/java/classes/java/awt/Component.members/Component.members#52.0-1747491820438-java.trap.gz as /root/openjdk8u101-db/trap/java/classes/java/awt/Component.members/Component.members#0.0-1747489320000-java.trap.gz exists
[2025-05-17 14:28:19] [javac-extractor-111912] [WARN] Not rewriting trap file for /root/openjdk8u101-db/trap/java/classes/java/lang/Math.members/Math.members#52.0-1747491820298-java.trap.gz as /root/openjdk8u101-db/trap/java/classes/java/lang/Math.members/Math.members#0.0-1747489313000-java.trap.gz exists
[2025-05-17 14:28:19] [javac-extractor-111912] [WARN] Not rewriting trap file for /root/openjdk8u101-db/trap/java/classes/java/lang/Object.members/Object.members#52.0-1747491814958-java.trap.gz as /root/openjdk8u101-db/trap/java/classes/java/lang/Object.members/Object.members#0.0-1747489313000-java.trap.gz exists
[2025-05-17 14:28:19] [javac-extractor-111912] [WARN] Not rewriting trap file for /root/openjdk8u101-db/trap/java/classes/java/lang/Cloneable.members/Cloneable.members#52.0-1747491815178-java.trap.gz as /root/openjdk8u101-db/trap/java/classes/java/lang/Cloneable.members/Cloneable.members#0.0-1747489313000-java.trap.gz exists
[2025-05-17 14:28:19] [javac-extractor-111912] [WARN] Not rewriting trap file for /root/openjdk8u101-db/trap/java/classes/java/io/Serializable.members/Serializable.members#52.0-1747491815178-java.trap.gz as /root/openjdk8u101-db/trap/java/classes/java/io/Serializable.members/Serializable.members#0.0-1747489313000-java.trap.gz exists
[2025-05-17 14:28:19] [javac-extractor-111912] Javac init time: 5.3s
[2025-05-17 14:28:19] [javac-extractor-111912] Javac attr time: 1.0s
[2025-05-17 14:28:19] [javac-extractor-111912] Extractor time: 0.9s
[2025-05-17 14:28:19] [javac-extractor-111912] Other time: 0.6s
[2025-05-17 14:28:19] [javac-extractor-111912] Total time: 7.8s
