[2025-05-17 14:28:12] [javac-extractor-112159] Starting extraction for:
                                               sun.java.command=com.semmle.extractor.java.JavaExtractor --jdk-version -1 --javac-args @@@/root/openjdk8u101-db/log/ext/javac-38.args
                                               user.dir=/root/8u101/jdk/make
[2025-05-17 14:28:12] [javac-extractor-112159] Compilation name /root/openjdk8u101-db/trap/java/diagnostics/diagnostic-16.trap.gz
[2025-05-17 14:28:17] [javac-extractor-112159] Annotation processor class 'lombok.launch.AnnotationProcessorHider$AnnotationProcessor' initialized.
[2025-05-17 14:28:18] [javac-extractor-112159] Annotation processor class 'lombok.launch.AnnotationProcessorHider$ClaimingProcessor' initialized.
[2025-05-17 14:28:20] [javac-extractor-112159] Processing file /root/8u101/jdk/src/share/demo/jfc/CodePointIM/com/sun/inputmethods/internal/codepointim/CodePointInputMethod.java
[2025-05-17 14:28:21] [javac-extractor-112159] [WARN] Not rewriting trap file for /root/openjdk8u101-db/trap/java/classes/java/awt/AWTEvent.members/AWTEvent.members#52.0-1747491820628-java.trap.gz as /root/openjdk8u101-db/trap/java/classes/java/awt/AWTEvent.members/AWTEvent.members#0.0-1747489313000-java.trap.gz exists
[2025-05-17 14:28:21] [javac-extractor-112159] [WARN] Not rewriting trap file for /root/openjdk8u101-db/trap/java/classes/java/awt/Toolkit.members/Toolkit.members#52.0-1747491820608-java.trap.gz as /root/openjdk8u101-db/trap/java/classes/java/awt/Toolkit.members/Toolkit.members#0.0-1747489320000-java.trap.gz exists
[2025-05-17 14:28:21] [javac-extractor-112159] [WARN] Not rewriting trap file for /root/openjdk8u101-db/trap/java/classes/java/awt/Rectangle.members/Rectangle.members#52.0-1747491820008-java.trap.gz as /root/openjdk8u101-db/trap/java/classes/java/awt/Rectangle.members/Rectangle.members#0.0-1747489313000-java.trap.gz exists
[2025-05-17 14:28:21] [javac-extractor-112159] [WARN] Not rewriting trap file for /root/openjdk8u101-db/trap/java/classes/java/awt/event/InputMethodEvent.members/InputMethodEvent.members#52.0-1747491820718-java.trap.gz as /root/openjdk8u101-db/trap/java/classes/java/awt/event/InputMethodEvent.members/InputMethodEvent.members#0.0-1747489313000-java.trap.gz exists
[2025-05-17 14:28:21] [javac-extractor-112159] [WARN] Not rewriting trap file for /root/openjdk8u101-db/trap/java/classes/java/awt/event/KeyEvent.members/KeyEvent.members#52.0-1747491820638-java.trap.gz as /root/openjdk8u101-db/trap/java/classes/java/awt/event/KeyEvent.members/KeyEvent.members#0.0-1747489313000-java.trap.gz exists
[2025-05-17 14:28:21] [javac-extractor-112159] [WARN] Not rewriting trap file for /root/openjdk8u101-db/trap/java/classes/java/awt/font/TextAttribute.members/TextAttribute.members#52.0-1747491820178-java.trap.gz as /root/openjdk8u101-db/trap/java/classes/java/awt/font/TextAttribute.members/TextAttribute.members#0.0-1747489313000-java.trap.gz exists
[2025-05-17 14:28:21] [javac-extractor-112159] [WARN] Not rewriting trap file for /root/openjdk8u101-db/trap/java/classes/java/awt/font/TextHitInfo.members/TextHitInfo.members#52.0-1747491820888-java.trap.gz as /root/openjdk8u101-db/trap/java/classes/java/awt/font/TextHitInfo.members/TextHitInfo.members#0.0-1747489313000-java.trap.gz exists
[2025-05-17 14:28:21] [javac-extractor-112159] [WARN] Not rewriting trap file for /root/openjdk8u101-db/trap/java/classes/java/awt/im/InputMethodHighlight.members/InputMethodHighlight.members#52.0-1747491820528-java.trap.gz as /root/openjdk8u101-db/trap/java/classes/java/awt/im/InputMethodHighlight.members/InputMethodHighlight.members#0.0-1747489313000-java.trap.gz exists
[2025-05-17 14:28:21] [javac-extractor-112159] [WARN] Not rewriting trap file for /root/openjdk8u101-db/trap/java/classes/java/awt/im/spi/InputMethod.members/InputMethod.members#52.0-1747491832928-java.trap.gz as /root/openjdk8u101-db/trap/java/classes/java/awt/im/spi/InputMethod.members/InputMethod.members#0.0-1747489313000-java.trap.gz exists
[2025-05-17 14:28:21] [javac-extractor-112159] [WARN] Not rewriting trap file for /root/openjdk8u101-db/trap/java/classes/java/awt/im/spi/InputMethodContext.members/InputMethodContext.members#52.0-1747491832938-java.trap.gz as /root/openjdk8u101-db/trap/java/classes/java/awt/im/spi/InputMethodContext.members/InputMethodContext.members#0.0-1747489313000-java.trap.gz exists
[2025-05-17 14:28:21] [javac-extractor-112159] [WARN] Not rewriting trap file for /root/openjdk8u101-db/trap/java/classes/java/io/IOException.members/IOException.members#52.0-1747491815198-java.trap.gz as /root/openjdk8u101-db/trap/java/classes/java/io/IOException.members/IOException.members#0.0-1747489313000-java.trap.gz exists
[2025-05-17 14:28:21] [javac-extractor-112159] [WARN] Not rewriting trap file for /root/openjdk8u101-db/trap/java/classes/java/text/AttributedString.members/AttributedString.members#52.0-1747491835288-java.trap.gz as /root/openjdk8u101-db/trap/java/classes/java/text/AttributedString.members/AttributedString.members#0.0-1747489313000-java.trap.gz exists
[2025-05-17 14:28:21] [javac-extractor-112159] [WARN] Not rewriting trap file for /root/openjdk8u101-db/trap/java/classes/java/util/Locale.members/Locale.members#52.0-1747491817248-java.trap.gz as /root/openjdk8u101-db/trap/java/classes/java/util/Locale.members/Locale.members#0.0-1747489313000-java.trap.gz exists
[2025-05-17 14:28:21] [javac-extractor-112159] [WARN] Not rewriting trap file for /root/openjdk8u101-db/trap/java/classes/java/lang/StringBuffer.members/StringBuffer.members#52.0-1747491817168-java.trap.gz as /root/openjdk8u101-db/trap/java/classes/java/lang/StringBuffer.members/StringBuffer.members#0.0-1747489320000-java.trap.gz exists
[2025-05-17 14:28:21] [javac-extractor-112159] [WARN] Not rewriting trap file for /root/openjdk8u101-db/trap/java/classes/java/lang/Object.members/Object.members#52.0-1747491814958-java.trap.gz as /root/openjdk8u101-db/trap/java/classes/java/lang/Object.members/Object.members#0.0-1747489313000-java.trap.gz exists
[2025-05-17 14:28:21] [javac-extractor-112159] [WARN] Not rewriting trap file for /root/openjdk8u101-db/trap/java/classes/java/awt/event/InputEvent.members/InputEvent.members#52.0-1747491820638-java.trap.gz as /root/openjdk8u101-db/trap/java/classes/java/awt/event/InputEvent.members/InputEvent.members#0.0-1747489313000-java.trap.gz exists
[2025-05-17 14:28:21] [javac-extractor-112159] [WARN] Not rewriting trap file for /root/openjdk8u101-db/trap/java/classes/java/lang/Character.members/Character.members#52.0-1747491817978-java.trap.gz as /root/openjdk8u101-db/trap/java/classes/java/lang/Character.members/Character.members#0.0-1747489320000-java.trap.gz exists
[2025-05-17 14:28:21] [javac-extractor-112159] [WARN] Not rewriting trap file for /root/openjdk8u101-db/trap/java/classes/java/lang/String.members/String.members#52.0-1747491815278-java.trap.gz as /root/openjdk8u101-db/trap/java/classes/java/lang/String.members/String.members#0.0-1747489313000-java.trap.gz exists
[2025-05-17 14:28:21] [javac-extractor-112159] [WARN] Not rewriting trap file for /root/openjdk8u101-db/trap/java/classes/java/text/AttributedCharacterIterator$Attribute.members/AttributedCharacterIterator$Attribute.members#52.0-1747491818888-java.trap.gz as /root/openjdk8u101-db/trap/java/classes/java/text/AttributedCharacterIterator$Attribute.members/AttributedCharacterIterator$Attribute.members#0.0-1747489313000-java.trap.gz exists
[2025-05-17 14:28:21] [javac-extractor-112159] [WARN] Not rewriting trap file for /root/openjdk8u101-db/trap/java/classes/java/text/AttributedCharacterIterator.members/AttributedCharacterIterator.members#52.0-1747491818888-java.trap.gz as /root/openjdk8u101-db/trap/java/classes/java/text/AttributedCharacterIterator.members/AttributedCharacterIterator.members#0.0-1747489313000-java.trap.gz exists
[2025-05-17 14:28:21] [javac-extractor-112159] [WARN] Not rewriting trap file for /root/openjdk8u101-db/trap/java/classes/java/lang/Cloneable.members/Cloneable.members#52.0-1747491815178-java.trap.gz as /root/openjdk8u101-db/trap/java/classes/java/lang/Cloneable.members/Cloneable.members#0.0-1747489313000-java.trap.gz exists
[2025-05-17 14:28:21] [javac-extractor-112159] [WARN] Not rewriting trap file for /root/openjdk8u101-db/trap/java/classes/java/io/Serializable.members/Serializable.members#52.0-1747491815178-java.trap.gz as /root/openjdk8u101-db/trap/java/classes/java/io/Serializable.members/Serializable.members#0.0-1747489313000-java.trap.gz exists
[2025-05-17 14:28:21] [javac-extractor-112159] [WARN] Not rewriting trap file for /root/openjdk8u101-db/trap/java/classes/java/lang/UnsupportedOperationException.members/UnsupportedOperationException.members#52.0-1747491817598-java.trap.gz as /root/openjdk8u101-db/trap/java/classes/java/lang/UnsupportedOperationException.members/UnsupportedOperationException.members#0.0-1747489313000-java.trap.gz exists
[2025-05-17 14:28:21] [javac-extractor-112159] [WARN] Not rewriting trap file for /root/openjdk8u101-db/trap/java/classes/java/lang/Character$Subset.members/Character$Subset.members#52.0-1747491817958-java.trap.gz as /root/openjdk8u101-db/trap/java/classes/java/lang/Character$Subset.members/Character$Subset.members#0.0-1747489320000-java.trap.gz exists
[2025-05-17 14:28:21] [javac-extractor-112159] Processing file /root/8u101/jdk/src/share/demo/jfc/CodePointIM/com/sun/inputmethods/internal/codepointim/CodePointInputMethodDescriptor.java
[2025-05-17 14:28:21] [javac-extractor-112159] [WARN] Not rewriting trap file for /root/openjdk8u101-db/trap/java/classes/java/awt/Image.members/Image.members#52.0-1747491820078-java.trap.gz as /root/openjdk8u101-db/trap/java/classes/java/awt/Image.members/Image.members#0.0-1747489313000-java.trap.gz exists
[2025-05-17 14:28:21] [javac-extractor-112159] [WARN] Not rewriting trap file for /root/openjdk8u101-db/trap/java/classes/java/awt/im/spi/InputMethodDescriptor.members/InputMethodDescriptor.members#52.0-1747491832928-java.trap.gz as /root/openjdk8u101-db/trap/java/classes/java/awt/im/spi/InputMethodDescriptor.members/InputMethodDescriptor.members#0.0-1747489313000-java.trap.gz exists
[2025-05-17 14:28:21] [javac-extractor-112159] [WARN] Not rewriting trap file for /root/openjdk8u101-db/trap/java/classes/java/awt/im/spi/InputMethod.members/InputMethod.members#52.0-1747491832928-java.trap.gz as /root/openjdk8u101-db/trap/java/classes/java/awt/im/spi/InputMethod.members/InputMethod.members#0.0-1747489313000-java.trap.gz exists
[2025-05-17 14:28:21] [javac-extractor-112159] [WARN] Not rewriting trap file for /root/openjdk8u101-db/trap/java/classes/java/util/Locale.members/Locale.members#52.0-1747491817248-java.trap.gz as /root/openjdk8u101-db/trap/java/classes/java/util/Locale.members/Locale.members#0.0-1747489313000-java.trap.gz exists
[2025-05-17 14:28:21] [javac-extractor-112159] [WARN] Not rewriting trap file for /root/openjdk8u101-db/trap/java/classes/java/lang/Object.members/Object.members#52.0-1747491814958-java.trap.gz as /root/openjdk8u101-db/trap/java/classes/java/lang/Object.members/Object.members#0.0-1747489313000-java.trap.gz exists
[2025-05-17 14:28:21] [javac-extractor-112159] [WARN] Not rewriting trap file for /root/openjdk8u101-db/trap/java/classes/java/lang/Exception.members/Exception.members#52.0-1747491815198-java.trap.gz as /root/openjdk8u101-db/trap/java/classes/java/lang/Exception.members/Exception.members#0.0-1747489313000-java.trap.gz exists
[2025-05-17 14:28:21] [javac-extractor-112159] [WARN] Not rewriting trap file for /root/openjdk8u101-db/trap/java/classes/com/sun/inputmethods/internal/codepointim/CodePointInputMethod.members/CodePointInputMethod.members#0.0-1747489314000-java.trap.gz as it exists
[2025-05-17 14:28:21] [javac-extractor-112159] [WARN] Not rewriting trap file for /root/openjdk8u101-db/trap/java/classes/java/lang/Cloneable.members/Cloneable.members#52.0-1747491815178-java.trap.gz as /root/openjdk8u101-db/trap/java/classes/java/lang/Cloneable.members/Cloneable.members#0.0-1747489313000-java.trap.gz exists
[2025-05-17 14:28:21] [javac-extractor-112159] [WARN] Not rewriting trap file for /root/openjdk8u101-db/trap/java/classes/java/io/Serializable.members/Serializable.members#52.0-1747491815178-java.trap.gz as /root/openjdk8u101-db/trap/java/classes/java/io/Serializable.members/Serializable.members#0.0-1747489313000-java.trap.gz exists
[2025-05-17 14:28:21] [javac-extractor-112159] [WARN] Not rewriting trap file for /root/openjdk8u101-db/trap/java/classes/java/lang/String.members/String.members#52.0-1747491815278-java.trap.gz as /root/openjdk8u101-db/trap/java/classes/java/lang/String.members/String.members#0.0-1747489313000-java.trap.gz exists
[2025-05-17 14:28:21] [javac-extractor-112159] Processing file /root/8u101/jdk/src/share/demo/jfc/CodePointIM/CodePointIM.java
[2025-05-17 14:28:21] [javac-extractor-112159] [WARN] Not rewriting trap file for /root/openjdk8u101-db/trap/java/classes/java/util/Locale.members/Locale.members#52.0-1747491817248-java.trap.gz as /root/openjdk8u101-db/trap/java/classes/java/util/Locale.members/Locale.members#0.0-1747489313000-java.trap.gz exists
[2025-05-17 14:28:21] [javac-extractor-112159] [WARN] Not rewriting trap file for /root/openjdk8u101-db/trap/java/classes/java/util/MissingResourceException.members/MissingResourceException.members#52.0-1747491817978-java.trap.gz as /root/openjdk8u101-db/trap/java/classes/java/util/MissingResourceException.members/MissingResourceException.members#0.0-1747489313000-java.trap.gz exists
[2025-05-17 14:28:21] [javac-extractor-112159] [WARN] Not rewriting trap file for /root/openjdk8u101-db/trap/java/classes/java/util/ResourceBundle.members/ResourceBundle.members#52.0-1747491820668-java.trap.gz as /root/openjdk8u101-db/trap/java/classes/java/util/ResourceBundle.members/ResourceBundle.members#0.0-1747489320000-java.trap.gz exists
[2025-05-17 14:28:21] [javac-extractor-112159] [WARN] Not rewriting trap file for /root/openjdk8u101-db/trap/java/classes/java/lang/Object.members/Object.members#52.0-1747491814958-java.trap.gz as /root/openjdk8u101-db/trap/java/classes/java/lang/Object.members/Object.members#0.0-1747489313000-java.trap.gz exists
[2025-05-17 14:28:21] [javac-extractor-112159] [WARN] Not rewriting trap file for /root/openjdk8u101-db/trap/java/classes/java/lang/String.members/String.members#52.0-1747491815278-java.trap.gz as /root/openjdk8u101-db/trap/java/classes/java/lang/String.members/String.members#0.0-1747489313000-java.trap.gz exists
[2025-05-17 14:28:21] [javac-extractor-112159] [WARN] Not rewriting trap file for /root/openjdk8u101-db/trap/java/classes/java/lang/Cloneable.members/Cloneable.members#52.0-1747491815178-java.trap.gz as /root/openjdk8u101-db/trap/java/classes/java/lang/Cloneable.members/Cloneable.members#0.0-1747489313000-java.trap.gz exists
[2025-05-17 14:28:21] [javac-extractor-112159] [WARN] Not rewriting trap file for /root/openjdk8u101-db/trap/java/classes/java/io/Serializable.members/Serializable.members#52.0-1747491815178-java.trap.gz as /root/openjdk8u101-db/trap/java/classes/java/io/Serializable.members/Serializable.members#0.0-1747489313000-java.trap.gz exists
[2025-05-17 14:28:21] [javac-extractor-112159] [WARN] Not rewriting trap file for /root/openjdk8u101-db/trap/java/classes/java/io/PrintStream.members/PrintStream.members#52.0-1747491817008-java.trap.gz as /root/openjdk8u101-db/trap/java/classes/java/io/PrintStream.members/PrintStream.members#0.0-1747489313000-java.trap.gz exists
[2025-05-17 14:28:21] [javac-extractor-112159] [WARN] Not rewriting trap file for /root/openjdk8u101-db/trap/java/classes/java/lang/System.members/System.members#52.0-1747491835118-java.trap.gz as /root/openjdk8u101-db/trap/java/classes/java/lang/System.members/System.members#0.0-1747489320000-java.trap.gz exists
[2025-05-17 14:28:21] [javac-extractor-112159] [WARN] Not rewriting trap file for /root/openjdk8u101-db/trap/java/classes/java/lang/Throwable.members/Throwable.members#52.0-1747491815208-java.trap.gz as /root/openjdk8u101-db/trap/java/classes/java/lang/Throwable.members/Throwable.members#0.0-1747489320000-java.trap.gz exists
[2025-05-17 14:28:21] [javac-extractor-112159] Javac init time: 5.9s
[2025-05-17 14:28:21] [javac-extractor-112159] Javac attr time: 1.7s
[2025-05-17 14:28:21] [javac-extractor-112159] Extractor time: 1.4s
[2025-05-17 14:28:21] [javac-extractor-112159] Other time: 0.6s
[2025-05-17 14:28:21] [javac-extractor-112159] Total time: 9.6s
