[2025-05-17 14:28:11] [javac-extractor-111981] Starting extraction for:
                                               sun.java.command=com.semmle.extractor.java.JavaExtractor --jdk-version -1 --javac-args @@@/root/openjdk8u101-db/log/ext/javac-31.args
                                               user.dir=/root/8u101/jdk/make
[2025-05-17 14:28:11] [javac-extractor-111981] Compilation name /root/openjdk8u101-db/trap/java/diagnostics/diagnostic-10.trap.gz
[2025-05-17 14:28:17] [javac-extractor-111981] Annotation processor class 'lombok.launch.AnnotationProcessorHider$AnnotationProcessor' initialized.
[2025-05-17 14:28:17] [javac-extractor-111981] Annotation processor class 'lombok.launch.AnnotationProcessorHider$ClaimingProcessor' initialized.
[2025-05-17 14:28:19] [javac-extractor-111981] Processing file /root/8u101/jdk/src/share/demo/applets/Clock/Clock.java
[2025-05-17 14:28:20] [javac-extractor-111981] [WARN] Not rewriting trap file for /root/openjdk8u101-db/trap/java/classes/java/applet/Applet.members/Applet.members#52.0-1747491822068-java.trap.gz as /root/openjdk8u101-db/trap/java/classes/java/applet/Applet.members/Applet.members#0.0-1747489313000-java.trap.gz exists
[2025-05-17 14:28:20] [javac-extractor-111981] [WARN] Not rewriting trap file for /root/openjdk8u101-db/trap/java/classes/java/awt/Color.members/Color.members#52.0-1747491820178-java.trap.gz as /root/openjdk8u101-db/trap/java/classes/java/awt/Color.members/Color.members#0.0-1747489313000-java.trap.gz exists
[2025-05-17 14:28:20] [javac-extractor-111981] [WARN] Not rewriting trap file for /root/openjdk8u101-db/trap/java/classes/java/awt/Font.members/Font.members#52.0-1747491820198-java.trap.gz as /root/openjdk8u101-db/trap/java/classes/java/awt/Font.members/Font.members#0.0-1747489320000-java.trap.gz exists
[2025-05-17 14:28:20] [javac-extractor-111981] [WARN] Not rewriting trap file for /root/openjdk8u101-db/trap/java/classes/java/awt/Graphics.members/Graphics.members#52.0-1747491820118-java.trap.gz as /root/openjdk8u101-db/trap/java/classes/java/awt/Graphics.members/Graphics.members#0.0-1747489313000-java.trap.gz exists
[2025-05-17 14:28:20] [javac-extractor-111981] [WARN] Not rewriting trap file for /root/openjdk8u101-db/trap/java/classes/java/text/SimpleDateFormat.members/SimpleDateFormat.members#52.0-1747491823678-java.trap.gz as /root/openjdk8u101-db/trap/java/classes/java/text/SimpleDateFormat.members/SimpleDateFormat.members#0.0-1747489313000-java.trap.gz exists
[2025-05-17 14:28:20] [javac-extractor-111981] [WARN] Not rewriting trap file for /root/openjdk8u101-db/trap/java/classes/java/util/Date.members/Date.members#52.0-1747491819218-java.trap.gz as /root/openjdk8u101-db/trap/java/classes/java/util/Date.members/Date.members#0.0-1747489313000-java.trap.gz exists
[2025-05-17 14:28:20] [javac-extractor-111981] [WARN] Not rewriting trap file for /root/openjdk8u101-db/trap/java/classes/java/util/Locale.members/Locale.members#52.0-1747491817248-java.trap.gz as /root/openjdk8u101-db/trap/java/classes/java/util/Locale.members/Locale.members#0.0-1747489313000-java.trap.gz exists
[2025-05-17 14:28:20] [javac-extractor-111981] [WARN] Not rewriting trap file for /root/openjdk8u101-db/trap/java/classes/java/lang/String.members/String.members#52.0-1747491815278-java.trap.gz as /root/openjdk8u101-db/trap/java/classes/java/lang/String.members/String.members#0.0-1747489313000-java.trap.gz exists
[2025-05-17 14:28:20] [javac-extractor-111981] [WARN] Not rewriting trap file for /root/openjdk8u101-db/trap/java/classes/java/lang/Thread.members/Thread.members#52.0-1747491818638-java.trap.gz as /root/openjdk8u101-db/trap/java/classes/java/lang/Thread.members/Thread.members#0.0-1747489320000-java.trap.gz exists
[2025-05-17 14:28:20] [javac-extractor-111981] [WARN] Not rewriting trap file for /root/openjdk8u101-db/trap/java/classes/java/lang/Runnable.members/Runnable.members#52.0-1747491817668-java.trap.gz as /root/openjdk8u101-db/trap/java/classes/java/lang/Runnable.members/Runnable.members#0.0-1747489313000-java.trap.gz exists
[2025-05-17 14:28:20] [javac-extractor-111981] [WARN] Not rewriting trap file for /root/openjdk8u101-db/trap/java/classes/java/lang/SuppressWarnings.members/SuppressWarnings.members#52.0-1747491820718-java.trap.gz as /root/openjdk8u101-db/trap/java/classes/java/lang/SuppressWarnings.members/SuppressWarnings.members#0.0-1747489313000-java.trap.gz exists
[2025-05-17 14:28:20] [javac-extractor-111981] [WARN] Not rewriting trap file for /root/openjdk8u101-db/trap/java/classes/java/lang/Object.members/Object.members#52.0-1747491814958-java.trap.gz as /root/openjdk8u101-db/trap/java/classes/java/lang/Object.members/Object.members#0.0-1747489313000-java.trap.gz exists
[2025-05-17 14:28:20] [javac-extractor-111981] [WARN] Not rewriting trap file for /root/openjdk8u101-db/trap/java/classes/java/lang/Cloneable.members/Cloneable.members#52.0-1747491815178-java.trap.gz as /root/openjdk8u101-db/trap/java/classes/java/lang/Cloneable.members/Cloneable.members#0.0-1747489313000-java.trap.gz exists
[2025-05-17 14:28:20] [javac-extractor-111981] [WARN] Not rewriting trap file for /root/openjdk8u101-db/trap/java/classes/java/io/Serializable.members/Serializable.members#52.0-1747491815178-java.trap.gz as /root/openjdk8u101-db/trap/java/classes/java/io/Serializable.members/Serializable.members#0.0-1747489313000-java.trap.gz exists
[2025-05-17 14:28:20] [javac-extractor-111981] [WARN] Not rewriting trap file for /root/openjdk8u101-db/trap/java/classes/java/lang/Override.members/Override.members#52.0-1747491835198-java.trap.gz as /root/openjdk8u101-db/trap/java/classes/java/lang/Override.members/Override.members#0.0-1747489313000-java.trap.gz exists
[2025-05-17 14:28:20] [javac-extractor-111981] [WARN] Not rewriting trap file for /root/openjdk8u101-db/trap/java/classes/java/text/DateFormat.members/DateFormat.members#52.0-1747491822318-java.trap.gz as /root/openjdk8u101-db/trap/java/classes/java/text/DateFormat.members/DateFormat.members#0.0-1747489313000-java.trap.gz exists
[2025-05-17 14:28:20] [javac-extractor-111981] [WARN] Not rewriting trap file for /root/openjdk8u101-db/trap/java/classes/java/awt/Component.members/Component.members#52.0-1747491820438-java.trap.gz as /root/openjdk8u101-db/trap/java/classes/java/awt/Component.members/Component.members#0.0-1747489320000-java.trap.gz exists
[2025-05-17 14:28:20] [javac-extractor-111981] [WARN] Not rewriting trap file for /root/openjdk8u101-db/trap/java/classes/java/lang/Integer.members/Integer.members#52.0-1747491817278-java.trap.gz as /root/openjdk8u101-db/trap/java/classes/java/lang/Integer.members/Integer.members#0.0-1747489313000-java.trap.gz exists
[2025-05-17 14:28:20] [javac-extractor-111981] [WARN] Not rewriting trap file for /root/openjdk8u101-db/trap/java/classes/java/lang/NullPointerException.members/NullPointerException.members#52.0-1747491821008-java.trap.gz as /root/openjdk8u101-db/trap/java/classes/java/lang/NullPointerException.members/NullPointerException.members#0.0-1747489313000-java.trap.gz exists
[2025-05-17 14:28:20] [javac-extractor-111981] [WARN] Not rewriting trap file for /root/openjdk8u101-db/trap/java/classes/java/lang/NumberFormatException.members/NumberFormatException.members#52.0-1747491818048-java.trap.gz as /root/openjdk8u101-db/trap/java/classes/java/lang/NumberFormatException.members/NumberFormatException.members#0.0-1747489313000-java.trap.gz exists
[2025-05-17 14:28:20] [javac-extractor-111981] [WARN] Not rewriting trap file for /root/openjdk8u101-db/trap/java/classes/java/lang/Math.members/Math.members#52.0-1747491820298-java.trap.gz as /root/openjdk8u101-db/trap/java/classes/java/lang/Math.members/Math.members#0.0-1747489313000-java.trap.gz exists
[2025-05-17 14:28:20] [javac-extractor-111981] [WARN] Not rewriting trap file for /root/openjdk8u101-db/trap/java/classes/java/lang/InterruptedException.members/InterruptedException.members#52.0-1747491816718-java.trap.gz as /root/openjdk8u101-db/trap/java/classes/java/lang/InterruptedException.members/InterruptedException.members#0.0-1747489313000-java.trap.gz exists
[2025-05-17 14:28:20] [javac-extractor-111981] Javac init time: 5.8s
[2025-05-17 14:28:20] [javac-extractor-111981] Javac attr time: 1.3s
[2025-05-17 14:28:20] [javac-extractor-111981] Extractor time: 1.3s
[2025-05-17 14:28:20] [javac-extractor-111981] Other time: 0.5s
[2025-05-17 14:28:20] [javac-extractor-111981] Total time: 9.0s
