[2025-05-17 14:28:11] [javac-extractor-112017] Starting extraction for:
                                               sun.java.command=com.semmle.extractor.java.JavaExtractor --jdk-version -1 --javac-args @@@/root/openjdk8u101-db/log/ext/javac-32.args
                                               user.dir=/root/8u101/jdk/make
[2025-05-17 14:28:11] [javac-extractor-112017] Compilation name /root/openjdk8u101-db/trap/java/diagnostics/diagnostic-8.trap.gz
[2025-05-17 14:28:16] [javac-extractor-112017] Annotation processor class 'lombok.launch.AnnotationProcessorHider$AnnotationProcessor' initialized.
[2025-05-17 14:28:17] [javac-extractor-112017] Annotation processor class 'lombok.launch.AnnotationProcessorHider$ClaimingProcessor' initialized.
[2025-05-17 14:28:19] [javac-extractor-112017] Processing file /root/8u101/jdk/src/share/demo/applets/ArcTest/ArcTest.java
[2025-05-17 14:28:19] [javac-extractor-112017] Processing file /root/8u101/jdk/src/share/demo/applets/ArcTest/ArcTest.java
[2025-05-17 14:28:20] [javac-extractor-112017] Processing file /root/8u101/jdk/src/share/demo/applets/ArcTest/ArcTest.java
[2025-05-17 14:28:20] [javac-extractor-112017] Processing file /root/8u101/jdk/src/share/demo/applets/ArcTest/ArcTest.java
[2025-05-17 14:28:20] [javac-extractor-112017] [WARN] Not rewriting trap file for /root/openjdk8u101-db/trap/java/classes/java/applet/Applet.members/Applet.members#52.0-1747491822068-java.trap.gz as /root/openjdk8u101-db/trap/java/classes/java/applet/Applet.members/Applet.members#0.0-1747489313000-java.trap.gz exists
[2025-05-17 14:28:20] [javac-extractor-112017] [WARN] Not rewriting trap file for /root/openjdk8u101-db/trap/java/classes/java/lang/SuppressWarnings.members/SuppressWarnings.members#52.0-1747491820718-java.trap.gz as /root/openjdk8u101-db/trap/java/classes/java/lang/SuppressWarnings.members/SuppressWarnings.members#0.0-1747489313000-java.trap.gz exists
[2025-05-17 14:28:20] [javac-extractor-112017] [WARN] Not rewriting trap file for /root/openjdk8u101-db/trap/java/classes/java/lang/String.members/String.members#52.0-1747491815278-java.trap.gz as /root/openjdk8u101-db/trap/java/classes/java/lang/String.members/String.members#0.0-1747489313000-java.trap.gz exists
[2025-05-17 14:28:20] [javac-extractor-112017] [WARN] Not rewriting trap file for /root/openjdk8u101-db/trap/java/classes/java/lang/Object.members/Object.members#52.0-1747491814958-java.trap.gz as /root/openjdk8u101-db/trap/java/classes/java/lang/Object.members/Object.members#0.0-1747489313000-java.trap.gz exists
[2025-05-17 14:28:20] [javac-extractor-112017] [WARN] Not rewriting trap file for /root/openjdk8u101-db/trap/java/classes/java/lang/Cloneable.members/Cloneable.members#52.0-1747491815178-java.trap.gz as /root/openjdk8u101-db/trap/java/classes/java/lang/Cloneable.members/Cloneable.members#0.0-1747489313000-java.trap.gz exists
[2025-05-17 14:28:20] [javac-extractor-112017] [WARN] Not rewriting trap file for /root/openjdk8u101-db/trap/java/classes/java/io/Serializable.members/Serializable.members#52.0-1747491815178-java.trap.gz as /root/openjdk8u101-db/trap/java/classes/java/io/Serializable.members/Serializable.members#0.0-1747489313000-java.trap.gz exists
[2025-05-17 14:28:20] [javac-extractor-112017] [WARN] Not rewriting trap file for /root/openjdk8u101-db/trap/java/classes/java/lang/Override.members/Override.members#52.0-1747491835198-java.trap.gz as /root/openjdk8u101-db/trap/java/classes/java/lang/Override.members/Override.members#0.0-1747489313000-java.trap.gz exists
[2025-05-17 14:28:20] [javac-extractor-112017] [WARN] Not rewriting trap file for /root/openjdk8u101-db/trap/java/classes/java/awt/Container.members/Container.members#52.0-1747491820428-java.trap.gz as /root/openjdk8u101-db/trap/java/classes/java/awt/Container.members/Container.members#0.0-1747489320000-java.trap.gz exists
[2025-05-17 14:28:20] [javac-extractor-112017] [WARN] Not rewriting trap file for /root/openjdk8u101-db/trap/java/classes/java/awt/LayoutManager.members/LayoutManager.members#52.0-1747491820678-java.trap.gz as /root/openjdk8u101-db/trap/java/classes/java/awt/LayoutManager.members/LayoutManager.members#0.0-1747489313000-java.trap.gz exists
[2025-05-17 14:28:20] [javac-extractor-112017] [WARN] Not rewriting trap file for /root/openjdk8u101-db/trap/java/classes/java/awt/BorderLayout.members/BorderLayout.members#52.0-1747491822498-java.trap.gz as /root/openjdk8u101-db/trap/java/classes/java/awt/BorderLayout.members/BorderLayout.members#0.0-1747489313000-java.trap.gz exists
[2025-05-17 14:28:20] [javac-extractor-112017] [WARN] Not rewriting trap file for /root/openjdk8u101-db/trap/java/classes/java/awt/Component.members/Component.members#52.0-1747491820438-java.trap.gz as /root/openjdk8u101-db/trap/java/classes/java/awt/Component.members/Component.members#0.0-1747489320000-java.trap.gz exists
[2025-05-17 14:28:20] [javac-extractor-112017] [WARN] Not rewriting trap file for /root/openjdk8u101-db/trap/java/classes/java/awt/AWTEvent.members/AWTEvent.members#52.0-1747491820628-java.trap.gz as /root/openjdk8u101-db/trap/java/classes/java/awt/AWTEvent.members/AWTEvent.members#0.0-1747489313000-java.trap.gz exists
[2025-05-17 14:28:20] [javac-extractor-112017] [WARN] Not rewriting trap file for /root/openjdk8u101-db/trap/java/classes/java/awt/Event.members/Event.members#52.0-1747491820648-java.trap.gz as /root/openjdk8u101-db/trap/java/classes/java/awt/Event.members/Event.members#0.0-1747489313000-java.trap.gz exists
[2025-05-17 14:28:20] [javac-extractor-112017] [WARN] Not rewriting trap file for /root/openjdk8u101-db/trap/java/classes/java/lang/System.members/System.members#52.0-1747491835118-java.trap.gz as /root/openjdk8u101-db/trap/java/classes/java/lang/System.members/System.members#0.0-1747489320000-java.trap.gz exists
[2025-05-17 14:28:20] [javac-extractor-112017] [WARN] Not rewriting trap file for /root/openjdk8u101-db/trap/java/classes/java/awt/Frame.members/Frame.members#52.0-1747491820578-java.trap.gz as /root/openjdk8u101-db/trap/java/classes/java/awt/Frame.members/Frame.members#0.0-1747489313000-java.trap.gz exists
[2025-05-17 14:28:20] [javac-extractor-112017] [WARN] Not rewriting trap file for /root/openjdk8u101-db/trap/java/classes/java/awt/Window.members/Window.members#52.0-1747491820418-java.trap.gz as /root/openjdk8u101-db/trap/java/classes/java/awt/Window.members/Window.members#0.0-1747489320000-java.trap.gz exists
[2025-05-17 14:28:20] [javac-extractor-112017] [WARN] Not rewriting trap file for /root/openjdk8u101-db/trap/java/classes/java/awt/Font.members/Font.members#52.0-1747491820198-java.trap.gz as /root/openjdk8u101-db/trap/java/classes/java/awt/Font.members/Font.members#0.0-1747489320000-java.trap.gz exists
[2025-05-17 14:28:20] [javac-extractor-112017] [WARN] Not rewriting trap file for /root/openjdk8u101-db/trap/java/classes/java/awt/Canvas.members/Canvas.members#52.0-1747491820818-java.trap.gz as /root/openjdk8u101-db/trap/java/classes/java/awt/Canvas.members/Canvas.members#0.0-1747489313000-java.trap.gz exists
[2025-05-17 14:28:20] [javac-extractor-112017] [WARN] Not rewriting trap file for /root/openjdk8u101-db/trap/java/classes/java/awt/Graphics.members/Graphics.members#52.0-1747491820118-java.trap.gz as /root/openjdk8u101-db/trap/java/classes/java/awt/Graphics.members/Graphics.members#0.0-1747489313000-java.trap.gz exists
[2025-05-17 14:28:20] [javac-extractor-112017] [WARN] Not rewriting trap file for /root/openjdk8u101-db/trap/java/classes/java/awt/Rectangle.members/Rectangle.members#52.0-1747491820008-java.trap.gz as /root/openjdk8u101-db/trap/java/classes/java/awt/Rectangle.members/Rectangle.members#0.0-1747489313000-java.trap.gz exists
[2025-05-17 14:28:20] [javac-extractor-112017] [WARN] Not rewriting trap file for /root/openjdk8u101-db/trap/java/classes/java/awt/Color.members/Color.members#52.0-1747491820178-java.trap.gz as /root/openjdk8u101-db/trap/java/classes/java/awt/Color.members/Color.members#0.0-1747489313000-java.trap.gz exists
[2025-05-17 14:28:20] [javac-extractor-112017] [WARN] Not rewriting trap file for /root/openjdk8u101-db/trap/java/classes/java/awt/TextField.members/TextField.members#52.0-1747491820778-java.trap.gz as /root/openjdk8u101-db/trap/java/classes/java/awt/TextField.members/TextField.members#0.0-1747489313000-java.trap.gz exists
[2025-05-17 14:28:20] [javac-extractor-112017] [WARN] Not rewriting trap file for /root/openjdk8u101-db/trap/java/classes/java/awt/Panel.members/Panel.members#52.0-1747491820818-java.trap.gz as /root/openjdk8u101-db/trap/java/classes/java/awt/Panel.members/Panel.members#0.0-1747489313000-java.trap.gz exists
[2025-05-17 14:28:20] [javac-extractor-112017] [WARN] Not rewriting trap file for /root/openjdk8u101-db/trap/java/classes/java/awt/event/ActionListener.members/ActionListener.members#52.0-1747491820888-java.trap.gz as /root/openjdk8u101-db/trap/java/classes/java/awt/event/ActionListener.members/ActionListener.members#0.0-1747489313000-java.trap.gz exists
[2025-05-17 14:28:20] [javac-extractor-112017] [WARN] Not rewriting trap file for /root/openjdk8u101-db/trap/java/classes/java/util/EventListener.members/EventListener.members#52.0-1747491820258-java.trap.gz as /root/openjdk8u101-db/trap/java/classes/java/util/EventListener.members/EventListener.members#0.0-1747489313000-java.trap.gz exists
[2025-05-17 14:28:20] [javac-extractor-112017] [WARN] Not rewriting trap file for /root/openjdk8u101-db/trap/java/classes/java/awt/Button.members/Button.members#52.0-1747491820768-java.trap.gz as /root/openjdk8u101-db/trap/java/classes/java/awt/Button.members/Button.members#0.0-1747489313000-java.trap.gz exists
[2025-05-17 14:28:20] [javac-extractor-112017] [WARN] Not rewriting trap file for /root/openjdk8u101-db/trap/java/classes/java/awt/event/ActionEvent.members/ActionEvent.members#52.0-1747491820888-java.trap.gz as /root/openjdk8u101-db/trap/java/classes/java/awt/event/ActionEvent.members/ActionEvent.members#0.0-1747489313000-java.trap.gz exists
[2025-05-17 14:28:20] [javac-extractor-112017] [WARN] Not rewriting trap file for /root/openjdk8u101-db/trap/java/classes/java/lang/Integer.members/Integer.members#52.0-1747491817278-java.trap.gz as /root/openjdk8u101-db/trap/java/classes/java/lang/Integer.members/Integer.members#0.0-1747489313000-java.trap.gz exists
[2025-05-17 14:28:20] [javac-extractor-112017] [WARN] Not rewriting trap file for /root/openjdk8u101-db/trap/java/classes/java/awt/TextComponent.members/TextComponent.members#52.0-1747491820778-java.trap.gz as /root/openjdk8u101-db/trap/java/classes/java/awt/TextComponent.members/TextComponent.members#0.0-1747489313000-java.trap.gz exists
[2025-05-17 14:28:20] [javac-extractor-112017] [WARN] Not rewriting trap file for /root/openjdk8u101-db/trap/java/classes/java/lang/NumberFormatException.members/NumberFormatException.members#52.0-1747491818048-java.trap.gz as /root/openjdk8u101-db/trap/java/classes/java/lang/NumberFormatException.members/NumberFormatException.members#0.0-1747489313000-java.trap.gz exists
[2025-05-17 14:28:20] [javac-extractor-112017] [WARN] Not rewriting trap file for /root/openjdk8u101-db/trap/java/classes/java/awt/event/KeyEvent.members/KeyEvent.members#52.0-1747491820638-java.trap.gz as /root/openjdk8u101-db/trap/java/classes/java/awt/event/KeyEvent.members/KeyEvent.members#0.0-1747489313000-java.trap.gz exists
[2025-05-17 14:28:20] [javac-extractor-112017] [WARN] Not rewriting trap file for /root/openjdk8u101-db/trap/java/classes/java/lang/Character.members/Character.members#52.0-1747491817978-java.trap.gz as /root/openjdk8u101-db/trap/java/classes/java/lang/Character.members/Character.members#0.0-1747489320000-java.trap.gz exists
[2025-05-17 14:28:20] [javac-extractor-112017] [WARN] Not rewriting trap file for /root/openjdk8u101-db/trap/java/classes/java/awt/Toolkit.members/Toolkit.members#52.0-1747491820608-java.trap.gz as /root/openjdk8u101-db/trap/java/classes/java/awt/Toolkit.members/Toolkit.members#0.0-1747489320000-java.trap.gz exists
[2025-05-17 14:28:20] [javac-extractor-112017] [WARN] Not rewriting trap file for /root/openjdk8u101-db/trap/java/classes/java/awt/event/InputEvent.members/InputEvent.members#52.0-1747491820638-java.trap.gz as /root/openjdk8u101-db/trap/java/classes/java/awt/event/InputEvent.members/InputEvent.members#0.0-1747489313000-java.trap.gz exists
[2025-05-17 14:28:20] [javac-extractor-112017] [WARN] Not rewriting trap file for /root/openjdk8u101-db/trap/java/classes/java/awt/event/TextEvent.members/TextEvent.members#52.0-1747491820888-java.trap.gz as /root/openjdk8u101-db/trap/java/classes/java/awt/event/TextEvent.members/TextEvent.members#0.0-1747489313000-java.trap.gz exists
[2025-05-17 14:28:20] [javac-extractor-112017] Javac init time: 5.5s
[2025-05-17 14:28:20] [javac-extractor-112017] Javac attr time: 1.7s
[2025-05-17 14:28:20] [javac-extractor-112017] Extractor time: 1.2s
[2025-05-17 14:28:20] [javac-extractor-112017] Other time: 0.6s
[2025-05-17 14:28:20] [javac-extractor-112017] Total time: 9.0s
