[2025-05-17 14:28:28] [javac-extractor-113598] Starting extraction for:
                                               sun.java.command=com.semmle.extractor.java.JavaExtractor --jdk-version -1 --javac-args @@@/root/openjdk8u101-db/log/ext/javac-42.args
                                               user.dir=/root/8u101/jdk/make
[2025-05-17 14:28:28] [javac-extractor-113598] Compilation name /root/openjdk8u101-db/trap/java/diagnostics/diagnostic-23.trap.gz
[2025-05-17 14:28:33] [javac-extractor-113598] Annotation processor class 'lombok.launch.AnnotationProcessorHider$AnnotationProcessor' initialized.
[2025-05-17 14:28:34] [javac-extractor-113598] Annotation processor class 'lombok.launch.AnnotationProcessorHider$ClaimingProcessor' initialized.
[2025-05-17 14:28:37] [javac-extractor-113598] Processing file /root/8u101/jdk/src/share/demo/jfc/TransparentRuler/transparentruler/Ruler.java
[2025-05-17 14:28:37] [javac-extractor-113598] [WARN] Not rewriting trap file for /root/openjdk8u101-db/trap/java/classes/java/awt/GraphicsDevice$WindowTranslucency.members/GraphicsDevice$WindowTranslucency.members#52.0-1747491820208-java.trap.gz as /root/openjdk8u101-db/trap/java/classes/java/awt/GraphicsDevice$WindowTranslucency.members/GraphicsDevice$WindowTranslucency.members#0.0-1747489313000-java.trap.gz exists
[2025-05-17 14:28:37] [javac-extractor-113598] [WARN] Not rewriting trap file for /root/openjdk8u101-db/trap/java/classes/java/awt/event/ActionEvent.members/ActionEvent.members#52.0-1747491820888-java.trap.gz as /root/openjdk8u101-db/trap/java/classes/java/awt/event/ActionEvent.members/ActionEvent.members#0.0-1747489313000-java.trap.gz exists
[2025-05-17 14:28:37] [javac-extractor-113598] [WARN] Not rewriting trap file for /root/openjdk8u101-db/trap/java/classes/java/awt/event/ComponentAdapter.members/ComponentAdapter.members#52.0-1747491821908-java.trap.gz as /root/openjdk8u101-db/trap/java/classes/java/awt/event/ComponentAdapter.members/ComponentAdapter.members#0.0-1747489313000-java.trap.gz exists
[2025-05-17 14:28:37] [javac-extractor-113598] [WARN] Not rewriting trap file for /root/openjdk8u101-db/trap/java/classes/java/awt/event/ComponentEvent.members/ComponentEvent.members#52.0-1747491820628-java.trap.gz as /root/openjdk8u101-db/trap/java/classes/java/awt/event/ComponentEvent.members/ComponentEvent.members#0.0-1747489313000-java.trap.gz exists
[2025-05-17 14:28:37] [javac-extractor-113598] [WARN] Not rewriting trap file for /root/openjdk8u101-db/trap/java/classes/java/awt/event/KeyAdapter.members/KeyAdapter.members#52.0-1747491823518-java.trap.gz as /root/openjdk8u101-db/trap/java/classes/java/awt/event/KeyAdapter.members/KeyAdapter.members#0.0-1747489313000-java.trap.gz exists
[2025-05-17 14:28:37] [javac-extractor-113598] [WARN] Not rewriting trap file for /root/openjdk8u101-db/trap/java/classes/java/awt/event/KeyEvent.members/KeyEvent.members#52.0-1747491820638-java.trap.gz as /root/openjdk8u101-db/trap/java/classes/java/awt/event/KeyEvent.members/KeyEvent.members#0.0-1747489313000-java.trap.gz exists
[2025-05-17 14:28:37] [javac-extractor-113598] [WARN] Not rewriting trap file for /root/openjdk8u101-db/trap/java/classes/java/awt/event/MouseAdapter.members/MouseAdapter.members#52.0-1747491822648-java.trap.gz as /root/openjdk8u101-db/trap/java/classes/java/awt/event/MouseAdapter.members/MouseAdapter.members#0.0-1747489313000-java.trap.gz exists
[2025-05-17 14:28:37] [javac-extractor-113598] [WARN] Not rewriting trap file for /root/openjdk8u101-db/trap/java/classes/java/awt/event/MouseEvent.members/MouseEvent.members#52.0-1747491820678-java.trap.gz as /root/openjdk8u101-db/trap/java/classes/java/awt/event/MouseEvent.members/MouseEvent.members#0.0-1747489320000-java.trap.gz exists
[2025-05-17 14:28:37] [javac-extractor-113598] [WARN] Not rewriting trap file for /root/openjdk8u101-db/trap/java/classes/java/awt/geom/Path2D$Float.members/Path2D$Float.members#52.0-1747491820738-java.trap.gz as /root/openjdk8u101-db/trap/java/classes/java/awt/geom/Path2D$Float.members/Path2D$Float.members#0.0-1747489320000-java.trap.gz exists
[2025-05-17 14:28:37] [javac-extractor-113598] [WARN] Not rewriting trap file for /root/openjdk8u101-db/trap/java/classes/java/lang/reflect/InvocationTargetException.members/InvocationTargetException.members#52.0-1747491817598-java.trap.gz as /root/openjdk8u101-db/trap/java/classes/java/lang/reflect/InvocationTargetException.members/InvocationTargetException.members#0.0-1747489313000-java.trap.gz exists
[2025-05-17 14:28:37] [javac-extractor-113598] [WARN] Not rewriting trap file for /root/openjdk8u101-db/trap/java/classes/javax/swing/AbstractAction.members/AbstractAction.members#52.0-1747491821388-java.trap.gz as /root/openjdk8u101-db/trap/java/classes/javax/swing/AbstractAction.members/AbstractAction.members#0.0-1747489313000-java.trap.gz exists
[2025-05-17 14:28:37] [javac-extractor-113598] [WARN] Not rewriting trap file for /root/openjdk8u101-db/trap/java/classes/javax/swing/Action.members/Action.members#52.0-1747491821358-java.trap.gz as /root/openjdk8u101-db/trap/java/classes/javax/swing/Action.members/Action.members#0.0-1747489313000-java.trap.gz exists
[2025-05-17 14:28:37] [javac-extractor-113598] [WARN] Not rewriting trap file for /root/openjdk8u101-db/trap/java/classes/javax/swing/JFrame.members/JFrame.members#52.0-1747491822408-java.trap.gz as /root/openjdk8u101-db/trap/java/classes/javax/swing/JFrame.members/JFrame.members#0.0-1747489313000-java.trap.gz exists
[2025-05-17 14:28:37] [javac-extractor-113598] [WARN] Not rewriting trap file for /root/openjdk8u101-db/trap/java/classes/javax/swing/JMenuItem.members/JMenuItem.members#52.0-1747491821498-java.trap.gz as /root/openjdk8u101-db/trap/java/classes/javax/swing/JMenuItem.members/JMenuItem.members#0.0-1747489313000-java.trap.gz exists
[2025-05-17 14:28:37] [javac-extractor-113598] [WARN] Not rewriting trap file for /root/openjdk8u101-db/trap/java/classes/javax/swing/JPanel.members/JPanel.members#52.0-1747491822168-java.trap.gz as /root/openjdk8u101-db/trap/java/classes/javax/swing/JPanel.members/JPanel.members#0.0-1747489313000-java.trap.gz exists
[2025-05-17 14:28:37] [javac-extractor-113598] [WARN] Not rewriting trap file for /root/openjdk8u101-db/trap/java/classes/javax/swing/JPopupMenu.members/JPopupMenu.members#52.0-1747491821458-java.trap.gz as /root/openjdk8u101-db/trap/java/classes/javax/swing/JPopupMenu.members/JPopupMenu.members#0.0-1747489313000-java.trap.gz exists
[2025-05-17 14:28:37] [javac-extractor-113598] [WARN] Not rewriting trap file for /root/openjdk8u101-db/trap/java/classes/javax/swing/SwingUtilities.members/SwingUtilities.members#52.0-1747491823858-java.trap.gz as /root/openjdk8u101-db/trap/java/classes/javax/swing/SwingUtilities.members/SwingUtilities.members#0.0-1747489320000-java.trap.gz exists
[2025-05-17 14:28:37] [javac-extractor-113598] [WARN] Not rewriting trap file for /root/openjdk8u101-db/trap/java/classes/javax/swing/WindowConstants.members/WindowConstants.members#52.0-1747491821558-java.trap.gz as /root/openjdk8u101-db/trap/java/classes/javax/swing/WindowConstants.members/WindowConstants.members#0.0-1747489313000-java.trap.gz exists
[2025-05-17 14:28:37] [javac-extractor-113598] [WARN] Not rewriting trap file for /root/openjdk8u101-db/trap/java/classes/java/awt/Color.members/Color.members#52.0-1747491820178-java.trap.gz as /root/openjdk8u101-db/trap/java/classes/java/awt/Color.members/Color.members#0.0-1747489313000-java.trap.gz exists
[2025-05-17 14:28:37] [javac-extractor-113598] [WARN] Not rewriting trap file for /root/openjdk8u101-db/trap/java/classes/java/lang/SuppressWarnings.members/SuppressWarnings.members#52.0-1747491820718-java.trap.gz as /root/openjdk8u101-db/trap/java/classes/java/lang/SuppressWarnings.members/SuppressWarnings.members#0.0-1747489313000-java.trap.gz exists
[2025-05-17 14:28:37] [javac-extractor-113598] [WARN] Not rewriting trap file for /root/openjdk8u101-db/trap/java/classes/java/lang/String.members/String.members#52.0-1747491815278-java.trap.gz as /root/openjdk8u101-db/trap/java/classes/java/lang/String.members/String.members#0.0-1747489313000-java.trap.gz exists
[2025-05-17 14:28:37] [javac-extractor-113598] [WARN] Not rewriting trap file for /root/openjdk8u101-db/trap/java/classes/java/lang/Object.members/Object.members#52.0-1747491814958-java.trap.gz as /root/openjdk8u101-db/trap/java/classes/java/lang/Object.members/Object.members#0.0-1747489313000-java.trap.gz exists
[2025-05-17 14:28:37] [javac-extractor-113598] [WARN] Not rewriting trap file for /root/openjdk8u101-db/trap/java/classes/java/lang/Cloneable.members/Cloneable.members#52.0-1747491815178-java.trap.gz as /root/openjdk8u101-db/trap/java/classes/java/lang/Cloneable.members/Cloneable.members#0.0-1747489313000-java.trap.gz exists
[2025-05-17 14:28:37] [javac-extractor-113598] [WARN] Not rewriting trap file for /root/openjdk8u101-db/trap/java/classes/java/io/Serializable.members/Serializable.members#52.0-1747491815178-java.trap.gz as /root/openjdk8u101-db/trap/java/classes/java/io/Serializable.members/Serializable.members#0.0-1747489313000-java.trap.gz exists
[2025-05-17 14:28:37] [javac-extractor-113598] [WARN] Not rewriting trap file for /root/openjdk8u101-db/trap/java/classes/java/lang/Override.members/Override.members#52.0-1747491835198-java.trap.gz as /root/openjdk8u101-db/trap/java/classes/java/lang/Override.members/Override.members#0.0-1747489313000-java.trap.gz exists
[2025-05-17 14:28:37] [javac-extractor-113598] [WARN] Not rewriting trap file for /root/openjdk8u101-db/trap/java/classes/java/awt/Frame.members/Frame.members#52.0-1747491820578-java.trap.gz as /root/openjdk8u101-db/trap/java/classes/java/awt/Frame.members/Frame.members#0.0-1747489313000-java.trap.gz exists
[2025-05-17 14:28:37] [javac-extractor-113598] [WARN] Not rewriting trap file for /root/openjdk8u101-db/trap/java/classes/java/awt/Shape.members/Shape.members#52.0-1747491820018-java.trap.gz as /root/openjdk8u101-db/trap/java/classes/java/awt/Shape.members/Shape.members#0.0-1747489313000-java.trap.gz exists
[2025-05-17 14:28:37] [javac-extractor-113598] [WARN] Not rewriting trap file for /root/openjdk8u101-db/trap/java/classes/java/lang/System.members/System.members#52.0-1747491835118-java.trap.gz as /root/openjdk8u101-db/trap/java/classes/java/lang/System.members/System.members#0.0-1747489320000-java.trap.gz exists
[2025-05-17 14:28:37] [javac-extractor-113598] [WARN] Not rewriting trap file for /root/openjdk8u101-db/trap/java/classes/java/awt/event/InputEvent.members/InputEvent.members#52.0-1747491820638-java.trap.gz as /root/openjdk8u101-db/trap/java/classes/java/awt/event/InputEvent.members/InputEvent.members#0.0-1747489313000-java.trap.gz exists
[2025-05-17 14:28:37] [javac-extractor-113598] [WARN] Not rewriting trap file for /root/openjdk8u101-db/trap/java/classes/java/awt/Window.members/Window.members#52.0-1747491820418-java.trap.gz as /root/openjdk8u101-db/trap/java/classes/java/awt/Window.members/Window.members#0.0-1747489320000-java.trap.gz exists
[2025-05-17 14:28:38] [javac-extractor-113598] [WARN] Not rewriting trap file for /root/openjdk8u101-db/trap/java/classes/java/awt/Component.members/Component.members#52.0-1747491820438-java.trap.gz as /root/openjdk8u101-db/trap/java/classes/java/awt/Component.members/Component.members#0.0-1747489320000-java.trap.gz exists
[2025-05-17 14:28:38] [javac-extractor-113598] [WARN] Not rewriting trap file for /root/openjdk8u101-db/trap/java/classes/java/awt/Container.members/Container.members#52.0-1747491820428-java.trap.gz as /root/openjdk8u101-db/trap/java/classes/java/awt/Container.members/Container.members#0.0-1747489320000-java.trap.gz exists
[2025-05-17 14:28:38] [javac-extractor-113598] [WARN] Not rewriting trap file for /root/openjdk8u101-db/trap/java/classes/java/awt/event/ActionListener.members/ActionListener.members#52.0-1747491820888-java.trap.gz as /root/openjdk8u101-db/trap/java/classes/java/awt/event/ActionListener.members/ActionListener.members#0.0-1747489313000-java.trap.gz exists
[2025-05-17 14:28:38] [javac-extractor-113598] [WARN] Not rewriting trap file for /root/openjdk8u101-db/trap/java/classes/java/awt/GraphicsEnvironment.members/GraphicsEnvironment.members#52.0-1747491832698-java.trap.gz as /root/openjdk8u101-db/trap/java/classes/java/awt/GraphicsEnvironment.members/GraphicsEnvironment.members#0.0-1747489313000-java.trap.gz exists
[2025-05-17 14:28:38] [javac-extractor-113598] [WARN] Not rewriting trap file for /root/openjdk8u101-db/trap/java/classes/java/awt/GraphicsDevice.members/GraphicsDevice.members#52.0-1747491820208-java.trap.gz as /root/openjdk8u101-db/trap/java/classes/java/awt/GraphicsDevice.members/GraphicsDevice.members#0.0-1747489313000-java.trap.gz exists
[2025-05-17 14:28:38] [javac-extractor-113598] [WARN] Not rewriting trap file for /root/openjdk8u101-db/trap/java/classes/java/lang/Math.members/Math.members#52.0-1747491820298-java.trap.gz as /root/openjdk8u101-db/trap/java/classes/java/lang/Math.members/Math.members#0.0-1747489313000-java.trap.gz exists
[2025-05-17 14:28:38] [javac-extractor-113598] [WARN] Not rewriting trap file for /root/openjdk8u101-db/trap/java/classes/java/awt/geom/Path2D.members/Path2D.members#52.0-1747491820748-java.trap.gz as /root/openjdk8u101-db/trap/java/classes/java/awt/geom/Path2D.members/Path2D.members#0.0-1747489320000-java.trap.gz exists
[2025-05-17 14:28:38] [javac-extractor-113598] [WARN] Not rewriting trap file for /root/openjdk8u101-db/trap/java/classes/java/awt/event/MouseListener.members/MouseListener.members#52.0-1747491820718-java.trap.gz as /root/openjdk8u101-db/trap/java/classes/java/awt/event/MouseListener.members/MouseListener.members#0.0-1747489313000-java.trap.gz exists
[2025-05-17 14:28:38] [javac-extractor-113598] [WARN] Not rewriting trap file for /root/openjdk8u101-db/trap/java/classes/java/awt/event/MouseMotionListener.members/MouseMotionListener.members#52.0-1747491820718-java.trap.gz as /root/openjdk8u101-db/trap/java/classes/java/awt/event/MouseMotionListener.members/MouseMotionListener.members#0.0-1747489313000-java.trap.gz exists
[2025-05-17 14:28:38] [javac-extractor-113598] [WARN] Not rewriting trap file for /root/openjdk8u101-db/trap/java/classes/java/awt/event/ComponentListener.members/ComponentListener.members#52.0-1747491820718-java.trap.gz as /root/openjdk8u101-db/trap/java/classes/java/awt/event/ComponentListener.members/ComponentListener.members#0.0-1747489313000-java.trap.gz exists
[2025-05-17 14:28:38] [javac-extractor-113598] [WARN] Not rewriting trap file for /root/openjdk8u101-db/trap/java/classes/java/awt/event/KeyListener.members/KeyListener.members#52.0-1747491820718-java.trap.gz as /root/openjdk8u101-db/trap/java/classes/java/awt/event/KeyListener.members/KeyListener.members#0.0-1747489313000-java.trap.gz exists
[2025-05-17 14:28:38] [javac-extractor-113598] [WARN] Not rewriting trap file for /root/openjdk8u101-db/trap/java/classes/java/awt/Graphics.members/Graphics.members#52.0-1747491820118-java.trap.gz as /root/openjdk8u101-db/trap/java/classes/java/awt/Graphics.members/Graphics.members#0.0-1747489313000-java.trap.gz exists
[2025-05-17 14:28:38] [javac-extractor-113598] [WARN] Not rewriting trap file for /root/openjdk8u101-db/trap/java/classes/java/awt/Graphics2D.members/Graphics2D.members#52.0-1747491820128-java.trap.gz as /root/openjdk8u101-db/trap/java/classes/java/awt/Graphics2D.members/Graphics2D.members#0.0-1747489313000-java.trap.gz exists
[2025-05-17 14:28:38] [javac-extractor-113598] [WARN] Not rewriting trap file for /root/openjdk8u101-db/trap/java/classes/javax/swing/JComponent.members/JComponent.members#52.0-1747491821418-java.trap.gz as /root/openjdk8u101-db/trap/java/classes/javax/swing/JComponent.members/JComponent.members#0.0-1747489313000-java.trap.gz exists
[2025-05-17 14:28:38] [javac-extractor-113598] [WARN] Not rewriting trap file for /root/openjdk8u101-db/trap/java/classes/java/awt/FontMetrics.members/FontMetrics.members#52.0-1747491820198-java.trap.gz as /root/openjdk8u101-db/trap/java/classes/java/awt/FontMetrics.members/FontMetrics.members#0.0-1747489313000-java.trap.gz exists
[2025-05-17 14:28:38] [javac-extractor-113598] [WARN] Not rewriting trap file for /root/openjdk8u101-db/trap/java/classes/java/lang/Integer.members/Integer.members#52.0-1747491817278-java.trap.gz as /root/openjdk8u101-db/trap/java/classes/java/lang/Integer.members/Integer.members#0.0-1747489313000-java.trap.gz exists
[2025-05-17 14:28:38] [javac-extractor-113598] [WARN] Not rewriting trap file for /root/openjdk8u101-db/trap/java/classes/java/lang/InterruptedException.members/InterruptedException.members#52.0-1747491816718-java.trap.gz as /root/openjdk8u101-db/trap/java/classes/java/lang/InterruptedException.members/InterruptedException.members#0.0-1747489313000-java.trap.gz exists
[2025-05-17 14:28:38] [javac-extractor-113598] [WARN] Not rewriting trap file for /root/openjdk8u101-db/trap/java/classes/java/lang/Runnable.members/Runnable.members#52.0-1747491817668-java.trap.gz as /root/openjdk8u101-db/trap/java/classes/java/lang/Runnable.members/Runnable.members#0.0-1747489313000-java.trap.gz exists
[2025-05-17 14:28:38] [javac-extractor-113598] [WARN] Not rewriting trap file for /root/openjdk8u101-db/trap/java/classes/java/io/PrintStream.members/PrintStream.members#52.0-1747491817008-java.trap.gz as /root/openjdk8u101-db/trap/java/classes/java/io/PrintStream.members/PrintStream.members#0.0-1747489313000-java.trap.gz exists
[2025-05-17 14:28:38] [javac-extractor-113598] Javac init time: 5.5s
[2025-05-17 14:28:38] [javac-extractor-113598] Javac attr time: 2.0s
[2025-05-17 14:28:38] [javac-extractor-113598] Extractor time: 1.4s
[2025-05-17 14:28:38] [javac-extractor-113598] Other time: 0.6s
[2025-05-17 14:28:38] [javac-extractor-113598] Total time: 9.5s
