[2025-05-17 14:28:11] [javac-extractor-112108] Starting extraction for:
                                               sun.java.command=com.semmle.extractor.java.JavaExtractor --jdk-version -1 --javac-args @@@/root/openjdk8u101-db/log/ext/javac-36.args
                                               user.dir=/root/8u101/jdk/make
[2025-05-17 14:28:11] [javac-extractor-112108] Compilation name /root/openjdk8u101-db/trap/java/diagnostics/diagnostic-12.trap.gz
[2025-05-17 14:28:17] [javac-extractor-112108] Annotation processor class 'lombok.launch.AnnotationProcessorHider$AnnotationProcessor' initialized.
[2025-05-17 14:28:17] [javac-extractor-112108] Annotation processor class 'lombok.launch.AnnotationProcessorHider$ClaimingProcessor' initialized.
[2025-05-17 14:28:19] [javac-extractor-112108] Processing file /root/8u101/jdk/src/share/demo/applets/SortDemo/BidirBubbleSortAlgorithm.java
[2025-05-17 14:28:19] [javac-extractor-112108] [WARN] Not rewriting trap file for /root/openjdk8u101-db/trap/java/classes/java/lang/Object.members/Object.members#52.0-1747491814958-java.trap.gz as /root/openjdk8u101-db/trap/java/classes/java/lang/Object.members/Object.members#0.0-1747489313000-java.trap.gz exists
[2025-05-17 14:28:19] [javac-extractor-112108] [WARN] Not rewriting trap file for /root/openjdk8u101-db/trap/java/classes/java/lang/Cloneable.members/Cloneable.members#52.0-1747491815178-java.trap.gz as /root/openjdk8u101-db/trap/java/classes/java/lang/Cloneable.members/Cloneable.members#0.0-1747489313000-java.trap.gz exists
[2025-05-17 14:28:19] [javac-extractor-112108] [WARN] Not rewriting trap file for /root/openjdk8u101-db/trap/java/classes/java/io/Serializable.members/Serializable.members#52.0-1747491815178-java.trap.gz as /root/openjdk8u101-db/trap/java/classes/java/io/Serializable.members/Serializable.members#0.0-1747489313000-java.trap.gz exists
[2025-05-17 14:28:19] [javac-extractor-112108] [WARN] Not rewriting trap file for /root/openjdk8u101-db/trap/java/classes/java/lang/Override.members/Override.members#52.0-1747491835198-java.trap.gz as /root/openjdk8u101-db/trap/java/classes/java/lang/Override.members/Override.members#0.0-1747489313000-java.trap.gz exists
[2025-05-17 14:28:19] [javac-extractor-112108] [WARN] Not rewriting trap file for /root/openjdk8u101-db/trap/java/classes/java/lang/Exception.members/Exception.members#52.0-1747491815198-java.trap.gz as /root/openjdk8u101-db/trap/java/classes/java/lang/Exception.members/Exception.members#0.0-1747489313000-java.trap.gz exists
[2025-05-17 14:28:19] [javac-extractor-112108] [WARN] Not rewriting trap file for /root/openjdk8u101-db/trap/java/classes/java/applet/Applet.members/Applet.members#52.0-1747491822068-java.trap.gz as /root/openjdk8u101-db/trap/java/classes/java/applet/Applet.members/Applet.members#0.0-1747489313000-java.trap.gz exists
[2025-05-17 14:28:19] [javac-extractor-112108] [WARN] Not rewriting trap file for /root/openjdk8u101-db/trap/java/classes/java/lang/Runnable.members/Runnable.members#52.0-1747491817668-java.trap.gz as /root/openjdk8u101-db/trap/java/classes/java/lang/Runnable.members/Runnable.members#0.0-1747489313000-java.trap.gz exists
[2025-05-17 14:28:19] [javac-extractor-112108] [WARN] Not rewriting trap file for /root/openjdk8u101-db/trap/java/classes/java/awt/event/MouseListener.members/MouseListener.members#52.0-1747491820718-java.trap.gz as /root/openjdk8u101-db/trap/java/classes/java/awt/event/MouseListener.members/MouseListener.members#0.0-1747489313000-java.trap.gz exists
[2025-05-17 14:28:19] [javac-extractor-112108] [WARN] Not rewriting trap file for /root/openjdk8u101-db/trap/java/classes/java/lang/SuppressWarnings.members/SuppressWarnings.members#52.0-1747491820718-java.trap.gz as /root/openjdk8u101-db/trap/java/classes/java/lang/SuppressWarnings.members/SuppressWarnings.members#0.0-1747489313000-java.trap.gz exists
[2025-05-17 14:28:19] [javac-extractor-112108] [WARN] Not rewriting trap file for /root/openjdk8u101-db/trap/java/classes/java/lang/String.members/String.members#52.0-1747491815278-java.trap.gz as /root/openjdk8u101-db/trap/java/classes/java/lang/String.members/String.members#0.0-1747489313000-java.trap.gz exists
[2025-05-17 14:28:19] [javac-extractor-112108] [WARN] Not rewriting trap file for /root/openjdk8u101-db/trap/java/classes/java/awt/event/MouseEvent.members/MouseEvent.members#52.0-1747491820678-java.trap.gz as /root/openjdk8u101-db/trap/java/classes/java/awt/event/MouseEvent.members/MouseEvent.members#0.0-1747489320000-java.trap.gz exists
[2025-05-17 14:28:19] [javac-extractor-112108] [WARN] Not rewriting trap file for /root/openjdk8u101-db/trap/java/classes/java/awt/Graphics.members/Graphics.members#52.0-1747491820118-java.trap.gz as /root/openjdk8u101-db/trap/java/classes/java/awt/Graphics.members/Graphics.members#0.0-1747489313000-java.trap.gz exists
[2025-05-17 14:28:19] [javac-extractor-112108] [WARN] Not rewriting trap file for /root/openjdk8u101-db/trap/java/classes/java/awt/Dimension.members/Dimension.members#52.0-1747491819998-java.trap.gz as /root/openjdk8u101-db/trap/java/classes/java/awt/Dimension.members/Dimension.members#0.0-1747489313000-java.trap.gz exists
[2025-05-17 14:28:19] [javac-extractor-112108] Processing file /root/8u101/jdk/src/share/demo/applets/SortDemo/SortAlgorithm.java
[2025-05-17 14:28:19] [javac-extractor-112108] [WARN] Not rewriting trap file for /root/openjdk8u101-db/trap/java/classes/SortAlgorithm.members/SortAlgorithm.members#0.0-1747489314000-java.trap.gz as it exists
[2025-05-17 14:28:19] [javac-extractor-112108] [WARN] Not rewriting trap file for /root/openjdk8u101-db/trap/java/classes/java/lang/Object.members/Object.members#52.0-1747491814958-java.trap.gz as /root/openjdk8u101-db/trap/java/classes/java/lang/Object.members/Object.members#0.0-1747489313000-java.trap.gz exists
[2025-05-17 14:28:19] [javac-extractor-112108] [WARN] Not rewriting trap file for /root/openjdk8u101-db/trap/java/classes/java/lang/Cloneable.members/Cloneable.members#52.0-1747491815178-java.trap.gz as /root/openjdk8u101-db/trap/java/classes/java/lang/Cloneable.members/Cloneable.members#0.0-1747489313000-java.trap.gz exists
[2025-05-17 14:28:19] [javac-extractor-112108] [WARN] Not rewriting trap file for /root/openjdk8u101-db/trap/java/classes/java/io/Serializable.members/Serializable.members#52.0-1747491815178-java.trap.gz as /root/openjdk8u101-db/trap/java/classes/java/io/Serializable.members/Serializable.members#0.0-1747489313000-java.trap.gz exists
[2025-05-17 14:28:19] [javac-extractor-112108] [WARN] Not rewriting trap file for /root/openjdk8u101-db/trap/java/classes/java/lang/Exception.members/Exception.members#52.0-1747491815198-java.trap.gz as /root/openjdk8u101-db/trap/java/classes/java/lang/Exception.members/Exception.members#0.0-1747489313000-java.trap.gz exists
[2025-05-17 14:28:19] [javac-extractor-112108] [WARN] Not rewriting trap file for /root/openjdk8u101-db/trap/java/classes/SortItem.members/SortItem.members#0.0-1747489314000-java.trap.gz as it exists
[2025-05-17 14:28:19] [javac-extractor-112108] [WARN] Not rewriting trap file for /root/openjdk8u101-db/trap/java/classes/java/lang/String.members/String.members#52.0-1747491815278-java.trap.gz as /root/openjdk8u101-db/trap/java/classes/java/lang/String.members/String.members#0.0-1747489313000-java.trap.gz exists
[2025-05-17 14:28:20] [javac-extractor-112108] Processing file /root/8u101/jdk/src/share/demo/applets/SortDemo/SortItem.java
[2025-05-17 14:28:21] [javac-extractor-112108] [WARN] Not rewriting trap file for /root/openjdk8u101-db/trap/java/classes/java/awt/Color.members/Color.members#52.0-1747491820178-java.trap.gz as /root/openjdk8u101-db/trap/java/classes/java/awt/Color.members/Color.members#0.0-1747489313000-java.trap.gz exists
[2025-05-17 14:28:21] [javac-extractor-112108] [WARN] Not rewriting trap file for /root/openjdk8u101-db/trap/java/classes/java/awt/Dimension.members/Dimension.members#52.0-1747491819998-java.trap.gz as /root/openjdk8u101-db/trap/java/classes/java/awt/Dimension.members/Dimension.members#0.0-1747489313000-java.trap.gz exists
[2025-05-17 14:28:21] [javac-extractor-112108] [WARN] Not rewriting trap file for /root/openjdk8u101-db/trap/java/classes/java/awt/Graphics.members/Graphics.members#52.0-1747491820118-java.trap.gz as /root/openjdk8u101-db/trap/java/classes/java/awt/Graphics.members/Graphics.members#0.0-1747489313000-java.trap.gz exists
[2025-05-17 14:28:21] [javac-extractor-112108] [WARN] Not rewriting trap file for /root/openjdk8u101-db/trap/java/classes/java/awt/event/MouseEvent.members/MouseEvent.members#52.0-1747491820678-java.trap.gz as /root/openjdk8u101-db/trap/java/classes/java/awt/event/MouseEvent.members/MouseEvent.members#0.0-1747489320000-java.trap.gz exists
[2025-05-17 14:28:21] [javac-extractor-112108] [WARN] Not rewriting trap file for /root/openjdk8u101-db/trap/java/classes/java/awt/event/MouseListener.members/MouseListener.members#52.0-1747491820718-java.trap.gz as /root/openjdk8u101-db/trap/java/classes/java/awt/event/MouseListener.members/MouseListener.members#0.0-1747489313000-java.trap.gz exists
[2025-05-17 14:28:21] [javac-extractor-112108] [WARN] Not rewriting trap file for /root/openjdk8u101-db/trap/java/classes/SortItem.members/SortItem.members#0.0-1747489314000-java.trap.gz as it exists
[2025-05-17 14:28:21] [javac-extractor-112108] [WARN] Not rewriting trap file for /root/openjdk8u101-db/trap/java/classes/SortAlgorithm.members/SortAlgorithm.members#0.0-1747489314000-java.trap.gz as it exists
[2025-05-17 14:28:21] [javac-extractor-112108] [WARN] Not rewriting trap file for /root/openjdk8u101-db/trap/java/classes/java/lang/String.members/String.members#52.0-1747491815278-java.trap.gz as /root/openjdk8u101-db/trap/java/classes/java/lang/String.members/String.members#0.0-1747489313000-java.trap.gz exists
[2025-05-17 14:28:21] [javac-extractor-112108] [WARN] Not rewriting trap file for /root/openjdk8u101-db/trap/java/classes/java/lang/Object.members/Object.members#52.0-1747491814958-java.trap.gz as /root/openjdk8u101-db/trap/java/classes/java/lang/Object.members/Object.members#0.0-1747489313000-java.trap.gz exists
[2025-05-17 14:28:21] [javac-extractor-112108] [WARN] Not rewriting trap file for /root/openjdk8u101-db/trap/java/classes/java/lang/Cloneable.members/Cloneable.members#52.0-1747491815178-java.trap.gz as /root/openjdk8u101-db/trap/java/classes/java/lang/Cloneable.members/Cloneable.members#0.0-1747489313000-java.trap.gz exists
[2025-05-17 14:28:21] [javac-extractor-112108] [WARN] Not rewriting trap file for /root/openjdk8u101-db/trap/java/classes/java/io/Serializable.members/Serializable.members#52.0-1747491815178-java.trap.gz as /root/openjdk8u101-db/trap/java/classes/java/io/Serializable.members/Serializable.members#0.0-1747489313000-java.trap.gz exists
[2025-05-17 14:28:21] [javac-extractor-112108] [WARN] Not rewriting trap file for /root/openjdk8u101-db/trap/java/classes/java/lang/Thread.members/Thread.members#52.0-1747491818638-java.trap.gz as /root/openjdk8u101-db/trap/java/classes/java/lang/Thread.members/Thread.members#0.0-1747489320000-java.trap.gz exists
[2025-05-17 14:28:21] [javac-extractor-112108] [WARN] Not rewriting trap file for /root/openjdk8u101-db/trap/java/classes/java/applet/Applet.members/Applet.members#52.0-1747491822068-java.trap.gz as /root/openjdk8u101-db/trap/java/classes/java/applet/Applet.members/Applet.members#0.0-1747489313000-java.trap.gz exists
[2025-05-17 14:28:21] [javac-extractor-112108] [WARN] Not rewriting trap file for /root/openjdk8u101-db/trap/java/classes/java/lang/Runnable.members/Runnable.members#52.0-1747491817668-java.trap.gz as /root/openjdk8u101-db/trap/java/classes/java/lang/Runnable.members/Runnable.members#0.0-1747489313000-java.trap.gz exists
[2025-05-17 14:28:21] [javac-extractor-112108] [WARN] Not rewriting trap file for /root/openjdk8u101-db/trap/java/classes/java/util/EventListener.members/EventListener.members#52.0-1747491820258-java.trap.gz as /root/openjdk8u101-db/trap/java/classes/java/util/EventListener.members/EventListener.members#0.0-1747489313000-java.trap.gz exists
[2025-05-17 14:28:21] [javac-extractor-112108] [WARN] Not rewriting trap file for /root/openjdk8u101-db/trap/java/classes/java/lang/SuppressWarnings.members/SuppressWarnings.members#52.0-1747491820718-java.trap.gz as /root/openjdk8u101-db/trap/java/classes/java/lang/SuppressWarnings.members/SuppressWarnings.members#0.0-1747489313000-java.trap.gz exists
[2025-05-17 14:28:21] [javac-extractor-112108] [WARN] Not rewriting trap file for /root/openjdk8u101-db/trap/java/classes/java/awt/Component.members/Component.members#52.0-1747491820438-java.trap.gz as /root/openjdk8u101-db/trap/java/classes/java/awt/Component.members/Component.members#0.0-1747489320000-java.trap.gz exists
[2025-05-17 14:28:21] [javac-extractor-112108] [WARN] Not rewriting trap file for /root/openjdk8u101-db/trap/java/classes/java/lang/Math.members/Math.members#52.0-1747491820298-java.trap.gz as /root/openjdk8u101-db/trap/java/classes/java/lang/Math.members/Math.members#0.0-1747489313000-java.trap.gz exists
[2025-05-17 14:28:21] [javac-extractor-112108] [WARN] Not rewriting trap file for /root/openjdk8u101-db/trap/java/classes/java/lang/InterruptedException.members/InterruptedException.members#52.0-1747491816718-java.trap.gz as /root/openjdk8u101-db/trap/java/classes/java/lang/InterruptedException.members/InterruptedException.members#0.0-1747489313000-java.trap.gz exists
[2025-05-17 14:28:21] [javac-extractor-112108] [WARN] Not rewriting trap file for /root/openjdk8u101-db/trap/java/classes/java/lang/Override.members/Override.members#52.0-1747491835198-java.trap.gz as /root/openjdk8u101-db/trap/java/classes/java/lang/Override.members/Override.members#0.0-1747489313000-java.trap.gz exists
[2025-05-17 14:28:21] [javac-extractor-112108] [WARN] Not rewriting trap file for /root/openjdk8u101-db/trap/java/classes/java/lang/Class.members/Class.members#52.0-1747491816628-java.trap.gz as /root/openjdk8u101-db/trap/java/classes/java/lang/Class.members/Class.members#0.0-1747489313000-java.trap.gz exists
[2025-05-17 14:28:21] [javac-extractor-112108] [WARN] Not rewriting trap file for /root/openjdk8u101-db/trap/java/classes/java/lang/reflect/GenericDeclaration.members/GenericDeclaration.members#52.0-1747491816628-java.trap.gz as /root/openjdk8u101-db/trap/java/classes/java/lang/reflect/GenericDeclaration.members/GenericDeclaration.members#0.0-1747489313000-java.trap.gz exists
[2025-05-17 14:28:21] [javac-extractor-112108] [WARN] Not rewriting trap file for /root/openjdk8u101-db/trap/java/classes/java/lang/reflect/Type.members/Type.members#52.0-1747491816718-java.trap.gz as /root/openjdk8u101-db/trap/java/classes/java/lang/reflect/Type.members/Type.members#0.0-1747489313000-java.trap.gz exists
[2025-05-17 14:28:21] [javac-extractor-112108] [WARN] Not rewriting trap file for /root/openjdk8u101-db/trap/java/classes/java/lang/reflect/AnnotatedElement.members/AnnotatedElement.members#52.0-1747491816718-java.trap.gz as /root/openjdk8u101-db/trap/java/classes/java/lang/reflect/AnnotatedElement.members/AnnotatedElement.members#0.0-1747489313000-java.trap.gz exists
[2025-05-17 14:28:21] [javac-extractor-112108] [WARN] Not rewriting trap file for /root/openjdk8u101-db/trap/java/classes/java/lang/InstantiationException.members/InstantiationException.members#52.0-1747491817328-java.trap.gz as /root/openjdk8u101-db/trap/java/classes/java/lang/InstantiationException.members/InstantiationException.members#0.0-1747489313000-java.trap.gz exists
[2025-05-17 14:28:21] [javac-extractor-112108] [WARN] Not rewriting trap file for /root/openjdk8u101-db/trap/java/classes/java/lang/IllegalAccessException.members/IllegalAccessException.members#52.0-1747491817328-java.trap.gz as /root/openjdk8u101-db/trap/java/classes/java/lang/IllegalAccessException.members/IllegalAccessException.members#0.0-1747489313000-java.trap.gz exists
[2025-05-17 14:28:21] [javac-extractor-112108] [WARN] Not rewriting trap file for /root/openjdk8u101-db/trap/java/classes/java/lang/reflect/AnnotatedType.members/AnnotatedType.members#52.0-1747491817578-java.trap.gz as /root/openjdk8u101-db/trap/java/classes/java/lang/reflect/AnnotatedType.members/AnnotatedType.members#0.0-1747489313000-java.trap.gz exists
[2025-05-17 14:28:21] [javac-extractor-112108] [WARN] Not rewriting trap file for /root/openjdk8u101-db/trap/java/classes/java/util/Map.members/Map.members#52.0-1747491817398-java.trap.gz as /root/openjdk8u101-db/trap/java/classes/java/util/Map.members/Map.members#0.0-1747489313000-java.trap.gz exists
[2025-05-17 14:28:21] [javac-extractor-112108] [WARN] Not rewriting trap file for /root/openjdk8u101-db/trap/java/classes/java/lang/annotation/Annotation.members/Annotation.members#52.0-1747491817488-java.trap.gz as /root/openjdk8u101-db/trap/java/classes/java/lang/annotation/Annotation.members/Annotation.members#0.0-1747489313000-java.trap.gz exists
[2025-05-17 14:28:21] [javac-extractor-112108] [WARN] Not rewriting trap file for /root/openjdk8u101-db/trap/java/classes/sun/reflect/annotation/AnnotationType.members/AnnotationType.members#52.0-1747491817498-java.trap.gz as /root/openjdk8u101-db/trap/java/classes/sun/reflect/annotation/AnnotationType.members/AnnotationType.members#0.0-1747489320000-java.trap.gz exists
[2025-05-17 14:28:21] [javac-extractor-112108] [WARN] Not rewriting trap file for /root/openjdk8u101-db/trap/java/classes/sun/reflect/ConstantPool.members/ConstantPool.members#52.0-1747491817478-java.trap.gz as /root/openjdk8u101-db/trap/java/classes/sun/reflect/ConstantPool.members/ConstantPool.members#0.0-1747489314000-java.trap.gz exists
[2025-05-17 14:28:21] [javac-extractor-112108] [WARN] Not rewriting trap file for /root/openjdk8u101-db/trap/java/classes/java/lang/reflect/Executable.members/Executable.members#52.0-1747491817368-java.trap.gz as /root/openjdk8u101-db/trap/java/classes/java/lang/reflect/Executable.members/Executable.members#0.0-1747489320000-java.trap.gz exists
[2025-05-17 14:28:21] [javac-extractor-112108] [WARN] Not rewriting trap file for /root/openjdk8u101-db/trap/java/classes/java/security/ProtectionDomain.members/ProtectionDomain.members#52.0-1747491817468-java.trap.gz as /root/openjdk8u101-db/trap/java/classes/java/security/ProtectionDomain.members/ProtectionDomain.members#0.0-1747489320000-java.trap.gz exists
[2025-05-17 14:28:21] [javac-extractor-112108] [WARN] Not rewriting trap file for /root/openjdk8u101-db/trap/java/classes/java/net/URL.members/URL.members#52.0-1747491817448-java.trap.gz as /root/openjdk8u101-db/trap/java/classes/java/net/URL.members/URL.members#0.0-1747489320000-java.trap.gz exists
[2025-05-17 14:28:21] [javac-extractor-112108] [WARN] Not rewriting trap file for /root/openjdk8u101-db/trap/java/classes/java/io/InputStream.members/InputStream.members#52.0-1747491817118-java.trap.gz as /root/openjdk8u101-db/trap/java/classes/java/io/InputStream.members/InputStream.members#0.0-1747489313000-java.trap.gz exists
[2025-05-17 14:28:21] [javac-extractor-112108] [WARN] Not rewriting trap file for /root/openjdk8u101-db/trap/java/classes/java/lang/reflect/Constructor.members/Constructor.members#52.0-1747491817358-java.trap.gz as /root/openjdk8u101-db/trap/java/classes/java/lang/reflect/Constructor.members/Constructor.members#0.0-1747489313000-java.trap.gz exists
[2025-05-17 14:28:21] [javac-extractor-112108] [WARN] Not rewriting trap file for /root/openjdk8u101-db/trap/java/classes/java/lang/NoSuchMethodException.members/NoSuchMethodException.members#52.0-1747491817438-java.trap.gz as /root/openjdk8u101-db/trap/java/classes/java/lang/NoSuchMethodException.members/NoSuchMethodException.members#0.0-1747489313000-java.trap.gz exists
[2025-05-17 14:28:21] [javac-extractor-112108] [WARN] Not rewriting trap file for /root/openjdk8u101-db/trap/java/classes/java/lang/SecurityException.members/SecurityException.members#52.0-1747491817428-java.trap.gz as /root/openjdk8u101-db/trap/java/classes/java/lang/SecurityException.members/SecurityException.members#0.0-1747489313000-java.trap.gz exists
[2025-05-17 14:28:21] [javac-extractor-112108] [WARN] Not rewriting trap file for /root/openjdk8u101-db/trap/java/classes/java/lang/reflect/Method.members/Method.members#52.0-1747491817418-java.trap.gz as /root/openjdk8u101-db/trap/java/classes/java/lang/reflect/Method.members/Method.members#0.0-1747489313000-java.trap.gz exists
[2025-05-17 14:28:21] [javac-extractor-112108] [WARN] Not rewriting trap file for /root/openjdk8u101-db/trap/java/classes/java/lang/reflect/Field.members/Field.members#52.0-1747491817438-java.trap.gz as /root/openjdk8u101-db/trap/java/classes/java/lang/reflect/Field.members/Field.members#0.0-1747489320000-java.trap.gz exists
[2025-05-17 14:28:21] [javac-extractor-112108] [WARN] Not rewriting trap file for /root/openjdk8u101-db/trap/java/classes/java/lang/NoSuchFieldException.members/NoSuchFieldException.members#52.0-1747491817438-java.trap.gz as /root/openjdk8u101-db/trap/java/classes/java/lang/NoSuchFieldException.members/NoSuchFieldException.members#0.0-1747489313000-java.trap.gz exists
[2025-05-17 14:28:21] [javac-extractor-112108] [WARN] Not rewriting trap file for /root/openjdk8u101-db/trap/java/classes/java/lang/Package.members/Package.members#52.0-1747491817418-java.trap.gz as /root/openjdk8u101-db/trap/java/classes/java/lang/Package.members/Package.members#0.0-1747489313000-java.trap.gz exists
[2025-05-17 14:28:21] [javac-extractor-112108] [WARN] Not rewriting trap file for /root/openjdk8u101-db/trap/java/classes/java/lang/reflect/TypeVariable.members/TypeVariable.members#52.0-1747491817368-java.trap.gz as /root/openjdk8u101-db/trap/java/classes/java/lang/reflect/TypeVariable.members/TypeVariable.members#0.0-1747489313000-java.trap.gz exists
[2025-05-17 14:28:21] [javac-extractor-112108] [WARN] Not rewriting trap file for /root/openjdk8u101-db/trap/java/classes/java/lang/ClassLoader.members/ClassLoader.members#52.0-1747491817328-java.trap.gz as /root/openjdk8u101-db/trap/java/classes/java/lang/ClassLoader.members/ClassLoader.members#0.0-1747489320000-java.trap.gz exists
[2025-05-17 14:28:21] [javac-extractor-112108] [WARN] Not rewriting trap file for /root/openjdk8u101-db/trap/java/classes/java/lang/ClassNotFoundException.members/ClassNotFoundException.members#52.0-1747491817118-java.trap.gz as /root/openjdk8u101-db/trap/java/classes/java/lang/ClassNotFoundException.members/ClassNotFoundException.members#0.0-1747489313000-java.trap.gz exists
[2025-05-17 14:28:21] [javac-extractor-112108] [WARN] Not rewriting trap file for /root/openjdk8u101-db/trap/java/classes/java/lang/ClassValue$ClassValueMap.members/ClassValue$ClassValueMap.members#52.0-1747491817578-java.trap.gz as /root/openjdk8u101-db/trap/java/classes/java/lang/ClassValue$ClassValueMap.members/ClassValue$ClassValueMap.members#0.0-1747489320000-java.trap.gz exists
[2025-05-17 14:28:21] [javac-extractor-112108] [WARN] Not rewriting trap file for /root/openjdk8u101-db/trap/java/classes/java/lang/Exception.members/Exception.members#52.0-1747491815198-java.trap.gz as /root/openjdk8u101-db/trap/java/classes/java/lang/Exception.members/Exception.members#0.0-1747489313000-java.trap.gz exists
[2025-05-17 14:28:21] [javac-extractor-112108] [WARN] Not rewriting trap file for /root/openjdk8u101-db/trap/java/classes/java/lang/IllegalThreadStateException.members/IllegalThreadStateException.members#52.0-1747491820728-java.trap.gz as /root/openjdk8u101-db/trap/java/classes/java/lang/IllegalThreadStateException.members/IllegalThreadStateException.members#0.0-1747489313000-java.trap.gz exists
[2025-05-17 14:28:21] [javac-extractor-112108] [WARN] Not rewriting trap file for /root/openjdk8u101-db/trap/java/classes/java/awt/event/InputEvent.members/InputEvent.members#52.0-1747491820638-java.trap.gz as /root/openjdk8u101-db/trap/java/classes/java/awt/event/InputEvent.members/InputEvent.members#0.0-1747489313000-java.trap.gz exists
[2025-05-17 14:28:22] [javac-extractor-112108] Processing file /root/8u101/jdk/src/share/demo/applets/SortDemo/QSortAlgorithm.java
[2025-05-17 14:28:22] [javac-extractor-112108] [WARN] Not rewriting trap file for /root/openjdk8u101-db/trap/java/classes/java/lang/Object.members/Object.members#52.0-1747491814958-java.trap.gz as /root/openjdk8u101-db/trap/java/classes/java/lang/Object.members/Object.members#0.0-1747489313000-java.trap.gz exists
[2025-05-17 14:28:22] [javac-extractor-112108] [WARN] Not rewriting trap file for /root/openjdk8u101-db/trap/java/classes/java/lang/Cloneable.members/Cloneable.members#52.0-1747491815178-java.trap.gz as /root/openjdk8u101-db/trap/java/classes/java/lang/Cloneable.members/Cloneable.members#0.0-1747489313000-java.trap.gz exists
[2025-05-17 14:28:22] [javac-extractor-112108] [WARN] Not rewriting trap file for /root/openjdk8u101-db/trap/java/classes/java/io/Serializable.members/Serializable.members#52.0-1747491815178-java.trap.gz as /root/openjdk8u101-db/trap/java/classes/java/io/Serializable.members/Serializable.members#0.0-1747489313000-java.trap.gz exists
[2025-05-17 14:28:22] [javac-extractor-112108] [WARN] Not rewriting trap file for /root/openjdk8u101-db/trap/java/classes/java/lang/Exception.members/Exception.members#52.0-1747491815198-java.trap.gz as /root/openjdk8u101-db/trap/java/classes/java/lang/Exception.members/Exception.members#0.0-1747489313000-java.trap.gz exists
[2025-05-17 14:28:22] [javac-extractor-112108] [WARN] Not rewriting trap file for /root/openjdk8u101-db/trap/java/classes/SortAlgorithm.members/SortAlgorithm.members#0.0-1747489314000-java.trap.gz as it exists
[2025-05-17 14:28:22] [javac-extractor-112108] [WARN] Not rewriting trap file for /root/openjdk8u101-db/trap/java/classes/java/lang/Override.members/Override.members#52.0-1747491835198-java.trap.gz as /root/openjdk8u101-db/trap/java/classes/java/lang/Override.members/Override.members#0.0-1747489313000-java.trap.gz exists
[2025-05-17 14:28:22] [javac-extractor-112108] Processing file /root/8u101/jdk/src/share/demo/applets/SortDemo/BubbleSortAlgorithm.java
[2025-05-17 14:28:22] [javac-extractor-112108] [WARN] Not rewriting trap file for /root/openjdk8u101-db/trap/java/classes/java/lang/Object.members/Object.members#52.0-1747491814958-java.trap.gz as /root/openjdk8u101-db/trap/java/classes/java/lang/Object.members/Object.members#0.0-1747489313000-java.trap.gz exists
[2025-05-17 14:28:22] [javac-extractor-112108] [WARN] Not rewriting trap file for /root/openjdk8u101-db/trap/java/classes/java/lang/Cloneable.members/Cloneable.members#52.0-1747491815178-java.trap.gz as /root/openjdk8u101-db/trap/java/classes/java/lang/Cloneable.members/Cloneable.members#0.0-1747489313000-java.trap.gz exists
[2025-05-17 14:28:22] [javac-extractor-112108] [WARN] Not rewriting trap file for /root/openjdk8u101-db/trap/java/classes/java/io/Serializable.members/Serializable.members#52.0-1747491815178-java.trap.gz as /root/openjdk8u101-db/trap/java/classes/java/io/Serializable.members/Serializable.members#0.0-1747489313000-java.trap.gz exists
[2025-05-17 14:28:22] [javac-extractor-112108] [WARN] Not rewriting trap file for /root/openjdk8u101-db/trap/java/classes/java/lang/Override.members/Override.members#52.0-1747491835198-java.trap.gz as /root/openjdk8u101-db/trap/java/classes/java/lang/Override.members/Override.members#0.0-1747489313000-java.trap.gz exists
[2025-05-17 14:28:22] [javac-extractor-112108] [WARN] Not rewriting trap file for /root/openjdk8u101-db/trap/java/classes/java/lang/Exception.members/Exception.members#52.0-1747491815198-java.trap.gz as /root/openjdk8u101-db/trap/java/classes/java/lang/Exception.members/Exception.members#0.0-1747489313000-java.trap.gz exists
[2025-05-17 14:28:22] [javac-extractor-112108] [WARN] Not rewriting trap file for /root/openjdk8u101-db/trap/java/classes/SortAlgorithm.members/SortAlgorithm.members#0.0-1747489314000-java.trap.gz as it exists
[2025-05-17 14:28:22] [javac-extractor-112108] Javac init time: 6.0s
[2025-05-17 14:28:22] [javac-extractor-112108] Javac attr time: 1.6s
[2025-05-17 14:28:22] [javac-extractor-112108] Extractor time: 2.2s
[2025-05-17 14:28:22] [javac-extractor-112108] Other time: 0.7s
[2025-05-17 14:28:22] [javac-extractor-112108] Total time: 10.6s
