[2025-05-17 14:28:11] [javac-extractor-112130] Starting extraction for:
                                               sun.java.command=com.semmle.extractor.java.JavaExtractor --jdk-version -1 --javac-args @@@/root/openjdk8u101-db/log/ext/javac-37.args
                                               user.dir=/root/8u101/jdk/make
[2025-05-17 14:28:11] [javac-extractor-112130] Compilation name /root/openjdk8u101-db/trap/java/diagnostics/diagnostic-15.trap.gz
[2025-05-17 14:28:17] [javac-extractor-112130] Annotation processor class 'lombok.launch.AnnotationProcessorHider$AnnotationProcessor' initialized.
[2025-05-17 14:28:18] [javac-extractor-112130] Annotation processor class 'lombok.launch.AnnotationProcessorHider$ClaimingProcessor' initialized.
[2025-05-17 14:28:21] [javac-extractor-112130] Processing file /root/8u101/jdk/src/share/demo/applets/SpreadSheet/SpreadSheet.java
[2025-05-17 14:28:22] [javac-extractor-112130] Processing file /root/8u101/jdk/src/share/demo/applets/SpreadSheet/SpreadSheet.java
[2025-05-17 14:28:22] [javac-extractor-112130] Processing file /root/8u101/jdk/src/share/demo/applets/SpreadSheet/SpreadSheet.java
[2025-05-17 14:28:22] [javac-extractor-112130] Processing file /root/8u101/jdk/src/share/demo/applets/SpreadSheet/SpreadSheet.java
[2025-05-17 14:28:22] [javac-extractor-112130] Processing file /root/8u101/jdk/src/share/demo/applets/SpreadSheet/SpreadSheet.java
[2025-05-17 14:28:22] [javac-extractor-112130] Processing file /root/8u101/jdk/src/share/demo/applets/SpreadSheet/SpreadSheet.java
[2025-05-17 14:28:22] [javac-extractor-112130] [WARN] Not rewriting trap file for /root/openjdk8u101-db/trap/java/classes/java/applet/Applet.members/Applet.members#52.0-1747491822068-java.trap.gz as /root/openjdk8u101-db/trap/java/classes/java/applet/Applet.members/Applet.members#0.0-1747489313000-java.trap.gz exists
[2025-05-17 14:28:22] [javac-extractor-112130] [WARN] Not rewriting trap file for /root/openjdk8u101-db/trap/java/classes/java/lang/Object.members/Object.members#52.0-1747491814958-java.trap.gz as /root/openjdk8u101-db/trap/java/classes/java/lang/Object.members/Object.members#0.0-1747489313000-java.trap.gz exists
[2025-05-17 14:28:22] [javac-extractor-112130] [WARN] Not rewriting trap file for /root/openjdk8u101-db/trap/java/classes/java/lang/Cloneable.members/Cloneable.members#52.0-1747491815178-java.trap.gz as /root/openjdk8u101-db/trap/java/classes/java/lang/Cloneable.members/Cloneable.members#0.0-1747489313000-java.trap.gz exists
[2025-05-17 14:28:22] [javac-extractor-112130] [WARN] Not rewriting trap file for /root/openjdk8u101-db/trap/java/classes/java/io/Serializable.members/Serializable.members#52.0-1747491815178-java.trap.gz as /root/openjdk8u101-db/trap/java/classes/java/io/Serializable.members/Serializable.members#0.0-1747489313000-java.trap.gz exists
[2025-05-17 14:28:22] [javac-extractor-112130] [WARN] Not rewriting trap file for /root/openjdk8u101-db/trap/java/classes/java/awt/Font.members/Font.members#52.0-1747491820198-java.trap.gz as /root/openjdk8u101-db/trap/java/classes/java/awt/Font.members/Font.members#0.0-1747489320000-java.trap.gz exists
[2025-05-17 14:28:22] [javac-extractor-112130] [WARN] Not rewriting trap file for /root/openjdk8u101-db/trap/java/classes/java/awt/Color.members/Color.members#52.0-1747491820178-java.trap.gz as /root/openjdk8u101-db/trap/java/classes/java/awt/Color.members/Color.members#0.0-1747489313000-java.trap.gz exists
[2025-05-17 14:28:22] [javac-extractor-112130] [WARN] Not rewriting trap file for /root/openjdk8u101-db/trap/java/classes/java/lang/String.members/String.members#52.0-1747491815278-java.trap.gz as /root/openjdk8u101-db/trap/java/classes/java/lang/String.members/String.members#0.0-1747489313000-java.trap.gz exists
[2025-05-17 14:28:22] [javac-extractor-112130] [WARN] Not rewriting trap file for /root/openjdk8u101-db/trap/java/classes/java/awt/event/MouseListener.members/MouseListener.members#52.0-1747491820718-java.trap.gz as /root/openjdk8u101-db/trap/java/classes/java/awt/event/MouseListener.members/MouseListener.members#0.0-1747489313000-java.trap.gz exists
[2025-05-17 14:28:22] [javac-extractor-112130] [WARN] Not rewriting trap file for /root/openjdk8u101-db/trap/java/classes/java/awt/event/KeyListener.members/KeyListener.members#52.0-1747491820718-java.trap.gz as /root/openjdk8u101-db/trap/java/classes/java/awt/event/KeyListener.members/KeyListener.members#0.0-1747489313000-java.trap.gz exists
[2025-05-17 14:28:22] [javac-extractor-112130] [WARN] Not rewriting trap file for /root/openjdk8u101-db/trap/java/classes/java/util/EventListener.members/EventListener.members#52.0-1747491820258-java.trap.gz as /root/openjdk8u101-db/trap/java/classes/java/util/EventListener.members/EventListener.members#0.0-1747489313000-java.trap.gz exists
[2025-05-17 14:28:22] [javac-extractor-112130] [WARN] Not rewriting trap file for /root/openjdk8u101-db/trap/java/classes/java/lang/SuppressWarnings.members/SuppressWarnings.members#52.0-1747491820718-java.trap.gz as /root/openjdk8u101-db/trap/java/classes/java/lang/SuppressWarnings.members/SuppressWarnings.members#0.0-1747489313000-java.trap.gz exists
[2025-05-17 14:28:22] [javac-extractor-112130] [WARN] Not rewriting trap file for /root/openjdk8u101-db/trap/java/classes/java/lang/Override.members/Override.members#52.0-1747491835198-java.trap.gz as /root/openjdk8u101-db/trap/java/classes/java/lang/Override.members/Override.members#0.0-1747489313000-java.trap.gz exists
[2025-05-17 14:28:22] [javac-extractor-112130] [WARN] Not rewriting trap file for /root/openjdk8u101-db/trap/java/classes/java/awt/Dimension.members/Dimension.members#52.0-1747491819998-java.trap.gz as /root/openjdk8u101-db/trap/java/classes/java/awt/Dimension.members/Dimension.members#0.0-1747489313000-java.trap.gz exists
[2025-05-17 14:28:22] [javac-extractor-112130] [WARN] Not rewriting trap file for /root/openjdk8u101-db/trap/java/classes/java/awt/Component.members/Component.members#52.0-1747491820438-java.trap.gz as /root/openjdk8u101-db/trap/java/classes/java/awt/Component.members/Component.members#0.0-1747489320000-java.trap.gz exists
[2025-05-17 14:28:22] [javac-extractor-112130] [WARN] Not rewriting trap file for /root/openjdk8u101-db/trap/java/classes/java/lang/Integer.members/Integer.members#52.0-1747491817278-java.trap.gz as /root/openjdk8u101-db/trap/java/classes/java/lang/Integer.members/Integer.members#0.0-1747489313000-java.trap.gz exists
[2025-05-17 14:28:22] [javac-extractor-112130] [WARN] Not rewriting trap file for /root/openjdk8u101-db/trap/java/classes/java/awt/Graphics.members/Graphics.members#52.0-1747491820118-java.trap.gz as /root/openjdk8u101-db/trap/java/classes/java/awt/Graphics.members/Graphics.members#0.0-1747489313000-java.trap.gz exists
[2025-05-17 14:28:22] [javac-extractor-112130] [WARN] Not rewriting trap file for /root/openjdk8u101-db/trap/java/classes/java/awt/FontMetrics.members/FontMetrics.members#52.0-1747491820198-java.trap.gz as /root/openjdk8u101-db/trap/java/classes/java/awt/FontMetrics.members/FontMetrics.members#0.0-1747489313000-java.trap.gz exists
[2025-05-17 14:28:22] [javac-extractor-112130] [WARN] Not rewriting trap file for /root/openjdk8u101-db/trap/java/classes/java/awt/event/MouseEvent.members/MouseEvent.members#52.0-1747491820678-java.trap.gz as /root/openjdk8u101-db/trap/java/classes/java/awt/event/MouseEvent.members/MouseEvent.members#0.0-1747489320000-java.trap.gz exists
[2025-05-17 14:28:22] [javac-extractor-112130] [WARN] Not rewriting trap file for /root/openjdk8u101-db/trap/java/classes/java/awt/event/InputEvent.members/InputEvent.members#52.0-1747491820638-java.trap.gz as /root/openjdk8u101-db/trap/java/classes/java/awt/event/InputEvent.members/InputEvent.members#0.0-1747489313000-java.trap.gz exists
[2025-05-17 14:28:22] [javac-extractor-112130] [WARN] Not rewriting trap file for /root/openjdk8u101-db/trap/java/classes/java/awt/event/KeyEvent.members/KeyEvent.members#52.0-1747491820638-java.trap.gz as /root/openjdk8u101-db/trap/java/classes/java/awt/event/KeyEvent.members/KeyEvent.members#0.0-1747489313000-java.trap.gz exists
[2025-05-17 14:28:22] [javac-extractor-112130] [WARN] Not rewriting trap file for /root/openjdk8u101-db/trap/java/classes/java/io/StreamTokenizer.members/StreamTokenizer.members#52.0-1747491827018-java.trap.gz as /root/openjdk8u101-db/trap/java/classes/java/io/StreamTokenizer.members/StreamTokenizer.members#0.0-1747489313000-java.trap.gz exists
[2025-05-17 14:28:22] [javac-extractor-112130] [WARN] Not rewriting trap file for /root/openjdk8u101-db/trap/java/classes/java/io/InputStream.members/InputStream.members#52.0-1747491817118-java.trap.gz as /root/openjdk8u101-db/trap/java/classes/java/io/InputStream.members/InputStream.members#0.0-1747489313000-java.trap.gz exists
[2025-05-17 14:28:22] [javac-extractor-112130] [WARN] Not rewriting trap file for /root/openjdk8u101-db/trap/java/classes/java/lang/Thread.members/Thread.members#52.0-1747491818638-java.trap.gz as /root/openjdk8u101-db/trap/java/classes/java/lang/Thread.members/Thread.members#0.0-1747489320000-java.trap.gz exists
[2025-05-17 14:28:22] [javac-extractor-112130] [WARN] Not rewriting trap file for /root/openjdk8u101-db/trap/java/classes/java/net/URL.members/URL.members#52.0-1747491817448-java.trap.gz as /root/openjdk8u101-db/trap/java/classes/java/net/URL.members/URL.members#0.0-1747489320000-java.trap.gz exists
[2025-05-17 14:28:22] [javac-extractor-112130] [WARN] Not rewriting trap file for /root/openjdk8u101-db/trap/java/classes/java/io/BufferedReader.members/BufferedReader.members#52.0-1747491824658-java.trap.gz as /root/openjdk8u101-db/trap/java/classes/java/io/BufferedReader.members/BufferedReader.members#0.0-1747489320000-java.trap.gz exists
[2025-05-17 14:28:22] [javac-extractor-112130] [WARN] Not rewriting trap file for /root/openjdk8u101-db/trap/java/classes/java/io/Reader.members/Reader.members#52.0-1747491819138-java.trap.gz as /root/openjdk8u101-db/trap/java/classes/java/io/Reader.members/Reader.members#0.0-1747489313000-java.trap.gz exists
[2025-05-17 14:28:22] [javac-extractor-112130] [WARN] Not rewriting trap file for /root/openjdk8u101-db/trap/java/classes/java/io/InputStreamReader.members/InputStreamReader.members#52.0-1747491834898-java.trap.gz as /root/openjdk8u101-db/trap/java/classes/java/io/InputStreamReader.members/InputStreamReader.members#0.0-1747489313000-java.trap.gz exists
[2025-05-17 14:28:22] [javac-extractor-112130] [WARN] Not rewriting trap file for /root/openjdk8u101-db/trap/java/classes/java/lang/InterruptedException.members/InterruptedException.members#52.0-1747491816718-java.trap.gz as /root/openjdk8u101-db/trap/java/classes/java/lang/InterruptedException.members/InterruptedException.members#0.0-1747489313000-java.trap.gz exists
[2025-05-17 14:28:22] [javac-extractor-112130] [WARN] Not rewriting trap file for /root/openjdk8u101-db/trap/java/classes/java/io/IOException.members/IOException.members#52.0-1747491815198-java.trap.gz as /root/openjdk8u101-db/trap/java/classes/java/io/IOException.members/IOException.members#0.0-1747489313000-java.trap.gz exists
[2025-05-17 14:28:22] [javac-extractor-112130] [WARN] Not rewriting trap file for /root/openjdk8u101-db/trap/java/classes/java/lang/Float.members/Float.members#52.0-1747491820318-java.trap.gz as /root/openjdk8u101-db/trap/java/classes/java/lang/Float.members/Float.members#0.0-1747489313000-java.trap.gz exists
[2025-05-17 14:28:22] [javac-extractor-112130] [WARN] Not rewriting trap file for /root/openjdk8u101-db/trap/java/classes/java/lang/NumberFormatException.members/NumberFormatException.members#52.0-1747491818048-java.trap.gz as /root/openjdk8u101-db/trap/java/classes/java/lang/NumberFormatException.members/NumberFormatException.members#0.0-1747489313000-java.trap.gz exists
[2025-05-17 14:28:22] [javac-extractor-112130] [WARN] Not rewriting trap file for /root/openjdk8u101-db/trap/java/classes/java/io/PrintStream.members/PrintStream.members#52.0-1747491817008-java.trap.gz as /root/openjdk8u101-db/trap/java/classes/java/io/PrintStream.members/PrintStream.members#0.0-1747489313000-java.trap.gz exists
[2025-05-17 14:28:22] [javac-extractor-112130] [WARN] Not rewriting trap file for /root/openjdk8u101-db/trap/java/classes/java/lang/System.members/System.members#52.0-1747491835118-java.trap.gz as /root/openjdk8u101-db/trap/java/classes/java/lang/System.members/System.members#0.0-1747489320000-java.trap.gz exists
[2025-05-17 14:28:22] [javac-extractor-112130] Javac init time: 7.0s
[2025-05-17 14:28:22] [javac-extractor-112130] Javac attr time: 2.2s
[2025-05-17 14:28:22] [javac-extractor-112130] Extractor time: 1.2s
[2025-05-17 14:28:22] [javac-extractor-112130] Other time: 0.6s
[2025-05-17 14:28:22] [javac-extractor-112130] Total time: 11.0s
