[2025-04-22 22:18:18] [javac-extractor-41948] Starting extraction for:
                                              sun.java.command=com.semmle.extractor.java.JavaExtractor --jdk-version -1 --javac-args @@@F:\Main-Sec\codeAudit\codeql\databases\WebGoat\log\ext\javac.args
                                              user.dir=F:\Main-Sec\codeAudit\codeql\source\WebGoat
[2025-04-22 22:18:18] [javac-extractor-41948] Compilation name F:/Main-Sec/codeAudit/codeql/databases/WebGoat/trap/java/diagnostics/diagnostic.trap.gz
[2025-04-22 22:18:18] [javac-extractor-41948] [WARN] Appending source destination directory F:\Main-Sec\codeAudit\codeql\source\WebGoat\webgoat-lessons\idor\target\generated-sources\annotations to sourcepath
[2025-04-22 22:18:22] [javac-extractor-41948] Annotation processor class 'lombok.launch.AnnotationProcessorHider$AnnotationProcessor' initialized.
[2025-04-22 22:18:22] [javac-extractor-41948] Annotation processor class 'lombok.launch.AnnotationProcessorHider$ClaimingProcessor' initialized.
[2025-04-22 22:18:22] [javac-extractor-41948] Processing file F:\Main-Sec\codeAudit\codeql\source\WebGoat\webgoat-lessons\idor\src\main\java\org\owasp\webgoat\plugin\IDORViewOwnProfile.java
[2025-04-22 22:18:32] [javac-extractor-41948] Processing JAR file: F:/Main-Sec/JavaSec/JDK/jdk1.8.0_8u65/jre/lib/rt.jar
[2025-04-22 22:18:32] [javac-extractor-41948] Processing JAR file: C:/Users/HY/.m2/repository/org/springframework/boot/spring-boot-actuator/1.5.5.RELEASE/spring-boot-actuator-1.5.5.RELEASE.jar
[2025-04-22 22:18:32] [javac-extractor-41948] Processing JAR file: C:/Users/HY/.m2/repository/org/springframework/spring-beans/4.3.10.RELEASE/spring-beans-4.3.10.RELEASE.jar
[2025-04-22 22:18:32] [javac-extractor-41948] Processing JAR file: C:/Users/HY/.m2/repository/org/springframework/spring-web/4.3.10.RELEASE/spring-web-4.3.10.RELEASE.jar
[2025-04-22 22:18:32] [javac-extractor-41948] Processing JAR file: C:/Users/HY/.m2/repository/org/apache/tomcat/embed/tomcat-embed-core/8.5.16/tomcat-embed-core-8.5.16.jar
[2025-04-22 22:18:32] [javac-extractor-41948] Processing JAR file: C:/Users/HY/.m2/repository/org/springframework/spring-core/4.3.10.RELEASE/spring-core-4.3.10.RELEASE.jar
[2025-04-22 22:18:32] [javac-extractor-41948] Processing file F:\Main-Sec\codeAudit\codeql\source\WebGoat\webgoat-lessons\idor\src\main\java\org\owasp\webgoat\plugin\IDOREditOtherProfiile.java
[2025-04-22 22:18:32] [javac-extractor-41948] [WARN] Not rewriting trap file for F:\Main-Sec\codeAudit\codeql\databases\WebGoat\trap\java\classes\org\owasp\webgoat\session\UserSessionData.members\UserSessionData.members#52.0-1745331153697-java.trap.gz as it exists
[2025-04-22 22:18:32] [javac-extractor-41948] [WARN] Not rewriting trap file for F:\Main-Sec\codeAudit\codeql\databases\WebGoat\trap\java\classes\org\springframework\beans\factory\annotation\Autowired.members\Autowired.members#50.0-1500521832000-java.trap.gz as it exists
[2025-04-22 22:18:32] [javac-extractor-41948] [WARN] Not rewriting trap file for F:\Main-Sec\codeAudit\codeql\databases\WebGoat\trap\java\classes\java\lang\String.members\String.members#52.0-1444123804000-java.trap.gz as it exists
[2025-04-22 22:18:32] [javac-extractor-41948] [WARN] Not rewriting trap file for F:\Main-Sec\codeAudit\codeql\databases\WebGoat\trap\java\classes\java\lang\Object.members\Object.members#52.0-1444123800000-java.trap.gz as it exists
[2025-04-22 22:18:32] [javac-extractor-41948] [WARN] Not rewriting trap file for F:\Main-Sec\codeAudit\codeql\databases\WebGoat\trap\java\classes\java\lang\Cloneable.members\Cloneable.members#52.0-1444123804000-java.trap.gz as it exists
[2025-04-22 22:18:32] [javac-extractor-41948] [WARN] Not rewriting trap file for F:\Main-Sec\codeAudit\codeql\databases\WebGoat\trap\java\classes\java\io\Serializable.members\Serializable.members#52.0-1444123802000-java.trap.gz as it exists
[2025-04-22 22:18:32] [javac-extractor-41948] [WARN] Not rewriting trap file for F:\Main-Sec\codeAudit\codeql\databases\WebGoat\trap\java\classes\org\owasp\webgoat\plugin\UserProfile.members\UserProfile.members#0.0-1745331040422-java.trap.gz as it exists
[2025-04-22 22:18:32] [javac-extractor-41948] [WARN] Not rewriting trap file for F:\Main-Sec\codeAudit\codeql\databases\WebGoat\trap\java\classes\org\springframework\web\bind\annotation\ResponseBody.members\ResponseBody.members#50.0-1500521958000-java.trap.gz as it exists
[2025-04-22 22:18:32] [javac-extractor-41948] [WARN] Not rewriting trap file for F:\Main-Sec\codeAudit\codeql\databases\WebGoat\trap\java\classes\java\util\Map.members\Map.members#52.0-1444123804000-java.trap.gz as it exists
[2025-04-22 22:18:32] [javac-extractor-41948] [WARN] Not rewriting trap file for F:\Main-Sec\codeAudit\codeql\databases\WebGoat\trap\java\classes\org\owasp\webgoat\assignments\Endpoint.members\Endpoint.members#52.0-1745331153402-java.trap.gz as it exists
[2025-04-22 22:18:32] [javac-extractor-41948] [WARN] Not rewriting trap file for F:\Main-Sec\codeAudit\codeql\databases\WebGoat\trap\java\classes\java\lang\annotation\Annotation.members\Annotation.members#52.0-1444123804000-java.trap.gz as it exists
[2025-04-22 22:18:32] [javac-extractor-41948] [WARN] Not rewriting trap file for F:\Main-Sec\codeAudit\codeql\databases\WebGoat\trap\java\classes\java\lang\annotation\Retention.members\Retention.members#52.0-1444123804000-java.trap.gz as it exists
[2025-04-22 22:18:32] [javac-extractor-41948] [WARN] Not rewriting trap file for F:\Main-Sec\codeAudit\codeql\databases\WebGoat\trap\java\classes\java\lang\annotation\RetentionPolicy.members\RetentionPolicy.members#52.0-1444123806000-java.trap.gz as it exists
[2025-04-22 22:18:32] [javac-extractor-41948] [WARN] Not rewriting trap file for F:\Main-Sec\codeAudit\codeql\databases\WebGoat\trap\java\classes\java\lang\annotation\Target.members\Target.members#52.0-1444123804000-java.trap.gz as it exists
[2025-04-22 22:18:32] [javac-extractor-41948] [WARN] Not rewriting trap file for F:\Main-Sec\codeAudit\codeql\databases\WebGoat\trap\java\classes\java\lang\annotation\ElementType.members\ElementType.members#52.0-1444123806000-java.trap.gz as it exists
[2025-04-22 22:18:32] [javac-extractor-41948] [WARN] Not rewriting trap file for F:\Main-Sec\codeAudit\codeql\databases\WebGoat\trap\java\classes\java\lang\annotation\Documented.members\Documented.members#52.0-1444123804000-java.trap.gz as it exists
[2025-04-22 22:18:32] [javac-extractor-41948] [WARN] Not rewriting trap file for F:\Main-Sec\codeAudit\codeql\databases\WebGoat\trap\java\classes\org\springframework\web\bind\annotation\RequestMapping.members\RequestMapping.members#50.0-1500521958000-java.trap.gz as it exists
[2025-04-22 22:18:32] [javac-extractor-41948] [WARN] Not rewriting trap file for F:\Main-Sec\codeAudit\codeql\databases\WebGoat\trap\java\classes\org\springframework\web\bind\annotation\RequestMethod.members\RequestMethod.members#50.0-1500521958000-java.trap.gz as it exists
[2025-04-22 22:18:32] [javac-extractor-41948] [WARN] Not rewriting trap file for F:\Main-Sec\codeAudit\codeql\databases\WebGoat\trap\java\classes\org\springframework\core\annotation\AliasFor.members\AliasFor.members#50.0-1500521828000-java.trap.gz as it exists
[2025-04-22 22:18:32] [javac-extractor-41948] [WARN] Not rewriting trap file for F:\Main-Sec\codeAudit\codeql\databases\WebGoat\trap\java\classes\java\lang\Class.members\Class.members#52.0-1444123802000-java.trap.gz as it exists
[2025-04-22 22:18:32] [javac-extractor-41948] [WARN] Not rewriting trap file for F:\Main-Sec\codeAudit\codeql\databases\WebGoat\trap\java\classes\java\lang\reflect\GenericDeclaration.members\GenericDeclaration.members#52.0-1444123802000-java.trap.gz as it exists
[2025-04-22 22:18:32] [javac-extractor-41948] [WARN] Not rewriting trap file for F:\Main-Sec\codeAudit\codeql\databases\WebGoat\trap\java\classes\java\lang\reflect\Type.members\Type.members#52.0-1444123802000-java.trap.gz as it exists
[2025-04-22 22:18:32] [javac-extractor-41948] [WARN] Not rewriting trap file for F:\Main-Sec\codeAudit\codeql\databases\WebGoat\trap\java\classes\java\lang\reflect\AnnotatedElement.members\AnnotatedElement.members#52.0-1444123802000-java.trap.gz as it exists
[2025-04-22 22:18:32] [javac-extractor-41948] [WARN] Not rewriting trap file for F:\Main-Sec\codeAudit\codeql\databases\WebGoat\trap\java\classes\java\util\Properties.members\Properties.members#52.0-1444123808000-java.trap.gz as it exists
[2025-04-22 22:18:33] [javac-extractor-41948] [WARN] Not rewriting trap file for F:\Main-Sec\codeAudit\codeql\databases\WebGoat\trap\java\classes\org\springframework\core\io\Resource.members\Resource.members#50.0-1500521826000-java.trap.gz as it exists
[2025-04-22 22:18:33] [javac-extractor-41948] [WARN] Not rewriting trap file for F:\Main-Sec\codeAudit\codeql\databases\WebGoat\trap\java\classes\java\io\IOException.members\IOException.members#52.0-1444123802000-java.trap.gz as it exists
[2025-04-22 22:18:33] [javac-extractor-41948] [WARN] Not rewriting trap file for F:\Main-Sec\codeAudit\codeql\databases\WebGoat\trap\java\classes\java\util\Locale.members\Locale.members#52.0-1444123806000-java.trap.gz as it exists
[2025-04-22 22:18:33] [javac-extractor-41948] [WARN] Not rewriting trap file for F:\Main-Sec\codeAudit\codeql\databases\WebGoat\trap\java\classes\java\util\List.members\List.members#52.0-1444123804000-java.trap.gz as it exists
[2025-04-22 22:18:33] [javac-extractor-41948] [WARN] Not rewriting trap file for F:\Main-Sec\codeAudit\codeql\databases\WebGoat\trap\java\classes\java\util\Collection.members\Collection.members#52.0-1444123804000-java.trap.gz as it exists
[2025-04-22 22:18:33] [javac-extractor-41948] [WARN] Not rewriting trap file for F:\Main-Sec\codeAudit\codeql\databases\WebGoat\trap\java\classes\java\lang\Iterable.members\Iterable.members#52.0-1444123804000-java.trap.gz as it exists
[2025-04-22 22:18:33] [javac-extractor-41948] [WARN] Not rewriting trap file for F:\Main-Sec\codeAudit\codeql\databases\WebGoat\trap\java\classes\java\lang\Comparable.members\Comparable.members#52.0-1444123804000-java.trap.gz as it exists
[2025-04-22 22:18:33] [javac-extractor-41948] [WARN] Not rewriting trap file for F:\Main-Sec\codeAudit\codeql\databases\WebGoat\trap\java\classes\java\lang\Integer.members\Integer.members#52.0-1444123806000-java.trap.gz as it exists
[2025-04-22 22:18:33] [javac-extractor-41948] [WARN] Not rewriting trap file for F:\Main-Sec\codeAudit\codeql\databases\WebGoat\trap\java\classes\java\lang\AutoCloseable.members\AutoCloseable.members#52.0-1444123802000-java.trap.gz as it exists
[2025-04-22 22:18:33] [javac-extractor-41948] [WARN] Not rewriting trap file for F:\Main-Sec\codeAudit\codeql\databases\WebGoat\trap\java\classes\java\util\concurrent\Executor.members\Executor.members#52.0-1444123808000-java.trap.gz as it exists
[2025-04-22 22:18:33] [javac-extractor-41948] [WARN] Not rewriting trap file for F:\Main-Sec\codeAudit\codeql\databases\WebGoat\trap\java\classes\java\lang\Exception.members\Exception.members#52.0-1444123802000-java.trap.gz as it exists
[2025-04-22 22:18:33] [javac-extractor-41948] [WARN] Not rewriting trap file for F:\Main-Sec\codeAudit\codeql\databases\WebGoat\trap\java\classes\java\lang\Throwable.members\Throwable.members#52.0-1444123802000-java.trap.gz as it exists
[2025-04-22 22:18:33] [javac-extractor-41948] [WARN] Not rewriting trap file for F:\Main-Sec\codeAudit\codeql\databases\WebGoat\trap\java\classes\java\util\Spliterator.members\Spliterator.members#52.0-1444123806000-java.trap.gz as it exists
[2025-04-22 22:18:33] [javac-extractor-41948] [WARN] Not rewriting trap file for F:\Main-Sec\codeAudit\codeql\databases\WebGoat\trap\java\classes\java\util\function\Consumer.members\Consumer.members#52.0-1444123806000-java.trap.gz as it exists
[2025-04-22 22:18:33] [javac-extractor-41948] [WARN] Not rewriting trap file for F:\Main-Sec\codeAudit\codeql\databases\WebGoat\trap\java\classes\java\lang\FunctionalInterface.members\FunctionalInterface.members#52.0-1444123804000-java.trap.gz as it exists
[2025-04-22 22:18:33] [javac-extractor-41948] [WARN] Not rewriting trap file for F:\Main-Sec\codeAudit\codeql\databases\WebGoat\trap\java\classes\java\util\Iterator.members\Iterator.members#52.0-1444123806000-java.trap.gz as it exists
[2025-04-22 22:18:33] [javac-extractor-41948] [WARN] Not rewriting trap file for F:\Main-Sec\codeAudit\codeql\databases\WebGoat\trap\java\classes\java\util\Set.members\Set.members#52.0-1444123804000-java.trap.gz as it exists
[2025-04-22 22:18:33] [javac-extractor-41948] [WARN] Not rewriting trap file for F:\Main-Sec\codeAudit\codeql\databases\WebGoat\trap\java\classes\java\text\Format.members\Format.members#52.0-1444123808000-java.trap.gz as it exists
[2025-04-22 22:18:33] [javac-extractor-41948] [WARN] Not rewriting trap file for F:\Main-Sec\codeAudit\codeql\databases\WebGoat\trap\java\classes\java\text\ParsePosition.members\ParsePosition.members#52.0-1444123808000-java.trap.gz as it exists
[2025-04-22 22:18:33] [javac-extractor-41948] [WARN] Not rewriting trap file for F:\Main-Sec\codeAudit\codeql\databases\WebGoat\trap\java\classes\java\text\ParseException.members\ParseException.members#52.0-1444123808000-java.trap.gz as it exists
[2025-04-22 22:18:33] [javac-extractor-41948] [WARN] Not rewriting trap file for F:\Main-Sec\codeAudit\codeql\databases\WebGoat\trap\java\classes\java\text\AttributedCharacterIterator.members\AttributedCharacterIterator.members#52.0-1444123808000-java.trap.gz as it exists
[2025-04-22 22:18:33] [javac-extractor-41948] [WARN] Not rewriting trap file for F:\Main-Sec\codeAudit\codeql\databases\WebGoat\trap\java\classes\java\lang\StringBuffer.members\StringBuffer.members#52.0-1444123806000-java.trap.gz as it exists
[2025-04-22 22:18:33] [javac-extractor-41948] [WARN] Not rewriting trap file for F:\Main-Sec\codeAudit\codeql\databases\WebGoat\trap\java\classes\java\text\FieldPosition.members\FieldPosition.members#52.0-1444123808000-java.trap.gz as it exists
[2025-04-22 22:18:33] [javac-extractor-41948] [WARN] Not rewriting trap file for F:\Main-Sec\codeAudit\codeql\databases\WebGoat\trap\java\classes\java\lang\ClassLoader.members\ClassLoader.members#52.0-1444123804000-java.trap.gz as it exists
[2025-04-22 22:18:33] [javac-extractor-41948] [WARN] Not rewriting trap file for F:\Main-Sec\codeAudit\codeql\databases\WebGoat\trap\java\classes\java\io\OutputStream.members\OutputStream.members#52.0-1444123804000-java.trap.gz as it exists
[2025-04-22 22:18:33] [javac-extractor-41948] [WARN] Not rewriting trap file for F:\Main-Sec\codeAudit\codeql\databases\WebGoat\trap\java\classes\java\io\InputStream.members\InputStream.members#52.0-1444123804000-java.trap.gz as it exists
[2025-04-22 22:18:33] [javac-extractor-41948] [WARN] Not rewriting trap file for F:\Main-Sec\codeAudit\codeql\databases\WebGoat\trap\java\classes\java\io\Writer.members\Writer.members#52.0-1444123804000-java.trap.gz as it exists
[2025-04-22 22:18:33] [javac-extractor-41948] [WARN] Not rewriting trap file for F:\Main-Sec\codeAudit\codeql\databases\WebGoat\trap\java\classes\java\io\Reader.members\Reader.members#52.0-1444123808000-java.trap.gz as it exists
[2025-04-22 22:18:33] [javac-extractor-41948] [WARN] Not rewriting trap file for F:\Main-Sec\codeAudit\codeql\databases\WebGoat\trap\java\classes\javax\servlet\http\HttpServletRequest.members\HttpServletRequest.members#51.0-1498039284000-java.trap.gz as it exists
[2025-04-22 22:18:33] [javac-extractor-41948] [WARN] Not rewriting trap file for F:\Main-Sec\codeAudit\codeql\databases\WebGoat\trap\java\classes\javax\servlet\http\HttpServletResponse.members\HttpServletResponse.members#51.0-1498039284000-java.trap.gz as it exists
[2025-04-22 22:18:33] [javac-extractor-41948] [WARN] Not rewriting trap file for F:\Main-Sec\codeAudit\codeql\databases\WebGoat\trap\java\classes\java\lang\Enum.members\Enum.members#52.0-1444123806000-java.trap.gz as it exists
[2025-04-22 22:18:33] [javac-extractor-41948] [WARN] Not rewriting trap file for F:\Main-Sec\codeAudit\codeql\databases\WebGoat\trap\java\classes\java\lang\CloneNotSupportedException.members\CloneNotSupportedException.members#52.0-1444123802000-java.trap.gz as it exists
[2025-04-22 22:18:33] [javac-extractor-41948] [WARN] Not rewriting trap file for F:\Main-Sec\codeAudit\codeql\databases\WebGoat\trap\java\classes\java\net\URL.members\URL.members#52.0-1444123804000-java.trap.gz as it exists
[2025-04-22 22:18:33] [javac-extractor-41948] [WARN] Not rewriting trap file for F:\Main-Sec\codeAudit\codeql\databases\WebGoat\trap\java\classes\java\lang\Deprecated.members\Deprecated.members#52.0-1444123814000-java.trap.gz as it exists
[2025-04-22 22:18:33] [javac-extractor-41948] [WARN] Not rewriting trap file for F:\Main-Sec\codeAudit\codeql\databases\WebGoat\trap\java\classes\java\util\Date.members\Date.members#52.0-1444123808000-java.trap.gz as it exists
[2025-04-22 22:18:33] [javac-extractor-41948] [WARN] Not rewriting trap file for F:\Main-Sec\codeAudit\codeql\databases\WebGoat\trap\java\classes\java\time\Instant.members\Instant.members#52.0-1444123808000-java.trap.gz as it exists
[2025-04-22 22:18:33] [javac-extractor-41948] [WARN] Not rewriting trap file for F:\Main-Sec\codeAudit\codeql\databases\WebGoat\trap\java\classes\java\time\LocalDateTime.members\LocalDateTime.members#52.0-1444123808000-java.trap.gz as it exists
[2025-04-22 22:18:33] [javac-extractor-41948] [WARN] Not rewriting trap file for F:\Main-Sec\codeAudit\codeql\databases\WebGoat\trap\java\classes\java\time\LocalTime.members\LocalTime.members#52.0-1444123808000-java.trap.gz as it exists
[2025-04-22 22:18:33] [javac-extractor-41948] [WARN] Not rewriting trap file for F:\Main-Sec\codeAudit\codeql\databases\WebGoat\trap\java\classes\java\time\LocalDate.members\LocalDate.members#52.0-1444123808000-java.trap.gz as it exists
[2025-04-22 22:18:33] [javac-extractor-41948] [WARN] Not rewriting trap file for F:\Main-Sec\codeAudit\codeql\databases\WebGoat\trap\java\classes\java\lang\Number.members\Number.members#52.0-1444123806000-java.trap.gz as it exists
[2025-04-22 22:18:33] [javac-extractor-41948] [WARN] Not rewriting trap file for F:\Main-Sec\codeAudit\codeql\databases\WebGoat\trap\java\classes\java\math\BigInteger.members\BigInteger.members#52.0-1444123808000-java.trap.gz as it exists
[2025-04-22 22:18:34] [javac-extractor-41948] [WARN] Not rewriting trap file for F:\Main-Sec\codeAudit\codeql\databases\WebGoat\trap\java\classes\java\lang\RuntimeException.members\RuntimeException.members#52.0-1444123804000-java.trap.gz as it exists
[2025-04-22 22:18:34] [javac-extractor-41948] [WARN] Not rewriting trap file for F:\Main-Sec\codeAudit\codeql\databases\WebGoat\trap\java\classes\java\time\ZoneId.members\ZoneId.members#52.0-1444123808000-java.trap.gz as it exists
[2025-04-22 22:18:34] [javac-extractor-41948] Processing JAR file: C:/Users/HY/.m2/repository/org/springframework/spring-context/4.3.10.RELEASE/spring-context-4.3.10.RELEASE.jar
[2025-04-22 22:18:34] [javac-extractor-41948] Processing JAR file: C:/Users/HY/.m2/repository/org/springframework/spring-webmvc/4.3.10.RELEASE/spring-webmvc-4.3.10.RELEASE.jar
[2025-04-22 22:18:34] [javac-extractor-41948] Processing JAR file: C:/Users/HY/.m2/repository/org/projectlombok/lombok/1.16.10/lombok-1.16.10.jar
[2025-04-22 22:18:34] [javac-extractor-41948] Processing JAR file: C:/Users/HY/.m2/repository/org/slf4j/jcl-over-slf4j/1.7.25/jcl-over-slf4j-1.7.25.jar
[2025-04-22 22:18:34] [javac-extractor-41948] Processing file F:\Main-Sec\codeAudit\codeql\source\WebGoat\webgoat-lessons\idor\src\main\java\org\owasp\webgoat\plugin\UserProfile.java
[2025-04-22 22:18:34] [javac-extractor-41948] [WARN] Not rewriting trap file for F:\Main-Sec\codeAudit\codeql\databases\WebGoat\trap\java\classes\java\util\HashMap.members\HashMap.members#52.0-1444123806000-java.trap.gz as it exists
[2025-04-22 22:18:34] [javac-extractor-41948] [WARN] Not rewriting trap file for F:\Main-Sec\codeAudit\codeql\databases\WebGoat\trap\java\classes\java\util\Map.members\Map.members#52.0-1444123804000-java.trap.gz as it exists
[2025-04-22 22:18:34] [javac-extractor-41948] [WARN] Not rewriting trap file for F:\Main-Sec\codeAudit\codeql\databases\WebGoat\trap\java\classes\org\owasp\webgoat\plugin\UserProfile.members\UserProfile.members#0.0-1745331040422-java.trap.gz as it exists
[2025-04-22 22:18:34] [javac-extractor-41948] [WARN] Not rewriting trap file for F:\Main-Sec\codeAudit\codeql\databases\WebGoat\trap\java\classes\java\lang\String.members\String.members#52.0-1444123804000-java.trap.gz as it exists
[2025-04-22 22:18:34] [javac-extractor-41948] [WARN] Not rewriting trap file for F:\Main-Sec\codeAudit\codeql\databases\WebGoat\trap\java\classes\java\lang\Object.members\Object.members#52.0-1444123800000-java.trap.gz as it exists
[2025-04-22 22:18:34] [javac-extractor-41948] [WARN] Not rewriting trap file for F:\Main-Sec\codeAudit\codeql\databases\WebGoat\trap\java\classes\java\util\AbstractMap.members\AbstractMap.members#52.0-1444123806000-java.trap.gz as it exists
[2025-04-22 22:18:34] [javac-extractor-41948] [WARN] Not rewriting trap file for F:\Main-Sec\codeAudit\codeql\databases\WebGoat\trap\java\classes\java\lang\Cloneable.members\Cloneable.members#52.0-1444123804000-java.trap.gz as it exists
[2025-04-22 22:18:34] [javac-extractor-41948] [WARN] Not rewriting trap file for F:\Main-Sec\codeAudit\codeql\databases\WebGoat\trap\java\classes\java\io\Serializable.members\Serializable.members#52.0-1444123802000-java.trap.gz as it exists
[2025-04-22 22:18:34] [javac-extractor-41948] [WARN] Not rewriting trap file for F:\Main-Sec\codeAudit\codeql\databases\WebGoat\trap\java\classes\java\util\function\BiFunction.members\BiFunction.members#52.0-1444123806000-java.trap.gz as it exists
[2025-04-22 22:18:34] [javac-extractor-41948] [WARN] Not rewriting trap file for F:\Main-Sec\codeAudit\codeql\databases\WebGoat\trap\java\classes\java\lang\FunctionalInterface.members\FunctionalInterface.members#52.0-1444123804000-java.trap.gz as it exists
[2025-04-22 22:18:34] [javac-extractor-41948] [WARN] Not rewriting trap file for F:\Main-Sec\codeAudit\codeql\databases\WebGoat\trap\java\classes\java\util\function\Function.members\Function.members#52.0-1444123806000-java.trap.gz as it exists
[2025-04-22 22:18:34] [javac-extractor-41948] [WARN] Not rewriting trap file for F:\Main-Sec\codeAudit\codeql\databases\WebGoat\trap\java\classes\java\util\function\BiConsumer.members\BiConsumer.members#52.0-1444123806000-java.trap.gz as it exists
[2025-04-22 22:18:34] [javac-extractor-41948] [WARN] Not rewriting trap file for F:\Main-Sec\codeAudit\codeql\databases\WebGoat\trap\java\classes\java\util\Set.members\Set.members#52.0-1444123804000-java.trap.gz as it exists
[2025-04-22 22:18:34] [javac-extractor-41948] [WARN] Not rewriting trap file for F:\Main-Sec\codeAudit\codeql\databases\WebGoat\trap\java\classes\java\util\Collection.members\Collection.members#52.0-1444123804000-java.trap.gz as it exists
[2025-04-22 22:18:34] [javac-extractor-41948] [WARN] Not rewriting trap file for F:\Main-Sec\codeAudit\codeql\databases\WebGoat\trap\java\classes\java\lang\Iterable.members\Iterable.members#52.0-1444123804000-java.trap.gz as it exists
[2025-04-22 22:18:34] [javac-extractor-41948] [WARN] Not rewriting trap file for F:\Main-Sec\codeAudit\codeql\databases\WebGoat\trap\java\classes\java\util\Map$Entry.members\Map$Entry.members#52.0-1444123804000-java.trap.gz as it exists
[2025-04-22 22:18:34] [javac-extractor-41948] [WARN] Not rewriting trap file for F:\Main-Sec\codeAudit\codeql\databases\WebGoat\trap\java\classes\java\lang\CloneNotSupportedException.members\CloneNotSupportedException.members#52.0-1444123802000-java.trap.gz as it exists
[2025-04-22 22:18:34] [javac-extractor-41948] [WARN] Not rewriting trap file for F:\Main-Sec\codeAudit\codeql\databases\WebGoat\trap\java\classes\java\io\ObjectOutputStream.members\ObjectOutputStream.members#52.0-1444123804000-java.trap.gz as it exists
[2025-04-22 22:18:34] [javac-extractor-41948] [WARN] Not rewriting trap file for F:\Main-Sec\codeAudit\codeql\databases\WebGoat\trap\java\classes\java\io\IOException.members\IOException.members#52.0-1444123802000-java.trap.gz as it exists
[2025-04-22 22:18:34] [javac-extractor-41948] [WARN] Not rewriting trap file for F:\Main-Sec\codeAudit\codeql\databases\WebGoat\trap\java\classes\java\util\HashMap$Node.members\HashMap$Node.members#52.0-1444123806000-java.trap.gz as it exists
[2025-04-22 22:18:34] [javac-extractor-41948] [WARN] Not rewriting trap file for F:\Main-Sec\codeAudit\codeql\databases\WebGoat\trap\java\classes\java\util\HashMap$TreeNode.members\HashMap$TreeNode.members#52.0-1444123806000-java.trap.gz as it exists
[2025-04-22 22:18:34] [javac-extractor-41948] [WARN] Not rewriting trap file for F:\Main-Sec\codeAudit\codeql\databases\WebGoat\trap\java\classes\java\util\LinkedHashMap$Entry.members\LinkedHashMap$Entry.members#52.0-1444123808000-java.trap.gz as it exists
[2025-04-22 22:18:34] [javac-extractor-41948] [WARN] Not rewriting trap file for F:\Main-Sec\codeAudit\codeql\databases\WebGoat\trap\java\classes\java\util\LinkedHashMap.members\LinkedHashMap.members#52.0-1444123808000-java.trap.gz as it exists
[2025-04-22 22:18:34] [javac-extractor-41948] [WARN] Not rewriting trap file for F:\Main-Sec\codeAudit\codeql\databases\WebGoat\trap\java\classes\java\lang\Class.members\Class.members#52.0-1444123802000-java.trap.gz as it exists
[2025-04-22 22:18:34] [javac-extractor-41948] [WARN] Not rewriting trap file for F:\Main-Sec\codeAudit\codeql\databases\WebGoat\trap\java\classes\java\lang\reflect\GenericDeclaration.members\GenericDeclaration.members#52.0-1444123802000-java.trap.gz as it exists
[2025-04-22 22:18:34] [javac-extractor-41948] [WARN] Not rewriting trap file for F:\Main-Sec\codeAudit\codeql\databases\WebGoat\trap\java\classes\java\lang\reflect\Type.members\Type.members#52.0-1444123802000-java.trap.gz as it exists
[2025-04-22 22:18:34] [javac-extractor-41948] [WARN] Not rewriting trap file for F:\Main-Sec\codeAudit\codeql\databases\WebGoat\trap\java\classes\java\lang\reflect\AnnotatedElement.members\AnnotatedElement.members#52.0-1444123802000-java.trap.gz as it exists
[2025-04-22 22:18:34] [javac-extractor-41948] Processing file F:\Main-Sec\codeAudit\codeql\source\WebGoat\webgoat-lessons\idor\src\main\java\org\owasp\webgoat\plugin\IDORViewOwnProfileAltUrl.java
[2025-04-22 22:18:34] [javac-extractor-41948] [WARN] Not rewriting trap file for F:\Main-Sec\codeAudit\codeql\databases\WebGoat\trap\java\classes\org\owasp\webgoat\assignments\AssignmentEndpoint.members\AssignmentEndpoint.members#52.0-1745331153694-java.trap.gz as it exists
[2025-04-22 22:18:34] [javac-extractor-41948] [WARN] Not rewriting trap file for F:\Main-Sec\codeAudit\codeql\databases\WebGoat\trap\java\classes\org\owasp\webgoat\assignments\AssignmentHints.members\AssignmentHints.members#52.0-1745331153771-java.trap.gz as it exists
[2025-04-22 22:18:34] [javac-extractor-41948] [WARN] Not rewriting trap file for F:\Main-Sec\codeAudit\codeql\databases\WebGoat\trap\java\classes\org\owasp\webgoat\assignments\AssignmentPath.members\AssignmentPath.members#52.0-1745331153671-java.trap.gz as it exists
[2025-04-22 22:18:34] [javac-extractor-41948] [WARN] Not rewriting trap file for F:\Main-Sec\codeAudit\codeql\databases\WebGoat\trap\java\classes\org\owasp\webgoat\assignments\AttackResult.members\AttackResult.members#52.0-1745331153701-java.trap.gz as it exists
[2025-04-22 22:18:34] [javac-extractor-41948] [WARN] Not rewriting trap file for F:\Main-Sec\codeAudit\codeql\databases\WebGoat\trap\java\classes\org\owasp\webgoat\session\UserSessionData.members\UserSessionData.members#52.0-1745331153697-java.trap.gz as it exists
[2025-04-22 22:18:34] [javac-extractor-41948] [WARN] Not rewriting trap file for F:\Main-Sec\codeAudit\codeql\databases\WebGoat\trap\java\classes\org\springframework\beans\factory\annotation\Autowired.members\Autowired.members#50.0-1500521832000-java.trap.gz as it exists
[2025-04-22 22:18:34] [javac-extractor-41948] [WARN] Not rewriting trap file for F:\Main-Sec\codeAudit\codeql\databases\WebGoat\trap\java\classes\javax\servlet\ServletException.members\ServletException.members#51.0-1498039284000-java.trap.gz as it exists
[2025-04-22 22:18:34] [javac-extractor-41948] [WARN] Not rewriting trap file for F:\Main-Sec\codeAudit\codeql\databases\WebGoat\trap\java\classes\javax\servlet\http\HttpServletRequest.members\HttpServletRequest.members#51.0-1498039284000-java.trap.gz as it exists
[2025-04-22 22:18:34] [javac-extractor-41948] [WARN] Not rewriting trap file for F:\Main-Sec\codeAudit\codeql\databases\WebGoat\trap\java\classes\javax\servlet\http\HttpServletResponse.members\HttpServletResponse.members#51.0-1498039284000-java.trap.gz as it exists
[2025-04-22 22:18:34] [javac-extractor-41948] [WARN] Not rewriting trap file for F:\Main-Sec\codeAudit\codeql\databases\WebGoat\trap\java\classes\java\io\IOException.members\IOException.members#52.0-1444123802000-java.trap.gz as it exists
[2025-04-22 22:18:34] [javac-extractor-41948] [WARN] Not rewriting trap file for F:\Main-Sec\codeAudit\codeql\databases\WebGoat\trap\java\classes\java\util\HashMap.members\HashMap.members#52.0-1444123806000-java.trap.gz as it exists
[2025-04-22 22:18:34] [javac-extractor-41948] [WARN] Not rewriting trap file for F:\Main-Sec\codeAudit\codeql\databases\WebGoat\trap\java\classes\java\util\Map.members\Map.members#52.0-1444123804000-java.trap.gz as it exists
[2025-04-22 22:18:34] [javac-extractor-41948] [WARN] Not rewriting trap file for F:\Main-Sec\codeAudit\codeql\databases\WebGoat\trap\java\classes\java\lang\String.members\String.members#52.0-1444123804000-java.trap.gz as it exists
[2025-04-22 22:18:34] [javac-extractor-41948] [WARN] Not rewriting trap file for F:\Main-Sec\codeAudit\codeql\databases\WebGoat\trap\java\classes\java\lang\Object.members\Object.members#52.0-1444123800000-java.trap.gz as it exists
[2025-04-22 22:18:34] [javac-extractor-41948] [WARN] Not rewriting trap file for F:\Main-Sec\codeAudit\codeql\databases\WebGoat\trap\java\classes\java\lang\Cloneable.members\Cloneable.members#52.0-1444123804000-java.trap.gz as it exists
[2025-04-22 22:18:34] [javac-extractor-41948] [WARN] Not rewriting trap file for F:\Main-Sec\codeAudit\codeql\databases\WebGoat\trap\java\classes\java\io\Serializable.members\Serializable.members#52.0-1444123802000-java.trap.gz as it exists
[2025-04-22 22:18:34] [javac-extractor-41948] [WARN] Not rewriting trap file for F:\Main-Sec\codeAudit\codeql\databases\WebGoat\trap\java\classes\org\springframework\web\bind\annotation\RequestMapping.members\RequestMapping.members#50.0-1500521958000-java.trap.gz as it exists
[2025-04-22 22:18:34] [javac-extractor-41948] [WARN] Not rewriting trap file for F:\Main-Sec\codeAudit\codeql\databases\WebGoat\trap\java\classes\org\springframework\web\bind\annotation\RequestMethod.members\RequestMethod.members#50.0-1500521958000-java.trap.gz as it exists
[2025-04-22 22:18:34] [javac-extractor-41948] [WARN] Not rewriting trap file for F:\Main-Sec\codeAudit\codeql\databases\WebGoat\trap\java\classes\org\springframework\web\bind\annotation\ResponseBody.members\ResponseBody.members#50.0-1500521958000-java.trap.gz as it exists
[2025-04-22 22:18:34] [javac-extractor-41948] [WARN] Not rewriting trap file for F:\Main-Sec\codeAudit\codeql\databases\WebGoat\trap\java\classes\java\util\AbstractMap.members\AbstractMap.members#52.0-1444123806000-java.trap.gz as it exists
[2025-04-22 22:18:34] [javac-extractor-41948] [WARN] Not rewriting trap file for F:\Main-Sec\codeAudit\codeql\databases\WebGoat\trap\java\classes\java\util\function\BiFunction.members\BiFunction.members#52.0-1444123806000-java.trap.gz as it exists
[2025-04-22 22:18:34] [javac-extractor-41948] [WARN] Not rewriting trap file for F:\Main-Sec\codeAudit\codeql\databases\WebGoat\trap\java\classes\java\lang\FunctionalInterface.members\FunctionalInterface.members#52.0-1444123804000-java.trap.gz as it exists
[2025-04-22 22:18:34] [javac-extractor-41948] [WARN] Not rewriting trap file for F:\Main-Sec\codeAudit\codeql\databases\WebGoat\trap\java\classes\java\util\function\Function.members\Function.members#52.0-1444123806000-java.trap.gz as it exists
[2025-04-22 22:18:34] [javac-extractor-41948] [WARN] Not rewriting trap file for F:\Main-Sec\codeAudit\codeql\databases\WebGoat\trap\java\classes\java\util\function\BiConsumer.members\BiConsumer.members#52.0-1444123806000-java.trap.gz as it exists
[2025-04-22 22:18:34] [javac-extractor-41948] [WARN] Not rewriting trap file for F:\Main-Sec\codeAudit\codeql\databases\WebGoat\trap\java\classes\java\util\Set.members\Set.members#52.0-1444123804000-java.trap.gz as it exists
[2025-04-22 22:18:34] [javac-extractor-41948] [WARN] Not rewriting trap file for F:\Main-Sec\codeAudit\codeql\databases\WebGoat\trap\java\classes\java\util\Collection.members\Collection.members#52.0-1444123804000-java.trap.gz as it exists
[2025-04-22 22:18:34] [javac-extractor-41948] [WARN] Not rewriting trap file for F:\Main-Sec\codeAudit\codeql\databases\WebGoat\trap\java\classes\java\lang\Iterable.members\Iterable.members#52.0-1444123804000-java.trap.gz as it exists
[2025-04-22 22:18:34] [javac-extractor-41948] [WARN] Not rewriting trap file for F:\Main-Sec\codeAudit\codeql\databases\WebGoat\trap\java\classes\java\util\Map$Entry.members\Map$Entry.members#52.0-1444123804000-java.trap.gz as it exists
[2025-04-22 22:18:34] [javac-extractor-41948] [WARN] Not rewriting trap file for F:\Main-Sec\codeAudit\codeql\databases\WebGoat\trap\java\classes\java\lang\CloneNotSupportedException.members\CloneNotSupportedException.members#52.0-1444123802000-java.trap.gz as it exists
[2025-04-22 22:18:34] [javac-extractor-41948] [WARN] Not rewriting trap file for F:\Main-Sec\codeAudit\codeql\databases\WebGoat\trap\java\classes\java\io\ObjectOutputStream.members\ObjectOutputStream.members#52.0-1444123804000-java.trap.gz as it exists
[2025-04-22 22:18:34] [javac-extractor-41948] [WARN] Not rewriting trap file for F:\Main-Sec\codeAudit\codeql\databases\WebGoat\trap\java\classes\java\util\HashMap$Node.members\HashMap$Node.members#52.0-1444123806000-java.trap.gz as it exists
[2025-04-22 22:18:34] [javac-extractor-41948] [WARN] Not rewriting trap file for F:\Main-Sec\codeAudit\codeql\databases\WebGoat\trap\java\classes\java\util\HashMap$TreeNode.members\HashMap$TreeNode.members#52.0-1444123806000-java.trap.gz as it exists
[2025-04-22 22:18:34] [javac-extractor-41948] [WARN] Not rewriting trap file for F:\Main-Sec\codeAudit\codeql\databases\WebGoat\trap\java\classes\java\util\LinkedHashMap$Entry.members\LinkedHashMap$Entry.members#52.0-1444123808000-java.trap.gz as it exists
[2025-04-22 22:18:34] [javac-extractor-41948] [WARN] Not rewriting trap file for F:\Main-Sec\codeAudit\codeql\databases\WebGoat\trap\java\classes\java\util\LinkedHashMap.members\LinkedHashMap.members#52.0-1444123808000-java.trap.gz as it exists
[2025-04-22 22:18:34] [javac-extractor-41948] [WARN] Not rewriting trap file for F:\Main-Sec\codeAudit\codeql\databases\WebGoat\trap\java\classes\java\lang\Class.members\Class.members#52.0-1444123802000-java.trap.gz as it exists
[2025-04-22 22:18:34] [javac-extractor-41948] [WARN] Not rewriting trap file for F:\Main-Sec\codeAudit\codeql\databases\WebGoat\trap\java\classes\java\lang\reflect\GenericDeclaration.members\GenericDeclaration.members#52.0-1444123802000-java.trap.gz as it exists
[2025-04-22 22:18:34] [javac-extractor-41948] [WARN] Not rewriting trap file for F:\Main-Sec\codeAudit\codeql\databases\WebGoat\trap\java\classes\java\lang\reflect\Type.members\Type.members#52.0-1444123802000-java.trap.gz as it exists
[2025-04-22 22:18:34] [javac-extractor-41948] [WARN] Not rewriting trap file for F:\Main-Sec\codeAudit\codeql\databases\WebGoat\trap\java\classes\java\lang\reflect\AnnotatedElement.members\AnnotatedElement.members#52.0-1444123802000-java.trap.gz as it exists
[2025-04-22 22:18:34] [javac-extractor-41948] [WARN] Not rewriting trap file for F:\Main-Sec\codeAudit\codeql\databases\WebGoat\trap\java\classes\org\owasp\webgoat\plugin\UserProfile.members\UserProfile.members#0.0-1745331040422-java.trap.gz as it exists
[2025-04-22 22:18:34] [javac-extractor-41948] [WARN] Not rewriting trap file for F:\Main-Sec\codeAudit\codeql\databases\WebGoat\trap\java\classes\org\owasp\webgoat\assignments\AttackResult$AttackResultBuilder.members\AttackResult$AttackResultBuilder.members#52.0-1745331153700-java.trap.gz as it exists
[2025-04-22 22:18:34] [javac-extractor-41948] [WARN] Not rewriting trap file for F:\Main-Sec\codeAudit\codeql\databases\WebGoat\trap\java\classes\java\lang\Exception.members\Exception.members#52.0-1444123802000-java.trap.gz as it exists
[2025-04-22 22:18:34] [javac-extractor-41948] [WARN] Not rewriting trap file for F:\Main-Sec\codeAudit\codeql\databases\WebGoat\trap\java\classes\java\io\PrintStream.members\PrintStream.members#52.0-1444123804000-java.trap.gz as it exists
[2025-04-22 22:18:34] [javac-extractor-41948] [WARN] Not rewriting trap file for F:\Main-Sec\codeAudit\codeql\databases\WebGoat\trap\java\classes\java\lang\System.members\System.members#52.0-1444123830000-java.trap.gz as it exists
[2025-04-22 22:18:34] [javac-extractor-41948] [WARN] Not rewriting trap file for F:\Main-Sec\codeAudit\codeql\databases\WebGoat\trap\java\classes\java\lang\Throwable.members\Throwable.members#52.0-1444123802000-java.trap.gz as it exists
[2025-04-22 22:18:34] [javac-extractor-41948] [WARN] Not rewriting trap file for F:\Main-Sec\codeAudit\codeql\databases\WebGoat\trap\java\classes\java\lang\annotation\Annotation.members\Annotation.members#52.0-1444123804000-java.trap.gz as it exists
[2025-04-22 22:18:34] [javac-extractor-41948] [WARN] Not rewriting trap file for F:\Main-Sec\codeAudit\codeql\databases\WebGoat\trap\java\classes\java\lang\annotation\Documented.members\Documented.members#52.0-1444123804000-java.trap.gz as it exists
[2025-04-22 22:18:34] [javac-extractor-41948] [WARN] Not rewriting trap file for F:\Main-Sec\codeAudit\codeql\databases\WebGoat\trap\java\classes\java\lang\annotation\Retention.members\Retention.members#52.0-1444123804000-java.trap.gz as it exists
[2025-04-22 22:18:34] [javac-extractor-41948] [WARN] Not rewriting trap file for F:\Main-Sec\codeAudit\codeql\databases\WebGoat\trap\java\classes\java\lang\annotation\RetentionPolicy.members\RetentionPolicy.members#52.0-1444123806000-java.trap.gz as it exists
[2025-04-22 22:18:34] [javac-extractor-41948] [WARN] Not rewriting trap file for F:\Main-Sec\codeAudit\codeql\databases\WebGoat\trap\java\classes\java\lang\annotation\Target.members\Target.members#52.0-1444123804000-java.trap.gz as it exists
[2025-04-22 22:18:34] [javac-extractor-41948] [WARN] Not rewriting trap file for F:\Main-Sec\codeAudit\codeql\databases\WebGoat\trap\java\classes\java\lang\annotation\ElementType.members\ElementType.members#52.0-1444123806000-java.trap.gz as it exists
[2025-04-22 22:18:34] [javac-extractor-41948] [WARN] Not rewriting trap file for F:\Main-Sec\codeAudit\codeql\databases\WebGoat\trap\java\classes\org\springframework\core\annotation\AliasFor.members\AliasFor.members#50.0-1500521828000-java.trap.gz as it exists
[2025-04-22 22:18:34] [javac-extractor-41948] Processing file F:\Main-Sec\codeAudit\codeql\source\WebGoat\webgoat-lessons\idor\src\main\java\org\owasp\webgoat\plugin\IDORDiffAttributes.java
[2025-04-22 22:18:34] [javac-extractor-41948] [WARN] Not rewriting trap file for F:\Main-Sec\codeAudit\codeql\databases\WebGoat\trap\java\classes\org\owasp\webgoat\assignments\AssignmentEndpoint.members\AssignmentEndpoint.members#52.0-1745331153694-java.trap.gz as it exists
[2025-04-22 22:18:34] [javac-extractor-41948] [WARN] Not rewriting trap file for F:\Main-Sec\codeAudit\codeql\databases\WebGoat\trap\java\classes\org\owasp\webgoat\assignments\AssignmentHints.members\AssignmentHints.members#52.0-1745331153771-java.trap.gz as it exists
[2025-04-22 22:18:34] [javac-extractor-41948] [WARN] Not rewriting trap file for F:\Main-Sec\codeAudit\codeql\databases\WebGoat\trap\java\classes\org\owasp\webgoat\assignments\AssignmentPath.members\AssignmentPath.members#52.0-1745331153671-java.trap.gz as it exists
[2025-04-22 22:18:34] [javac-extractor-41948] [WARN] Not rewriting trap file for F:\Main-Sec\codeAudit\codeql\databases\WebGoat\trap\java\classes\org\owasp\webgoat\assignments\AttackResult.members\AttackResult.members#52.0-1745331153701-java.trap.gz as it exists
[2025-04-22 22:18:34] [javac-extractor-41948] [WARN] Not rewriting trap file for F:\Main-Sec\codeAudit\codeql\databases\WebGoat\trap\java\classes\org\springframework\web\bind\annotation\RequestMapping.members\RequestMapping.members#50.0-1500521958000-java.trap.gz as it exists
[2025-04-22 22:18:34] [javac-extractor-41948] [WARN] Not rewriting trap file for F:\Main-Sec\codeAudit\codeql\databases\WebGoat\trap\java\classes\org\springframework\web\bind\annotation\RequestMethod.members\RequestMethod.members#50.0-1500521958000-java.trap.gz as it exists
[2025-04-22 22:18:34] [javac-extractor-41948] [WARN] Not rewriting trap file for F:\Main-Sec\codeAudit\codeql\databases\WebGoat\trap\java\classes\org\springframework\web\bind\annotation\RequestParam.members\RequestParam.members#50.0-1500521958000-java.trap.gz as it exists
[2025-04-22 22:18:34] [javac-extractor-41948] [WARN] Not rewriting trap file for F:\Main-Sec\codeAudit\codeql\databases\WebGoat\trap\java\classes\org\springframework\web\bind\annotation\ResponseBody.members\ResponseBody.members#50.0-1500521958000-java.trap.gz as it exists
[2025-04-22 22:18:34] [javac-extractor-41948] [WARN] Not rewriting trap file for F:\Main-Sec\codeAudit\codeql\databases\WebGoat\trap\java\classes\javax\servlet\http\HttpServletRequest.members\HttpServletRequest.members#51.0-1498039284000-java.trap.gz as it exists
[2025-04-22 22:18:34] [javac-extractor-41948] [WARN] Not rewriting trap file for F:\Main-Sec\codeAudit\codeql\databases\WebGoat\trap\java\classes\java\io\IOException.members\IOException.members#52.0-1444123802000-java.trap.gz as it exists
[2025-04-22 22:18:34] [javac-extractor-41948] [WARN] Not rewriting trap file for F:\Main-Sec\codeAudit\codeql\databases\WebGoat\trap\java\classes\java\lang\String.members\String.members#52.0-1444123804000-java.trap.gz as it exists
[2025-04-22 22:18:34] [javac-extractor-41948] [WARN] Not rewriting trap file for F:\Main-Sec\codeAudit\codeql\databases\WebGoat\trap\java\classes\java\lang\Object.members\Object.members#52.0-1444123800000-java.trap.gz as it exists
[2025-04-22 22:18:34] [javac-extractor-41948] [WARN] Not rewriting trap file for F:\Main-Sec\codeAudit\codeql\databases\WebGoat\trap\java\classes\java\lang\Cloneable.members\Cloneable.members#52.0-1444123804000-java.trap.gz as it exists
[2025-04-22 22:18:34] [javac-extractor-41948] [WARN] Not rewriting trap file for F:\Main-Sec\codeAudit\codeql\databases\WebGoat\trap\java\classes\java\io\Serializable.members\Serializable.members#52.0-1444123802000-java.trap.gz as it exists
[2025-04-22 22:18:34] [javac-extractor-41948] [WARN] Not rewriting trap file for F:\Main-Sec\codeAudit\codeql\databases\WebGoat\trap\java\classes\org\owasp\webgoat\assignments\AttackResult$AttackResultBuilder.members\AttackResult$AttackResultBuilder.members#52.0-1745331153700-java.trap.gz as it exists
[2025-04-22 22:18:34] [javac-extractor-41948] Processing file F:\Main-Sec\codeAudit\codeql\source\WebGoat\webgoat-lessons\idor\src\main\java\org\owasp\webgoat\plugin\IDOR.java
[2025-04-22 22:18:34] [javac-extractor-41948] [WARN] Not rewriting trap file for F:\Main-Sec\codeAudit\codeql\databases\WebGoat\trap\java\classes\org\owasp\webgoat\lessons\Category.members\Category.members#52.0-1745331153343-java.trap.gz as it exists
[2025-04-22 22:18:34] [javac-extractor-41948] [WARN] Not rewriting trap file for F:\Main-Sec\codeAudit\codeql\databases\WebGoat\trap\java\classes\java\util\List.members\List.members#52.0-1444123804000-java.trap.gz as it exists
[2025-04-22 22:18:34] [javac-extractor-41948] [WARN] Not rewriting trap file for F:\Main-Sec\codeAudit\codeql\databases\WebGoat\trap\java\classes\java\lang\Override.members\Override.members#52.0-1444123830000-java.trap.gz as it exists
[2025-04-22 22:18:34] [javac-extractor-41948] [WARN] Not rewriting trap file for F:\Main-Sec\codeAudit\codeql\databases\WebGoat\trap\java\classes\java\util\Collection.members\Collection.members#52.0-1444123804000-java.trap.gz as it exists
[2025-04-22 22:18:34] [javac-extractor-41948] [WARN] Not rewriting trap file for F:\Main-Sec\codeAudit\codeql\databases\WebGoat\trap\java\classes\java\lang\Iterable.members\Iterable.members#52.0-1444123804000-java.trap.gz as it exists
[2025-04-22 22:18:34] [javac-extractor-41948] [WARN] Not rewriting trap file for F:\Main-Sec\codeAudit\codeql\databases\WebGoat\trap\java\classes\java\lang\Object.members\Object.members#52.0-1444123800000-java.trap.gz as it exists
[2025-04-22 22:18:34] [javac-extractor-41948] [WARN] Not rewriting trap file for F:\Main-Sec\codeAudit\codeql\databases\WebGoat\trap\java\classes\java\lang\String.members\String.members#52.0-1444123804000-java.trap.gz as it exists
[2025-04-22 22:18:34] [javac-extractor-41948] [WARN] Not rewriting trap file for F:\Main-Sec\codeAudit\codeql\databases\WebGoat\trap\java\classes\java\lang\Integer.members\Integer.members#52.0-1444123806000-java.trap.gz as it exists
[2025-04-22 22:18:34] [javac-extractor-41948] [WARN] Not rewriting trap file for F:\Main-Sec\codeAudit\codeql\databases\WebGoat\trap\java\classes\java\util\AbstractList.members\AbstractList.members#52.0-1444123806000-java.trap.gz as it exists
[2025-04-22 22:18:34] [javac-extractor-41948] [WARN] Not rewriting trap file for F:\Main-Sec\codeAudit\codeql\databases\WebGoat\trap\java\classes\java\util\AbstractCollection.members\AbstractCollection.members#52.0-1444123806000-java.trap.gz as it exists
[2025-04-22 22:18:34] [javac-extractor-41948] [WARN] Not rewriting trap file for F:\Main-Sec\codeAudit\codeql\databases\WebGoat\trap\java\classes\java\lang\Cloneable.members\Cloneable.members#52.0-1444123804000-java.trap.gz as it exists
[2025-04-22 22:18:34] [javac-extractor-41948] [WARN] Not rewriting trap file for F:\Main-Sec\codeAudit\codeql\databases\WebGoat\trap\java\classes\java\io\Serializable.members\Serializable.members#52.0-1444123802000-java.trap.gz as it exists
[2025-04-22 22:18:34] [javac-extractor-41948] [WARN] Not rewriting trap file for F:\Main-Sec\codeAudit\codeql\databases\WebGoat\trap\java\classes\java\util\Spliterator.members\Spliterator.members#52.0-1444123806000-java.trap.gz as it exists
[2025-04-22 22:18:34] [javac-extractor-41948] [WARN] Not rewriting trap file for F:\Main-Sec\codeAudit\codeql\databases\WebGoat\trap\java\classes\java\util\function\Consumer.members\Consumer.members#52.0-1444123806000-java.trap.gz as it exists
[2025-04-22 22:18:34] [javac-extractor-41948] [WARN] Not rewriting trap file for F:\Main-Sec\codeAudit\codeql\databases\WebGoat\trap\java\classes\java\lang\FunctionalInterface.members\FunctionalInterface.members#52.0-1444123804000-java.trap.gz as it exists
[2025-04-22 22:18:34] [javac-extractor-41948] [WARN] Not rewriting trap file for F:\Main-Sec\codeAudit\codeql\databases\WebGoat\trap\java\classes\java\util\Iterator.members\Iterator.members#52.0-1444123806000-java.trap.gz as it exists
[2025-04-22 22:18:34] [javac-extractor-41948] [WARN] Not rewriting trap file for F:\Main-Sec\codeAudit\codeql\databases\WebGoat\trap\java\classes\java\util\stream\Stream.members\Stream.members#52.0-1444123806000-java.trap.gz as it exists
[2025-04-22 22:18:34] [javac-extractor-41948] [WARN] Not rewriting trap file for F:\Main-Sec\codeAudit\codeql\databases\WebGoat\trap\java\classes\java\util\stream\BaseStream.members\BaseStream.members#52.0-1444123806000-java.trap.gz as it exists
[2025-04-22 22:18:34] [javac-extractor-41948] [WARN] Not rewriting trap file for F:\Main-Sec\codeAudit\codeql\databases\WebGoat\trap\java\classes\java\lang\AutoCloseable.members\AutoCloseable.members#52.0-1444123802000-java.trap.gz as it exists
[2025-04-22 22:18:34] [javac-extractor-41948] [WARN] Not rewriting trap file for F:\Main-Sec\codeAudit\codeql\databases\WebGoat\trap\java\classes\java\util\function\Predicate.members\Predicate.members#52.0-1444123806000-java.trap.gz as it exists
[2025-04-22 22:18:34] [javac-extractor-41948] [WARN] Not rewriting trap file for F:\Main-Sec\codeAudit\codeql\databases\WebGoat\trap\java\classes\java\util\ListIterator.members\ListIterator.members#52.0-1444123806000-java.trap.gz as it exists
[2025-04-22 22:18:34] [javac-extractor-41948] [WARN] Not rewriting trap file for F:\Main-Sec\codeAudit\codeql\databases\WebGoat\trap\java\classes\java\util\Comparator.members\Comparator.members#52.0-1444123806000-java.trap.gz as it exists
[2025-04-22 22:18:34] [javac-extractor-41948] [WARN] Not rewriting trap file for F:\Main-Sec\codeAudit\codeql\databases\WebGoat\trap\java\classes\java\util\function\UnaryOperator.members\UnaryOperator.members#52.0-1444123806000-java.trap.gz as it exists
[2025-04-22 22:18:34] [javac-extractor-41948] [WARN] Not rewriting trap file for F:\Main-Sec\codeAudit\codeql\databases\WebGoat\trap\java\classes\java\util\function\Function.members\Function.members#52.0-1444123806000-java.trap.gz as it exists
[2025-04-22 22:18:34] [javac-extractor-41948] [WARN] Not rewriting trap file for F:\Main-Sec\codeAudit\codeql\databases\WebGoat\trap\java\classes\org\owasp\webgoat\lessons\AbstractLesson.members\AbstractLesson.members#52.0-1745331153324-java.trap.gz as it exists
[2025-04-22 22:18:34] [javac-extractor-41948] Processing JAR file: C:/Users/HY/.m2/repository/com/beust/jcommander/1.35/jcommander-1.35.jar
[2025-04-22 22:18:34] [javac-extractor-41948] Processing file F:\Main-Sec\codeAudit\codeql\source\WebGoat\webgoat-lessons\idor\src\main\java\org\owasp\webgoat\plugin\IDORLogin.java
[2025-04-22 22:18:34] [javac-extractor-41948] [WARN] Not rewriting trap file for F:\Main-Sec\codeAudit\codeql\databases\WebGoat\trap\java\classes\org\owasp\webgoat\assignments\AssignmentEndpoint.members\AssignmentEndpoint.members#52.0-1745331153694-java.trap.gz as it exists
[2025-04-22 22:18:34] [javac-extractor-41948] [WARN] Not rewriting trap file for F:\Main-Sec\codeAudit\codeql\databases\WebGoat\trap\java\classes\org\owasp\webgoat\assignments\AssignmentHints.members\AssignmentHints.members#52.0-1745331153771-java.trap.gz as it exists
[2025-04-22 22:18:34] [javac-extractor-41948] [WARN] Not rewriting trap file for F:\Main-Sec\codeAudit\codeql\databases\WebGoat\trap\java\classes\org\owasp\webgoat\assignments\AssignmentPath.members\AssignmentPath.members#52.0-1745331153671-java.trap.gz as it exists
[2025-04-22 22:18:34] [javac-extractor-41948] [WARN] Not rewriting trap file for F:\Main-Sec\codeAudit\codeql\databases\WebGoat\trap\java\classes\org\owasp\webgoat\assignments\AttackResult.members\AttackResult.members#52.0-1745331153701-java.trap.gz as it exists
[2025-04-22 22:18:34] [javac-extractor-41948] [WARN] Not rewriting trap file for F:\Main-Sec\codeAudit\codeql\databases\WebGoat\trap\java\classes\org\owasp\webgoat\session\UserSessionData.members\UserSessionData.members#52.0-1745331153697-java.trap.gz as it exists
[2025-04-22 22:18:34] [javac-extractor-41948] [WARN] Not rewriting trap file for F:\Main-Sec\codeAudit\codeql\databases\WebGoat\trap\java\classes\java\util\HashMap.members\HashMap.members#52.0-1444123806000-java.trap.gz as it exists
[2025-04-22 22:18:34] [javac-extractor-41948] [WARN] Not rewriting trap file for F:\Main-Sec\codeAudit\codeql\databases\WebGoat\trap\java\classes\java\util\Map.members\Map.members#52.0-1444123804000-java.trap.gz as it exists
[2025-04-22 22:18:34] [javac-extractor-41948] [WARN] Not rewriting trap file for F:\Main-Sec\codeAudit\codeql\databases\WebGoat\trap\java\classes\java\lang\String.members\String.members#52.0-1444123804000-java.trap.gz as it exists
[2025-04-22 22:18:34] [javac-extractor-41948] [WARN] Not rewriting trap file for F:\Main-Sec\codeAudit\codeql\databases\WebGoat\trap\java\classes\java\lang\Object.members\Object.members#52.0-1444123800000-java.trap.gz as it exists
[2025-04-22 22:18:34] [javac-extractor-41948] [WARN] Not rewriting trap file for F:\Main-Sec\codeAudit\codeql\databases\WebGoat\trap\java\classes\java\lang\Cloneable.members\Cloneable.members#52.0-1444123804000-java.trap.gz as it exists
[2025-04-22 22:18:34] [javac-extractor-41948] [WARN] Not rewriting trap file for F:\Main-Sec\codeAudit\codeql\databases\WebGoat\trap\java\classes\java\io\Serializable.members\Serializable.members#52.0-1444123802000-java.trap.gz as it exists
[2025-04-22 22:18:34] [javac-extractor-41948] [WARN] Not rewriting trap file for F:\Main-Sec\codeAudit\codeql\databases\WebGoat\trap\java\classes\java\util\AbstractMap.members\AbstractMap.members#52.0-1444123806000-java.trap.gz as it exists
[2025-04-22 22:18:34] [javac-extractor-41948] [WARN] Not rewriting trap file for F:\Main-Sec\codeAudit\codeql\databases\WebGoat\trap\java\classes\java\util\function\BiFunction.members\BiFunction.members#52.0-1444123806000-java.trap.gz as it exists
[2025-04-22 22:18:34] [javac-extractor-41948] [WARN] Not rewriting trap file for F:\Main-Sec\codeAudit\codeql\databases\WebGoat\trap\java\classes\java\lang\FunctionalInterface.members\FunctionalInterface.members#52.0-1444123804000-java.trap.gz as it exists
[2025-04-22 22:18:34] [javac-extractor-41948] [WARN] Not rewriting trap file for F:\Main-Sec\codeAudit\codeql\databases\WebGoat\trap\java\classes\java\util\function\Function.members\Function.members#52.0-1444123806000-java.trap.gz as it exists
[2025-04-22 22:18:34] [javac-extractor-41948] [WARN] Not rewriting trap file for F:\Main-Sec\codeAudit\codeql\databases\WebGoat\trap\java\classes\java\util\function\BiConsumer.members\BiConsumer.members#52.0-1444123806000-java.trap.gz as it exists
[2025-04-22 22:18:34] [javac-extractor-41948] [WARN] Not rewriting trap file for F:\Main-Sec\codeAudit\codeql\databases\WebGoat\trap\java\classes\java\util\Set.members\Set.members#52.0-1444123804000-java.trap.gz as it exists
[2025-04-22 22:18:34] [javac-extractor-41948] [WARN] Not rewriting trap file for F:\Main-Sec\codeAudit\codeql\databases\WebGoat\trap\java\classes\java\util\Collection.members\Collection.members#52.0-1444123804000-java.trap.gz as it exists
[2025-04-22 22:18:34] [javac-extractor-41948] [WARN] Not rewriting trap file for F:\Main-Sec\codeAudit\codeql\databases\WebGoat\trap\java\classes\java\lang\Iterable.members\Iterable.members#52.0-1444123804000-java.trap.gz as it exists
[2025-04-22 22:18:34] [javac-extractor-41948] [WARN] Not rewriting trap file for F:\Main-Sec\codeAudit\codeql\databases\WebGoat\trap\java\classes\java\util\Map$Entry.members\Map$Entry.members#52.0-1444123804000-java.trap.gz as it exists
[2025-04-22 22:18:34] [javac-extractor-41948] [WARN] Not rewriting trap file for F:\Main-Sec\codeAudit\codeql\databases\WebGoat\trap\java\classes\java\lang\CloneNotSupportedException.members\CloneNotSupportedException.members#52.0-1444123802000-java.trap.gz as it exists
[2025-04-22 22:18:34] [javac-extractor-41948] [WARN] Not rewriting trap file for F:\Main-Sec\codeAudit\codeql\databases\WebGoat\trap\java\classes\java\io\ObjectOutputStream.members\ObjectOutputStream.members#52.0-1444123804000-java.trap.gz as it exists
[2025-04-22 22:18:34] [javac-extractor-41948] [WARN] Not rewriting trap file for F:\Main-Sec\codeAudit\codeql\databases\WebGoat\trap\java\classes\java\io\IOException.members\IOException.members#52.0-1444123802000-java.trap.gz as it exists
[2025-04-22 22:18:34] [javac-extractor-41948] [WARN] Not rewriting trap file for F:\Main-Sec\codeAudit\codeql\databases\WebGoat\trap\java\classes\java\util\HashMap$Node.members\HashMap$Node.members#52.0-1444123806000-java.trap.gz as it exists
[2025-04-22 22:18:34] [javac-extractor-41948] [WARN] Not rewriting trap file for F:\Main-Sec\codeAudit\codeql\databases\WebGoat\trap\java\classes\java\util\HashMap$TreeNode.members\HashMap$TreeNode.members#52.0-1444123806000-java.trap.gz as it exists
[2025-04-22 22:18:34] [javac-extractor-41948] [WARN] Not rewriting trap file for F:\Main-Sec\codeAudit\codeql\databases\WebGoat\trap\java\classes\java\util\LinkedHashMap$Entry.members\LinkedHashMap$Entry.members#52.0-1444123808000-java.trap.gz as it exists
[2025-04-22 22:18:34] [javac-extractor-41948] [WARN] Not rewriting trap file for F:\Main-Sec\codeAudit\codeql\databases\WebGoat\trap\java\classes\java\util\LinkedHashMap.members\LinkedHashMap.members#52.0-1444123808000-java.trap.gz as it exists
[2025-04-22 22:18:34] [javac-extractor-41948] [WARN] Not rewriting trap file for F:\Main-Sec\codeAudit\codeql\databases\WebGoat\trap\java\classes\java\lang\Class.members\Class.members#52.0-1444123802000-java.trap.gz as it exists
[2025-04-22 22:18:34] [javac-extractor-41948] [WARN] Not rewriting trap file for F:\Main-Sec\codeAudit\codeql\databases\WebGoat\trap\java\classes\java\lang\reflect\GenericDeclaration.members\GenericDeclaration.members#52.0-1444123802000-java.trap.gz as it exists
[2025-04-22 22:18:34] [javac-extractor-41948] [WARN] Not rewriting trap file for F:\Main-Sec\codeAudit\codeql\databases\WebGoat\trap\java\classes\java\lang\reflect\Type.members\Type.members#52.0-1444123802000-java.trap.gz as it exists
[2025-04-22 22:18:34] [javac-extractor-41948] [WARN] Not rewriting trap file for F:\Main-Sec\codeAudit\codeql\databases\WebGoat\trap\java\classes\java\lang\reflect\AnnotatedElement.members\AnnotatedElement.members#52.0-1444123802000-java.trap.gz as it exists
[2025-04-22 22:18:35] [javac-extractor-41948] [WARN] Not rewriting trap file for F:\Main-Sec\codeAudit\codeql\databases\WebGoat\trap\java\classes\org\springframework\web\bind\annotation\ResponseBody.members\ResponseBody.members#50.0-1500521958000-java.trap.gz as it exists
[2025-04-22 22:18:35] [javac-extractor-41948] [WARN] Not rewriting trap file for F:\Main-Sec\codeAudit\codeql\databases\WebGoat\trap\java\classes\org\springframework\web\bind\annotation\RequestParam.members\RequestParam.members#50.0-1500521958000-java.trap.gz as it exists
[2025-04-22 22:18:35] [javac-extractor-41948] [WARN] Not rewriting trap file for F:\Main-Sec\codeAudit\codeql\databases\WebGoat\trap\java\classes\org\owasp\webgoat\assignments\AttackResult$AttackResultBuilder.members\AttackResult$AttackResultBuilder.members#52.0-1745331153700-java.trap.gz as it exists
[2025-04-22 22:18:35] [javac-extractor-41948] [WARN] Not rewriting trap file for F:\Main-Sec\codeAudit\codeql\databases\WebGoat\trap\java\classes\java\lang\annotation\Annotation.members\Annotation.members#52.0-1444123804000-java.trap.gz as it exists
[2025-04-22 22:18:35] [javac-extractor-41948] [WARN] Not rewriting trap file for F:\Main-Sec\codeAudit\codeql\databases\WebGoat\trap\java\classes\java\lang\annotation\Documented.members\Documented.members#52.0-1444123804000-java.trap.gz as it exists
[2025-04-22 22:18:35] [javac-extractor-41948] [WARN] Not rewriting trap file for F:\Main-Sec\codeAudit\codeql\databases\WebGoat\trap\java\classes\java\lang\annotation\Retention.members\Retention.members#52.0-1444123804000-java.trap.gz as it exists
[2025-04-22 22:18:35] [javac-extractor-41948] [WARN] Not rewriting trap file for F:\Main-Sec\codeAudit\codeql\databases\WebGoat\trap\java\classes\java\lang\annotation\RetentionPolicy.members\RetentionPolicy.members#52.0-1444123806000-java.trap.gz as it exists
[2025-04-22 22:18:35] [javac-extractor-41948] [WARN] Not rewriting trap file for F:\Main-Sec\codeAudit\codeql\databases\WebGoat\trap\java\classes\java\lang\annotation\Target.members\Target.members#52.0-1444123804000-java.trap.gz as it exists
[2025-04-22 22:18:35] [javac-extractor-41948] [WARN] Not rewriting trap file for F:\Main-Sec\codeAudit\codeql\databases\WebGoat\trap\java\classes\java\lang\annotation\ElementType.members\ElementType.members#52.0-1444123806000-java.trap.gz as it exists
[2025-04-22 22:18:35] [javac-extractor-41948] [WARN] Not rewriting trap file for F:\Main-Sec\codeAudit\codeql\databases\WebGoat\trap\java\classes\org\springframework\web\bind\annotation\RequestMapping.members\RequestMapping.members#50.0-1500521958000-java.trap.gz as it exists
[2025-04-22 22:18:35] [javac-extractor-41948] [WARN] Not rewriting trap file for F:\Main-Sec\codeAudit\codeql\databases\WebGoat\trap\java\classes\org\springframework\web\bind\annotation\RequestMethod.members\RequestMethod.members#50.0-1500521958000-java.trap.gz as it exists
[2025-04-22 22:18:35] [javac-extractor-41948] [WARN] Not rewriting trap file for F:\Main-Sec\codeAudit\codeql\databases\WebGoat\trap\java\classes\org\springframework\core\annotation\AliasFor.members\AliasFor.members#50.0-1500521828000-java.trap.gz as it exists
[2025-04-22 22:18:35] [javac-extractor-41948] Processing file F:\Main-Sec\codeAudit\codeql\source\WebGoat\webgoat-lessons\idor\src\main\java\org\owasp\webgoat\plugin\IDORViewOtherProfile.java
[2025-04-22 22:18:35] [javac-extractor-41948] [WARN] Not rewriting trap file for F:\Main-Sec\codeAudit\codeql\databases\WebGoat\trap\java\classes\org\owasp\webgoat\assignments\AssignmentEndpoint.members\AssignmentEndpoint.members#52.0-1745331153694-java.trap.gz as it exists
[2025-04-22 22:18:35] [javac-extractor-41948] [WARN] Not rewriting trap file for F:\Main-Sec\codeAudit\codeql\databases\WebGoat\trap\java\classes\org\owasp\webgoat\assignments\AssignmentHints.members\AssignmentHints.members#52.0-1745331153771-java.trap.gz as it exists
[2025-04-22 22:18:35] [javac-extractor-41948] [WARN] Not rewriting trap file for F:\Main-Sec\codeAudit\codeql\databases\WebGoat\trap\java\classes\org\owasp\webgoat\assignments\AssignmentPath.members\AssignmentPath.members#52.0-1745331153671-java.trap.gz as it exists
[2025-04-22 22:18:35] [javac-extractor-41948] [WARN] Not rewriting trap file for F:\Main-Sec\codeAudit\codeql\databases\WebGoat\trap\java\classes\org\owasp\webgoat\assignments\AttackResult.members\AttackResult.members#52.0-1745331153701-java.trap.gz as it exists
[2025-04-22 22:18:35] [javac-extractor-41948] [WARN] Not rewriting trap file for F:\Main-Sec\codeAudit\codeql\databases\WebGoat\trap\java\classes\org\owasp\webgoat\session\UserSessionData.members\UserSessionData.members#52.0-1745331153697-java.trap.gz as it exists
[2025-04-22 22:18:35] [javac-extractor-41948] [WARN] Not rewriting trap file for F:\Main-Sec\codeAudit\codeql\databases\WebGoat\trap\java\classes\org\springframework\beans\factory\annotation\Autowired.members\Autowired.members#50.0-1500521832000-java.trap.gz as it exists
[2025-04-22 22:18:35] [javac-extractor-41948] [WARN] Not rewriting trap file for F:\Main-Sec\codeAudit\codeql\databases\WebGoat\trap\java\classes\org\springframework\web\bind\annotation\PathVariable.members\PathVariable.members#50.0-1500521958000-java.trap.gz as it exists
[2025-04-22 22:18:35] [javac-extractor-41948] [WARN] Not rewriting trap file for F:\Main-Sec\codeAudit\codeql\databases\WebGoat\trap\java\classes\org\springframework\web\bind\annotation\RequestMapping.members\RequestMapping.members#50.0-1500521958000-java.trap.gz as it exists
[2025-04-22 22:18:35] [javac-extractor-41948] [WARN] Not rewriting trap file for F:\Main-Sec\codeAudit\codeql\databases\WebGoat\trap\java\classes\org\springframework\web\bind\annotation\RequestMethod.members\RequestMethod.members#50.0-1500521958000-java.trap.gz as it exists
[2025-04-22 22:18:35] [javac-extractor-41948] [WARN] Not rewriting trap file for F:\Main-Sec\codeAudit\codeql\databases\WebGoat\trap\java\classes\org\springframework\web\bind\annotation\ResponseBody.members\ResponseBody.members#50.0-1500521958000-java.trap.gz as it exists
[2025-04-22 22:18:35] [javac-extractor-41948] [WARN] Not rewriting trap file for F:\Main-Sec\codeAudit\codeql\databases\WebGoat\trap\java\classes\javax\servlet\http\HttpServletResponse.members\HttpServletResponse.members#51.0-1498039284000-java.trap.gz as it exists
[2025-04-22 22:18:35] [javac-extractor-41948] [WARN] Not rewriting trap file for F:\Main-Sec\codeAudit\codeql\databases\WebGoat\trap\java\classes\java\util\HashMap.members\HashMap.members#52.0-1444123806000-java.trap.gz as it exists
[2025-04-22 22:18:35] [javac-extractor-41948] [WARN] Not rewriting trap file for F:\Main-Sec\codeAudit\codeql\databases\WebGoat\trap\java\classes\java\util\Map.members\Map.members#52.0-1444123804000-java.trap.gz as it exists
[2025-04-22 22:18:35] [javac-extractor-41948] [WARN] Not rewriting trap file for F:\Main-Sec\codeAudit\codeql\databases\WebGoat\trap\java\classes\java\lang\String.members\String.members#52.0-1444123804000-java.trap.gz as it exists
[2025-04-22 22:18:35] [javac-extractor-41948] [WARN] Not rewriting trap file for F:\Main-Sec\codeAudit\codeql\databases\WebGoat\trap\java\classes\java\lang\Object.members\Object.members#52.0-1444123800000-java.trap.gz as it exists
[2025-04-22 22:18:35] [javac-extractor-41948] [WARN] Not rewriting trap file for F:\Main-Sec\codeAudit\codeql\databases\WebGoat\trap\java\classes\java\lang\Cloneable.members\Cloneable.members#52.0-1444123804000-java.trap.gz as it exists
[2025-04-22 22:18:35] [javac-extractor-41948] [WARN] Not rewriting trap file for F:\Main-Sec\codeAudit\codeql\databases\WebGoat\trap\java\classes\java\io\Serializable.members\Serializable.members#52.0-1444123802000-java.trap.gz as it exists
[2025-04-22 22:18:35] [javac-extractor-41948] [WARN] Not rewriting trap file for F:\Main-Sec\codeAudit\codeql\databases\WebGoat\trap\java\classes\java\util\AbstractMap.members\AbstractMap.members#52.0-1444123806000-java.trap.gz as it exists
[2025-04-22 22:18:35] [javac-extractor-41948] [WARN] Not rewriting trap file for F:\Main-Sec\codeAudit\codeql\databases\WebGoat\trap\java\classes\java\util\function\BiFunction.members\BiFunction.members#52.0-1444123806000-java.trap.gz as it exists
[2025-04-22 22:18:35] [javac-extractor-41948] [WARN] Not rewriting trap file for F:\Main-Sec\codeAudit\codeql\databases\WebGoat\trap\java\classes\java\lang\FunctionalInterface.members\FunctionalInterface.members#52.0-1444123804000-java.trap.gz as it exists
[2025-04-22 22:18:35] [javac-extractor-41948] [WARN] Not rewriting trap file for F:\Main-Sec\codeAudit\codeql\databases\WebGoat\trap\java\classes\java\util\function\Function.members\Function.members#52.0-1444123806000-java.trap.gz as it exists
[2025-04-22 22:18:35] [javac-extractor-41948] [WARN] Not rewriting trap file for F:\Main-Sec\codeAudit\codeql\databases\WebGoat\trap\java\classes\java\util\function\BiConsumer.members\BiConsumer.members#52.0-1444123806000-java.trap.gz as it exists
[2025-04-22 22:18:35] [javac-extractor-41948] [WARN] Not rewriting trap file for F:\Main-Sec\codeAudit\codeql\databases\WebGoat\trap\java\classes\java\util\Set.members\Set.members#52.0-1444123804000-java.trap.gz as it exists
[2025-04-22 22:18:35] [javac-extractor-41948] [WARN] Not rewriting trap file for F:\Main-Sec\codeAudit\codeql\databases\WebGoat\trap\java\classes\java\util\Collection.members\Collection.members#52.0-1444123804000-java.trap.gz as it exists
[2025-04-22 22:18:35] [javac-extractor-41948] [WARN] Not rewriting trap file for F:\Main-Sec\codeAudit\codeql\databases\WebGoat\trap\java\classes\java\lang\Iterable.members\Iterable.members#52.0-1444123804000-java.trap.gz as it exists
[2025-04-22 22:18:35] [javac-extractor-41948] [WARN] Not rewriting trap file for F:\Main-Sec\codeAudit\codeql\databases\WebGoat\trap\java\classes\java\util\Map$Entry.members\Map$Entry.members#52.0-1444123804000-java.trap.gz as it exists
[2025-04-22 22:18:35] [javac-extractor-41948] [WARN] Not rewriting trap file for F:\Main-Sec\codeAudit\codeql\databases\WebGoat\trap\java\classes\java\lang\CloneNotSupportedException.members\CloneNotSupportedException.members#52.0-1444123802000-java.trap.gz as it exists
[2025-04-22 22:18:35] [javac-extractor-41948] [WARN] Not rewriting trap file for F:\Main-Sec\codeAudit\codeql\databases\WebGoat\trap\java\classes\java\io\ObjectOutputStream.members\ObjectOutputStream.members#52.0-1444123804000-java.trap.gz as it exists
[2025-04-22 22:18:35] [javac-extractor-41948] [WARN] Not rewriting trap file for F:\Main-Sec\codeAudit\codeql\databases\WebGoat\trap\java\classes\java\io\IOException.members\IOException.members#52.0-1444123802000-java.trap.gz as it exists
[2025-04-22 22:18:35] [javac-extractor-41948] [WARN] Not rewriting trap file for F:\Main-Sec\codeAudit\codeql\databases\WebGoat\trap\java\classes\java\util\HashMap$Node.members\HashMap$Node.members#52.0-1444123806000-java.trap.gz as it exists
[2025-04-22 22:18:35] [javac-extractor-41948] [WARN] Not rewriting trap file for F:\Main-Sec\codeAudit\codeql\databases\WebGoat\trap\java\classes\java\util\HashMap$TreeNode.members\HashMap$TreeNode.members#52.0-1444123806000-java.trap.gz as it exists
[2025-04-22 22:18:35] [javac-extractor-41948] [WARN] Not rewriting trap file for F:\Main-Sec\codeAudit\codeql\databases\WebGoat\trap\java\classes\java\util\LinkedHashMap$Entry.members\LinkedHashMap$Entry.members#52.0-1444123808000-java.trap.gz as it exists
[2025-04-22 22:18:35] [javac-extractor-41948] [WARN] Not rewriting trap file for F:\Main-Sec\codeAudit\codeql\databases\WebGoat\trap\java\classes\java\util\LinkedHashMap.members\LinkedHashMap.members#52.0-1444123808000-java.trap.gz as it exists
[2025-04-22 22:18:35] [javac-extractor-41948] [WARN] Not rewriting trap file for F:\Main-Sec\codeAudit\codeql\databases\WebGoat\trap\java\classes\java\lang\Class.members\Class.members#52.0-1444123802000-java.trap.gz as it exists
[2025-04-22 22:18:35] [javac-extractor-41948] [WARN] Not rewriting trap file for F:\Main-Sec\codeAudit\codeql\databases\WebGoat\trap\java\classes\java\lang\reflect\GenericDeclaration.members\GenericDeclaration.members#52.0-1444123802000-java.trap.gz as it exists
[2025-04-22 22:18:35] [javac-extractor-41948] [WARN] Not rewriting trap file for F:\Main-Sec\codeAudit\codeql\databases\WebGoat\trap\java\classes\java\lang\reflect\Type.members\Type.members#52.0-1444123802000-java.trap.gz as it exists
[2025-04-22 22:18:35] [javac-extractor-41948] [WARN] Not rewriting trap file for F:\Main-Sec\codeAudit\codeql\databases\WebGoat\trap\java\classes\java\lang\reflect\AnnotatedElement.members\AnnotatedElement.members#52.0-1444123802000-java.trap.gz as it exists
[2025-04-22 22:18:35] [javac-extractor-41948] [WARN] Not rewriting trap file for F:\Main-Sec\codeAudit\codeql\databases\WebGoat\trap\java\classes\org\owasp\webgoat\plugin\UserProfile.members\UserProfile.members#0.0-1745331040422-java.trap.gz as it exists
[2025-04-22 22:18:35] [javac-extractor-41948] [WARN] Not rewriting trap file for F:\Main-Sec\codeAudit\codeql\databases\WebGoat\trap\java\classes\org\owasp\webgoat\assignments\AttackResult$AttackResultBuilder.members\AttackResult$AttackResultBuilder.members#52.0-1745331153700-java.trap.gz as it exists
[2025-04-22 22:18:35] [javac-extractor-41948] Javac init time: 4.0s
[2025-04-22 22:18:35] [javac-extractor-41948] Javac attr time: 0.2s
[2025-04-22 22:18:35] [javac-extractor-41948] Extractor time: 12.5s
[2025-04-22 22:18:35] [javac-extractor-41948] Other time: 0.2s
[2025-04-22 22:18:35] [javac-extractor-41948] Total time: 17.0s
