[2025-04-22 09:41:28] This is codeql database index-files --include-extension=.xml --include-extension=.wsdd --size-limit 10m --language xml -- F:\Main-Sec\codeAudit\codeql\databases\example-java
[2025-04-22 09:41:28] Log file was started late.
[2025-04-22 09:41:28] Using index-files script F:\Main-Sec\codeAudit\codeql\codeql-win64\xml\tools\index-files.cmd.
[2025-04-22 09:41:28] [PROGRESS] database index-files> Scanning for files in F:\Main-Sec\codeAudit\codeql\source\example...
[2025-04-22 09:41:28] Calling plumbing command: codeql resolve files --include-extension=.xml --include-extension=.wsdd --size-limit=10m F:\Main-Sec\codeAudit\codeql\source\example --format=json
[2025-04-22 09:41:28] [PROGRESS] resolve files> Scanning F:\Main-Sec\codeAudit\codeql\source\example...
[2025-04-22 09:41:28] [PROGRESS] resolve files> Scanning F:\Main-Sec\codeAudit\codeql\source\example\.idea...
[2025-04-22 09:41:28] [PROGRESS] resolve files> Scanning F:\Main-Sec\codeAudit\codeql\source\example\out...
[2025-04-22 09:41:28] [PROGRESS] resolve files> Scanning F:\Main-Sec\codeAudit\codeql\source\example\out\production...
[2025-04-22 09:41:28] [PROGRESS] resolve files> Scanning F:\Main-Sec\codeAudit\codeql\source\example\out\production\example...
[2025-04-22 09:41:28] [PROGRESS] resolve files> Scanning F:\Main-Sec\codeAudit\codeql\source\example\out\production\example\.idea...
[2025-04-22 09:41:28] Plumbing command codeql resolve files completed:
                      [
                        "F:\\Main-Sec\\codeAudit\\codeql\\source\\example\\.idea\\misc.xml",
                        "F:\\Main-Sec\\codeAudit\\codeql\\source\\example\\.idea\\modules.xml",
                        "F:\\Main-Sec\\codeAudit\\codeql\\source\\example\\.idea\\workspace.xml",
                        "F:\\Main-Sec\\codeAudit\\codeql\\source\\example\\out\\production\\example\\.idea\\misc.xml",
                        "F:\\Main-Sec\\codeAudit\\codeql\\source\\example\\out\\production\\example\\.idea\\modules.xml",
                        "F:\\Main-Sec\\codeAudit\\codeql\\source\\example\\out\\production\\example\\.idea\\workspace.xml"
                      ]
[2025-04-22 09:41:28] [DETAILS] database index-files> Found 6 files.
[2025-04-22 09:41:28] [PROGRESS] database index-files> F:\Main-Sec\codeAudit\codeql\databases\example-java: Indexing files in in F:\Main-Sec\codeAudit\codeql\source\example...
[2025-04-22 09:41:28] Using index-files script F:\Main-Sec\codeAudit\codeql\codeql-win64\xml\tools\index-files.cmd.
[2025-04-22 09:41:28] [PROGRESS] database index-files> Running command in F:\Main-Sec\codeAudit\codeql\source\example: [F:\Main-Sec\codeAudit\codeql\codeql-win64\xml\tools\index-files.cmd, F:\Main-Sec\codeAudit\codeql\databases\example-java\working\files-to-index11161305677256764332.list]
[2025-04-22 09:41:29] Terminating normally.
